TpTrace Verbose: 0 : 20544, 1, 2024/02/25, 12:14:59.960, 906064507656, vstest.console.dll, Version: 17.8.0-release-23578-02 Current process architecture: X64
TpTrace Verbose: 0 : 20544, 1, 2024/02/25, 12:14:59.963, 906064539480, vstest.console.dll, Runtime location: C:\Program Files\dotnet\shared\Microsoft.NETCore.App\8.0.1
TpTrace Verbose: 0 : 20544, 1, 2024/02/25, 12:14:59.966, 906064568154, vstest.console.dll, ArtifactProcessingPostProcessModeProcessorExecutor.Initialize: ArtifactProcessingMode.Collect
TpTrace Verbose: 0 : 20544, 1, 2024/02/25, 12:14:59.966, 906064569899, vstest.console.dll, TestSessionCorrelationIdProcessorModeProcessorExecutor.Initialize: TestSessionCorrelationId '14984_d720677b-4dcb-4fbc-a726-cfc9d10327fe'
TpTrace Information: 0 : 20544, 1, 2024/02/25, 12:14:59.974, 906064651509, vstest.console.dll, FilePatternParser: The given file C:\Users\Atanas Work\Desktop\PREPARE EXAM Back-End\REAL EXAM\Back End Integration Tests\GardenConsoleAPI\GardenConsoleAPI.IntegrationTests.NUnit\bin\Debug\net6.0\fine-code-coverage\build-output\GardenConsoleAPI.IntegrationTests.NUnit.dll is a full path.
TpTrace Verbose: 0 : 20544, 1, 2024/02/25, 12:14:59.980, 906064712906, vstest.console.dll, TestPluginCache.DiscoverTestExtensions: finding test extensions in assemblies ends with: RuntimeProvider.dll TPluginInfo: Microsoft.VisualStudio.TestPlatform.Common.ExtensionFramework.Utilities.TestRuntimePluginInformation TExtension: Microsoft.VisualStudio.TestPlatform.ObjectModel.Host.ITestRuntimeProvider
TpTrace Verbose: 0 : 20544, 1, 2024/02/25, 12:14:59.981, 906064717580, vstest.console.dll, TestPluginCache.GetExtensionPaths: Filtered extension paths: 
TpTrace Verbose: 0 : 20544, 1, 2024/02/25, 12:14:59.981, 906064718666, vstest.console.dll, TestPluginCache.GetExtensionPaths: Added default extension paths: C:\Program Files\dotnet\sdk\8.0.101\Extensions\Microsoft.Diagnostics.NETCore.Client.dll
C:\Program Files\dotnet\sdk\8.0.101\Extensions\Microsoft.TestPlatform.Extensions.BlameDataCollector.dll
C:\Program Files\dotnet\sdk\8.0.101\Extensions\Microsoft.TestPlatform.Extensions.EventLogCollector.dll
C:\Program Files\dotnet\sdk\8.0.101\Extensions\Microsoft.TestPlatform.TestHostRuntimeProvider.dll
C:\Program Files\dotnet\sdk\8.0.101\Extensions\Microsoft.VisualStudio.TestPlatform.Extensions.Html.TestLogger.dll
C:\Program Files\dotnet\sdk\8.0.101\Extensions\Microsoft.VisualStudio.TestPlatform.Extensions.Trx.TestLogger.dll
TpTrace Verbose: 0 : 20544, 1, 2024/02/25, 12:14:59.981, 906064719182, vstest.console.dll, TestPluginCache.GetExtensionPaths: Added unfilterableExtensionPaths: 
TpTrace Information: 0 : 20544, 1, 2024/02/25, 12:14:59.982, 906064726705, vstest.console.dll, AssemblyResolver.ctor: Creating AssemblyResolver with searchDirectories C:\Program Files\dotnet\sdk\8.0.101\Extensions,C:\Program Files\dotnet\sdk\8.0.101
TpTrace Verbose: 0 : 20544, 1, 2024/02/25, 12:14:59.984, 906064747014, vstest.console.dll, TestPluginCache.DiscoverTestExtensions: Discovering the extensions using extension path.
TpTrace Verbose: 0 : 20544, 1, 2024/02/25, 12:14:59.984, 906064748925, vstest.console.dll, TestPluginCache.GetExtensionPaths: Filtered extension paths: 
TpTrace Verbose: 0 : 20544, 1, 2024/02/25, 12:14:59.984, 906064749329, vstest.console.dll, TestPluginCache.GetExtensionPaths: Added default extension paths: C:\Program Files\dotnet\sdk\8.0.101\Extensions\Microsoft.Diagnostics.NETCore.Client.dll
C:\Program Files\dotnet\sdk\8.0.101\Extensions\Microsoft.TestPlatform.Extensions.BlameDataCollector.dll
C:\Program Files\dotnet\sdk\8.0.101\Extensions\Microsoft.TestPlatform.Extensions.EventLogCollector.dll
C:\Program Files\dotnet\sdk\8.0.101\Extensions\Microsoft.TestPlatform.TestHostRuntimeProvider.dll
C:\Program Files\dotnet\sdk\8.0.101\Extensions\Microsoft.VisualStudio.TestPlatform.Extensions.Html.TestLogger.dll
C:\Program Files\dotnet\sdk\8.0.101\Extensions\Microsoft.VisualStudio.TestPlatform.Extensions.Trx.TestLogger.dll
TpTrace Verbose: 0 : 20544, 1, 2024/02/25, 12:14:59.984, 906064749665, vstest.console.dll, TestPluginCache.GetExtensionPaths: Added unfilterableExtensionPaths: 
TpTrace Verbose: 0 : 20544, 1, 2024/02/25, 12:14:59.984, 906064751201, vstest.console.dll, TestPluginCache.DiscoverTestExtensions: Discovering the extensions using allExtensionPaths: C:\Program Files\dotnet\sdk\8.0.101\Extensions\Microsoft.Diagnostics.NETCore.Client.dll
C:\Program Files\dotnet\sdk\8.0.101\Extensions\Microsoft.TestPlatform.Extensions.BlameDataCollector.dll
C:\Program Files\dotnet\sdk\8.0.101\Extensions\Microsoft.TestPlatform.Extensions.EventLogCollector.dll
C:\Program Files\dotnet\sdk\8.0.101\Extensions\Microsoft.TestPlatform.TestHostRuntimeProvider.dll
C:\Program Files\dotnet\sdk\8.0.101\Extensions\Microsoft.VisualStudio.TestPlatform.Extensions.Html.TestLogger.dll
C:\Program Files\dotnet\sdk\8.0.101\Extensions\Microsoft.VisualStudio.TestPlatform.Extensions.Trx.TestLogger.dll
TpTrace Information: 0 : 20544, 1, 2024/02/25, 12:14:59.984, 906064752502, vstest.console.dll, AssemblyResolver.AddSearchDirectories: Adding more searchDirectories C:\Program Files\dotnet\sdk\8.0.101\Extensions,C:\Program Files\dotnet\sdk\8.0.101
TpTrace Information: 0 : 20544, 1, 2024/02/25, 12:14:59.984, 906064753077, vstest.console.dll, AssemblyResolver.AddSearchDirectories: Adding more searchDirectories C:\Program Files\dotnet\sdk\8.0.101\Extensions,C:\Program Files\dotnet\sdk\8.0.101
TpTrace Information: 0 : 20544, 1, 2024/02/25, 12:14:59.984, 906064753410, vstest.console.dll, AssemblyResolver.AddSearchDirectories: Adding more searchDirectories C:\Program Files\dotnet\sdk\8.0.101\Extensions,C:\Program Files\dotnet\sdk\8.0.101
TpTrace Information: 0 : 20544, 1, 2024/02/25, 12:14:59.984, 906064753701, vstest.console.dll, AssemblyResolver.AddSearchDirectories: Adding more searchDirectories C:\Program Files\dotnet\sdk\8.0.101\Extensions,C:\Program Files\dotnet\sdk\8.0.101
TpTrace Information: 0 : 20544, 1, 2024/02/25, 12:14:59.984, 906064754028, vstest.console.dll, AssemblyResolver.AddSearchDirectories: Adding more searchDirectories C:\Program Files\dotnet\sdk\8.0.101\Extensions,C:\Program Files\dotnet\sdk\8.0.101
TpTrace Information: 0 : 20544, 1, 2024/02/25, 12:14:59.984, 906064754318, vstest.console.dll, AssemblyResolver.AddSearchDirectories: Adding more searchDirectories C:\Program Files\dotnet\sdk\8.0.101\Extensions,C:\Program Files\dotnet\sdk\8.0.101
TpTrace Information: 0 : 20544, 1, 2024/02/25, 12:14:59.985, 906064759731, vstest.console.dll, AssemblyResolver.OnResolve: Microsoft.Diagnostics.NETCore.Client: Resolving assembly.
TpTrace Information: 0 : 20544, 1, 2024/02/25, 12:14:59.985, 906064760745, vstest.console.dll, AssemblyResolver.OnResolve: Microsoft.Diagnostics.NETCore.Client: Searching in: 'C:\Program Files\dotnet\sdk\8.0.101\Extensions'.
TpTrace Information: 0 : 20544, 1, 2024/02/25, 12:14:59.993, 906064840704, vstest.console.dll, AssemblyResolver.OnResolve: Microsoft.Diagnostics.NETCore.Client: Loading assembly 'C:\Program Files\dotnet\sdk\8.0.101\Extensions\Microsoft.Diagnostics.NETCore.Client.dll'.
TpTrace Information: 0 : 20544, 1, 2024/02/25, 12:14:59.994, 906064848736, vstest.console.dll, AssemblyResolver.OnResolve: Resolved assembly: Microsoft.Diagnostics.NETCore.Client, from path: C:\Program Files\dotnet\sdk\8.0.101\Extensions\Microsoft.Diagnostics.NETCore.Client.dll
TpTrace Verbose: 0 : 20544, 1, 2024/02/25, 12:14:59.999, 906064895066, vstest.console.dll, MetadataReaderExtensionsHelper: Discovering extensions inside assembly 'Microsoft.Diagnostics.NETCore.Client, Version=0.2.8.21101, Culture=neutral, PublicKeyToken=31bf3856ad364e35' file path 'C:\Program Files\dotnet\sdk\8.0.101\Extensions\Microsoft.Diagnostics.NETCore.Client.dll'
TpTrace Information: 0 : 20544, 1, 2024/02/25, 12:15:00.004, 906064954217, vstest.console.dll, AssemblyResolver.OnResolve: Microsoft.Bcl.AsyncInterfaces: Resolving assembly.
TpTrace Information: 0 : 20544, 1, 2024/02/25, 12:15:00.005, 906064955682, vstest.console.dll, AssemblyResolver.OnResolve: Microsoft.Bcl.AsyncInterfaces: Searching in: 'C:\Program Files\dotnet\sdk\8.0.101\Extensions'.
TpTrace Information: 0 : 20544, 1, 2024/02/25, 12:15:00.005, 906064956792, vstest.console.dll, AssemblyResolver.OnResolve: Microsoft.Bcl.AsyncInterfaces: Assembly path does not exist: 'C:\Program Files\dotnet\sdk\8.0.101\Extensions\Microsoft.Bcl.AsyncInterfaces.dll', returning.
TpTrace Information: 0 : 20544, 1, 2024/02/25, 12:15:00.005, 906064958243, vstest.console.dll, AssemblyResolver.OnResolve: Microsoft.Bcl.AsyncInterfaces: Assembly path does not exist: 'C:\Program Files\dotnet\sdk\8.0.101\Extensions\Microsoft.Bcl.AsyncInterfaces.exe', returning.
TpTrace Information: 0 : 20544, 1, 2024/02/25, 12:15:00.005, 906064958620, vstest.console.dll, AssemblyResolver.OnResolve: Microsoft.Bcl.AsyncInterfaces: Searching in: 'C:\Program Files\dotnet\sdk\8.0.101'.
TpTrace Information: 0 : 20544, 1, 2024/02/25, 12:15:00.005, 906064959234, vstest.console.dll, AssemblyResolver.OnResolve: Microsoft.Bcl.AsyncInterfaces: Assembly path does not exist: 'C:\Program Files\dotnet\sdk\8.0.101\Microsoft.Bcl.AsyncInterfaces.dll', returning.
TpTrace Information: 0 : 20544, 1, 2024/02/25, 12:15:00.005, 906064959847, vstest.console.dll, AssemblyResolver.OnResolve: Microsoft.Bcl.AsyncInterfaces: Assembly path does not exist: 'C:\Program Files\dotnet\sdk\8.0.101\Microsoft.Bcl.AsyncInterfaces.exe', returning.
TpTrace Information: 0 : 20544, 1, 2024/02/25, 12:15:00.005, 906064960215, vstest.console.dll, AssemblyResolver.OnResolve: Microsoft.Bcl.AsyncInterfaces: Failed to load assembly.
TpTrace Verbose: 0 : 20544, 1, 2024/02/25, 12:15:00.005, 906064960738, vstest.console.dll, CurrentDomainAssemblyResolve: Resolving assembly 'Microsoft.Bcl.AsyncInterfaces'.
TpTrace Information: 0 : 20544, 1, 2024/02/25, 12:15:00.005, 906064961581, vstest.console.dll, AssemblyResolver.OnResolve: Microsoft.Bcl.AsyncInterfaces: Resolving assembly.
TpTrace Information: 0 : 20544, 1, 2024/02/25, 12:15:00.005, 906064962080, vstest.console.dll, AssemblyResolver.OnResolve: Microsoft.Bcl.AsyncInterfaces: Resolved from cache.
TpTrace Verbose: 0 : 20544, 1, 2024/02/25, 12:15:00.005, 906064962341, vstest.console.dll, CurrentDomainAssemblyResolve: Resolving assembly 'Microsoft.Bcl.AsyncInterfaces'.
TpTrace Verbose: 0 : 20544, 1, 2024/02/25, 12:15:00.005, 906064962807, vstest.console.dll, CurrentDomainAssemblyResolve: Failed to resolve assembly 'Microsoft.Bcl.AsyncInterfaces'.
TpTrace Verbose: 0 : 20544, 1, 2024/02/25, 12:15:00.006, 906064973569, vstest.console.dll, CurrentDomainAssemblyResolve: Failed to resolve assembly 'Microsoft.Bcl.AsyncInterfaces'.
TpTrace Warning: 0 : 20544, 1, 2024/02/25, 12:15:00.019, 906065104006, vstest.console.dll, TestPluginDiscoverer: Failed to get types from assembly 'Microsoft.Diagnostics.NETCore.Client, Version=0.2.8.21101, Culture=neutral, PublicKeyToken=31bf3856ad364e35'. Error: System.Reflection.ReflectionTypeLoadException: Unable to load one or more of the requested types.
Could not load file or assembly 'Microsoft.Bcl.AsyncInterfaces, Version=1.0.0.0, Culture=neutral, PublicKeyToken=cc7b13ffcd2ddd51'. The system cannot find the file specified.
   at System.Reflection.RuntimeModule.GetTypes(RuntimeModule module)
   at System.Reflection.RuntimeModule.GetTypes()
   at Microsoft.VisualStudio.TestPlatform.Common.ExtensionFramework.TestPluginDiscoverer.GetTestExtensionsFromAssembly[TPluginInfo,TExtension](Assembly assembly, Dictionary`2 pluginInfos, String filePath) in /_/src/Microsoft.TestPlatform.Common/ExtensionFramework/TestPluginDiscoverer.cs:line 158
System.IO.FileNotFoundException: Could not load file or assembly 'Microsoft.Bcl.AsyncInterfaces, Version=1.0.0.0, Culture=neutral, PublicKeyToken=cc7b13ffcd2ddd51'. The system cannot find the file specified.
File name: 'Microsoft.Bcl.AsyncInterfaces, Version=1.0.0.0, Culture=neutral, PublicKeyToken=cc7b13ffcd2ddd51'
 ---> System.IO.FileNotFoundException: Could not load file or assembly 'Microsoft.Bcl.AsyncInterfaces, Culture=neutral, PublicKeyToken=null'. The system cannot find the file specified.
File name: 'Microsoft.Bcl.AsyncInterfaces, Culture=neutral, PublicKeyToken=null'
   at System.Reflection.RuntimeAssembly.InternalLoad(AssemblyName assemblyName, StackCrawlMark& stackMark, AssemblyLoadContext assemblyLoadContext, RuntimeAssembly requestingAssembly, Boolean throwOnFileNotFound)
   at System.Reflection.Assembly.Load(AssemblyName assemblyRef)
   at Microsoft.VisualStudio.TestPlatform.Common.ExtensionFramework.TestPluginCache.CurrentDomainAssemblyResolve(Object sender, AssemblyResolveEventArgs args) in /_/src/Microsoft.TestPlatform.Common/ExtensionFramework/TestPluginCache.cs:line 513
   at System.Runtime.Loader.AssemblyLoadContext.GetFirstResolvedAssemblyFromResolvingEvent(AssemblyName assemblyName)
   at System.Runtime.Loader.AssemblyLoadContext.ResolveUsingEvent(AssemblyName assemblyName)
   at System.Runtime.Loader.AssemblyLoadContext.ResolveUsingResolvingEvent(IntPtr gchManagedAssemblyLoadContext, AssemblyName assemblyName)
TpTrace Warning: 0 : 20544, 1, 2024/02/25, 12:15:00.020, 906065108904, vstest.console.dll, LoaderExceptions: System.IO.FileNotFoundException: Could not load file or assembly 'Microsoft.Bcl.AsyncInterfaces, Version=1.0.0.0, Culture=neutral, PublicKeyToken=cc7b13ffcd2ddd51'. The system cannot find the file specified.
File name: 'Microsoft.Bcl.AsyncInterfaces, Version=1.0.0.0, Culture=neutral, PublicKeyToken=cc7b13ffcd2ddd51'
 ---> System.IO.FileNotFoundException: Could not load file or assembly 'Microsoft.Bcl.AsyncInterfaces, Culture=neutral, PublicKeyToken=null'. The system cannot find the file specified.
File name: 'Microsoft.Bcl.AsyncInterfaces, Culture=neutral, PublicKeyToken=null'
   at System.Reflection.RuntimeAssembly.InternalLoad(AssemblyName assemblyName, StackCrawlMark& stackMark, AssemblyLoadContext assemblyLoadContext, RuntimeAssembly requestingAssembly, Boolean throwOnFileNotFound)
   at System.Reflection.Assembly.Load(AssemblyName assemblyRef)
   at Microsoft.VisualStudio.TestPlatform.Common.ExtensionFramework.TestPluginCache.CurrentDomainAssemblyResolve(Object sender, AssemblyResolveEventArgs args) in /_/src/Microsoft.TestPlatform.Common/ExtensionFramework/TestPluginCache.cs:line 513
   at System.Runtime.Loader.AssemblyLoadContext.GetFirstResolvedAssemblyFromResolvingEvent(AssemblyName assemblyName)
   at System.Runtime.Loader.AssemblyLoadContext.ResolveUsingEvent(AssemblyName assemblyName)
   at System.Runtime.Loader.AssemblyLoadContext.ResolveUsingResolvingEvent(IntPtr gchManagedAssemblyLoadContext, AssemblyName assemblyName)
TpTrace Information: 0 : 20544, 1, 2024/02/25, 12:15:00.020, 906065110819, vstest.console.dll, AssemblyResolver.OnResolve: Microsoft.TestPlatform.Extensions.BlameDataCollector: Resolving assembly.
TpTrace Information: 0 : 20544, 1, 2024/02/25, 12:15:00.020, 906065111522, vstest.console.dll, AssemblyResolver.OnResolve: Microsoft.TestPlatform.Extensions.BlameDataCollector: Searching in: 'C:\Program Files\dotnet\sdk\8.0.101\Extensions'.
TpTrace Information: 0 : 20544, 1, 2024/02/25, 12:15:00.021, 906065118912, vstest.console.dll, AssemblyResolver.OnResolve: Microsoft.TestPlatform.Extensions.BlameDataCollector: Loading assembly 'C:\Program Files\dotnet\sdk\8.0.101\Extensions\Microsoft.TestPlatform.Extensions.BlameDataCollector.dll'.
TpTrace Information: 0 : 20544, 1, 2024/02/25, 12:15:00.022, 906065126146, vstest.console.dll, AssemblyResolver.OnResolve: Resolved assembly: Microsoft.TestPlatform.Extensions.BlameDataCollector, from path: C:\Program Files\dotnet\sdk\8.0.101\Extensions\Microsoft.TestPlatform.Extensions.BlameDataCollector.dll
TpTrace Verbose: 0 : 20544, 1, 2024/02/25, 12:15:00.022, 906065127437, vstest.console.dll, MetadataReaderExtensionsHelper: Discovering extensions inside assembly 'Microsoft.TestPlatform.Extensions.BlameDataCollector, Version=15.0.0.0, Culture=neutral, PublicKeyToken=b03f5f7f11d50a3a' file path 'C:\Program Files\dotnet\sdk\8.0.101\Extensions\Microsoft.TestPlatform.Extensions.BlameDataCollector.dll'
TpTrace Information: 0 : 20544, 1, 2024/02/25, 12:15:00.023, 906065143961, vstest.console.dll, AssemblyResolver.OnResolve: Microsoft.TestPlatform.Extensions.EventLogCollector: Resolving assembly.
TpTrace Information: 0 : 20544, 1, 2024/02/25, 12:15:00.024, 906065145871, vstest.console.dll, AssemblyResolver.OnResolve: Microsoft.TestPlatform.Extensions.EventLogCollector: Searching in: 'C:\Program Files\dotnet\sdk\8.0.101\Extensions'.
TpTrace Information: 0 : 20544, 1, 2024/02/25, 12:15:00.024, 906065152095, vstest.console.dll, AssemblyResolver.OnResolve: Microsoft.TestPlatform.Extensions.EventLogCollector: Loading assembly 'C:\Program Files\dotnet\sdk\8.0.101\Extensions\Microsoft.TestPlatform.Extensions.EventLogCollector.dll'.
TpTrace Information: 0 : 20544, 1, 2024/02/25, 12:15:00.025, 906065158505, vstest.console.dll, AssemblyResolver.OnResolve: Resolved assembly: Microsoft.TestPlatform.Extensions.EventLogCollector, from path: C:\Program Files\dotnet\sdk\8.0.101\Extensions\Microsoft.TestPlatform.Extensions.EventLogCollector.dll
TpTrace Verbose: 0 : 20544, 1, 2024/02/25, 12:15:00.025, 906065159581, vstest.console.dll, MetadataReaderExtensionsHelper: Discovering extensions inside assembly 'Microsoft.TestPlatform.Extensions.EventLogCollector, Version=15.0.0.0, Culture=neutral, PublicKeyToken=b03f5f7f11d50a3a' file path 'C:\Program Files\dotnet\sdk\8.0.101\Extensions\Microsoft.TestPlatform.Extensions.EventLogCollector.dll'
TpTrace Information: 0 : 20544, 1, 2024/02/25, 12:15:00.028, 906065189279, vstest.console.dll, AssemblyResolver.OnResolve: Microsoft.TestPlatform.TestHostRuntimeProvider: Resolving assembly.
TpTrace Information: 0 : 20544, 1, 2024/02/25, 12:15:00.028, 906065190449, vstest.console.dll, AssemblyResolver.OnResolve: Microsoft.TestPlatform.TestHostRuntimeProvider: Searching in: 'C:\Program Files\dotnet\sdk\8.0.101\Extensions'.
TpTrace Information: 0 : 20544, 1, 2024/02/25, 12:15:00.029, 906065199085, vstest.console.dll, AssemblyResolver.OnResolve: Microsoft.TestPlatform.TestHostRuntimeProvider: Loading assembly 'C:\Program Files\dotnet\sdk\8.0.101\Extensions\Microsoft.TestPlatform.TestHostRuntimeProvider.dll'.
TpTrace Information: 0 : 20544, 1, 2024/02/25, 12:15:00.030, 906065209165, vstest.console.dll, AssemblyResolver.OnResolve: Resolved assembly: Microsoft.TestPlatform.TestHostRuntimeProvider, from path: C:\Program Files\dotnet\sdk\8.0.101\Extensions\Microsoft.TestPlatform.TestHostRuntimeProvider.dll
TpTrace Verbose: 0 : 20544, 1, 2024/02/25, 12:15:00.030, 906065210843, vstest.console.dll, MetadataReaderExtensionsHelper: Discovering extensions inside assembly 'Microsoft.TestPlatform.TestHostRuntimeProvider, Version=15.0.0.0, Culture=neutral, PublicKeyToken=b03f5f7f11d50a3a' file path 'C:\Program Files\dotnet\sdk\8.0.101\Extensions\Microsoft.TestPlatform.TestHostRuntimeProvider.dll'
TpTrace Information: 0 : 20544, 1, 2024/02/25, 12:15:00.032, 906065233223, vstest.console.dll, GetTestExtensionFromType: Register extension with identifier data 'HostProvider://DefaultTestHost' and type 'Microsoft.VisualStudio.TestPlatform.CrossPlatEngine.Hosting.DefaultTestHostManager, Microsoft.TestPlatform.TestHostRuntimeProvider, Version=15.0.0.0, Culture=neutral, PublicKeyToken=b03f5f7f11d50a3a' inside file 'C:\Program Files\dotnet\sdk\8.0.101\Extensions\Microsoft.TestPlatform.TestHostRuntimeProvider.dll'
TpTrace Information: 0 : 20544, 1, 2024/02/25, 12:15:00.033, 906065236610, vstest.console.dll, GetTestExtensionFromType: Register extension with identifier data 'HostProvider://DotnetTestHost' and type 'Microsoft.VisualStudio.TestPlatform.CrossPlatEngine.Hosting.DotnetTestHostManager, Microsoft.TestPlatform.TestHostRuntimeProvider, Version=15.0.0.0, Culture=neutral, PublicKeyToken=b03f5f7f11d50a3a' inside file 'C:\Program Files\dotnet\sdk\8.0.101\Extensions\Microsoft.TestPlatform.TestHostRuntimeProvider.dll'
TpTrace Information: 0 : 20544, 1, 2024/02/25, 12:15:00.033, 906065237477, vstest.console.dll, AssemblyResolver.OnResolve: Microsoft.VisualStudio.TestPlatform.Extensions.Html.TestLogger: Resolving assembly.
TpTrace Information: 0 : 20544, 1, 2024/02/25, 12:15:00.033, 906065238131, vstest.console.dll, AssemblyResolver.OnResolve: Microsoft.VisualStudio.TestPlatform.Extensions.Html.TestLogger: Searching in: 'C:\Program Files\dotnet\sdk\8.0.101\Extensions'.
TpTrace Information: 0 : 20544, 1, 2024/02/25, 12:15:00.034, 906065245799, vstest.console.dll, AssemblyResolver.OnResolve: Microsoft.VisualStudio.TestPlatform.Extensions.Html.TestLogger: Loading assembly 'C:\Program Files\dotnet\sdk\8.0.101\Extensions\Microsoft.VisualStudio.TestPlatform.Extensions.Html.TestLogger.dll'.
TpTrace Information: 0 : 20544, 1, 2024/02/25, 12:15:00.034, 906065253719, vstest.console.dll, AssemblyResolver.OnResolve: Resolved assembly: Microsoft.VisualStudio.TestPlatform.Extensions.Html.TestLogger, from path: C:\Program Files\dotnet\sdk\8.0.101\Extensions\Microsoft.VisualStudio.TestPlatform.Extensions.Html.TestLogger.dll
TpTrace Verbose: 0 : 20544, 1, 2024/02/25, 12:15:00.035, 906065255009, vstest.console.dll, MetadataReaderExtensionsHelper: Discovering extensions inside assembly 'Microsoft.VisualStudio.TestPlatform.Extensions.Html.TestLogger, Version=15.0.0.0, Culture=neutral, PublicKeyToken=b03f5f7f11d50a3a' file path 'C:\Program Files\dotnet\sdk\8.0.101\Extensions\Microsoft.VisualStudio.TestPlatform.Extensions.Html.TestLogger.dll'
TpTrace Information: 0 : 20544, 1, 2024/02/25, 12:15:00.036, 906065266622, vstest.console.dll, AssemblyResolver.OnResolve: Microsoft.VisualStudio.TestPlatform.Extensions.Trx.TestLogger: Resolving assembly.
TpTrace Information: 0 : 20544, 1, 2024/02/25, 12:15:00.036, 906065267656, vstest.console.dll, AssemblyResolver.OnResolve: Microsoft.VisualStudio.TestPlatform.Extensions.Trx.TestLogger: Searching in: 'C:\Program Files\dotnet\sdk\8.0.101\Extensions'.
TpTrace Information: 0 : 20544, 1, 2024/02/25, 12:15:00.036, 906065273289, vstest.console.dll, AssemblyResolver.OnResolve: Microsoft.VisualStudio.TestPlatform.Extensions.Trx.TestLogger: Loading assembly 'C:\Program Files\dotnet\sdk\8.0.101\Extensions\Microsoft.VisualStudio.TestPlatform.Extensions.Trx.TestLogger.dll'.
TpTrace Information: 0 : 20544, 1, 2024/02/25, 12:15:00.037, 906065280354, vstest.console.dll, AssemblyResolver.OnResolve: Resolved assembly: Microsoft.VisualStudio.TestPlatform.Extensions.Trx.TestLogger, from path: C:\Program Files\dotnet\sdk\8.0.101\Extensions\Microsoft.VisualStudio.TestPlatform.Extensions.Trx.TestLogger.dll
TpTrace Verbose: 0 : 20544, 1, 2024/02/25, 12:15:00.037, 906065281610, vstest.console.dll, MetadataReaderExtensionsHelper: Discovering extensions inside assembly 'Microsoft.VisualStudio.TestPlatform.Extensions.Trx.TestLogger, Version=15.0.0.0, Culture=neutral, PublicKeyToken=b03f5f7f11d50a3a' file path 'C:\Program Files\dotnet\sdk\8.0.101\Extensions\Microsoft.VisualStudio.TestPlatform.Extensions.Trx.TestLogger.dll'
TpTrace Verbose: 0 : 20544, 1, 2024/02/25, 12:15:00.039, 906065297798, vstest.console.dll, TestPluginCache: Discovered the extensions using extension path ''.
TpTrace Verbose: 0 : 20544, 1, 2024/02/25, 12:15:00.039, 906065298972, vstest.console.dll, TestPluginCache: Discoverers are ''.
TpTrace Verbose: 0 : 20544, 1, 2024/02/25, 12:15:00.039, 906065299362, vstest.console.dll, TestPluginCache: Executors are ''.
TpTrace Verbose: 0 : 20544, 1, 2024/02/25, 12:15:00.039, 906065299720, vstest.console.dll, TestPluginCache: Executors2 are ''.
TpTrace Verbose: 0 : 20544, 1, 2024/02/25, 12:15:00.039, 906065300081, vstest.console.dll, TestPluginCache: Setting providers are ''.
TpTrace Verbose: 0 : 20544, 1, 2024/02/25, 12:15:00.039, 906065300436, vstest.console.dll, TestPluginCache: Loggers are ''.
TpTrace Verbose: 0 : 20544, 1, 2024/02/25, 12:15:00.039, 906065302910, vstest.console.dll, TestPluginCache: TestHosts are 'HostProvider://DefaultTestHost,HostProvider://DotnetTestHost'.
TpTrace Verbose: 0 : 20544, 1, 2024/02/25, 12:15:00.039, 906065303482, vstest.console.dll, TestPluginCache: DataCollectors are ''.
TpTrace Information: 0 : 20544, 1, 2024/02/25, 12:15:00.056, 906065465446, vstest.console.dll, RunTestsArgumentProcessor:Execute: Test run is starting.
TpTrace Verbose: 0 : 20544, 1, 2024/02/25, 12:15:00.056, 906065466717, vstest.console.dll, RunTestsArgumentProcessor:Execute: Queuing Test run.
TpTrace Information: 0 : 20544, 1, 2024/02/25, 12:15:00.056, 906065470216, vstest.console.dll, TestRequestManager.RunTests: run tests started.
TpTrace Information: 0 : 20544, 1, 2024/02/25, 12:15:00.058, 906065486122, vstest.console.dll, AssemblyMetadataProvider.GetFrameworkName: Determined framework:'.NETCoreApp,Version=v6.0' for source: 'C:\Users\Atanas Work\Desktop\PREPARE EXAM Back-End\REAL EXAM\Back End Integration Tests\GardenConsoleAPI\GardenConsoleAPI.IntegrationTests.NUnit\bin\Debug\net6.0\fine-code-coverage\build-output\GardenConsoleAPI.IntegrationTests.NUnit.dll'
TpTrace Information: 0 : 20544, 1, 2024/02/25, 12:15:00.058, 906065488229, vstest.console.dll, Determined framework for all sources: .NETCoreApp,Version=v6.0
TpTrace Verbose: 0 : 20544, 1, 2024/02/25, 12:15:00.058, 906065491720, vstest.console.dll, TestRequestManager.UpdateRunSettingsIfRequired: Default architecture: X64 IsDefaultTargetArchitecture: True, Current process architecture: X64 OperatingSystem: Windows.
TpTrace Information: 0 : 20544, 1, 2024/02/25, 12:15:00.060, 906065513363, vstest.console.dll, AssemblyMetadataProvider.GetArchitecture: Determined architecture:AnyCPU info for assembly: C:\Users\Atanas Work\Desktop\PREPARE EXAM Back-End\REAL EXAM\Back End Integration Tests\GardenConsoleAPI\GardenConsoleAPI.IntegrationTests.NUnit\bin\Debug\net6.0\fine-code-coverage\build-output\GardenConsoleAPI.IntegrationTests.NUnit.dll
TpTrace Information: 0 : 20544, 1, 2024/02/25, 12:15:00.060, 906065514337, vstest.console.dll, Determined platform for source 'C:\Users\Atanas Work\Desktop\PREPARE EXAM Back-End\REAL EXAM\Back End Integration Tests\GardenConsoleAPI\GardenConsoleAPI.IntegrationTests.NUnit\bin\Debug\net6.0\fine-code-coverage\build-output\GardenConsoleAPI.IntegrationTests.NUnit.dll' was AnyCPU and it will use the default plaform X64.
TpTrace Information: 0 : 20544, 1, 2024/02/25, 12:15:00.060, 906065514844, vstest.console.dll, None of the sources provided any runnable platform, using the default platform: X64
TpTrace Information: 0 : 20544, 1, 2024/02/25, 12:15:00.061, 906065516063, vstest.console.dll, Platform was updated to 'X64'.
TpTrace Information: 0 : 20544, 1, 2024/02/25, 12:15:00.065, 906065556998, vstest.console.dll, InferRunSettingsHelper.IsTestSettingsEnabled: Unable to navigate to RunSettings/MSTest. Current node: RunSettings
TpTrace Information: 0 : 20544, 1, 2024/02/25, 12:15:00.065, 906065564422, vstest.console.dll, AssemblyResolver.OnResolve: Microsoft.VisualStudio.TestPlatform.Fakes: Resolving assembly.
TpTrace Information: 0 : 20544, 1, 2024/02/25, 12:15:00.066, 906065565978, vstest.console.dll, AssemblyResolver.OnResolve: Microsoft.VisualStudio.TestPlatform.Fakes: Searching in: 'C:\Program Files\dotnet\sdk\8.0.101\Extensions'.
TpTrace Information: 0 : 20544, 1, 2024/02/25, 12:15:00.066, 906065567268, vstest.console.dll, AssemblyResolver.OnResolve: Microsoft.VisualStudio.TestPlatform.Fakes: Assembly path does not exist: 'C:\Program Files\dotnet\sdk\8.0.101\Extensions\Microsoft.VisualStudio.TestPlatform.Fakes.dll', returning.
TpTrace Information: 0 : 20544, 1, 2024/02/25, 12:15:00.066, 906065568037, vstest.console.dll, AssemblyResolver.OnResolve: Microsoft.VisualStudio.TestPlatform.Fakes: Assembly path does not exist: 'C:\Program Files\dotnet\sdk\8.0.101\Extensions\Microsoft.VisualStudio.TestPlatform.Fakes.exe', returning.
TpTrace Information: 0 : 20544, 1, 2024/02/25, 12:15:00.066, 906065568364, vstest.console.dll, AssemblyResolver.OnResolve: Microsoft.VisualStudio.TestPlatform.Fakes: Searching in: 'C:\Program Files\dotnet\sdk\8.0.101'.
TpTrace Information: 0 : 20544, 1, 2024/02/25, 12:15:00.066, 906065569072, vstest.console.dll, AssemblyResolver.OnResolve: Microsoft.VisualStudio.TestPlatform.Fakes: Assembly path does not exist: 'C:\Program Files\dotnet\sdk\8.0.101\Microsoft.VisualStudio.TestPlatform.Fakes.dll', returning.
TpTrace Information: 0 : 20544, 1, 2024/02/25, 12:15:00.066, 906065569693, vstest.console.dll, AssemblyResolver.OnResolve: Microsoft.VisualStudio.TestPlatform.Fakes: Assembly path does not exist: 'C:\Program Files\dotnet\sdk\8.0.101\Microsoft.VisualStudio.TestPlatform.Fakes.exe', returning.
TpTrace Information: 0 : 20544, 1, 2024/02/25, 12:15:00.066, 906065570118, vstest.console.dll, AssemblyResolver.OnResolve: Microsoft.VisualStudio.TestPlatform.Fakes: Failed to load assembly.
TpTrace Information: 0 : 20544, 1, 2024/02/25, 12:15:00.066, 906065573215, vstest.console.dll, Failed to load assembly Microsoft.VisualStudio.TestPlatform.Fakes, Version=17.0.0.0, Culture=neutral. Reason:System.IO.FileNotFoundException: Could not load file or assembly 'Microsoft.VisualStudio.TestPlatform.Fakes, Version=17.0.0.0, Culture=neutral, PublicKeyToken=null'. The system cannot find the file specified.
File name: 'Microsoft.VisualStudio.TestPlatform.Fakes, Version=17.0.0.0, Culture=neutral, PublicKeyToken=null'
   at System.Reflection.RuntimeAssembly.InternalLoad(AssemblyName assemblyName, StackCrawlMark& stackMark, AssemblyLoadContext assemblyLoadContext, RuntimeAssembly requestingAssembly, Boolean throwOnFileNotFound)
   at System.Reflection.Assembly.Load(AssemblyName assemblyRef)
   at Microsoft.VisualStudio.TestPlatform.Common.Utilities.FakesUtilities.LoadTestPlatformAssembly() in /_/src/Microsoft.TestPlatform.Common/Utilities/FakesUtilities.cs:line 272
TpTrace Verbose: 0 : 20544, 1, 2024/02/25, 12:15:00.070, 906065606328, vstest.console.dll, TestPluginCache.DiscoverTestExtensions: finding test extensions in assemblies ends with: TestLogger.dll TPluginInfo: Microsoft.VisualStudio.TestPlatform.Common.ExtensionFramework.Utilities.TestLoggerPluginInformation TExtension: Microsoft.VisualStudio.TestPlatform.ObjectModel.Client.ITestLogger
TpTrace Verbose: 0 : 20544, 1, 2024/02/25, 12:15:00.070, 906065607717, vstest.console.dll, TestPluginCache.GetExtensionPaths: Filtered extension paths: 
TpTrace Verbose: 0 : 20544, 1, 2024/02/25, 12:15:00.070, 906065608041, vstest.console.dll, TestPluginCache.GetExtensionPaths: Added default extension paths: C:\Program Files\dotnet\sdk\8.0.101\Extensions\Microsoft.Diagnostics.NETCore.Client.dll
C:\Program Files\dotnet\sdk\8.0.101\Extensions\Microsoft.TestPlatform.Extensions.BlameDataCollector.dll
C:\Program Files\dotnet\sdk\8.0.101\Extensions\Microsoft.TestPlatform.Extensions.EventLogCollector.dll
C:\Program Files\dotnet\sdk\8.0.101\Extensions\Microsoft.TestPlatform.TestHostRuntimeProvider.dll
C:\Program Files\dotnet\sdk\8.0.101\Extensions\Microsoft.VisualStudio.TestPlatform.Extensions.Html.TestLogger.dll
C:\Program Files\dotnet\sdk\8.0.101\Extensions\Microsoft.VisualStudio.TestPlatform.Extensions.Trx.TestLogger.dll
TpTrace Verbose: 0 : 20544, 1, 2024/02/25, 12:15:00.070, 906065608309, vstest.console.dll, TestPluginCache.GetExtensionPaths: Added unfilterableExtensionPaths: 
TpTrace Information: 0 : 20544, 1, 2024/02/25, 12:15:00.070, 906065609885, vstest.console.dll, AssemblyResolver.AddSearchDirectories: Adding more searchDirectories C:\Program Files\dotnet\sdk\8.0.101\Extensions,C:\Program Files\dotnet\sdk\8.0.101
TpTrace Verbose: 0 : 20544, 1, 2024/02/25, 12:15:00.070, 906065610479, vstest.console.dll, TestPluginCache.DiscoverTestExtensions: Discovering the extensions using extension path.
TpTrace Verbose: 0 : 20544, 1, 2024/02/25, 12:15:00.070, 906065610809, vstest.console.dll, TestPluginCache.GetExtensionPaths: Filtered extension paths: 
TpTrace Verbose: 0 : 20544, 1, 2024/02/25, 12:15:00.070, 906065611132, vstest.console.dll, TestPluginCache.GetExtensionPaths: Added default extension paths: C:\Program Files\dotnet\sdk\8.0.101\Extensions\Microsoft.Diagnostics.NETCore.Client.dll
C:\Program Files\dotnet\sdk\8.0.101\Extensions\Microsoft.TestPlatform.Extensions.BlameDataCollector.dll
C:\Program Files\dotnet\sdk\8.0.101\Extensions\Microsoft.TestPlatform.Extensions.EventLogCollector.dll
C:\Program Files\dotnet\sdk\8.0.101\Extensions\Microsoft.TestPlatform.TestHostRuntimeProvider.dll
C:\Program Files\dotnet\sdk\8.0.101\Extensions\Microsoft.VisualStudio.TestPlatform.Extensions.Html.TestLogger.dll
C:\Program Files\dotnet\sdk\8.0.101\Extensions\Microsoft.VisualStudio.TestPlatform.Extensions.Trx.TestLogger.dll
TpTrace Verbose: 0 : 20544, 1, 2024/02/25, 12:15:00.070, 906065611444, vstest.console.dll, TestPluginCache.GetExtensionPaths: Added unfilterableExtensionPaths: 
TpTrace Verbose: 0 : 20544, 1, 2024/02/25, 12:15:00.070, 906065611788, vstest.console.dll, TestPluginCache.DiscoverTestExtensions: Discovering the extensions using allExtensionPaths: C:\Program Files\dotnet\sdk\8.0.101\Extensions\Microsoft.Diagnostics.NETCore.Client.dll
C:\Program Files\dotnet\sdk\8.0.101\Extensions\Microsoft.TestPlatform.Extensions.BlameDataCollector.dll
C:\Program Files\dotnet\sdk\8.0.101\Extensions\Microsoft.TestPlatform.Extensions.EventLogCollector.dll
C:\Program Files\dotnet\sdk\8.0.101\Extensions\Microsoft.TestPlatform.TestHostRuntimeProvider.dll
C:\Program Files\dotnet\sdk\8.0.101\Extensions\Microsoft.VisualStudio.TestPlatform.Extensions.Html.TestLogger.dll
C:\Program Files\dotnet\sdk\8.0.101\Extensions\Microsoft.VisualStudio.TestPlatform.Extensions.Trx.TestLogger.dll
TpTrace Information: 0 : 20544, 1, 2024/02/25, 12:15:00.070, 906065612268, vstest.console.dll, AssemblyResolver.AddSearchDirectories: Adding more searchDirectories C:\Program Files\dotnet\sdk\8.0.101\Extensions,C:\Program Files\dotnet\sdk\8.0.101
TpTrace Information: 0 : 20544, 1, 2024/02/25, 12:15:00.070, 906065612756, vstest.console.dll, AssemblyResolver.AddSearchDirectories: Adding more searchDirectories C:\Program Files\dotnet\sdk\8.0.101\Extensions,C:\Program Files\dotnet\sdk\8.0.101
TpTrace Information: 0 : 20544, 1, 2024/02/25, 12:15:00.070, 906065613185, vstest.console.dll, AssemblyResolver.AddSearchDirectories: Adding more searchDirectories C:\Program Files\dotnet\sdk\8.0.101\Extensions,C:\Program Files\dotnet\sdk\8.0.101
TpTrace Information: 0 : 20544, 1, 2024/02/25, 12:15:00.070, 906065613604, vstest.console.dll, AssemblyResolver.AddSearchDirectories: Adding more searchDirectories C:\Program Files\dotnet\sdk\8.0.101\Extensions,C:\Program Files\dotnet\sdk\8.0.101
TpTrace Information: 0 : 20544, 1, 2024/02/25, 12:15:00.070, 906065614019, vstest.console.dll, AssemblyResolver.AddSearchDirectories: Adding more searchDirectories C:\Program Files\dotnet\sdk\8.0.101\Extensions,C:\Program Files\dotnet\sdk\8.0.101
TpTrace Information: 0 : 20544, 1, 2024/02/25, 12:15:00.070, 906065614472, vstest.console.dll, AssemblyResolver.AddSearchDirectories: Adding more searchDirectories C:\Program Files\dotnet\sdk\8.0.101\Extensions,C:\Program Files\dotnet\sdk\8.0.101
TpTrace Verbose: 0 : 20544, 1, 2024/02/25, 12:15:00.071, 906065615700, vstest.console.dll, MetadataReaderExtensionsHelper: Discovering extensions inside assembly 'Microsoft.Diagnostics.NETCore.Client, Version=0.2.8.21101, Culture=neutral, PublicKeyToken=31bf3856ad364e35' file path 'C:\Program Files\dotnet\sdk\8.0.101\Extensions\Microsoft.Diagnostics.NETCore.Client.dll'
TpTrace Information: 0 : 20544, 1, 2024/02/25, 12:15:00.072, 906065626553, vstest.console.dll, AssemblyResolver.OnResolve: Microsoft.Bcl.AsyncInterfaces: Resolving assembly.
TpTrace Information: 0 : 20544, 1, 2024/02/25, 12:15:00.072, 906065627390, vstest.console.dll, AssemblyResolver.OnResolve: Microsoft.Bcl.AsyncInterfaces: Resolved from cache.
TpTrace Verbose: 0 : 20544, 1, 2024/02/25, 12:15:00.072, 906065627657, vstest.console.dll, CurrentDomainAssemblyResolve: Resolving assembly 'Microsoft.Bcl.AsyncInterfaces'.
TpTrace Information: 0 : 20544, 1, 2024/02/25, 12:15:00.072, 906065628167, vstest.console.dll, AssemblyResolver.OnResolve: Microsoft.Bcl.AsyncInterfaces: Resolving assembly.
TpTrace Information: 0 : 20544, 1, 2024/02/25, 12:15:00.072, 906065628453, vstest.console.dll, AssemblyResolver.OnResolve: Microsoft.Bcl.AsyncInterfaces: Resolved from cache.
TpTrace Verbose: 0 : 20544, 1, 2024/02/25, 12:15:00.072, 906065628687, vstest.console.dll, CurrentDomainAssemblyResolve: Resolving assembly 'Microsoft.Bcl.AsyncInterfaces'.
TpTrace Verbose: 0 : 20544, 1, 2024/02/25, 12:15:00.072, 906065628915, vstest.console.dll, CurrentDomainAssemblyResolve: Failed to resolve assembly 'Microsoft.Bcl.AsyncInterfaces'.
TpTrace Verbose: 0 : 20544, 1, 2024/02/25, 12:15:00.072, 906065630307, vstest.console.dll, CurrentDomainAssemblyResolve: Failed to resolve assembly 'Microsoft.Bcl.AsyncInterfaces'.
TpTrace Warning: 0 : 20544, 1, 2024/02/25, 12:15:00.072, 906065633696, vstest.console.dll, TestPluginDiscoverer: Failed to get types from assembly 'Microsoft.Diagnostics.NETCore.Client, Version=0.2.8.21101, Culture=neutral, PublicKeyToken=31bf3856ad364e35'. Error: System.Reflection.ReflectionTypeLoadException: Unable to load one or more of the requested types.
Could not load file or assembly 'Microsoft.Bcl.AsyncInterfaces, Version=1.0.0.0, Culture=neutral, PublicKeyToken=cc7b13ffcd2ddd51'. The system cannot find the file specified.
   at System.Reflection.RuntimeModule.GetTypes(RuntimeModule module)
   at System.Reflection.RuntimeModule.GetTypes()
   at Microsoft.VisualStudio.TestPlatform.Common.ExtensionFramework.TestPluginDiscoverer.GetTestExtensionsFromAssembly[TPluginInfo,TExtension](Assembly assembly, Dictionary`2 pluginInfos, String filePath) in /_/src/Microsoft.TestPlatform.Common/ExtensionFramework/TestPluginDiscoverer.cs:line 158
System.IO.FileNotFoundException: Could not load file or assembly 'Microsoft.Bcl.AsyncInterfaces, Version=1.0.0.0, Culture=neutral, PublicKeyToken=cc7b13ffcd2ddd51'. The system cannot find the file specified.
File name: 'Microsoft.Bcl.AsyncInterfaces, Version=1.0.0.0, Culture=neutral, PublicKeyToken=cc7b13ffcd2ddd51'
 ---> System.IO.FileNotFoundException: Could not load file or assembly 'Microsoft.Bcl.AsyncInterfaces, Culture=neutral, PublicKeyToken=null'. The system cannot find the file specified.
File name: 'Microsoft.Bcl.AsyncInterfaces, Culture=neutral, PublicKeyToken=null'
   at System.Reflection.RuntimeAssembly.InternalLoad(AssemblyName assemblyName, StackCrawlMark& stackMark, AssemblyLoadContext assemblyLoadContext, RuntimeAssembly requestingAssembly, Boolean throwOnFileNotFound)
   at System.Reflection.Assembly.Load(AssemblyName assemblyRef)
   at Microsoft.VisualStudio.TestPlatform.Common.ExtensionFramework.TestPluginCache.CurrentDomainAssemblyResolve(Object sender, AssemblyResolveEventArgs args) in /_/src/Microsoft.TestPlatform.Common/ExtensionFramework/TestPluginCache.cs:line 513
   at System.Runtime.Loader.AssemblyLoadContext.GetFirstResolvedAssemblyFromResolvingEvent(AssemblyName assemblyName)
   at System.Runtime.Loader.AssemblyLoadContext.ResolveUsingEvent(AssemblyName assemblyName)
   at System.Runtime.Loader.AssemblyLoadContext.ResolveUsingResolvingEvent(IntPtr gchManagedAssemblyLoadContext, AssemblyName assemblyName)
TpTrace Warning: 0 : 20544, 1, 2024/02/25, 12:15:00.073, 906065635204, vstest.console.dll, LoaderExceptions: System.IO.FileNotFoundException: Could not load file or assembly 'Microsoft.Bcl.AsyncInterfaces, Version=1.0.0.0, Culture=neutral, PublicKeyToken=cc7b13ffcd2ddd51'. The system cannot find the file specified.
File name: 'Microsoft.Bcl.AsyncInterfaces, Version=1.0.0.0, Culture=neutral, PublicKeyToken=cc7b13ffcd2ddd51'
 ---> System.IO.FileNotFoundException: Could not load file or assembly 'Microsoft.Bcl.AsyncInterfaces, Culture=neutral, PublicKeyToken=null'. The system cannot find the file specified.
File name: 'Microsoft.Bcl.AsyncInterfaces, Culture=neutral, PublicKeyToken=null'
   at System.Reflection.RuntimeAssembly.InternalLoad(AssemblyName assemblyName, StackCrawlMark& stackMark, AssemblyLoadContext assemblyLoadContext, RuntimeAssembly requestingAssembly, Boolean throwOnFileNotFound)
   at System.Reflection.Assembly.Load(AssemblyName assemblyRef)
   at Microsoft.VisualStudio.TestPlatform.Common.ExtensionFramework.TestPluginCache.CurrentDomainAssemblyResolve(Object sender, AssemblyResolveEventArgs args) in /_/src/Microsoft.TestPlatform.Common/ExtensionFramework/TestPluginCache.cs:line 513
   at System.Runtime.Loader.AssemblyLoadContext.GetFirstResolvedAssemblyFromResolvingEvent(AssemblyName assemblyName)
   at System.Runtime.Loader.AssemblyLoadContext.ResolveUsingEvent(AssemblyName assemblyName)
   at System.Runtime.Loader.AssemblyLoadContext.ResolveUsingResolvingEvent(IntPtr gchManagedAssemblyLoadContext, AssemblyName assemblyName)
TpTrace Verbose: 0 : 20544, 1, 2024/02/25, 12:15:00.073, 906065635934, vstest.console.dll, MetadataReaderExtensionsHelper: Discovering extensions inside assembly 'Microsoft.TestPlatform.Extensions.BlameDataCollector, Version=15.0.0.0, Culture=neutral, PublicKeyToken=b03f5f7f11d50a3a' file path 'C:\Program Files\dotnet\sdk\8.0.101\Extensions\Microsoft.TestPlatform.Extensions.BlameDataCollector.dll'
TpTrace Information: 0 : 20544, 1, 2024/02/25, 12:15:00.073, 906065644239, vstest.console.dll, GetTestExtensionFromType: Register extension with identifier data 'logger://Microsoft/TestPlatform/Extensions/Blame/v1' and type 'Microsoft.TestPlatform.Extensions.BlameDataCollector.BlameLogger, Microsoft.TestPlatform.Extensions.BlameDataCollector, Version=15.0.0.0, Culture=neutral, PublicKeyToken=b03f5f7f11d50a3a' inside file 'C:\Program Files\dotnet\sdk\8.0.101\Extensions\Microsoft.TestPlatform.Extensions.BlameDataCollector.dll'
TpTrace Verbose: 0 : 20544, 1, 2024/02/25, 12:15:00.074, 906065645430, vstest.console.dll, MetadataReaderExtensionsHelper: Discovering extensions inside assembly 'Microsoft.TestPlatform.Extensions.EventLogCollector, Version=15.0.0.0, Culture=neutral, PublicKeyToken=b03f5f7f11d50a3a' file path 'C:\Program Files\dotnet\sdk\8.0.101\Extensions\Microsoft.TestPlatform.Extensions.EventLogCollector.dll'
TpTrace Verbose: 0 : 20544, 1, 2024/02/25, 12:15:00.074, 906065652981, vstest.console.dll, MetadataReaderExtensionsHelper: Discovering extensions inside assembly 'Microsoft.TestPlatform.TestHostRuntimeProvider, Version=15.0.0.0, Culture=neutral, PublicKeyToken=b03f5f7f11d50a3a' file path 'C:\Program Files\dotnet\sdk\8.0.101\Extensions\Microsoft.TestPlatform.TestHostRuntimeProvider.dll'
TpTrace Verbose: 0 : 20544, 1, 2024/02/25, 12:15:00.075, 906065659495, vstest.console.dll, MetadataReaderExtensionsHelper: Discovering extensions inside assembly 'Microsoft.VisualStudio.TestPlatform.Extensions.Html.TestLogger, Version=15.0.0.0, Culture=neutral, PublicKeyToken=b03f5f7f11d50a3a' file path 'C:\Program Files\dotnet\sdk\8.0.101\Extensions\Microsoft.VisualStudio.TestPlatform.Extensions.Html.TestLogger.dll'
TpTrace Information: 0 : 20544, 1, 2024/02/25, 12:15:00.076, 906065669746, vstest.console.dll, GetTestExtensionFromType: Register extension with identifier data 'logger://Microsoft/TestPlatform/HtmlLogger/v1' and type 'Microsoft.VisualStudio.TestPlatform.Extensions.HtmlLogger.HtmlLogger, Microsoft.VisualStudio.TestPlatform.Extensions.Html.TestLogger, Version=15.0.0.0, Culture=neutral, PublicKeyToken=b03f5f7f11d50a3a' inside file 'C:\Program Files\dotnet\sdk\8.0.101\Extensions\Microsoft.VisualStudio.TestPlatform.Extensions.Html.TestLogger.dll'
TpTrace Verbose: 0 : 20544, 1, 2024/02/25, 12:15:00.076, 906065671066, vstest.console.dll, MetadataReaderExtensionsHelper: Discovering extensions inside assembly 'Microsoft.VisualStudio.TestPlatform.Extensions.Trx.TestLogger, Version=15.0.0.0, Culture=neutral, PublicKeyToken=b03f5f7f11d50a3a' file path 'C:\Program Files\dotnet\sdk\8.0.101\Extensions\Microsoft.VisualStudio.TestPlatform.Extensions.Trx.TestLogger.dll'
TpTrace Information: 0 : 20544, 1, 2024/02/25, 12:15:00.077, 906065680172, vstest.console.dll, GetTestExtensionFromType: Register extension with identifier data 'logger://Microsoft/TestPlatform/TrxLogger/v1' and type 'Microsoft.VisualStudio.TestPlatform.Extensions.TrxLogger.TrxLogger, Microsoft.VisualStudio.TestPlatform.Extensions.Trx.TestLogger, Version=15.0.0.0, Culture=neutral, PublicKeyToken=b03f5f7f11d50a3a' inside file 'C:\Program Files\dotnet\sdk\8.0.101\Extensions\Microsoft.VisualStudio.TestPlatform.Extensions.Trx.TestLogger.dll'
TpTrace Verbose: 0 : 20544, 1, 2024/02/25, 12:15:00.077, 906065682277, vstest.console.dll, TestPluginCache: Discovered the extensions using extension path ''.
TpTrace Verbose: 0 : 20544, 1, 2024/02/25, 12:15:00.077, 906065682679, vstest.console.dll, TestPluginCache: Discoverers are ''.
TpTrace Verbose: 0 : 20544, 1, 2024/02/25, 12:15:00.077, 906065682920, vstest.console.dll, TestPluginCache: Executors are ''.
TpTrace Verbose: 0 : 20544, 1, 2024/02/25, 12:15:00.077, 906065683250, vstest.console.dll, TestPluginCache: Executors2 are ''.
TpTrace Verbose: 0 : 20544, 1, 2024/02/25, 12:15:00.077, 906065683496, vstest.console.dll, TestPluginCache: Setting providers are ''.
TpTrace Verbose: 0 : 20544, 1, 2024/02/25, 12:15:00.077, 906065684265, vstest.console.dll, TestPluginCache: Loggers are 'logger://Microsoft/TestPlatform/Extensions/Blame/v1,logger://Microsoft/TestPlatform/HtmlLogger/v1,logger://Microsoft/TestPlatform/TrxLogger/v1'.
TpTrace Verbose: 0 : 20544, 1, 2024/02/25, 12:15:00.077, 906065684743, vstest.console.dll, TestPluginCache: TestHosts are 'HostProvider://DefaultTestHost,HostProvider://DotnetTestHost'.
TpTrace Verbose: 0 : 20544, 1, 2024/02/25, 12:15:00.078, 906065685009, vstest.console.dll, TestPluginCache: DataCollectors are ''.
TpTrace Information: 0 : 20544, 1, 2024/02/25, 12:15:00.078, 906065694293, vstest.console.dll, TestPluginManager.CreateTestExtension: Attempting to load test extension: Microsoft.TestPlatform.Extensions.BlameDataCollector.BlameLogger
TpTrace Verbose: 0 : 20544, 1, 2024/02/25, 12:15:00.087, 906065778512, vstest.console.dll, TestEngine: Initializing Parallel Execution as MaxCpuCount is set to: 1
TpTrace Information: 0 : 20544, 1, 2024/02/25, 12:15:00.088, 906065793089, vstest.console.dll, TestPluginManager.CreateTestExtension: Attempting to load test extension: Microsoft.VisualStudio.TestPlatform.CrossPlatEngine.Hosting.DefaultTestHostManager
TpTrace Information: 0 : 20544, 1, 2024/02/25, 12:15:00.090, 906065808213, vstest.console.dll, TestPluginManager.CreateTestExtension: Attempting to load test extension: Microsoft.VisualStudio.TestPlatform.CrossPlatEngine.Hosting.DotnetTestHostManager
TpTrace Information: 0 : 20544, 1, 2024/02/25, 12:15:00.092, 906065829274, vstest.console.dll, InferRunSettingsHelper.IsTestSettingsEnabled: Unable to navigate to RunSettings/MSTest. Current node: RunSettings
TpTrace Verbose: 0 : 20544, 1, 2024/02/25, 12:15:00.093, 906065836921, vstest.console.dll, ParallelOperationManager.ClearSlots: Clearing all slots. Slots should accept more work: True
TpTrace Verbose: 0 : 20544, 1, 2024/02/25, 12:15:00.094, 906065845198, vstest.console.dll, ParallelOperationManager.SetOccupiedSlotCount: Setting slot counts AvailableSlotCount = 1, OccupiedSlotCount = 0.
TpTrace Verbose: 0 : 20544, 1, 2024/02/25, 12:15:00.094, 906065848920, vstest.console.dll, Occupied slots:

TpTrace Verbose: 0 : 20544, 1, 2024/02/25, 12:15:00.098, 906065886520, vstest.console.dll, TestEngine.GetExecutionManager: Chosen execution manager 'Microsoft.VisualStudio.TestPlatform.CrossPlatEngine.Client.Parallel.ParallelProxyExecutionManager, Microsoft.TestPlatform.CrossPlatEngine, Version=15.0.0.0, Culture=neutral, PublicKeyToken=b03f5f7f11d50a3a' ParallelLevel '1'.
TpTrace Verbose: 0 : 20544, 1, 2024/02/25, 12:15:00.098, 906065888552, vstest.console.dll, TestRunRequest.ExecuteAsync: Creating test run request.
TpTrace Verbose: 0 : 20544, 1, 2024/02/25, 12:15:00.098, 906065891476, vstest.console.dll, TestRunRequest.ExecuteAsync: Starting.
TpTrace Information: 0 : 20544, 1, 2024/02/25, 12:15:00.099, 906065903606, vstest.console.dll, TestRunRequest.ExecuteAsync: Starting run with settings:TestRunCriteria:
   KeepAlive=False,FrequencyOfRunStatsChangeEvent=10,RunStatsChangeEventTimeout=00:00:01.5000000,TestCaseFilter=,TestExecutorLauncher=
   Settingsxml=<RunSettings>
  <RunConfiguration>
    <ResultsDirectory>C:\Users\Atanas Work\Desktop\PREPARE EXAM Back-End\REAL EXAM\Back End Integration Tests\GardenConsoleAPI\GardenConsoleAPI.IntegrationTests.NUnit\bin\Debug\net6.0\fine-code-coverage\coverage-tool-output</ResultsDirectory>
    <TargetPlatform>X64</TargetPlatform>
    <TargetFrameworkVersion>.NETCoreApp,Version=v6.0</TargetFrameworkVersion>
    <DesignMode>False</DesignMode>
    <CollectSourceInformation>False</CollectSourceInformation>
  </RunConfiguration>
  <LoggerRunSettings>
    <Loggers>
      <Logger friendlyName="blame" enabled="True" />
      <Logger friendlyName="Console" uri="logger://microsoft/TestPlatform/ConsoleLogger/v1" assemblyQualifiedName="Microsoft.VisualStudio.TestPlatform.CommandLine.Internal.ConsoleLogger, vstest.console, Version=15.0.0.0, Culture=neutral, PublicKeyToken=b03f5f7f11d50a3a" codeBase="C:\Program Files\dotnet\sdk\8.0.101\vstest.console.dll" enabled="True" />
    </Loggers>
  </LoggerRunSettings>
  <DataCollectionRunSettings>
    <DataCollectors>
      <DataCollector friendlyName="blame" enabled="True">
        <Configuration>
          <ResultsDirectory>C:\Users\Atanas Work\Desktop\PREPARE EXAM Back-End\REAL EXAM\Back End Integration Tests\GardenConsoleAPI\GardenConsoleAPI.IntegrationTests.NUnit\bin\Debug\net6.0\fine-code-coverage\coverage-tool-output</ResultsDirectory>
        </Configuration>
      </DataCollector>
    </DataCollectors>
  </DataCollectionRunSettings>
</RunSettings>

TpTrace Verbose: 0 : 20544, 1, 2024/02/25, 12:15:00.099, 906065904142, vstest.console.dll, TestRunRequest.ExecuteAsync: Wait for the first run request is over.
TpTrace Verbose: 0 : 20544, 1, 2024/02/25, 12:15:00.100, 906065907452, vstest.console.dll, MulticastDelegateUtilities.SafeInvoke: TestRun.TestRunStart: Invoking callbacks was skipped because there are no subscribers.
TpTrace Verbose: 0 : 20544, 4, 2024/02/25, 12:15:00.100, 906065909071, vstest.console.dll, MulticastDelegateUtilities.SafeInvoke: InternalTestLoggerEvents.SendTestRunStart: Invoking callback 1/1 for Microsoft.VisualStudio.TestPlatform.CommandLine.Internal.ConsoleLogger., took 0 ms.
TpTrace Verbose: 0 : 20544, 1, 2024/02/25, 12:15:00.101, 906065924571, vstest.console.dll, ParallelProxyExecutionManager: Start execution. Total sources: 1
TpTrace Verbose: 0 : 20544, 1, 2024/02/25, 12:15:00.102, 906065930562, vstest.console.dll, ParallelOperationManager.StartWork: Starting adding 1 workloads.
TpTrace Verbose: 0 : 20544, 1, 2024/02/25, 12:15:00.102, 906065931430, vstest.console.dll, ParallelOperationManager.ClearSlots: Clearing all slots. Slots should accept more work: True
TpTrace Verbose: 0 : 20544, 1, 2024/02/25, 12:15:00.102, 906065932188, vstest.console.dll, ParallelOperationManager.SetOccupiedSlotCount: Setting slot counts AvailableSlotCount = 1, OccupiedSlotCount = 0.
TpTrace Verbose: 0 : 20544, 1, 2024/02/25, 12:15:00.102, 906065932576, vstest.console.dll, Occupied slots:

TpTrace Verbose: 0 : 20544, 1, 2024/02/25, 12:15:00.104, 906065950950, vstest.console.dll, TestRequestSender is acting as server.
TpTrace Verbose: 0 : 20544, 1, 2024/02/25, 12:15:00.105, 906065963583, vstest.console.dll, ParallelOperationManager.RunWorkInParallel: Adding 1 workload to slot, remaining workloads 0.
TpTrace Verbose: 0 : 20544, 1, 2024/02/25, 12:15:00.105, 906065964247, vstest.console.dll, ParallelOperationManager.SetOccupiedSlotCount: Setting slot counts AvailableSlotCount = 0, OccupiedSlotCount = 1.
TpTrace Verbose: 0 : 20544, 1, 2024/02/25, 12:15:00.106, 906065965409, vstest.console.dll, Occupied slots:
0: C:\Users\Atanas Work\Desktop\PREPARE EXAM Back-End\REAL EXAM\Back End Integration Tests\GardenConsoleAPI\GardenConsoleAPI.IntegrationTests.NUnit\bin\Debug\net6.0\fine-code-coverage\build-output\GardenConsoleAPI.IntegrationTests.NUnit.dll
TpTrace Verbose: 0 : 20544, 1, 2024/02/25, 12:15:00.107, 906065977643, vstest.console.dll, ParallelOperationManager.RunWorkInParallel: Started host in slot number 0 for work (source): C:\Users\Atanas Work\Desktop\PREPARE EXAM Back-End\REAL EXAM\Back End Integration Tests\GardenConsoleAPI\GardenConsoleAPI.IntegrationTests.NUnit\bin\Debug\net6.0\fine-code-coverage\build-output\GardenConsoleAPI.IntegrationTests.NUnit.dll.
TpTrace Verbose: 0 : 20544, 1, 2024/02/25, 12:15:00.108, 906065986767, vstest.console.dll, ParallelOperationManager.RunWorkInParallel: We started 1 work items, which is the max parallel level. Won't start more work.
TpTrace Verbose: 0 : 20544, 1, 2024/02/25, 12:15:00.108, 906065987829, vstest.console.dll, ParallelOperationManager.RunWorkInParallel: We started 1 work items in here, returning True.
TpTrace Information: 0 : 20544, 1, 2024/02/25, 12:15:00.108, 906065988199, vstest.console.dll, TestRunRequest.ExecuteAsync: Started.
TpTrace Verbose: 0 : 20544, 5, 2024/02/25, 12:15:00.108, 906065989545, vstest.console.dll, ParallelProxyExecutionManager.StartTestRunOnConcurrentManager: Initializing uninitialized client. Started clients: 0
TpTrace Verbose: 0 : 20544, 5, 2024/02/25, 12:15:00.108, 906065991250, vstest.console.dll, DataCollectionRequestSender.InitializeCommunication : Initialize communication. 
TpTrace Verbose: 0 : 20544, 1, 2024/02/25, 12:15:00.108, 906065994427, vstest.console.dll, TestRunRequest.WaitForCompletion: Waiting with timeout -1.
TpTrace Information: 0 : 20544, 5, 2024/02/25, 12:15:00.116, 906066070313, vstest.console.dll, Listening on Endpoint : 127.0.0.1:55286
TpTrace Verbose: 0 : 20544, 5, 2024/02/25, 12:15:00.122, 906066134303, vstest.console.dll, DotnetDataCollectionLauncher: Adding  --runtimeconfig "C:\Program Files\dotnet\sdk\8.0.101\datacollector.runtimeconfig.json" in args
TpTrace Verbose: 0 : 20544, 5, 2024/02/25, 12:15:00.123, 906066135765, vstest.console.dll, DotnetDataCollectionLauncher: Adding  --depsfile "C:\Program Files\dotnet\sdk\8.0.101\datacollector.deps.json" in args
TpTrace Verbose: 0 : 20544, 5, 2024/02/25, 12:15:00.123, 906066137240, vstest.console.dll, DotnetDataCollectionLauncher: Full path of dotnet.exe is C:\Program Files\dotnet\dotnet.exe
TpTrace Information: 0 : 20544, 5, 2024/02/25, 12:15:00.130, 906066206713, vstest.console.dll, ProxyDataCollectionManager.Initialize: Launched datacollector processId: 16896 port: 55286
TpTrace Information: 0 : 20544, 5, 2024/02/25, 12:15:00.130, 906066208261, vstest.console.dll, ProxyDataCollectionManager.Initialize: waiting for connection with timeout: 90 seconds
TpTrace Verbose: 0 : 20544, 5, 2024/02/25, 12:15:00.130, 906066208971, vstest.console.dll, DataCollectionRequestSender.WaitForRequestHandlerConnection : Waiting for connection with timeout: 90000
TpTrace Information: 0 : 20544, 7, 2024/02/25, 12:15:00.325, 906068161045, vstest.console.dll, Using the buffer size of 16384 bytes
TpTrace Verbose: 0 : 20544, 5, 2024/02/25, 12:15:00.325, 906068161218, vstest.console.dll, SocketCommunicationManager.WaitForClientConnection took: 195 ms, with 90000 ms timeout, and finished with True.
TpTrace Information: 0 : 20544, 7, 2024/02/25, 12:15:00.325, 906068162612, vstest.console.dll, Accepted Client request and set the flag
TpTrace Verbose: 0 : 20544, 5, 2024/02/25, 12:15:00.325, 906068163651, vstest.console.dll, ProxyDataCollectionManager.InvokeDataCollectionServiceAction: Starting.
TpTrace Information: 0 : 20544, 5, 2024/02/25, 12:15:00.325, 906068164477, vstest.console.dll, ProxyDataCollectionManager.BeforeTestRunStart: Get environment variable and port for datacollector processId: 16896 port: 55286
TpTrace Verbose: 0 : 20544, 5, 2024/02/25, 12:15:00.326, 906068165719, vstest.console.dll, DataCollectionRequestSender.SendBeforeTestRunStartAndGetResult: Send BeforeTestRunStart message with settingsXml <RunSettings><RunConfiguration><ResultsDirectory>C:\Users\Atanas Work\Desktop\PREPARE EXAM Back-End\REAL EXAM\Back End Integration Tests\GardenConsoleAPI\GardenConsoleAPI.IntegrationTests.NUnit\bin\Debug\net6.0\fine-code-coverage\coverage-tool-output</ResultsDirectory><TargetPlatform>X64</TargetPlatform><TargetFrameworkVersion>.NETCoreApp,Version=v6.0</TargetFrameworkVersion><DesignMode>False</DesignMode><CollectSourceInformation>False</CollectSourceInformation><TestAdaptersPaths>C:\Program Files\dotnet\sdk\8.0.101\Extensions</TestAdaptersPaths></RunConfiguration><LoggerRunSettings><Loggers><Logger friendlyName="blame" enabled="True" /><Logger friendlyName="Console" uri="logger://microsoft/TestPlatform/ConsoleLogger/v1" assemblyQualifiedName="Microsoft.VisualStudio.TestPlatform.CommandLine.Internal.ConsoleLogger, vstest.console, Version=15.0.0.0, Culture=neutral, PublicKeyToken=b03f5f7f11d50a3a" codeBase="C:\Program Files\dotnet\sdk\8.0.101\vstest.console.dll" enabled="True" /></Loggers></LoggerRunSettings><DataCollectionRunSettings><DataCollectors><DataCollector friendlyName="blame" enabled="True"><Configuration><ResultsDirectory>C:\Users\Atanas Work\Desktop\PREPARE EXAM Back-End\REAL EXAM\Back End Integration Tests\GardenConsoleAPI\GardenConsoleAPI.IntegrationTests.NUnit\bin\Debug\net6.0\fine-code-coverage\coverage-tool-output</ResultsDirectory></Configuration></DataCollector></DataCollectors></DataCollectionRunSettings></RunSettings> and sources System.Collections.Generic.List`1[System.String]: 
TpTrace Verbose: 0 : 20544, 5, 2024/02/25, 12:15:00.405, 906068962641, vstest.console.dll, DataCollectionRequestSender.SendBeforeTestRunStartAndGetResult: Received message: (DataCollection.SendMessage) -> {"MessageType":"DataCollection.SendMessage","Payload":{"FriendlyName":null,"Uri":null,"TestCaseId":"00000000-0000-0000-0000-000000000000","Message":"Logging DataCollector Diagnostics in file: C:\\Users\\Atanas Work\\Desktop\\PREPARE EXAM Back-End\\REAL EXAM\\Back End Integration Tests\\GardenConsoleAPI\\GardenConsoleAPI.IntegrationTests.NUnit\\bin\\Debug\\net6.0\\fine-code-coverage\\coverage-tool-output\\diagnostics.datacollector.24-02-25_12-15-00_12262_5.log","Level":0}}
TpTrace Verbose: 0 : 20544, 5, 2024/02/25, 12:15:00.493, 906069839690, vstest.console.dll, DataCollectionRequestSender.SendBeforeTestRunStartAndGetResult: Received message: (DataCollection.BeforeTestRunStartResult) -> {"MessageType":"DataCollection.BeforeTestRunStartResult","Payload":{"EnvironmentVariables":{},"DataCollectionEventsPort":55288}}
TpTrace Information: 0 : 20544, 5, 2024/02/25, 12:15:00.498, 906069893995, vstest.console.dll, ProxyDataCollectionManager.BeforeTestRunStart: SendBeforeTestRunStartAndGetResult successful, env variable from datacollector:   and testhost port: 55288
TpTrace Information: 0 : 20544, 5, 2024/02/25, 12:15:00.499, 906069895510, vstest.console.dll, ProxyDataCollectionManager.InvokeDataCollectionServiceAction: Completed.
TpTrace Verbose: 0 : 20544, 5, 2024/02/25, 12:15:00.499, 906069895967, vstest.console.dll, ParallelProxyExecutionManager.StartTestRunOnConcurrentManager: Initializing test run. Started clients: 0
TpTrace Verbose: 0 : 20544, 5, 2024/02/25, 12:15:00.499, 906069896988, vstest.console.dll, ProxyExecutionManager: Test host is always Lazy initialize.
TpTrace Verbose: 0 : 20544, 5, 2024/02/25, 12:15:00.499, 906069899381, vstest.console.dll, TestRequestSender.InitializeCommunication: initialize communication. 
TpTrace Information: 0 : 20544, 5, 2024/02/25, 12:15:00.499, 906069904320, vstest.console.dll, SocketServer.Start: Listening on endpoint : 127.0.0.1:55289
TpTrace Verbose: 0 : 20544, 5, 2024/02/25, 12:15:00.500, 906069911494, vstest.console.dll, DotnetTestHostmanager.GetTestHostProcessStartInfo: Platform environment 'X64' target architecture 'X64' framework '.NETCoreApp,Version=v6.0' OS 'Windows'
TpTrace Verbose: 0 : 20544, 5, 2024/02/25, 12:15:00.500, 906069913985, vstest.console.dll, DotnetTestHostmanager: Adding  --runtimeconfig "C:\Users\Atanas Work\Desktop\PREPARE EXAM Back-End\REAL EXAM\Back End Integration Tests\GardenConsoleAPI\GardenConsoleAPI.IntegrationTests.NUnit\bin\Debug\net6.0\fine-code-coverage\build-output\GardenConsoleAPI.IntegrationTests.NUnit.runtimeconfig.json" in args
TpTrace Verbose: 0 : 20544, 5, 2024/02/25, 12:15:00.501, 906069915091, vstest.console.dll, DotnetTestHostmanager: Adding  --depsfile "C:\Users\Atanas Work\Desktop\PREPARE EXAM Back-End\REAL EXAM\Back End Integration Tests\GardenConsoleAPI\GardenConsoleAPI.IntegrationTests.NUnit\bin\Debug\net6.0\fine-code-coverage\build-output\GardenConsoleAPI.IntegrationTests.NUnit.deps.json" in args
TpTrace Verbose: 0 : 20544, 5, 2024/02/25, 12:15:00.501, 906069916769, vstest.console.dll, DotnetTestHostmanager.IsWinOnArm: Current PROCESSOR_ARCHITECTURE from environment variable 'AMD64'
TpTrace Verbose: 0 : 20544, 5, 2024/02/25, 12:15:00.501, 906069917342, vstest.console.dll, DotnetTestHostmanager.IsWinOnArm: Is Windows on ARM 'False'
TpTrace Verbose: 0 : 20544, 5, 2024/02/25, 12:15:00.501, 906069918336, vstest.console.dll, DotnetTestHostManager: testhost.exe found at path: C:\Users\Atanas Work\Desktop\PREPARE EXAM Back-End\REAL EXAM\Back End Integration Tests\GardenConsoleAPI\GardenConsoleAPI.IntegrationTests.NUnit\bin\Debug\net6.0\fine-code-coverage\build-output\testhost.exe
TpTrace Verbose: 0 : 20544, 5, 2024/02/25, 12:15:00.501, 906069918851, vstest.console.dll, DotnetTestHostmanager: Full path of host exe is C:\Users\Atanas Work\Desktop\PREPARE EXAM Back-End\REAL EXAM\Back End Integration Tests\GardenConsoleAPI\GardenConsoleAPI.IntegrationTests.NUnit\bin\Debug\net6.0\fine-code-coverage\build-output\testhost.exe
TpTrace Verbose: 0 : 20544, 5, 2024/02/25, 12:15:00.501, 906069920394, vstest.console.dll, DotnetTestHostmanager.LaunchTestHostAsync: Found 'VSTEST_WINAPPHOST_DOTNET_ROOT' in env variables, value 'C:\Program Files\dotnet', forwarding to 'DOTNET_ROOT'
TpTrace Verbose: 0 : 20544, 5, 2024/02/25, 12:15:00.501, 906069922135, vstest.console.dll, DotnetTestHostManager: Starting process 'C:\Users\Atanas Work\Desktop\PREPARE EXAM Back-End\REAL EXAM\Back End Integration Tests\GardenConsoleAPI\GardenConsoleAPI.IntegrationTests.NUnit\bin\Debug\net6.0\fine-code-coverage\build-output\testhost.exe' with command line ' --runtimeconfig "C:\Users\Atanas Work\Desktop\PREPARE EXAM Back-End\REAL EXAM\Back End Integration Tests\GardenConsoleAPI\GardenConsoleAPI.IntegrationTests.NUnit\bin\Debug\net6.0\fine-code-coverage\build-output\GardenConsoleAPI.IntegrationTests.NUnit.runtimeconfig.json" --depsfile "C:\Users\Atanas Work\Desktop\PREPARE EXAM Back-End\REAL EXAM\Back End Integration Tests\GardenConsoleAPI\GardenConsoleAPI.IntegrationTests.NUnit\bin\Debug\net6.0\fine-code-coverage\build-output\GardenConsoleAPI.IntegrationTests.NUnit.deps.json" --port 55289 --endpoint 127.0.0.1:055289 --role client --parentprocessid 20544 --diag "C:\Users\Atanas Work\Desktop\PREPARE EXAM Back-End\REAL EXAM\Back End Integration Tests\GardenConsoleAPI\GardenConsoleAPI.IntegrationTests.NUnit\bin\Debug\net6.0\fine-code-coverage\coverage-tool-output\diagnostics.host.24-02-25_12-15-00_50030_5.log" --tracelevel 4 --datacollectionport 55288 --telemetryoptedin false'
TpTrace Verbose: 0 : 20544, 5, 2024/02/25, 12:15:00.508, 906069989080, vstest.console.dll, MulticastDelegateUtilities.SafeInvoke: HostProviderEvents.OnHostLaunched: Invoking callback 1/2 for Microsoft.VisualStudio.TestPlatform.CrossPlatEngine.Client.ProxyExecutionManagerWithDataCollection., took 0 ms.
TpTrace Verbose: 0 : 20544, 5, 2024/02/25, 12:15:00.508, 906069992764, vstest.console.dll, Test Runtime launched
TpTrace Verbose: 0 : 20544, 5, 2024/02/25, 12:15:00.508, 906069993861, vstest.console.dll, MulticastDelegateUtilities.SafeInvoke: HostProviderEvents.OnHostLaunched: Invoking callback 2/2 for Microsoft.VisualStudio.TestPlatform.CrossPlatEngine.Client.ProxyOperationManager., took 0 ms.
TpTrace Verbose: 0 : 20544, 5, 2024/02/25, 12:15:00.509, 906069995091, vstest.console.dll, TestRequestSender.WaitForRequestHandlerConnection: waiting for connection with timeout: 90000.
TpTrace Verbose: 0 : 20544, 7, 2024/02/25, 12:15:00.664, 906071550249, vstest.console.dll, MulticastDelegateUtilities.SafeInvoke: SocketServer: ClientConnected: Invoking callback 1/1 for Microsoft.VisualStudio.TestPlatform.CommunicationUtilities.TestRequestSender., took 0 ms.
TpTrace Verbose: 0 : 20544, 5, 2024/02/25, 12:15:00.664, 906071550250, vstest.console.dll, TestRequestSender.WaitForRequestHandlerConnection: waiting took 155 ms, with timeout 90000 ms, and result 0, which is success.
TpTrace Verbose: 0 : 20544, 7, 2024/02/25, 12:15:00.664, 906071551795, vstest.console.dll, SocketServer.OnClientConnected: Client connected for endPoint: 127.0.0.1:55289, starting MessageLoopAsync:
TpTrace Verbose: 0 : 20544, 13, 2024/02/25, 12:15:00.665, 906071558028, vstest.console.dll, TcpClientExtensions.MessageLoopAsync: Polling on remoteEndPoint: 127.0.0.1:55290 localEndPoint: 127.0.0.1:55289
TpTrace Verbose: 0 : 20544, 5, 2024/02/25, 12:15:00.665, 906071563580, vstest.console.dll, TestRequestSender.CheckVersionWithTestHost: Sending check version message: {"MessageType":"ProtocolVersion","Payload":7}
TpTrace Verbose: 0 : 20544, 13, 2024/02/25, 12:15:00.803, 906072941857, vstest.console.dll, TcpClientExtensions.MessageLoopAsync: NotifyDataAvailable remoteEndPoint: 127.0.0.1:55290 localEndPoint: 127.0.0.1:55289
TpTrace Verbose: 0 : 20544, 13, 2024/02/25, 12:15:00.803, 906072944597, vstest.console.dll, TestRequestSender.CheckVersionWithTestHost: onMessageReceived received message: (ProtocolVersion) -> {"MessageType":"ProtocolVersion","Payload":5}
TpTrace Verbose: 0 : 20544, 13, 2024/02/25, 12:15:00.804, 906072952546, vstest.console.dll, MulticastDelegateUtilities.SafeInvoke: LengthPrefixCommunicationChannel: MessageReceived: Invoking callback 1/1 for Microsoft.VisualStudio.TestPlatform.CommunicationUtilities.TestRequestSender+<>c__DisplayClass29_0., took 0 ms.
TpTrace Verbose: 0 : 20544, 5, 2024/02/25, 12:15:00.804, 906072953338, vstest.console.dll, TestPluginCache.GetExtensionPaths: Filtered extension paths: 
TpTrace Verbose: 0 : 20544, 13, 2024/02/25, 12:15:00.804, 906072954037, vstest.console.dll, TcpClientExtensions.MessageLoopAsync: Polling on remoteEndPoint: 127.0.0.1:55290 localEndPoint: 127.0.0.1:55289
TpTrace Verbose: 0 : 20544, 5, 2024/02/25, 12:15:00.804, 906072954497, vstest.console.dll, TestPluginCache.GetExtensionPaths: Added default extension paths: C:\Program Files\dotnet\sdk\8.0.101\Extensions\Microsoft.Diagnostics.NETCore.Client.dll
C:\Program Files\dotnet\sdk\8.0.101\Extensions\Microsoft.TestPlatform.Extensions.BlameDataCollector.dll
C:\Program Files\dotnet\sdk\8.0.101\Extensions\Microsoft.TestPlatform.Extensions.EventLogCollector.dll
C:\Program Files\dotnet\sdk\8.0.101\Extensions\Microsoft.TestPlatform.TestHostRuntimeProvider.dll
C:\Program Files\dotnet\sdk\8.0.101\Extensions\Microsoft.VisualStudio.TestPlatform.Extensions.Html.TestLogger.dll
C:\Program Files\dotnet\sdk\8.0.101\Extensions\Microsoft.VisualStudio.TestPlatform.Extensions.Trx.TestLogger.dll
TpTrace Verbose: 0 : 20544, 5, 2024/02/25, 12:15:00.805, 906072955372, vstest.console.dll, TestPluginCache.GetExtensionPaths: Added unfilterableExtensionPaths: 
TpTrace Verbose: 0 : 20544, 5, 2024/02/25, 12:15:00.808, 906072990409, vstest.console.dll, TestRequestSender.InitializeExecution: Sending initialize execution with message: {"Version":5,"MessageType":"TestExecution.Initialize","Payload":["C:\\Users\\Atanas Work\\Desktop\\PREPARE EXAM Back-End\\REAL EXAM\\Back End Integration Tests\\GardenConsoleAPI\\GardenConsoleAPI.IntegrationTests.NUnit\\bin\\Debug\\net6.0\\fine-code-coverage\\build-output\\NUnit3.TestAdapter.dll"]}
TpTrace Verbose: 0 : 20544, 5, 2024/02/25, 12:15:00.808, 906072993098, vstest.console.dll, ParallelProxyExecutionManager.StartTestRunOnConcurrentManager: Execution starting. Started clients: 1
TpTrace Verbose: 0 : 20544, 5, 2024/02/25, 12:15:00.809, 906072997351, vstest.console.dll, TestRunRequest:SendTestRunMessage: Starting.
TpTrace Verbose: 0 : 20544, 5, 2024/02/25, 12:15:00.809, 906072999534, vstest.console.dll, MulticastDelegateUtilities.SafeInvoke: TestRun.LogMessages: Invoking callback 1/1 for Microsoft.VisualStudio.TestPlatform.CommandLine.TestRunResultAggregator., took 0 ms.
TpTrace Information: 0 : 20544, 5, 2024/02/25, 12:15:00.809, 906073000055, vstest.console.dll, TestRunRequest:SendTestRunMessage: Completed.
TpTrace Verbose: 0 : 20544, 4, 2024/02/25, 12:15:00.809, 906073002461, vstest.console.dll, MulticastDelegateUtilities.SafeInvoke: InternalTestLoggerEvents.SendTestRunMessage: Invoking callback 1/1 for Microsoft.VisualStudio.TestPlatform.CommandLine.Internal.ConsoleLogger., took 0 ms.
TpTrace Warning: 0 : 20544, 5, 2024/02/25, 12:15:00.809, 906073004029, vstest.console.dll, InferRunSettingsHelper.MakeRunsettingsCompatible: Removing the following settings: TargetPlatform from RunSettings file. To use those settings please move to latest version of Microsoft.NET.Test.Sdk
TpTrace Verbose: 0 : 20544, 13, 2024/02/25, 12:15:00.814, 906073052046, vstest.console.dll, TcpClientExtensions.MessageLoopAsync: NotifyDataAvailable remoteEndPoint: 127.0.0.1:55290 localEndPoint: 127.0.0.1:55289
TpTrace Verbose: 0 : 20544, 13, 2024/02/25, 12:15:00.815, 906073056855, vstest.console.dll, TestRequestSender.OnExecutionMessageReceived: Received message: {"Version":5,"MessageType":"TestSession.Message","Payload":{"MessageLevel":0,"Message":"Logging TestHost Diagnostics in file: C:\\Users\\Atanas Work\\Desktop\\PREPARE EXAM Back-End\\REAL EXAM\\Back End Integration Tests\\GardenConsoleAPI\\GardenConsoleAPI.IntegrationTests.NUnit\\bin\\Debug\\net6.0\\fine-code-coverage\\coverage-tool-output\\diagnostics.host.24-02-25_12-15-00_50030_5.log"}}
TpTrace Verbose: 0 : 20544, 5, 2024/02/25, 12:15:00.817, 906073079769, vstest.console.dll, TestRequestSender.StartTestRun: Sending test run with message: {"Version":5,"MessageType":"TestExecution.StartWithSources","Payload":{"AdapterSourceMap":{"_none_":["C:\\Users\\Atanas Work\\Desktop\\PREPARE EXAM Back-End\\REAL EXAM\\Back End Integration Tests\\GardenConsoleAPI\\GardenConsoleAPI.IntegrationTests.NUnit\\bin\\Debug\\net6.0\\fine-code-coverage\\build-output\\GardenConsoleAPI.IntegrationTests.NUnit.dll"]},"RunSettings":"<RunSettings>\r\n  <RunConfiguration>\r\n    <ResultsDirectory>C:\\Users\\Atanas Work\\Desktop\\PREPARE EXAM Back-End\\REAL EXAM\\Back End Integration Tests\\GardenConsoleAPI\\GardenConsoleAPI.IntegrationTests.NUnit\\bin\\Debug\\net6.0\\fine-code-coverage\\coverage-tool-output</ResultsDirectory>\r\n    <TargetFrameworkVersion>.NETCoreApp,Version=v6.0</TargetFrameworkVersion>\r\n    <DesignMode>False</DesignMode>\r\n    <CollectSourceInformation>False</CollectSourceInformation>\r\n  </RunConfiguration>\r\n  <LoggerRunSettings>\r\n    <Loggers>\r\n      <Logger friendlyName=\"blame\" enabled=\"True\" />\r\n      <Logger friendlyName=\"Console\" uri=\"logger://microsoft/TestPlatform/ConsoleLogger/v1\" assemblyQualifiedName=\"Microsoft.VisualStudio.TestPlatform.CommandLine.Internal.ConsoleLogger, vstest.console, Version=15.0.0.0, Culture=neutral, PublicKeyToken=b03f5f7f11d50a3a\" codeBase=\"C:\\Program Files\\dotnet\\sdk\\8.0.101\\vstest.console.dll\" enabled=\"True\" />\r\n    </Loggers>\r\n  </LoggerRunSettings>\r\n  <DataCollectionRunSettings>\r\n    <DataCollectors>\r\n      <DataCollector friendlyName=\"blame\" enabled=\"True\">\r\n        <Configuration>\r\n          <ResultsDirectory>C:\\Users\\Atanas Work\\Desktop\\PREPARE EXAM Back-End\\REAL EXAM\\Back End Integration Tests\\GardenConsoleAPI\\GardenConsoleAPI.IntegrationTests.NUnit\\bin\\Debug\\net6.0\\fine-code-coverage\\coverage-tool-output</ResultsDirectory>\r\n        </Configuration>\r\n      </DataCollector>\r\n    </DataCollectors>\r\n  </DataCollectionRunSettings>\r\n</RunSettings>","TestExecutionContext":{"FrequencyOfRunStatsChangeEvent":10,"RunStatsChangeEventTimeout":"00:00:01.5000000","InIsolation":false,"KeepAlive":false,"AreTestCaseLevelEventsRequired":false,"IsDebug":false,"TestCaseFilter":null,"FilterOptions":null},"Package":null}}
TpTrace Verbose: 0 : 20544, 5, 2024/02/25, 12:15:00.817, 906073082004, vstest.console.dll, ParallelProxyExecutionManager.StartTestRunOnConcurrentManager: Execution started. Started clients: 1
TpTrace Verbose: 0 : 20544, 13, 2024/02/25, 12:15:00.818, 906073093584, vstest.console.dll, TestRunRequest:SendTestRunMessage: Starting.
TpTrace Verbose: 0 : 20544, 13, 2024/02/25, 12:15:00.819, 906073095194, vstest.console.dll, MulticastDelegateUtilities.SafeInvoke: TestRun.LogMessages: Invoking callback 1/1 for Microsoft.VisualStudio.TestPlatform.CommandLine.TestRunResultAggregator., took 0 ms.
TpTrace Verbose: 0 : 20544, 4, 2024/02/25, 12:15:00.819, 906073095302, vstest.console.dll, MulticastDelegateUtilities.SafeInvoke: InternalTestLoggerEvents.SendTestRunMessage: Invoking callback 1/1 for Microsoft.VisualStudio.TestPlatform.CommandLine.Internal.ConsoleLogger., took 0 ms.
TpTrace Information: 0 : 20544, 13, 2024/02/25, 12:15:00.819, 906073095778, vstest.console.dll, TestRunRequest:SendTestRunMessage: Completed.
TpTrace Verbose: 0 : 20544, 13, 2024/02/25, 12:15:00.819, 906073096753, vstest.console.dll, MulticastDelegateUtilities.SafeInvoke: LengthPrefixCommunicationChannel: MessageReceived: Invoking callback 1/1 for Microsoft.VisualStudio.TestPlatform.CommunicationUtilities.TestRequestSender+<>c__DisplayClass34_0., took 4 ms.
TpTrace Verbose: 0 : 20544, 13, 2024/02/25, 12:15:00.819, 906073097161, vstest.console.dll, TcpClientExtensions.MessageLoopAsync: Polling on remoteEndPoint: 127.0.0.1:55290 localEndPoint: 127.0.0.1:55289
TpTrace Verbose: 0 : 20544, 13, 2024/02/25, 12:15:00.980, 906074710467, vstest.console.dll, TcpClientExtensions.MessageLoopAsync: NotifyDataAvailable remoteEndPoint: 127.0.0.1:55290 localEndPoint: 127.0.0.1:55289
TpTrace Verbose: 0 : 20544, 13, 2024/02/25, 12:15:00.980, 906074712277, vstest.console.dll, TestRequestSender.OnExecutionMessageReceived: Received message: {"Version":5,"MessageType":"TestSession.Message","Payload":{"MessageLevel":0,"Message":"NUnit Adapter 4.2.0.0: Test execution started"}}
TpTrace Verbose: 0 : 20544, 13, 2024/02/25, 12:15:00.980, 906074714392, vstest.console.dll, TestRunRequest:SendTestRunMessage: Starting.
TpTrace Verbose: 0 : 20544, 13, 2024/02/25, 12:15:00.981, 906074715255, vstest.console.dll, MulticastDelegateUtilities.SafeInvoke: TestRun.LogMessages: Invoking callback 1/1 for Microsoft.VisualStudio.TestPlatform.CommandLine.TestRunResultAggregator., took 0 ms.
TpTrace Verbose: 0 : 20544, 4, 2024/02/25, 12:15:00.981, 906074715540, vstest.console.dll, MulticastDelegateUtilities.SafeInvoke: InternalTestLoggerEvents.SendTestRunMessage: Invoking callback 1/1 for Microsoft.VisualStudio.TestPlatform.CommandLine.Internal.ConsoleLogger., took 0 ms.
TpTrace Information: 0 : 20544, 13, 2024/02/25, 12:15:00.981, 906074715702, vstest.console.dll, TestRunRequest:SendTestRunMessage: Completed.
TpTrace Verbose: 0 : 20544, 13, 2024/02/25, 12:15:00.981, 906074716862, vstest.console.dll, MulticastDelegateUtilities.SafeInvoke: LengthPrefixCommunicationChannel: MessageReceived: Invoking callback 1/1 for Microsoft.VisualStudio.TestPlatform.CommunicationUtilities.TestRequestSender+<>c__DisplayClass34_0., took 0 ms.
TpTrace Verbose: 0 : 20544, 13, 2024/02/25, 12:15:00.981, 906074717303, vstest.console.dll, TcpClientExtensions.MessageLoopAsync: Polling on remoteEndPoint: 127.0.0.1:55290 localEndPoint: 127.0.0.1:55289
TpTrace Verbose: 0 : 20544, 13, 2024/02/25, 12:15:01.023, 906075137956, vstest.console.dll, TcpClientExtensions.MessageLoopAsync: NotifyDataAvailable remoteEndPoint: 127.0.0.1:55290 localEndPoint: 127.0.0.1:55289
TpTrace Verbose: 0 : 20544, 13, 2024/02/25, 12:15:01.023, 906075141059, vstest.console.dll, TestRequestSender.OnExecutionMessageReceived: Received message: {"Version":5,"MessageType":"TestSession.Message","Payload":{"MessageLevel":0,"Message":"Running all tests in C:\\Users\\Atanas Work\\Desktop\\PREPARE EXAM Back-End\\REAL EXAM\\Back End Integration Tests\\GardenConsoleAPI\\GardenConsoleAPI.IntegrationTests.NUnit\\bin\\Debug\\net6.0\\fine-code-coverage\\build-output\\GardenConsoleAPI.IntegrationTests.NUnit.dll"}}
TpTrace Verbose: 0 : 20544, 13, 2024/02/25, 12:15:01.023, 906075142695, vstest.console.dll, TestRunRequest:SendTestRunMessage: Starting.
TpTrace Verbose: 0 : 20544, 13, 2024/02/25, 12:15:01.023, 906075143532, vstest.console.dll, MulticastDelegateUtilities.SafeInvoke: TestRun.LogMessages: Invoking callback 1/1 for Microsoft.VisualStudio.TestPlatform.CommandLine.TestRunResultAggregator., took 0 ms.
TpTrace Verbose: 0 : 20544, 4, 2024/02/25, 12:15:01.023, 906075143811, vstest.console.dll, MulticastDelegateUtilities.SafeInvoke: InternalTestLoggerEvents.SendTestRunMessage: Invoking callback 1/1 for Microsoft.VisualStudio.TestPlatform.CommandLine.Internal.ConsoleLogger., took 0 ms.
TpTrace Information: 0 : 20544, 13, 2024/02/25, 12:15:01.023, 906075143976, vstest.console.dll, TestRunRequest:SendTestRunMessage: Completed.
TpTrace Verbose: 0 : 20544, 13, 2024/02/25, 12:15:01.024, 906075145159, vstest.console.dll, MulticastDelegateUtilities.SafeInvoke: LengthPrefixCommunicationChannel: MessageReceived: Invoking callback 1/1 for Microsoft.VisualStudio.TestPlatform.CommunicationUtilities.TestRequestSender+<>c__DisplayClass34_0., took 0 ms.
TpTrace Verbose: 0 : 20544, 13, 2024/02/25, 12:15:01.024, 906075145647, vstest.console.dll, TcpClientExtensions.MessageLoopAsync: Polling on remoteEndPoint: 127.0.0.1:55290 localEndPoint: 127.0.0.1:55289
TpTrace Verbose: 0 : 20544, 13, 2024/02/25, 12:15:01.185, 906076759504, vstest.console.dll, TcpClientExtensions.MessageLoopAsync: NotifyDataAvailable remoteEndPoint: 127.0.0.1:55290 localEndPoint: 127.0.0.1:55289
TpTrace Verbose: 0 : 20544, 13, 2024/02/25, 12:15:01.185, 906076761401, vstest.console.dll, TestRequestSender.OnExecutionMessageReceived: Received message: {"Version":5,"MessageType":"TestSession.Message","Payload":{"MessageLevel":0,"Message":"   NUnit3TestExecutor discovered 13 of 13 NUnit test cases using Current Discovery mode, Non-Explicit run"}}
TpTrace Verbose: 0 : 20544, 13, 2024/02/25, 12:15:01.185, 906076762820, vstest.console.dll, TestRunRequest:SendTestRunMessage: Starting.
TpTrace Verbose: 0 : 20544, 13, 2024/02/25, 12:15:01.185, 906076763575, vstest.console.dll, MulticastDelegateUtilities.SafeInvoke: TestRun.LogMessages: Invoking callback 1/1 for Microsoft.VisualStudio.TestPlatform.CommandLine.TestRunResultAggregator., took 0 ms.
TpTrace Information: 0 : 20544, 13, 2024/02/25, 12:15:01.185, 906076764010, vstest.console.dll, TestRunRequest:SendTestRunMessage: Completed.
TpTrace Verbose: 0 : 20544, 4, 2024/02/25, 12:15:01.185, 906076763956, vstest.console.dll, MulticastDelegateUtilities.SafeInvoke: InternalTestLoggerEvents.SendTestRunMessage: Invoking callback 1/1 for Microsoft.VisualStudio.TestPlatform.CommandLine.Internal.ConsoleLogger., took 0 ms.
TpTrace Verbose: 0 : 20544, 13, 2024/02/25, 12:15:01.185, 906076764444, vstest.console.dll, MulticastDelegateUtilities.SafeInvoke: LengthPrefixCommunicationChannel: MessageReceived: Invoking callback 1/1 for Microsoft.VisualStudio.TestPlatform.CommunicationUtilities.TestRequestSender+<>c__DisplayClass34_0., took 0 ms.
TpTrace Verbose: 0 : 20544, 13, 2024/02/25, 12:15:01.186, 906076765549, vstest.console.dll, TcpClientExtensions.MessageLoopAsync: Polling on remoteEndPoint: 127.0.0.1:55290 localEndPoint: 127.0.0.1:55289
TpTrace Verbose: 0 : 20544, 13, 2024/02/25, 12:15:02.024, 906085149411, vstest.console.dll, TcpClientExtensions.MessageLoopAsync: NotifyDataAvailable remoteEndPoint: 127.0.0.1:55290 localEndPoint: 127.0.0.1:55289
TpTrace Verbose: 0 : 20544, 13, 2024/02/25, 12:15:02.024, 906085151600, vstest.console.dll, TestRequestSender.OnExecutionMessageReceived: Received message: {"Version":5,"MessageType":"TestSession.Message","Payload":{"MessageLevel":1,"Message":"Validation Error: The field FoodType must be a string or array type with a maximum length of '30'.\r\n"}}
TpTrace Verbose: 0 : 20544, 13, 2024/02/25, 12:15:02.024, 906085153480, vstest.console.dll, TestRunRequest:SendTestRunMessage: Starting.
TpTrace Verbose: 0 : 20544, 13, 2024/02/25, 12:15:02.024, 906085154279, vstest.console.dll, MulticastDelegateUtilities.SafeInvoke: TestRun.LogMessages: Invoking callback 1/1 for Microsoft.VisualStudio.TestPlatform.CommandLine.TestRunResultAggregator., took 0 ms.
TpTrace Information: 0 : 20544, 13, 2024/02/25, 12:15:02.024, 906085154701, vstest.console.dll, TestRunRequest:SendTestRunMessage: Completed.
TpTrace Verbose: 0 : 20544, 13, 2024/02/25, 12:15:02.025, 906085155121, vstest.console.dll, MulticastDelegateUtilities.SafeInvoke: LengthPrefixCommunicationChannel: MessageReceived: Invoking callback 1/1 for Microsoft.VisualStudio.TestPlatform.CommunicationUtilities.TestRequestSender+<>c__DisplayClass34_0., took 0 ms.
TpTrace Verbose: 0 : 20544, 13, 2024/02/25, 12:15:02.025, 906085155601, vstest.console.dll, TcpClientExtensions.MessageLoopAsync: Polling on remoteEndPoint: 127.0.0.1:55290 localEndPoint: 127.0.0.1:55289
TpTrace Verbose: 0 : 20544, 4, 2024/02/25, 12:15:02.025, 906085156065, vstest.console.dll, MulticastDelegateUtilities.SafeInvoke: InternalTestLoggerEvents.SendTestRunMessage: Invoking callback 1/1 for Microsoft.VisualStudio.TestPlatform.CommandLine.Internal.ConsoleLogger., took 0 ms.
TpTrace Verbose: 0 : 20544, 13, 2024/02/25, 12:15:02.119, 906086104631, vstest.console.dll, TcpClientExtensions.MessageLoopAsync: NotifyDataAvailable remoteEndPoint: 127.0.0.1:55290 localEndPoint: 127.0.0.1:55289
TpTrace Verbose: 0 : 20544, 13, 2024/02/25, 12:15:02.120, 906086109203, vstest.console.dll, TestRequestSender.OnExecutionMessageReceived: Received message: {"Version":5,"MessageType":"TestExecution.StatsChange","Payload":{"NewTestResults":[{"TestCase":{"Id":"5873c3dc-91c4-5831-5ab7-1b9900e90954","FullyQualifiedName":"GardenConsoleAPI.IntegrationTests.NUnit.IntegrationTests.AddPlantAsync_ShouldAddNewPlant","DisplayName":"AddPlantAsync_ShouldAddNewPlant","ExecutorUri":"executor://NUnit3TestExecutor","Source":"C:\\Users\\Atanas Work\\Desktop\\PREPARE EXAM Back-End\\REAL EXAM\\Back End Integration Tests\\GardenConsoleAPI\\GardenConsoleAPI.IntegrationTests.NUnit\\bin\\Debug\\net6.0\\fine-code-coverage\\build-output\\GardenConsoleAPI.IntegrationTests.NUnit.dll","CodeFilePath":null,"LineNumber":0,"Properties":[{"Key":{"Id":"NUnit.Seed","Label":"Seed","Category":"","Description":"","Attributes":0,"ValueType":"System.String"},"Value":"1161220945"}]},"Attachments":[],"Outcome":1,"ErrorMessage":null,"ErrorStackTrace":null,"DisplayName":"AddPlantAsync_ShouldAddNewPlant","Messages":[],"ComputerName":"ASUS-HOME-PC","Duration":"00:00:00.7640110","StartTime":"2024-02-25T10:15:01.2158501+00:00","EndTime":"2024-02-25T10:15:01.9797781+00:00","Properties":[{"Key":{"Id":"NUnit.Seed","Label":"Seed","Category":"","Description":"","Attributes":0,"ValueType":"System.String"},"Value":"1161220945"}]},{"TestCase":{"Id":"69b0f099-41ce-4f8a-236d-e84e6a2e443a","FullyQualifiedName":"GardenConsoleAPI.IntegrationTests.NUnit.IntegrationTests.AddPlantAsync_TryToAddPlantWithInvalidCredentials_ShouldThrowException","DisplayName":"AddPlantAsync_TryToAddPlantWithInvalidCredentials_ShouldThrowException","ExecutorUri":"executor://NUnit3TestExecutor","Source":"C:\\Users\\Atanas Work\\Desktop\\PREPARE EXAM Back-End\\REAL EXAM\\Back End Integration Tests\\GardenConsoleAPI\\GardenConsoleAPI.IntegrationTests.NUnit\\bin\\Debug\\net6.0\\fine-code-coverage\\build-output\\GardenConsoleAPI.IntegrationTests.NUnit.dll","CodeFilePath":null,"LineNumber":0,"Properties":[{"Key":{"Id":"NUnit.Seed","Label":"Seed","Category":"","Description":"","Attributes":0,"ValueType":"System.String"},"Value":"1644998657"}]},"Attachments":[],"Outcome":1,"ErrorMessage":null,"ErrorStackTrace":null,"DisplayName":"AddPlantAsync_TryToAddPlantWithInvalidCredentials_ShouldThrowException","Messages":[{"Category":"StdOutMsgs","Text":"Validation Error: The field FoodType must be a string or array type with a maximum length of '30'.\r\n"}],"ComputerName":"ASUS-HOME-PC","Duration":"00:00:00.0403610","StartTime":"2024-02-25T10:15:01.9813921+00:00","EndTime":"2024-02-25T10:15:02.0217526+00:00","Properties":[{"Key":{"Id":"NUnit.Seed","Label":"Seed","Category":"","Description":"","Attributes":0,"ValueType":"System.String"},"Value":"1644998657"}]},{"TestCase":{"Id":"0058f998-a5c7-cb17-4950-34f65ef3bc37","FullyQualifiedName":"GardenConsoleAPI.IntegrationTests.NUnit.IntegrationTests.DeletePlantAsync_TryToDeleteWithNullOrWhiteSpaceCatalogNumber_ShouldThrowException","DisplayName":"DeletePlantAsync_TryToDeleteWithNullOrWhiteSpaceCatalogNumber_ShouldThrowException","ExecutorUri":"executor://NUnit3TestExecutor","Source":"C:\\Users\\Atanas Work\\Desktop\\PREPARE EXAM Back-End\\REAL EXAM\\Back End Integration Tests\\GardenConsoleAPI\\GardenConsoleAPI.IntegrationTests.NUnit\\bin\\Debug\\net6.0\\fine-code-coverage\\build-output\\GardenConsoleAPI.IntegrationTests.NUnit.dll","CodeFilePath":null,"LineNumber":0,"Properties":[{"Key":{"Id":"NUnit.Seed","Label":"Seed","Category":"","Description":"","Attributes":0,"ValueType":"System.String"},"Value":"1065798954"}]},"Attachments":[],"Outcome":1,"ErrorMessage":null,"ErrorStackTrace":null,"DisplayName":"DeletePlantAsync_TryToDeleteWithNullOrWhiteSpaceCatalogNumber_ShouldThrowException","Messages":[],"ComputerName":"ASUS-HOME-PC","Duration":"00:00:00.0130320","StartTime":"2024-02-25T10:15:02.0217898+00:00","EndTime":"2024-02-25T10:15:02.0348215+00:00","Properties":[{"Key":{"Id":"NUnit.Seed","Label":"Seed","Category":"","Description":"","Attributes":0,"ValueType":"System.String"},"Value":"1065798954"}]},{"TestCase":{"Id":"632528fc-8baf-6a9e-1535-5f537cf8f7bf","FullyQualifiedName":"GardenConsoleAPI.IntegrationTests.NUnit.IntegrationTests.DeletePlantAsync_WithValidCatalogNumber_ShouldRemovePlantFromDb","DisplayName":"DeletePlantAsync_WithValidCatalogNumber_ShouldRemovePlantFromDb","ExecutorUri":"executor://NUnit3TestExecutor","Source":"C:\\Users\\Atanas Work\\Desktop\\PREPARE EXAM Back-End\\REAL EXAM\\Back End Integration Tests\\GardenConsoleAPI\\GardenConsoleAPI.IntegrationTests.NUnit\\bin\\Debug\\net6.0\\fine-code-coverage\\build-output\\GardenConsoleAPI.IntegrationTests.NUnit.dll","CodeFilePath":null,"LineNumber":0,"Properties":[{"Key":{"Id":"NUnit.Seed","Label":"Seed","Category":"","Description":"","Attributes":0,"ValueType":"System.String"},"Value":"1765880023"}]},"Attachments":[],"Outcome":1,"ErrorMessage":null,"ErrorStackTrace":null,"DisplayName":"DeletePlantAsync_WithValidCatalogNumber_ShouldRemovePlantFromDb","Messages":[],"ComputerName":"ASUS-HOME-PC","Duration":"00:00:00.0245250","StartTime":"2024-02-25T10:15:02.0348534+00:00","EndTime":"2024-02-25T10:15:02.0593776+00:00","Properties":[{"Key":{"Id":"NUnit.Seed","Label":"Seed","Category":"","Description":"","Attributes":0,"ValueType":"System.String"},"Value":"1765880023"}]},{"TestCase":{"Id":"729381a8-113a-f95b-b06e-9d4dc36bfcf7","FullyQualifiedName":"GardenConsoleAPI.IntegrationTests.NUnit.IntegrationTests.GetAllAsync_WhenNoPlantsExist_ShouldThrowKeyNotFoundException","DisplayName":"GetAllAsync_WhenNoPlantsExist_ShouldThrowKeyNotFoundException","ExecutorUri":"executor://NUnit3TestExecutor","Source":"C:\\Users\\Atanas Work\\Desktop\\PREPARE EXAM Back-End\\REAL EXAM\\Back End Integration Tests\\GardenConsoleAPI\\GardenConsoleAPI.IntegrationTests.NUnit\\bin\\Debug\\net6.0\\fine-code-coverage\\build-output\\GardenConsoleAPI.IntegrationTests.NUnit.dll","CodeFilePath":null,"LineNumber":0,"Properties":[{"Key":{"Id":"NUnit.Seed","Label":"Seed","Category":"","Description":"","Attributes":0,"ValueType":"System.String"},"Value":"1476448341"}]},"Attachments":[],"Outcome":1,"ErrorMessage":null,"ErrorStackTrace":null,"DisplayName":"GetAllAsync_WhenNoPlantsExist_ShouldThrowKeyNotFoundException","Messages":[],"ComputerName":"ASUS-HOME-PC","Duration":"00:00:00.0125440","StartTime":"2024-02-25T10:15:02.0594051+00:00","EndTime":"2024-02-25T10:15:02.071949+00:00","Properties":[{"Key":{"Id":"NUnit.Seed","Label":"Seed","Category":"","Description":"","Attributes":0,"ValueType":"System.String"},"Value":"1476448341"}]},{"TestCase":{"Id":"1a0c6813-e387-80ac-a393-dc5cb4f0a3e2","FullyQualifiedName":"GardenConsoleAPI.IntegrationTests.NUnit.IntegrationTests.GetAllAsync_WhenPlantsExist_ShouldReturnAllPlants","DisplayName":"GetAllAsync_WhenPlantsExist_ShouldReturnAllPlants","ExecutorUri":"executor://NUnit3TestExecutor","Source":"C:\\Users\\Atanas Work\\Desktop\\PREPARE EXAM Back-End\\REAL EXAM\\Back End Integration Tests\\GardenConsoleAPI\\GardenConsoleAPI.IntegrationTests.NUnit\\bin\\Debug\\net6.0\\fine-code-coverage\\build-output\\GardenConsoleAPI.IntegrationTests.NUnit.dll","CodeFilePath":null,"LineNumber":0,"Properties":[{"Key":{"Id":"NUnit.Seed","Label":"Seed","Category":"","Description":"","Attributes":0,"ValueType":"System.String"},"Value":"1202166735"}]},"Attachments":[],"Outcome":1,"ErrorMessage":null,"ErrorStackTrace":null,"DisplayName":"GetAllAsync_WhenPlantsExist_ShouldReturnAllPlants","Messages":[],"ComputerName":"ASUS-HOME-PC","Duration":"00:00:00.0050080","StartTime":"2024-02-25T10:15:02.0719762+00:00","EndTime":"2024-02-25T10:15:02.0769839+00:00","Properties":[{"Key":{"Id":"NUnit.Seed","Label":"Seed","Category":"","Description":"","Attributes":0,"ValueType":"System.String"},"Value":"1202166735"}]},{"TestCase":{"Id":"018fa5fa-de17-8337-3498-11f7f4e77f8e","FullyQualifiedName":"GardenConsoleAPI.IntegrationTests.NUnit.IntegrationTests.GetSpecificAsync_WithInvalidCatalogNumber_ShouldThrowKeyNotFoundException","DisplayName":"GetSpecificAsync_WithInvalidCatalogNumber_ShouldThrowKeyNotFoundException","ExecutorUri":"executor://NUnit3TestExecutor","Source":"C:\\Users\\Atanas Work\\Desktop\\PREPARE EXAM Back-End\\REAL EXAM\\Back End Integration Tests\\GardenConsoleAPI\\GardenConsoleAPI.IntegrationTests.NUnit\\bin\\Debug\\net6.0\\fine-code-coverage\\build-output\\GardenConsoleAPI.IntegrationTests.NUnit.dll","CodeFilePath":null,"LineNumber":0,"Properties":[{"Key":{"Id":"NUnit.Seed","Label":"Seed","Category":"","Description":"","Attributes":0,"ValueType":"System.String"},"Value":"2012801907"}]},"Attachments":[],"Outcome":1,"ErrorMessage":null,"ErrorStackTrace":null,"DisplayName":"GetSpecificAsync_WithInvalidCatalogNumber_ShouldThrowKeyNotFoundException","Messages":[],"ComputerName":"ASUS-HOME-PC","Duration":"00:00:00.0038750","StartTime":"2024-02-25T10:15:02.0770074+00:00","EndTime":"2024-02-25T10:15:02.0808818+00:00","Properties":[{"Key":{"Id":"NUnit.Seed","Label":"Seed","Category":"","Description":"","Attributes":0,"ValueType":"System.String"},"Value":"2012801907"}]},{"TestCase":{"Id":"6c0b3613-b64c-f7cb-ea89-4f7e877a9071","FullyQualifiedName":"GardenConsoleAPI.IntegrationTests.NUnit.IntegrationTests.GetSpecificAsync_WithValidCatalogNumber_ShouldReturnPlant","DisplayName":"GetSpecificAsync_WithValidCatalogNumber_ShouldReturnPlant","ExecutorUri":"executor://NUnit3TestExecutor","Source":"C:\\Users\\Atanas Work\\Desktop\\PREPARE EXAM Back-End\\REAL EXAM\\Back End Integration Tests\\GardenConsoleAPI\\GardenConsoleAPI.IntegrationTests.NUnit\\bin\\Debug\\net6.0\\fine-code-coverage\\build-output\\GardenConsoleAPI.IntegrationTests.NUnit.dll","CodeFilePath":null,"LineNumber":0,"Properties":[{"Key":{"Id":"NUnit.Seed","Label":"Seed","Category":"","Description":"","Attributes":0,"ValueType":"System.String"},"Value":"916562480"}]},"Attachments":[],"Outcome":1,"ErrorMessage":null,"ErrorStackTrace":null,"DisplayName":"GetSpecificAsync_WithValidCatalogNumber_ShouldReturnPlant","Messages":[],"ComputerName":"ASUS-HOME-PC","Duration":"00:00:00.0015040","StartTime":"2024-02-25T10:15:02.080905+00:00","EndTime":"2024-02-25T10:15:02.0824088+00:00","Properties":[{"Key":{"Id":"NUnit.Seed","Label":"Seed","Category":"","Description":"","Attributes":0,"ValueType":"System.String"},"Value":"916562480"}]},{"TestCase":{"Id":"ab562949-a9f1-ad11-4707-22f4a1542569","FullyQualifiedName":"GardenConsoleAPI.IntegrationTests.NUnit.IntegrationTests.SearchByFoodTypeAsync_WithExistingFoodType_ShouldReturnMatchingPlants","DisplayName":"SearchByFoodTypeAsync_WithExistingFoodType_ShouldReturnMatchingPlants","ExecutorUri":"executor://NUnit3TestExecutor","Source":"C:\\Users\\Atanas Work\\Desktop\\PREPARE EXAM Back-End\\REAL EXAM\\Back End Integration Tests\\GardenConsoleAPI\\GardenConsoleAPI.IntegrationTests.NUnit\\bin\\Debug\\net6.0\\fine-code-coverage\\build-output\\GardenConsoleAPI.IntegrationTests.NUnit.dll","CodeFilePath":null,"LineNumber":0,"Properties":[{"Key":{"Id":"NUnit.Seed","Label":"Seed","Category":"","Description":"","Attributes":0,"ValueType":"System.String"},"Value":"701903011"}]},"Attachments":[],"Outcome":1,"ErrorMessage":null,"ErrorStackTrace":null,"DisplayName":"SearchByFoodTypeAsync_WithExistingFoodType_ShouldReturnMatchingPlants","Messages":[],"ComputerName":"ASUS-HOME-PC","Duration":"00:00:00.0077850","StartTime":"2024-02-25T10:15:02.0824313+00:00","EndTime":"2024-02-25T10:15:02.0902156+00:00","Properties":[{"Key":{"Id":"NUnit.Seed","Label":"Seed","Category":"","Description":"","Attributes":0,"ValueType":"System.String"},"Value":"701903011"}]}],"TestRunStatistics":{"ExecutedTests":9,"Stats":{"Passed":9}},"ActiveTests":[{"Id":"78f3cf5f-d63f-7fdd-36d8-b3bd7504ca5f","FullyQualifiedName":"GardenConsoleAPI.IntegrationTests.NUnit.IntegrationTests.SearchByFoodTypeAsync_WithNonExistingFoodType_ShouldThrowKeyNotFoundException","DisplayName":"SearchByFoodTypeAsync_WithNonExistingFoodType_ShouldThrowKeyNotFoundException","ExecutorUri":"executor://NUnit3TestExecutor","Source":"C:\\Users\\Atanas Work\\Desktop\\PREPARE EXAM Back-End\\REAL EXAM\\Back End Integration Tests\\GardenConsoleAPI\\GardenConsoleAPI.IntegrationTests.NUnit\\bin\\Debug\\net6.0\\fine-code-coverage\\build-output\\GardenConsoleAPI.IntegrationTests.NUnit.dll","CodeFilePath":null,"LineNumber":0,"Properties":[{"Key":{"Id":"NUnit.Seed","Label":"Seed","Category":"","Description":"","Attributes":0,"ValueType":"System.String"},"Value":"1837430568"}]}]}}
TpTrace Verbose: 0 : 20544, 13, 2024/02/25, 12:15:02.149, 906086396561, vstest.console.dll, TestRunRequest:SendTestRunStatsChange: Starting.
TpTrace Verbose: 0 : 20544, 13, 2024/02/25, 12:15:02.149, 906086398430, vstest.console.dll, InProgress is SearchByFoodTypeAsync_WithNonExistingFoodType_ShouldThrowKeyNotFoundException
TpTrace Verbose: 0 : 20544, 13, 2024/02/25, 12:15:02.149, 906086400711, vstest.console.dll, MulticastDelegateUtilities.SafeInvoke: TestRun.RunStatsChanged: Invoking callbacks was skipped because there are no subscribers.
TpTrace Information: 0 : 20544, 13, 2024/02/25, 12:15:02.149, 906086401097, vstest.console.dll, TestRunRequest:SendTestRunStatsChange: Completed.
TpTrace Verbose: 0 : 20544, 13, 2024/02/25, 12:15:02.149, 906086401413, vstest.console.dll, MulticastDelegateUtilities.SafeInvoke: LengthPrefixCommunicationChannel: MessageReceived: Invoking callback 1/1 for Microsoft.VisualStudio.TestPlatform.CommunicationUtilities.TestRequestSender+<>c__DisplayClass34_0., took 29 ms.
TpTrace Verbose: 0 : 20544, 13, 2024/02/25, 12:15:02.149, 906086401807, vstest.console.dll, TcpClientExtensions.MessageLoopAsync: Polling on remoteEndPoint: 127.0.0.1:55290 localEndPoint: 127.0.0.1:55289
TpTrace Verbose: 0 : 20544, 13, 2024/02/25, 12:15:02.149, 906086402557, vstest.console.dll, TcpClientExtensions.MessageLoopAsync: NotifyDataAvailable remoteEndPoint: 127.0.0.1:55290 localEndPoint: 127.0.0.1:55289
TpTrace Verbose: 0 : 20544, 13, 2024/02/25, 12:15:02.149, 906086403453, vstest.console.dll, TestRequestSender.OnExecutionMessageReceived: Received message: {"Version":5,"MessageType":"TestSession.Message","Payload":{"MessageLevel":1,"Message":"Validation Error: The field CatalogNumber must match the regular expression '^([0-9A-Z]{12})$'.\r\nValidation Error: The field Quantity must be between 0 and 1000.\r\n"}}
TpTrace Verbose: 0 : 20544, 13, 2024/02/25, 12:15:02.149, 906086404721, vstest.console.dll, TestRunRequest:SendTestRunMessage: Starting.
TpTrace Verbose: 0 : 20544, 13, 2024/02/25, 12:15:02.150, 906086405240, vstest.console.dll, MulticastDelegateUtilities.SafeInvoke: TestRun.LogMessages: Invoking callback 1/1 for Microsoft.VisualStudio.TestPlatform.CommandLine.TestRunResultAggregator., took 0 ms.
TpTrace Information: 0 : 20544, 13, 2024/02/25, 12:15:02.150, 906086405560, vstest.console.dll, TestRunRequest:SendTestRunMessage: Completed.
TpTrace Verbose: 0 : 20544, 13, 2024/02/25, 12:15:02.150, 906086405810, vstest.console.dll, MulticastDelegateUtilities.SafeInvoke: LengthPrefixCommunicationChannel: MessageReceived: Invoking callback 1/1 for Microsoft.VisualStudio.TestPlatform.CommunicationUtilities.TestRequestSender+<>c__DisplayClass34_0., took 0 ms.
TpTrace Verbose: 0 : 20544, 13, 2024/02/25, 12:15:02.150, 906086406068, vstest.console.dll, TcpClientExtensions.MessageLoopAsync: Polling on remoteEndPoint: 127.0.0.1:55290 localEndPoint: 127.0.0.1:55289
TpTrace Verbose: 0 : 20544, 13, 2024/02/25, 12:15:02.150, 906086406427, vstest.console.dll, TcpClientExtensions.MessageLoopAsync: NotifyDataAvailable remoteEndPoint: 127.0.0.1:55290 localEndPoint: 127.0.0.1:55289
TpTrace Verbose: 0 : 20544, 13, 2024/02/25, 12:15:02.150, 906086406905, vstest.console.dll, TestRequestSender.OnExecutionMessageReceived: Received message: {"Version":5,"MessageType":"TestSession.Message","Payload":{"MessageLevel":0,"Message":"NUnit Adapter 4.2.0.0: Test execution complete"}}
TpTrace Verbose: 0 : 20544, 13, 2024/02/25, 12:15:02.150, 906086407628, vstest.console.dll, TestRunRequest:SendTestRunMessage: Starting.
TpTrace Verbose: 0 : 20544, 13, 2024/02/25, 12:15:02.150, 906086408056, vstest.console.dll, MulticastDelegateUtilities.SafeInvoke: TestRun.LogMessages: Invoking callback 1/1 for Microsoft.VisualStudio.TestPlatform.CommandLine.TestRunResultAggregator., took 0 ms.
TpTrace Information: 0 : 20544, 13, 2024/02/25, 12:15:02.150, 906086408405, vstest.console.dll, TestRunRequest:SendTestRunMessage: Completed.
TpTrace Verbose: 0 : 20544, 13, 2024/02/25, 12:15:02.150, 906086408726, vstest.console.dll, MulticastDelegateUtilities.SafeInvoke: LengthPrefixCommunicationChannel: MessageReceived: Invoking callback 1/1 for Microsoft.VisualStudio.TestPlatform.CommunicationUtilities.TestRequestSender+<>c__DisplayClass34_0., took 0 ms.
TpTrace Verbose: 0 : 20544, 13, 2024/02/25, 12:15:02.150, 906086409058, vstest.console.dll, TcpClientExtensions.MessageLoopAsync: Polling on remoteEndPoint: 127.0.0.1:55290 localEndPoint: 127.0.0.1:55289
TpTrace Verbose: 0 : 20544, 4, 2024/02/25, 12:15:02.152, 906086426577, vstest.console.dll, MulticastDelegateUtilities.SafeInvoke: InternalTestLoggerEvents.SendTestResult: Invoking callback 1/1 for Microsoft.VisualStudio.TestPlatform.CommandLine.Internal.ConsoleLogger., took 2 ms.
TpTrace Verbose: 0 : 20544, 4, 2024/02/25, 12:15:02.152, 906086431073, vstest.console.dll, MulticastDelegateUtilities.SafeInvoke: InternalTestLoggerEvents.SendTestResult: Invoking callback 1/1 for Microsoft.VisualStudio.TestPlatform.CommandLine.Internal.ConsoleLogger., took 0 ms.
TpTrace Verbose: 0 : 20544, 4, 2024/02/25, 12:15:02.152, 906086432225, vstest.console.dll, MulticastDelegateUtilities.SafeInvoke: InternalTestLoggerEvents.SendTestResult: Invoking callback 1/1 for Microsoft.VisualStudio.TestPlatform.CommandLine.Internal.ConsoleLogger., took 0 ms.
TpTrace Verbose: 0 : 20544, 4, 2024/02/25, 12:15:02.152, 906086432928, vstest.console.dll, MulticastDelegateUtilities.SafeInvoke: InternalTestLoggerEvents.SendTestResult: Invoking callback 1/1 for Microsoft.VisualStudio.TestPlatform.CommandLine.Internal.ConsoleLogger., took 0 ms.
TpTrace Verbose: 0 : 20544, 4, 2024/02/25, 12:15:02.152, 906086433676, vstest.console.dll, MulticastDelegateUtilities.SafeInvoke: InternalTestLoggerEvents.SendTestResult: Invoking callback 1/1 for Microsoft.VisualStudio.TestPlatform.CommandLine.Internal.ConsoleLogger., took 0 ms.
TpTrace Verbose: 0 : 20544, 4, 2024/02/25, 12:15:02.152, 906086434287, vstest.console.dll, MulticastDelegateUtilities.SafeInvoke: InternalTestLoggerEvents.SendTestResult: Invoking callback 1/1 for Microsoft.VisualStudio.TestPlatform.CommandLine.Internal.ConsoleLogger., took 0 ms.
TpTrace Verbose: 0 : 20544, 4, 2024/02/25, 12:15:02.153, 906086434904, vstest.console.dll, MulticastDelegateUtilities.SafeInvoke: InternalTestLoggerEvents.SendTestResult: Invoking callback 1/1 for Microsoft.VisualStudio.TestPlatform.CommandLine.Internal.ConsoleLogger., took 0 ms.
TpTrace Verbose: 0 : 20544, 4, 2024/02/25, 12:15:02.153, 906086435629, vstest.console.dll, MulticastDelegateUtilities.SafeInvoke: InternalTestLoggerEvents.SendTestResult: Invoking callback 1/1 for Microsoft.VisualStudio.TestPlatform.CommandLine.Internal.ConsoleLogger., took 0 ms.
TpTrace Verbose: 0 : 20544, 4, 2024/02/25, 12:15:02.153, 906086436244, vstest.console.dll, MulticastDelegateUtilities.SafeInvoke: InternalTestLoggerEvents.SendTestResult: Invoking callback 1/1 for Microsoft.VisualStudio.TestPlatform.CommandLine.Internal.ConsoleLogger., took 0 ms.
TpTrace Verbose: 0 : 20544, 4, 2024/02/25, 12:15:02.153, 906086437468, vstest.console.dll, MulticastDelegateUtilities.SafeInvoke: InternalTestLoggerEvents.SendTestRunMessage: Invoking callback 1/1 for Microsoft.VisualStudio.TestPlatform.CommandLine.Internal.ConsoleLogger., took 0 ms.
TpTrace Verbose: 0 : 20544, 4, 2024/02/25, 12:15:02.153, 906086437986, vstest.console.dll, MulticastDelegateUtilities.SafeInvoke: InternalTestLoggerEvents.SendTestRunMessage: Invoking callback 1/1 for Microsoft.VisualStudio.TestPlatform.CommandLine.Internal.ConsoleLogger., took 0 ms.
TpTrace Verbose: 0 : 20544, 13, 2024/02/25, 12:15:02.160, 906086511956, vstest.console.dll, TcpClientExtensions.MessageLoopAsync: NotifyDataAvailable remoteEndPoint: 127.0.0.1:55290 localEndPoint: 127.0.0.1:55289
TpTrace Verbose: 0 : 20544, 13, 2024/02/25, 12:15:02.160, 906086514659, vstest.console.dll, TestRequestSender.OnExecutionMessageReceived: Received message: {"Version":5,"MessageType":"TestExecution.Completed","Payload":{"TestRunCompleteArgs":{"TestRunStatistics":{"ExecutedTests":13,"Stats":{"Passed":13}},"IsCanceled":false,"IsAborted":false,"Error":null,"AttachmentSets":[],"ElapsedTimeInRunningTests":"00:00:01.1855278","Metrics":{}},"LastRunTests":{"NewTestResults":[{"TestCase":{"Id":"78f3cf5f-d63f-7fdd-36d8-b3bd7504ca5f","FullyQualifiedName":"GardenConsoleAPI.IntegrationTests.NUnit.IntegrationTests.SearchByFoodTypeAsync_WithNonExistingFoodType_ShouldThrowKeyNotFoundException","DisplayName":"SearchByFoodTypeAsync_WithNonExistingFoodType_ShouldThrowKeyNotFoundException","ExecutorUri":"executor://NUnit3TestExecutor","Source":"C:\\Users\\Atanas Work\\Desktop\\PREPARE EXAM Back-End\\REAL EXAM\\Back End Integration Tests\\GardenConsoleAPI\\GardenConsoleAPI.IntegrationTests.NUnit\\bin\\Debug\\net6.0\\fine-code-coverage\\build-output\\GardenConsoleAPI.IntegrationTests.NUnit.dll","CodeFilePath":null,"LineNumber":0,"Properties":[{"Key":{"Id":"NUnit.Seed","Label":"Seed","Category":"","Description":"","Attributes":0,"ValueType":"System.String"},"Value":"1837430568"}]},"Attachments":[],"Outcome":1,"ErrorMessage":null,"ErrorStackTrace":null,"DisplayName":"SearchByFoodTypeAsync_WithNonExistingFoodType_ShouldThrowKeyNotFoundException","Messages":[],"ComputerName":"ASUS-HOME-PC","Duration":"00:00:00.0017370","StartTime":"2024-02-25T10:15:02.0902394+00:00","EndTime":"2024-02-25T10:15:02.0919763+00:00","Properties":[{"Key":{"Id":"NUnit.Seed","Label":"Seed","Category":"","Description":"","Attributes":0,"ValueType":"System.String"},"Value":"1837430568"}]},{"TestCase":{"Id":"033fe6c1-7b18-efc5-d143-6021b5489481","FullyQualifiedName":"GardenConsoleAPI.IntegrationTests.NUnit.IntegrationTests.SearchByFoodTypeAsync_WithNullOrWhiteSpace_ShouldThrowArgumentException","DisplayName":"SearchByFoodTypeAsync_WithNullOrWhiteSpace_ShouldThrowArgumentException","ExecutorUri":"executor://NUnit3TestExecutor","Source":"C:\\Users\\Atanas Work\\Desktop\\PREPARE EXAM Back-End\\REAL EXAM\\Back End Integration Tests\\GardenConsoleAPI\\GardenConsoleAPI.IntegrationTests.NUnit\\bin\\Debug\\net6.0\\fine-code-coverage\\build-output\\GardenConsoleAPI.IntegrationTests.NUnit.dll","CodeFilePath":null,"LineNumber":0,"Properties":[{"Key":{"Id":"NUnit.Seed","Label":"Seed","Category":"","Description":"","Attributes":0,"ValueType":"System.String"},"Value":"719606103"}]},"Attachments":[],"Outcome":1,"ErrorMessage":null,"ErrorStackTrace":null,"DisplayName":"SearchByFoodTypeAsync_WithNullOrWhiteSpace_ShouldThrowArgumentException","Messages":[],"ComputerName":"ASUS-HOME-PC","Duration":"00:00:00.0014930","StartTime":"2024-02-25T10:15:02.091995+00:00","EndTime":"2024-02-25T10:15:02.0934876+00:00","Properties":[{"Key":{"Id":"NUnit.Seed","Label":"Seed","Category":"","Description":"","Attributes":0,"ValueType":"System.String"},"Value":"719606103"}]},{"TestCase":{"Id":"1ff17324-d05d-7bd3-9b02-aeebee0e6b30","FullyQualifiedName":"GardenConsoleAPI.IntegrationTests.NUnit.IntegrationTests.UpdateAsync_WithInvalidPlant_ShouldThrowValidationException","DisplayName":"UpdateAsync_WithInvalidPlant_ShouldThrowValidationException","ExecutorUri":"executor://NUnit3TestExecutor","Source":"C:\\Users\\Atanas Work\\Desktop\\PREPARE EXAM Back-End\\REAL EXAM\\Back End Integration Tests\\GardenConsoleAPI\\GardenConsoleAPI.IntegrationTests.NUnit\\bin\\Debug\\net6.0\\fine-code-coverage\\build-output\\GardenConsoleAPI.IntegrationTests.NUnit.dll","CodeFilePath":null,"LineNumber":0,"Properties":[{"Key":{"Id":"NUnit.Seed","Label":"Seed","Category":"","Description":"","Attributes":0,"ValueType":"System.String"},"Value":"70697405"}]},"Attachments":[],"Outcome":1,"ErrorMessage":null,"ErrorStackTrace":null,"DisplayName":"UpdateAsync_WithInvalidPlant_ShouldThrowValidationException","Messages":[{"Category":"StdOutMsgs","Text":"Validation Error: The field CatalogNumber must match the regular expression '^([0-9A-Z]{12})$'.\r\nValidation Error: The field Quantity must be between 0 and 1000.\r\n"}],"ComputerName":"ASUS-HOME-PC","Duration":"00:00:00.0013320","StartTime":"2024-02-25T10:15:02.0935078+00:00","EndTime":"2024-02-25T10:15:02.0948392+00:00","Properties":[{"Key":{"Id":"NUnit.Seed","Label":"Seed","Category":"","Description":"","Attributes":0,"ValueType":"System.String"},"Value":"70697405"}]},{"TestCase":{"Id":"cef5383d-ca85-c64d-0f67-3ea4c773b530","FullyQualifiedName":"GardenConsoleAPI.IntegrationTests.NUnit.IntegrationTests.UpdateAsync_WithValidPlant_ShouldUpdatePlant","DisplayName":"UpdateAsync_WithValidPlant_ShouldUpdatePlant","ExecutorUri":"executor://NUnit3TestExecutor","Source":"C:\\Users\\Atanas Work\\Desktop\\PREPARE EXAM Back-End\\REAL EXAM\\Back End Integration Tests\\GardenConsoleAPI\\GardenConsoleAPI.IntegrationTests.NUnit\\bin\\Debug\\net6.0\\fine-code-coverage\\build-output\\GardenConsoleAPI.IntegrationTests.NUnit.dll","CodeFilePath":null,"LineNumber":0,"Properties":[{"Key":{"Id":"NUnit.Seed","Label":"Seed","Category":"","Description":"","Attributes":0,"ValueType":"System.String"},"Value":"355199190"}]},"Attachments":[],"Outcome":1,"ErrorMessage":null,"ErrorStackTrace":null,"DisplayName":"UpdateAsync_WithValidPlant_ShouldUpdatePlant","Messages":[],"ComputerName":"ASUS-HOME-PC","Duration":"00:00:00.0111310","StartTime":"2024-02-25T10:15:02.0948579+00:00","EndTime":"2024-02-25T10:15:02.1059886+00:00","Properties":[{"Key":{"Id":"NUnit.Seed","Label":"Seed","Category":"","Description":"","Attributes":0,"ValueType":"System.String"},"Value":"355199190"}]}],"TestRunStatistics":{"ExecutedTests":13,"Stats":{"Passed":13}},"ActiveTests":[]},"RunAttachments":[],"ExecutorUris":["executor://nunit3testexecutor/"]}}
TpTrace Verbose: 0 : 20544, 13, 2024/02/25, 12:15:02.161, 906086516107, vstest.console.dll, TestRequestSender.EndSession: Sending end session.
TpTrace Verbose: 0 : 20544, 13, 2024/02/25, 12:15:02.161, 906086517853, vstest.console.dll, ProxyOperationManager.Close: waiting for test host to exit for 100 ms
TpTrace Verbose: 0 : 20544, 11, 2024/02/25, 12:15:02.185, 906086759513, vstest.console.dll, TestHostManagerCallbacks.ctor: Experimental forwarding output is disabled.
TpTrace Warning: 0 : 20544, 11, 2024/02/25, 12:15:02.185, 906086760710, vstest.console.dll, TestHostManagerCallbacks.ErrorReceivedCallback Test host standard error line: 
TpTrace Verbose: 0 : 20544, 11, 2024/02/25, 12:15:02.195, 906086862876, vstest.console.dll, TestHostProvider.ExitCallBack: Host exited starting callback.
TpTrace Information: 0 : 20544, 11, 2024/02/25, 12:15:02.195, 906086864683, vstest.console.dll, TestHostManagerCallbacks.ExitCallBack: Testhost processId: 18572 exited with exitcode: 0 error: ''
TpTrace Verbose: 0 : 20544, 11, 2024/02/25, 12:15:02.196, 906086865290, vstest.console.dll, DotnetTestHostManager.OnHostExited: invoking OnHostExited callback
TpTrace Verbose: 0 : 20544, 11, 2024/02/25, 12:15:02.196, 906086865942, vstest.console.dll, CrossPlatEngine.TestHostManagerHostExited: calling on client process exit callback.
TpTrace Information: 0 : 20544, 11, 2024/02/25, 12:15:02.196, 906086866571, vstest.console.dll, TestRequestSender.OnClientProcessExit: Test host process exited. Standard error: 
TpTrace Information: 0 : 20544, 13, 2024/02/25, 12:15:02.196, 906086866929, vstest.console.dll, SocketServer.Stop: Stop server endPoint: 127.0.0.1:55289
TpTrace Information: 0 : 20544, 11, 2024/02/25, 12:15:02.196, 906086867072, vstest.console.dll, SocketServer.Stop: Stop server endPoint: 127.0.0.1:55289
TpTrace Information: 0 : 20544, 13, 2024/02/25, 12:15:02.196, 906086867414, vstest.console.dll, SocketServer.Stop: Cancellation requested. Stopping message loop.
TpTrace Information: 0 : 20544, 11, 2024/02/25, 12:15:02.196, 906086867827, vstest.console.dll, SocketServer.Stop: Cancellation requested. Stopping message loop.
TpTrace Verbose: 0 : 20544, 11, 2024/02/25, 12:15:02.196, 906086868556, vstest.console.dll, MulticastDelegateUtilities.SafeInvoke: HostProviderEvents.OnHostExited: Invoking callback 1/1 for Microsoft.VisualStudio.TestPlatform.CrossPlatEngine.Client.ProxyOperationManager., took 0 ms.
TpTrace Information: 0 : 20544, 13, 2024/02/25, 12:15:02.196, 906086868804, vstest.console.dll, Closing the connection
TpTrace Verbose: 0 : 20544, 13, 2024/02/25, 12:15:02.196, 906086871188, vstest.console.dll, ProxyDataCollectionManager.InvokeDataCollectionServiceAction: Starting.
TpTrace Information: 0 : 20544, 13, 2024/02/25, 12:15:02.196, 906086871586, vstest.console.dll, ProxyDataCollectionManager.AfterTestRunEnd: Get attachment set and invoked data collectors processId: 16896 port: 55286
TpTrace Verbose: 0 : 20544, 13, 2024/02/25, 12:15:02.196, 906086872036, vstest.console.dll, DataCollectionRequestSender.SendAfterTestRunStartAndGetResult: Send AfterTestRunEnd message with isCancelled: False
TpTrace Verbose: 0 : 20544, 13, 2024/02/25, 12:15:02.203, 906086938583, vstest.console.dll, DataCollectionRequestSender.SendAfterTestRunStartAndGetResult: Received message: (DataCollection.AfterTestRunEndResult) -> {"MessageType":"DataCollection.AfterTestRunEndResult","Payload":{"AttachmentSets":[],"InvokedDataCollectors":[{"Uri":"datacollector://Microsoft/TestPlatform/Extensions/Blame/v1","FriendlyName":"Blame","AssemblyQualifiedName":"Microsoft.TestPlatform.Extensions.BlameDataCollector.BlameCollector, Microsoft.TestPlatform.Extensions.BlameDataCollector, Version=15.0.0.0, Culture=neutral, PublicKeyToken=b03f5f7f11d50a3a","FilePath":"C:\\Program Files\\dotnet\\sdk\\8.0.101\\Extensions\\Microsoft.TestPlatform.Extensions.BlameDataCollector.dll","HasAttachmentProcessor":false}],"Metrics":{}}}
TpTrace Warning: 0 : 20544, 10, 2024/02/25, 12:15:02.208, 906086986998, vstest.console.dll, DataCollectionLauncher.ErrorReceivedCallback datacollector standard error line: 
TpTrace Information: 0 : 20544, 13, 2024/02/25, 12:15:02.209, 906087004613, vstest.console.dll, ProxyDataCollectionManager.InvokeDataCollectionServiceAction: Completed.
TpTrace Information: 0 : 20544, 10, 2024/02/25, 12:15:02.215, 906087056870, vstest.console.dll, DataCollectionLauncher.ExitCallBack: Data collector exited with exitcode: 0 error: ''
TpTrace Verbose: 0 : 20544, 13, 2024/02/25, 12:15:02.246, 906087372719, vstest.console.dll, TestRunRequest:SendTestRunStatsChange: Starting.
TpTrace Verbose: 0 : 20544, 13, 2024/02/25, 12:15:02.246, 906087374118, vstest.console.dll, MulticastDelegateUtilities.SafeInvoke: TestRun.RunStatsChanged: Invoking callbacks was skipped because there are no subscribers.
TpTrace Information: 0 : 20544, 13, 2024/02/25, 12:15:02.246, 906087374454, vstest.console.dll, TestRunRequest:SendTestRunStatsChange: Completed.
TpTrace Verbose: 0 : 20544, 4, 2024/02/25, 12:15:02.246, 906087374868, vstest.console.dll, MulticastDelegateUtilities.SafeInvoke: InternalTestLoggerEvents.SendTestResult: Invoking callback 1/1 for Microsoft.VisualStudio.TestPlatform.CommandLine.Internal.ConsoleLogger., took 0 ms.
TpTrace Verbose: 0 : 20544, 4, 2024/02/25, 12:15:02.247, 906087375699, vstest.console.dll, MulticastDelegateUtilities.SafeInvoke: InternalTestLoggerEvents.SendTestResult: Invoking callback 1/1 for Microsoft.VisualStudio.TestPlatform.CommandLine.Internal.ConsoleLogger., took 0 ms.
TpTrace Verbose: 0 : 20544, 4, 2024/02/25, 12:15:02.247, 906087376316, vstest.console.dll, MulticastDelegateUtilities.SafeInvoke: InternalTestLoggerEvents.SendTestResult: Invoking callback 1/1 for Microsoft.VisualStudio.TestPlatform.CommandLine.Internal.ConsoleLogger., took 0 ms.
TpTrace Verbose: 0 : 20544, 4, 2024/02/25, 12:15:02.247, 906087376929, vstest.console.dll, MulticastDelegateUtilities.SafeInvoke: InternalTestLoggerEvents.SendTestResult: Invoking callback 1/1 for Microsoft.VisualStudio.TestPlatform.CommandLine.Internal.ConsoleLogger., took 0 ms.
TpTrace Verbose: 0 : 20544, 13, 2024/02/25, 12:15:02.247, 906087377914, vstest.console.dll, ParallelProxyExecutionManager: HandlePartialRunComplete: Total workloads = 1, Total started clients = 1 Total completed clients = 1, Run complete = True, Run canceled: False.
TpTrace Verbose: 0 : 20544, 13, 2024/02/25, 12:15:02.247, 906087378283, vstest.console.dll, ParallelProxyExecutionManager: HandlePartialRunComplete: All runs completed stopping all managers.
TpTrace Verbose: 0 : 20544, 13, 2024/02/25, 12:15:02.247, 906087378650, vstest.console.dll, ParallelOperationManager.StopAllManagers: Stopping all managers.
TpTrace Verbose: 0 : 20544, 13, 2024/02/25, 12:15:02.247, 906087378950, vstest.console.dll, ParallelOperationManager.ClearSlots: Clearing all slots. Slots should accept more work: False
TpTrace Verbose: 0 : 20544, 13, 2024/02/25, 12:15:02.247, 906087379382, vstest.console.dll, ParallelOperationManager.SetOccupiedSlotCount: Setting slot counts AvailableSlotCount = 1, OccupiedSlotCount = 0.
TpTrace Verbose: 0 : 20544, 13, 2024/02/25, 12:15:02.247, 906087379858, vstest.console.dll, Occupied slots:

TpTrace Verbose: 0 : 20544, 4, 2024/02/25, 12:15:02.256, 906087467396, vstest.console.dll, MulticastDelegateUtilities.SafeInvoke: InternalTestLoggerEvents.SendTestRunComplete: Invoking callback 1/2 for Microsoft.TestPlatform.Extensions.BlameDataCollector.BlameLogger., took 0 ms.
TpTrace Verbose: 0 : 20544, 4, 2024/02/25, 12:15:02.262, 906087532568, vstest.console.dll, MulticastDelegateUtilities.SafeInvoke: InternalTestLoggerEvents.SendTestRunComplete: Invoking callback 2/2 for Microsoft.VisualStudio.TestPlatform.CommandLine.Internal.ConsoleLogger., took 6 ms.
TpTrace Verbose: 0 : 20544, 13, 2024/02/25, 12:15:02.263, 906087536016, vstest.console.dll, TestRunRequest:TestRunComplete: Starting. IsAborted:False IsCanceled:False.
TpTrace Verbose: 0 : 20544, 13, 2024/02/25, 12:15:02.263, 906087537873, vstest.console.dll, ParallelOperationManager.DoActionOnAllManagers: Calling an action on all managers.
TpTrace Verbose: 0 : 20544, 13, 2024/02/25, 12:15:02.264, 906087549169, vstest.console.dll, TestLoggerManager.HandleTestRunComplete: Ignoring as the object is disposed.
TpTrace Verbose: 0 : 20544, 13, 2024/02/25, 12:15:02.264, 906087552089, vstest.console.dll, MulticastDelegateUtilities.SafeInvoke: TestRun.TestRunComplete: Invoking callback 1/2 for Microsoft.VisualStudio.TestPlatform.CommandLine.TestRunResultAggregator., took 0 ms.
TpTrace Verbose: 0 : 20544, 13, 2024/02/25, 12:15:02.264, 906087553702, vstest.console.dll, MulticastDelegateUtilities.SafeInvoke: TestRun.TestRunComplete: Invoking callback 2/2 for Microsoft.VisualStudio.TestPlatform.CommandLine.Processors.RunTestsArgumentExecutor+TestRunRequestEventsRegistrar., took 0 ms.
TpTrace Information: 0 : 20544, 13, 2024/02/25, 12:15:02.265, 906087555005, vstest.console.dll, TestRunRequest:TestRunComplete: Completed.
TpTrace Verbose: 0 : 20544, 1, 2024/02/25, 12:15:02.265, 906087555066, vstest.console.dll, TestRunRequest.Dispose: Starting.
TpTrace Verbose: 0 : 20544, 13, 2024/02/25, 12:15:02.265, 906087555571, vstest.console.dll, TestRequestSender.SetOperationComplete: Setting operation complete.
TpTrace Information: 0 : 20544, 1, 2024/02/25, 12:15:02.265, 906087556286, vstest.console.dll, TestRunRequest.Dispose: Completed.
TpTrace Information: 0 : 20544, 13, 2024/02/25, 12:15:02.265, 906087556855, vstest.console.dll, SocketServer.Stop: Stop server endPoint: 127.0.0.1:55289
TpTrace Information: 0 : 20544, 1, 2024/02/25, 12:15:02.265, 906087556948, vstest.console.dll, TestRequestManager.RunTests: run tests completed.
TpTrace Information: 0 : 20544, 13, 2024/02/25, 12:15:02.265, 906087557259, vstest.console.dll, SocketServer.Stop: Cancellation requested. Stopping message loop.
TpTrace Verbose: 0 : 20544, 13, 2024/02/25, 12:15:02.265, 906087558169, vstest.console.dll, MulticastDelegateUtilities.SafeInvoke: LengthPrefixCommunicationChannel: MessageReceived: Invoking callback 1/1 for Microsoft.VisualStudio.TestPlatform.CommunicationUtilities.TestRequestSender+<>c__DisplayClass34_0., took 104 ms.
TpTrace Information: 0 : 20544, 1, 2024/02/25, 12:15:02.265, 906087558215, vstest.console.dll, RunTestsArgumentProcessor:Execute: Test run is completed.
TpTrace Information: 0 : 20544, 13, 2024/02/25, 12:15:02.265, 906087558708, vstest.console.dll, SocketServer.PrivateStop: Stopping server endPoint: 127.0.0.1:55289 error: 
TpTrace Verbose: 0 : 20544, 1, 2024/02/25, 12:15:02.265, 906087560880, vstest.console.dll, Executor.Execute: Exiting with exit code of 0
TpTrace Verbose: 0 : 20544, 13, 2024/02/25, 12:15:02.265, 906087564534, vstest.console.dll, LengthPrefixCommunicationChannel.Dispose: Dispose reader and writer.
TpTrace Information: 0 : 20544, 13, 2024/02/25, 12:15:02.266, 906087565541, vstest.console.dll, SocketServer.Stop: Raise disconnected event endPoint: 127.0.0.1:55289 error: 
TpTrace Verbose: 0 : 20544, 13, 2024/02/25, 12:15:02.266, 906087566579, vstest.console.dll, TestRequestSender: OnTestRunAbort: Operation is already complete. Skip error message.
