TpTrace Verbose: 0 : 17524, 1, 2024/02/14, 14:37:06.564, 2336745640368, vstest.console.dll, Version: 17.8.0-release-23578-02 Current process architecture: X64
TpTrace Verbose: 0 : 17524, 1, 2024/02/14, 14:37:06.568, 2336745687282, vstest.console.dll, Runtime location: C:\Program Files\dotnet\shared\Microsoft.NETCore.App\8.0.1
TpTrace Verbose: 0 : 17524, 1, 2024/02/14, 14:37:06.572, 2336745722865, vstest.console.dll, ArtifactProcessingPostProcessModeProcessorExecutor.Initialize: ArtifactProcessingMode.Collect
TpTrace Verbose: 0 : 17524, 1, 2024/02/14, 14:37:06.572, 2336745724864, vstest.console.dll, TestSessionCorrelationIdProcessorModeProcessorExecutor.Initialize: TestSessionCorrelationId '7884_50d559f3-0096-41ae-aa6b-ba40634e2dad'
TpTrace Information: 0 : 17524, 1, 2024/02/14, 14:37:06.580, 2336745805186, vstest.console.dll, FilePatternParser: The given file C:\Users\Atanas Work\Desktop\QA Integration tests\Homies_ASP.Net_WithTestProject\Homies.Tests\bin\Debug\net6.0\fine-code-coverage\build-output\Homies.Tests.dll is a full path.
TpTrace Verbose: 0 : 17524, 1, 2024/02/14, 14:37:06.587, 2336745870932, vstest.console.dll, TestPluginCache.DiscoverTestExtensions: finding test extensions in assemblies ends with: RuntimeProvider.dll TPluginInfo: Microsoft.VisualStudio.TestPlatform.Common.ExtensionFramework.Utilities.TestRuntimePluginInformation TExtension: Microsoft.VisualStudio.TestPlatform.ObjectModel.Host.ITestRuntimeProvider
TpTrace Verbose: 0 : 17524, 1, 2024/02/14, 14:37:06.587, 2336745876141, vstest.console.dll, TestPluginCache.GetExtensionPaths: Filtered extension paths: 
TpTrace Verbose: 0 : 17524, 1, 2024/02/14, 14:37:06.587, 2336745877411, vstest.console.dll, TestPluginCache.GetExtensionPaths: Added default extension paths: C:\Program Files\dotnet\sdk\8.0.101\Extensions\Microsoft.Diagnostics.NETCore.Client.dll
C:\Program Files\dotnet\sdk\8.0.101\Extensions\Microsoft.TestPlatform.Extensions.BlameDataCollector.dll
C:\Program Files\dotnet\sdk\8.0.101\Extensions\Microsoft.TestPlatform.Extensions.EventLogCollector.dll
C:\Program Files\dotnet\sdk\8.0.101\Extensions\Microsoft.TestPlatform.TestHostRuntimeProvider.dll
C:\Program Files\dotnet\sdk\8.0.101\Extensions\Microsoft.VisualStudio.TestPlatform.Extensions.Html.TestLogger.dll
C:\Program Files\dotnet\sdk\8.0.101\Extensions\Microsoft.VisualStudio.TestPlatform.Extensions.Trx.TestLogger.dll
TpTrace Verbose: 0 : 17524, 1, 2024/02/14, 14:37:06.587, 2336745877883, vstest.console.dll, TestPluginCache.GetExtensionPaths: Added unfilterableExtensionPaths: 
TpTrace Information: 0 : 17524, 1, 2024/02/14, 14:37:06.588, 2336745885084, vstest.console.dll, AssemblyResolver.ctor: Creating AssemblyResolver with searchDirectories C:\Program Files\dotnet\sdk\8.0.101\Extensions,C:\Program Files\dotnet\sdk\8.0.101
TpTrace Verbose: 0 : 17524, 1, 2024/02/14, 14:37:06.590, 2336745905333, vstest.console.dll, TestPluginCache.DiscoverTestExtensions: Discovering the extensions using extension path.
TpTrace Verbose: 0 : 17524, 1, 2024/02/14, 14:37:06.590, 2336745907234, vstest.console.dll, TestPluginCache.GetExtensionPaths: Filtered extension paths: 
TpTrace Verbose: 0 : 17524, 1, 2024/02/14, 14:37:06.590, 2336745907637, vstest.console.dll, TestPluginCache.GetExtensionPaths: Added default extension paths: C:\Program Files\dotnet\sdk\8.0.101\Extensions\Microsoft.Diagnostics.NETCore.Client.dll
C:\Program Files\dotnet\sdk\8.0.101\Extensions\Microsoft.TestPlatform.Extensions.BlameDataCollector.dll
C:\Program Files\dotnet\sdk\8.0.101\Extensions\Microsoft.TestPlatform.Extensions.EventLogCollector.dll
C:\Program Files\dotnet\sdk\8.0.101\Extensions\Microsoft.TestPlatform.TestHostRuntimeProvider.dll
C:\Program Files\dotnet\sdk\8.0.101\Extensions\Microsoft.VisualStudio.TestPlatform.Extensions.Html.TestLogger.dll
C:\Program Files\dotnet\sdk\8.0.101\Extensions\Microsoft.VisualStudio.TestPlatform.Extensions.Trx.TestLogger.dll
TpTrace Verbose: 0 : 17524, 1, 2024/02/14, 14:37:06.591, 2336745907985, vstest.console.dll, TestPluginCache.GetExtensionPaths: Added unfilterableExtensionPaths: 
TpTrace Verbose: 0 : 17524, 1, 2024/02/14, 14:37:06.591, 2336745908760, vstest.console.dll, TestPluginCache.DiscoverTestExtensions: Discovering the extensions using allExtensionPaths: C:\Program Files\dotnet\sdk\8.0.101\Extensions\Microsoft.Diagnostics.NETCore.Client.dll
C:\Program Files\dotnet\sdk\8.0.101\Extensions\Microsoft.TestPlatform.Extensions.BlameDataCollector.dll
C:\Program Files\dotnet\sdk\8.0.101\Extensions\Microsoft.TestPlatform.Extensions.EventLogCollector.dll
C:\Program Files\dotnet\sdk\8.0.101\Extensions\Microsoft.TestPlatform.TestHostRuntimeProvider.dll
C:\Program Files\dotnet\sdk\8.0.101\Extensions\Microsoft.VisualStudio.TestPlatform.Extensions.Html.TestLogger.dll
C:\Program Files\dotnet\sdk\8.0.101\Extensions\Microsoft.VisualStudio.TestPlatform.Extensions.Trx.TestLogger.dll
TpTrace Information: 0 : 17524, 1, 2024/02/14, 14:37:06.591, 2336745910623, vstest.console.dll, AssemblyResolver.AddSearchDirectories: Adding more searchDirectories C:\Program Files\dotnet\sdk\8.0.101\Extensions,C:\Program Files\dotnet\sdk\8.0.101
TpTrace Information: 0 : 17524, 1, 2024/02/14, 14:37:06.591, 2336745911246, vstest.console.dll, AssemblyResolver.AddSearchDirectories: Adding more searchDirectories C:\Program Files\dotnet\sdk\8.0.101\Extensions,C:\Program Files\dotnet\sdk\8.0.101
TpTrace Information: 0 : 17524, 1, 2024/02/14, 14:37:06.591, 2336745911570, vstest.console.dll, AssemblyResolver.AddSearchDirectories: Adding more searchDirectories C:\Program Files\dotnet\sdk\8.0.101\Extensions,C:\Program Files\dotnet\sdk\8.0.101
TpTrace Information: 0 : 17524, 1, 2024/02/14, 14:37:06.591, 2336745911906, vstest.console.dll, AssemblyResolver.AddSearchDirectories: Adding more searchDirectories C:\Program Files\dotnet\sdk\8.0.101\Extensions,C:\Program Files\dotnet\sdk\8.0.101
TpTrace Information: 0 : 17524, 1, 2024/02/14, 14:37:06.591, 2336745912192, vstest.console.dll, AssemblyResolver.AddSearchDirectories: Adding more searchDirectories C:\Program Files\dotnet\sdk\8.0.101\Extensions,C:\Program Files\dotnet\sdk\8.0.101
TpTrace Information: 0 : 17524, 1, 2024/02/14, 14:37:06.591, 2336745912468, vstest.console.dll, AssemblyResolver.AddSearchDirectories: Adding more searchDirectories C:\Program Files\dotnet\sdk\8.0.101\Extensions,C:\Program Files\dotnet\sdk\8.0.101
TpTrace Information: 0 : 17524, 1, 2024/02/14, 14:37:06.592, 2336745918379, vstest.console.dll, AssemblyResolver.OnResolve: Microsoft.Diagnostics.NETCore.Client: Resolving assembly.
TpTrace Information: 0 : 17524, 1, 2024/02/14, 14:37:06.592, 2336745919709, vstest.console.dll, AssemblyResolver.OnResolve: Microsoft.Diagnostics.NETCore.Client: Searching in: 'C:\Program Files\dotnet\sdk\8.0.101\Extensions'.
TpTrace Information: 0 : 17524, 1, 2024/02/14, 14:37:06.600, 2336746004931, vstest.console.dll, AssemblyResolver.OnResolve: Microsoft.Diagnostics.NETCore.Client: Loading assembly 'C:\Program Files\dotnet\sdk\8.0.101\Extensions\Microsoft.Diagnostics.NETCore.Client.dll'.
TpTrace Information: 0 : 17524, 1, 2024/02/14, 14:37:06.601, 2336746015961, vstest.console.dll, AssemblyResolver.OnResolve: Resolved assembly: Microsoft.Diagnostics.NETCore.Client, from path: C:\Program Files\dotnet\sdk\8.0.101\Extensions\Microsoft.Diagnostics.NETCore.Client.dll
TpTrace Verbose: 0 : 17524, 1, 2024/02/14, 14:37:06.607, 2336746068832, vstest.console.dll, MetadataReaderExtensionsHelper: Discovering extensions inside assembly 'Microsoft.Diagnostics.NETCore.Client, Version=0.2.8.21101, Culture=neutral, PublicKeyToken=31bf3856ad364e35' file path 'C:\Program Files\dotnet\sdk\8.0.101\Extensions\Microsoft.Diagnostics.NETCore.Client.dll'
TpTrace Information: 0 : 17524, 1, 2024/02/14, 14:37:06.612, 2336746124385, vstest.console.dll, AssemblyResolver.OnResolve: Microsoft.Bcl.AsyncInterfaces: Resolving assembly.
TpTrace Information: 0 : 17524, 1, 2024/02/14, 14:37:06.612, 2336746125639, vstest.console.dll, AssemblyResolver.OnResolve: Microsoft.Bcl.AsyncInterfaces: Searching in: 'C:\Program Files\dotnet\sdk\8.0.101\Extensions'.
TpTrace Information: 0 : 17524, 1, 2024/02/14, 14:37:06.612, 2336746126639, vstest.console.dll, AssemblyResolver.OnResolve: Microsoft.Bcl.AsyncInterfaces: Assembly path does not exist: 'C:\Program Files\dotnet\sdk\8.0.101\Extensions\Microsoft.Bcl.AsyncInterfaces.dll', returning.
TpTrace Information: 0 : 17524, 1, 2024/02/14, 14:37:06.612, 2336746127927, vstest.console.dll, AssemblyResolver.OnResolve: Microsoft.Bcl.AsyncInterfaces: Assembly path does not exist: 'C:\Program Files\dotnet\sdk\8.0.101\Extensions\Microsoft.Bcl.AsyncInterfaces.exe', returning.
TpTrace Information: 0 : 17524, 1, 2024/02/14, 14:37:06.613, 2336746128325, vstest.console.dll, AssemblyResolver.OnResolve: Microsoft.Bcl.AsyncInterfaces: Searching in: 'C:\Program Files\dotnet\sdk\8.0.101'.
TpTrace Information: 0 : 17524, 1, 2024/02/14, 14:37:06.613, 2336746128969, vstest.console.dll, AssemblyResolver.OnResolve: Microsoft.Bcl.AsyncInterfaces: Assembly path does not exist: 'C:\Program Files\dotnet\sdk\8.0.101\Microsoft.Bcl.AsyncInterfaces.dll', returning.
TpTrace Information: 0 : 17524, 1, 2024/02/14, 14:37:06.613, 2336746129878, vstest.console.dll, AssemblyResolver.OnResolve: Microsoft.Bcl.AsyncInterfaces: Assembly path does not exist: 'C:\Program Files\dotnet\sdk\8.0.101\Microsoft.Bcl.AsyncInterfaces.exe', returning.
TpTrace Information: 0 : 17524, 1, 2024/02/14, 14:37:06.613, 2336746130233, vstest.console.dll, AssemblyResolver.OnResolve: Microsoft.Bcl.AsyncInterfaces: Failed to load assembly.
TpTrace Verbose: 0 : 17524, 1, 2024/02/14, 14:37:06.613, 2336746130595, vstest.console.dll, CurrentDomainAssemblyResolve: Resolving assembly 'Microsoft.Bcl.AsyncInterfaces'.
TpTrace Information: 0 : 17524, 1, 2024/02/14, 14:37:06.613, 2336746131254, vstest.console.dll, AssemblyResolver.OnResolve: Microsoft.Bcl.AsyncInterfaces: Resolving assembly.
TpTrace Information: 0 : 17524, 1, 2024/02/14, 14:37:06.613, 2336746131673, vstest.console.dll, AssemblyResolver.OnResolve: Microsoft.Bcl.AsyncInterfaces: Resolved from cache.
TpTrace Verbose: 0 : 17524, 1, 2024/02/14, 14:37:06.613, 2336746131923, vstest.console.dll, CurrentDomainAssemblyResolve: Resolving assembly 'Microsoft.Bcl.AsyncInterfaces'.
TpTrace Verbose: 0 : 17524, 1, 2024/02/14, 14:37:06.613, 2336746132548, vstest.console.dll, CurrentDomainAssemblyResolve: Failed to resolve assembly 'Microsoft.Bcl.AsyncInterfaces'.
TpTrace Verbose: 0 : 17524, 1, 2024/02/14, 14:37:06.614, 2336746142870, vstest.console.dll, CurrentDomainAssemblyResolve: Failed to resolve assembly 'Microsoft.Bcl.AsyncInterfaces'.
TpTrace Warning: 0 : 17524, 1, 2024/02/14, 14:37:06.626, 2336746262222, vstest.console.dll, TestPluginDiscoverer: Failed to get types from assembly 'Microsoft.Diagnostics.NETCore.Client, Version=0.2.8.21101, Culture=neutral, PublicKeyToken=31bf3856ad364e35'. Error: System.Reflection.ReflectionTypeLoadException: Unable to load one or more of the requested types.
Could not load file or assembly 'Microsoft.Bcl.AsyncInterfaces, Version=1.0.0.0, Culture=neutral, PublicKeyToken=cc7b13ffcd2ddd51'. The system cannot find the file specified.
   at System.Reflection.RuntimeModule.GetTypes(RuntimeModule module)
   at System.Reflection.RuntimeModule.GetTypes()
   at Microsoft.VisualStudio.TestPlatform.Common.ExtensionFramework.TestPluginDiscoverer.GetTestExtensionsFromAssembly[TPluginInfo,TExtension](Assembly assembly, Dictionary`2 pluginInfos, String filePath) in /_/src/Microsoft.TestPlatform.Common/ExtensionFramework/TestPluginDiscoverer.cs:line 158
System.IO.FileNotFoundException: Could not load file or assembly 'Microsoft.Bcl.AsyncInterfaces, Version=1.0.0.0, Culture=neutral, PublicKeyToken=cc7b13ffcd2ddd51'. The system cannot find the file specified.
File name: 'Microsoft.Bcl.AsyncInterfaces, Version=1.0.0.0, Culture=neutral, PublicKeyToken=cc7b13ffcd2ddd51'
 ---> System.IO.FileNotFoundException: Could not load file or assembly 'Microsoft.Bcl.AsyncInterfaces, Culture=neutral, PublicKeyToken=null'. The system cannot find the file specified.
File name: 'Microsoft.Bcl.AsyncInterfaces, Culture=neutral, PublicKeyToken=null'
   at System.Reflection.RuntimeAssembly.InternalLoad(AssemblyName assemblyName, StackCrawlMark& stackMark, AssemblyLoadContext assemblyLoadContext, RuntimeAssembly requestingAssembly, Boolean throwOnFileNotFound)
   at System.Reflection.Assembly.Load(AssemblyName assemblyRef)
   at Microsoft.VisualStudio.TestPlatform.Common.ExtensionFramework.TestPluginCache.CurrentDomainAssemblyResolve(Object sender, AssemblyResolveEventArgs args) in /_/src/Microsoft.TestPlatform.Common/ExtensionFramework/TestPluginCache.cs:line 513
   at System.Runtime.Loader.AssemblyLoadContext.GetFirstResolvedAssemblyFromResolvingEvent(AssemblyName assemblyName)
   at System.Runtime.Loader.AssemblyLoadContext.ResolveUsingEvent(AssemblyName assemblyName)
   at System.Runtime.Loader.AssemblyLoadContext.ResolveUsingResolvingEvent(IntPtr gchManagedAssemblyLoadContext, AssemblyName assemblyName)
TpTrace Warning: 0 : 17524, 1, 2024/02/14, 14:37:06.626, 2336746266441, vstest.console.dll, LoaderExceptions: System.IO.FileNotFoundException: Could not load file or assembly 'Microsoft.Bcl.AsyncInterfaces, Version=1.0.0.0, Culture=neutral, PublicKeyToken=cc7b13ffcd2ddd51'. The system cannot find the file specified.
File name: 'Microsoft.Bcl.AsyncInterfaces, Version=1.0.0.0, Culture=neutral, PublicKeyToken=cc7b13ffcd2ddd51'
 ---> System.IO.FileNotFoundException: Could not load file or assembly 'Microsoft.Bcl.AsyncInterfaces, Culture=neutral, PublicKeyToken=null'. The system cannot find the file specified.
File name: 'Microsoft.Bcl.AsyncInterfaces, Culture=neutral, PublicKeyToken=null'
   at System.Reflection.RuntimeAssembly.InternalLoad(AssemblyName assemblyName, StackCrawlMark& stackMark, AssemblyLoadContext assemblyLoadContext, RuntimeAssembly requestingAssembly, Boolean throwOnFileNotFound)
   at System.Reflection.Assembly.Load(AssemblyName assemblyRef)
   at Microsoft.VisualStudio.TestPlatform.Common.ExtensionFramework.TestPluginCache.CurrentDomainAssemblyResolve(Object sender, AssemblyResolveEventArgs args) in /_/src/Microsoft.TestPlatform.Common/ExtensionFramework/TestPluginCache.cs:line 513
   at System.Runtime.Loader.AssemblyLoadContext.GetFirstResolvedAssemblyFromResolvingEvent(AssemblyName assemblyName)
   at System.Runtime.Loader.AssemblyLoadContext.ResolveUsingEvent(AssemblyName assemblyName)
   at System.Runtime.Loader.AssemblyLoadContext.ResolveUsingResolvingEvent(IntPtr gchManagedAssemblyLoadContext, AssemblyName assemblyName)
TpTrace Information: 0 : 17524, 1, 2024/02/14, 14:37:06.626, 2336746267898, vstest.console.dll, AssemblyResolver.OnResolve: Microsoft.TestPlatform.Extensions.BlameDataCollector: Resolving assembly.
TpTrace Information: 0 : 17524, 1, 2024/02/14, 14:37:06.627, 2336746268501, vstest.console.dll, AssemblyResolver.OnResolve: Microsoft.TestPlatform.Extensions.BlameDataCollector: Searching in: 'C:\Program Files\dotnet\sdk\8.0.101\Extensions'.
TpTrace Information: 0 : 17524, 1, 2024/02/14, 14:37:06.627, 2336746275449, vstest.console.dll, AssemblyResolver.OnResolve: Microsoft.TestPlatform.Extensions.BlameDataCollector: Loading assembly 'C:\Program Files\dotnet\sdk\8.0.101\Extensions\Microsoft.TestPlatform.Extensions.BlameDataCollector.dll'.
TpTrace Information: 0 : 17524, 1, 2024/02/14, 14:37:06.628, 2336746282923, vstest.console.dll, AssemblyResolver.OnResolve: Resolved assembly: Microsoft.TestPlatform.Extensions.BlameDataCollector, from path: C:\Program Files\dotnet\sdk\8.0.101\Extensions\Microsoft.TestPlatform.Extensions.BlameDataCollector.dll
TpTrace Verbose: 0 : 17524, 1, 2024/02/14, 14:37:06.628, 2336746284290, vstest.console.dll, MetadataReaderExtensionsHelper: Discovering extensions inside assembly 'Microsoft.TestPlatform.Extensions.BlameDataCollector, Version=15.0.0.0, Culture=neutral, PublicKeyToken=b03f5f7f11d50a3a' file path 'C:\Program Files\dotnet\sdk\8.0.101\Extensions\Microsoft.TestPlatform.Extensions.BlameDataCollector.dll'
TpTrace Information: 0 : 17524, 1, 2024/02/14, 14:37:06.630, 2336746302459, vstest.console.dll, AssemblyResolver.OnResolve: Microsoft.TestPlatform.Extensions.EventLogCollector: Resolving assembly.
TpTrace Information: 0 : 17524, 1, 2024/02/14, 14:37:06.630, 2336746303747, vstest.console.dll, AssemblyResolver.OnResolve: Microsoft.TestPlatform.Extensions.EventLogCollector: Searching in: 'C:\Program Files\dotnet\sdk\8.0.101\Extensions'.
TpTrace Information: 0 : 17524, 1, 2024/02/14, 14:37:06.631, 2336746310448, vstest.console.dll, AssemblyResolver.OnResolve: Microsoft.TestPlatform.Extensions.EventLogCollector: Loading assembly 'C:\Program Files\dotnet\sdk\8.0.101\Extensions\Microsoft.TestPlatform.Extensions.EventLogCollector.dll'.
TpTrace Information: 0 : 17524, 1, 2024/02/14, 14:37:06.631, 2336746317043, vstest.console.dll, AssemblyResolver.OnResolve: Resolved assembly: Microsoft.TestPlatform.Extensions.EventLogCollector, from path: C:\Program Files\dotnet\sdk\8.0.101\Extensions\Microsoft.TestPlatform.Extensions.EventLogCollector.dll
TpTrace Verbose: 0 : 17524, 1, 2024/02/14, 14:37:06.632, 2336746318219, vstest.console.dll, MetadataReaderExtensionsHelper: Discovering extensions inside assembly 'Microsoft.TestPlatform.Extensions.EventLogCollector, Version=15.0.0.0, Culture=neutral, PublicKeyToken=b03f5f7f11d50a3a' file path 'C:\Program Files\dotnet\sdk\8.0.101\Extensions\Microsoft.TestPlatform.Extensions.EventLogCollector.dll'
TpTrace Information: 0 : 17524, 1, 2024/02/14, 14:37:06.635, 2336746353243, vstest.console.dll, AssemblyResolver.OnResolve: Microsoft.TestPlatform.TestHostRuntimeProvider: Resolving assembly.
TpTrace Information: 0 : 17524, 1, 2024/02/14, 14:37:06.635, 2336746354644, vstest.console.dll, AssemblyResolver.OnResolve: Microsoft.TestPlatform.TestHostRuntimeProvider: Searching in: 'C:\Program Files\dotnet\sdk\8.0.101\Extensions'.
TpTrace Information: 0 : 17524, 1, 2024/02/14, 14:37:06.636, 2336746361406, vstest.console.dll, AssemblyResolver.OnResolve: Microsoft.TestPlatform.TestHostRuntimeProvider: Loading assembly 'C:\Program Files\dotnet\sdk\8.0.101\Extensions\Microsoft.TestPlatform.TestHostRuntimeProvider.dll'.
TpTrace Information: 0 : 17524, 1, 2024/02/14, 14:37:06.637, 2336746368257, vstest.console.dll, AssemblyResolver.OnResolve: Resolved assembly: Microsoft.TestPlatform.TestHostRuntimeProvider, from path: C:\Program Files\dotnet\sdk\8.0.101\Extensions\Microsoft.TestPlatform.TestHostRuntimeProvider.dll
TpTrace Verbose: 0 : 17524, 1, 2024/02/14, 14:37:06.637, 2336746369361, vstest.console.dll, MetadataReaderExtensionsHelper: Discovering extensions inside assembly 'Microsoft.TestPlatform.TestHostRuntimeProvider, Version=15.0.0.0, Culture=neutral, PublicKeyToken=b03f5f7f11d50a3a' file path 'C:\Program Files\dotnet\sdk\8.0.101\Extensions\Microsoft.TestPlatform.TestHostRuntimeProvider.dll'
TpTrace Information: 0 : 17524, 1, 2024/02/14, 14:37:06.639, 2336746388574, vstest.console.dll, GetTestExtensionFromType: Register extension with identifier data 'HostProvider://DefaultTestHost' and type 'Microsoft.VisualStudio.TestPlatform.CrossPlatEngine.Hosting.DefaultTestHostManager, Microsoft.TestPlatform.TestHostRuntimeProvider, Version=15.0.0.0, Culture=neutral, PublicKeyToken=b03f5f7f11d50a3a' inside file 'C:\Program Files\dotnet\sdk\8.0.101\Extensions\Microsoft.TestPlatform.TestHostRuntimeProvider.dll'
TpTrace Information: 0 : 17524, 1, 2024/02/14, 14:37:06.639, 2336746391941, vstest.console.dll, GetTestExtensionFromType: Register extension with identifier data 'HostProvider://DotnetTestHost' and type 'Microsoft.VisualStudio.TestPlatform.CrossPlatEngine.Hosting.DotnetTestHostManager, Microsoft.TestPlatform.TestHostRuntimeProvider, Version=15.0.0.0, Culture=neutral, PublicKeyToken=b03f5f7f11d50a3a' inside file 'C:\Program Files\dotnet\sdk\8.0.101\Extensions\Microsoft.TestPlatform.TestHostRuntimeProvider.dll'
TpTrace Information: 0 : 17524, 1, 2024/02/14, 14:37:06.639, 2336746392807, vstest.console.dll, AssemblyResolver.OnResolve: Microsoft.VisualStudio.TestPlatform.Extensions.Html.TestLogger: Resolving assembly.
TpTrace Information: 0 : 17524, 1, 2024/02/14, 14:37:06.639, 2336746393649, vstest.console.dll, AssemblyResolver.OnResolve: Microsoft.VisualStudio.TestPlatform.Extensions.Html.TestLogger: Searching in: 'C:\Program Files\dotnet\sdk\8.0.101\Extensions'.
TpTrace Information: 0 : 17524, 1, 2024/02/14, 14:37:06.640, 2336746400876, vstest.console.dll, AssemblyResolver.OnResolve: Microsoft.VisualStudio.TestPlatform.Extensions.Html.TestLogger: Loading assembly 'C:\Program Files\dotnet\sdk\8.0.101\Extensions\Microsoft.VisualStudio.TestPlatform.Extensions.Html.TestLogger.dll'.
TpTrace Information: 0 : 17524, 1, 2024/02/14, 14:37:06.641, 2336746408545, vstest.console.dll, AssemblyResolver.OnResolve: Resolved assembly: Microsoft.VisualStudio.TestPlatform.Extensions.Html.TestLogger, from path: C:\Program Files\dotnet\sdk\8.0.101\Extensions\Microsoft.VisualStudio.TestPlatform.Extensions.Html.TestLogger.dll
TpTrace Verbose: 0 : 17524, 1, 2024/02/14, 14:37:06.641, 2336746409709, vstest.console.dll, MetadataReaderExtensionsHelper: Discovering extensions inside assembly 'Microsoft.VisualStudio.TestPlatform.Extensions.Html.TestLogger, Version=15.0.0.0, Culture=neutral, PublicKeyToken=b03f5f7f11d50a3a' file path 'C:\Program Files\dotnet\sdk\8.0.101\Extensions\Microsoft.VisualStudio.TestPlatform.Extensions.Html.TestLogger.dll'
TpTrace Information: 0 : 17524, 1, 2024/02/14, 14:37:06.642, 2336746421497, vstest.console.dll, AssemblyResolver.OnResolve: Microsoft.VisualStudio.TestPlatform.Extensions.Trx.TestLogger: Resolving assembly.
TpTrace Information: 0 : 17524, 1, 2024/02/14, 14:37:06.642, 2336746422748, vstest.console.dll, AssemblyResolver.OnResolve: Microsoft.VisualStudio.TestPlatform.Extensions.Trx.TestLogger: Searching in: 'C:\Program Files\dotnet\sdk\8.0.101\Extensions'.
TpTrace Information: 0 : 17524, 1, 2024/02/14, 14:37:06.643, 2336746429218, vstest.console.dll, AssemblyResolver.OnResolve: Microsoft.VisualStudio.TestPlatform.Extensions.Trx.TestLogger: Loading assembly 'C:\Program Files\dotnet\sdk\8.0.101\Extensions\Microsoft.VisualStudio.TestPlatform.Extensions.Trx.TestLogger.dll'.
TpTrace Information: 0 : 17524, 1, 2024/02/14, 14:37:06.643, 2336746436907, vstest.console.dll, AssemblyResolver.OnResolve: Resolved assembly: Microsoft.VisualStudio.TestPlatform.Extensions.Trx.TestLogger, from path: C:\Program Files\dotnet\sdk\8.0.101\Extensions\Microsoft.VisualStudio.TestPlatform.Extensions.Trx.TestLogger.dll
TpTrace Verbose: 0 : 17524, 1, 2024/02/14, 14:37:06.644, 2336746438213, vstest.console.dll, MetadataReaderExtensionsHelper: Discovering extensions inside assembly 'Microsoft.VisualStudio.TestPlatform.Extensions.Trx.TestLogger, Version=15.0.0.0, Culture=neutral, PublicKeyToken=b03f5f7f11d50a3a' file path 'C:\Program Files\dotnet\sdk\8.0.101\Extensions\Microsoft.VisualStudio.TestPlatform.Extensions.Trx.TestLogger.dll'
TpTrace Verbose: 0 : 17524, 1, 2024/02/14, 14:37:06.645, 2336746453069, vstest.console.dll, TestPluginCache: Discovered the extensions using extension path ''.
TpTrace Verbose: 0 : 17524, 1, 2024/02/14, 14:37:06.645, 2336746454215, vstest.console.dll, TestPluginCache: Discoverers are ''.
TpTrace Verbose: 0 : 17524, 1, 2024/02/14, 14:37:06.645, 2336746454475, vstest.console.dll, TestPluginCache: Executors are ''.
TpTrace Verbose: 0 : 17524, 1, 2024/02/14, 14:37:06.645, 2336746454694, vstest.console.dll, TestPluginCache: Executors2 are ''.
TpTrace Verbose: 0 : 17524, 1, 2024/02/14, 14:37:06.645, 2336746454911, vstest.console.dll, TestPluginCache: Setting providers are ''.
TpTrace Verbose: 0 : 17524, 1, 2024/02/14, 14:37:06.645, 2336746455209, vstest.console.dll, TestPluginCache: Loggers are ''.
TpTrace Verbose: 0 : 17524, 1, 2024/02/14, 14:37:06.645, 2336746457526, vstest.console.dll, TestPluginCache: TestHosts are 'HostProvider://DefaultTestHost,HostProvider://DotnetTestHost'.
TpTrace Verbose: 0 : 17524, 1, 2024/02/14, 14:37:06.645, 2336746457911, vstest.console.dll, TestPluginCache: DataCollectors are ''.
TpTrace Information: 0 : 17524, 1, 2024/02/14, 14:37:06.662, 2336746618436, vstest.console.dll, RunTestsArgumentProcessor:Execute: Test run is starting.
TpTrace Verbose: 0 : 17524, 1, 2024/02/14, 14:37:06.662, 2336746619445, vstest.console.dll, RunTestsArgumentProcessor:Execute: Queuing Test run.
TpTrace Information: 0 : 17524, 1, 2024/02/14, 14:37:06.662, 2336746622057, vstest.console.dll, TestRequestManager.RunTests: run tests started.
TpTrace Information: 0 : 17524, 1, 2024/02/14, 14:37:10.528, 2336785285030, vstest.console.dll, AssemblyMetadataProvider.GetFrameworkName: Determined framework:'.NETCoreApp,Version=v6.0' for source: 'C:\Users\Atanas Work\Desktop\QA Integration tests\Homies_ASP.Net_WithTestProject\Homies.Tests\bin\Debug\net6.0\fine-code-coverage\build-output\Homies.Tests.dll'
TpTrace Information: 0 : 17524, 1, 2024/02/14, 14:37:10.528, 2336785287882, vstest.console.dll, Determined framework for all sources: .NETCoreApp,Version=v6.0
TpTrace Verbose: 0 : 17524, 1, 2024/02/14, 14:37:10.529, 2336785292586, vstest.console.dll, TestRequestManager.UpdateRunSettingsIfRequired: Default architecture: X64 IsDefaultTargetArchitecture: True, Current process architecture: X64 OperatingSystem: Windows.
TpTrace Information: 0 : 17524, 1, 2024/02/14, 14:37:10.531, 2336785315382, vstest.console.dll, AssemblyMetadataProvider.GetArchitecture: Determined architecture:AnyCPU info for assembly: C:\Users\Atanas Work\Desktop\QA Integration tests\Homies_ASP.Net_WithTestProject\Homies.Tests\bin\Debug\net6.0\fine-code-coverage\build-output\Homies.Tests.dll
TpTrace Information: 0 : 17524, 1, 2024/02/14, 14:37:10.531, 2336785316461, vstest.console.dll, Determined platform for source 'C:\Users\Atanas Work\Desktop\QA Integration tests\Homies_ASP.Net_WithTestProject\Homies.Tests\bin\Debug\net6.0\fine-code-coverage\build-output\Homies.Tests.dll' was AnyCPU and it will use the default plaform X64.
TpTrace Information: 0 : 17524, 1, 2024/02/14, 14:37:10.531, 2336785317034, vstest.console.dll, None of the sources provided any runnable platform, using the default platform: X64
TpTrace Information: 0 : 17524, 1, 2024/02/14, 14:37:10.532, 2336785318655, vstest.console.dll, Platform was updated to 'X64'.
TpTrace Information: 0 : 17524, 1, 2024/02/14, 14:37:10.535, 2336785353014, vstest.console.dll, InferRunSettingsHelper.IsTestSettingsEnabled: Unable to navigate to RunSettings/MSTest. Current node: RunSettings
TpTrace Information: 0 : 17524, 1, 2024/02/14, 14:37:10.536, 2336785360301, vstest.console.dll, AssemblyResolver.OnResolve: Microsoft.VisualStudio.TestPlatform.Fakes: Resolving assembly.
TpTrace Information: 0 : 17524, 1, 2024/02/14, 14:37:10.536, 2336785361504, vstest.console.dll, AssemblyResolver.OnResolve: Microsoft.VisualStudio.TestPlatform.Fakes: Searching in: 'C:\Program Files\dotnet\sdk\8.0.101\Extensions'.
TpTrace Information: 0 : 17524, 1, 2024/02/14, 14:37:10.536, 2336785362753, vstest.console.dll, AssemblyResolver.OnResolve: Microsoft.VisualStudio.TestPlatform.Fakes: Assembly path does not exist: 'C:\Program Files\dotnet\sdk\8.0.101\Extensions\Microsoft.VisualStudio.TestPlatform.Fakes.dll', returning.
TpTrace Information: 0 : 17524, 1, 2024/02/14, 14:37:10.536, 2336785363581, vstest.console.dll, AssemblyResolver.OnResolve: Microsoft.VisualStudio.TestPlatform.Fakes: Assembly path does not exist: 'C:\Program Files\dotnet\sdk\8.0.101\Extensions\Microsoft.VisualStudio.TestPlatform.Fakes.exe', returning.
TpTrace Information: 0 : 17524, 1, 2024/02/14, 14:37:10.536, 2336785363954, vstest.console.dll, AssemblyResolver.OnResolve: Microsoft.VisualStudio.TestPlatform.Fakes: Searching in: 'C:\Program Files\dotnet\sdk\8.0.101'.
TpTrace Information: 0 : 17524, 1, 2024/02/14, 14:37:10.536, 2336785364656, vstest.console.dll, AssemblyResolver.OnResolve: Microsoft.VisualStudio.TestPlatform.Fakes: Assembly path does not exist: 'C:\Program Files\dotnet\sdk\8.0.101\Microsoft.VisualStudio.TestPlatform.Fakes.dll', returning.
TpTrace Information: 0 : 17524, 1, 2024/02/14, 14:37:10.536, 2336785365401, vstest.console.dll, AssemblyResolver.OnResolve: Microsoft.VisualStudio.TestPlatform.Fakes: Assembly path does not exist: 'C:\Program Files\dotnet\sdk\8.0.101\Microsoft.VisualStudio.TestPlatform.Fakes.exe', returning.
TpTrace Information: 0 : 17524, 1, 2024/02/14, 14:37:10.536, 2336785365906, vstest.console.dll, AssemblyResolver.OnResolve: Microsoft.VisualStudio.TestPlatform.Fakes: Failed to load assembly.
TpTrace Information: 0 : 17524, 1, 2024/02/14, 14:37:10.537, 2336785373165, vstest.console.dll, Failed to load assembly Microsoft.VisualStudio.TestPlatform.Fakes, Version=17.0.0.0, Culture=neutral. Reason:System.IO.FileNotFoundException: Could not load file or assembly 'Microsoft.VisualStudio.TestPlatform.Fakes, Version=17.0.0.0, Culture=neutral, PublicKeyToken=null'. The system cannot find the file specified.
File name: 'Microsoft.VisualStudio.TestPlatform.Fakes, Version=17.0.0.0, Culture=neutral, PublicKeyToken=null'
   at System.Reflection.RuntimeAssembly.InternalLoad(AssemblyName assemblyName, StackCrawlMark& stackMark, AssemblyLoadContext assemblyLoadContext, RuntimeAssembly requestingAssembly, Boolean throwOnFileNotFound)
   at System.Reflection.Assembly.Load(AssemblyName assemblyRef)
   at Microsoft.VisualStudio.TestPlatform.Common.Utilities.FakesUtilities.LoadTestPlatformAssembly() in /_/src/Microsoft.TestPlatform.Common/Utilities/FakesUtilities.cs:line 272
TpTrace Verbose: 0 : 17524, 1, 2024/02/14, 14:37:10.540, 2336785407078, vstest.console.dll, TestPluginCache.DiscoverTestExtensions: finding test extensions in assemblies ends with: TestLogger.dll TPluginInfo: Microsoft.VisualStudio.TestPlatform.Common.ExtensionFramework.Utilities.TestLoggerPluginInformation TExtension: Microsoft.VisualStudio.TestPlatform.ObjectModel.Client.ITestLogger
TpTrace Verbose: 0 : 17524, 1, 2024/02/14, 14:37:10.541, 2336785408342, vstest.console.dll, TestPluginCache.GetExtensionPaths: Filtered extension paths: 
TpTrace Verbose: 0 : 17524, 1, 2024/02/14, 14:37:10.541, 2336785408792, vstest.console.dll, TestPluginCache.GetExtensionPaths: Added default extension paths: C:\Program Files\dotnet\sdk\8.0.101\Extensions\Microsoft.Diagnostics.NETCore.Client.dll
C:\Program Files\dotnet\sdk\8.0.101\Extensions\Microsoft.TestPlatform.Extensions.BlameDataCollector.dll
C:\Program Files\dotnet\sdk\8.0.101\Extensions\Microsoft.TestPlatform.Extensions.EventLogCollector.dll
C:\Program Files\dotnet\sdk\8.0.101\Extensions\Microsoft.TestPlatform.TestHostRuntimeProvider.dll
C:\Program Files\dotnet\sdk\8.0.101\Extensions\Microsoft.VisualStudio.TestPlatform.Extensions.Html.TestLogger.dll
C:\Program Files\dotnet\sdk\8.0.101\Extensions\Microsoft.VisualStudio.TestPlatform.Extensions.Trx.TestLogger.dll
TpTrace Verbose: 0 : 17524, 1, 2024/02/14, 14:37:10.541, 2336785409086, vstest.console.dll, TestPluginCache.GetExtensionPaths: Added unfilterableExtensionPaths: 
TpTrace Information: 0 : 17524, 1, 2024/02/14, 14:37:10.541, 2336785410773, vstest.console.dll, AssemblyResolver.AddSearchDirectories: Adding more searchDirectories C:\Program Files\dotnet\sdk\8.0.101\Extensions,C:\Program Files\dotnet\sdk\8.0.101
TpTrace Verbose: 0 : 17524, 1, 2024/02/14, 14:37:10.541, 2336785411271, vstest.console.dll, TestPluginCache.DiscoverTestExtensions: Discovering the extensions using extension path.
TpTrace Verbose: 0 : 17524, 1, 2024/02/14, 14:37:10.541, 2336785411631, vstest.console.dll, TestPluginCache.GetExtensionPaths: Filtered extension paths: 
TpTrace Verbose: 0 : 17524, 1, 2024/02/14, 14:37:10.541, 2336785411988, vstest.console.dll, TestPluginCache.GetExtensionPaths: Added default extension paths: C:\Program Files\dotnet\sdk\8.0.101\Extensions\Microsoft.Diagnostics.NETCore.Client.dll
C:\Program Files\dotnet\sdk\8.0.101\Extensions\Microsoft.TestPlatform.Extensions.BlameDataCollector.dll
C:\Program Files\dotnet\sdk\8.0.101\Extensions\Microsoft.TestPlatform.Extensions.EventLogCollector.dll
C:\Program Files\dotnet\sdk\8.0.101\Extensions\Microsoft.TestPlatform.TestHostRuntimeProvider.dll
C:\Program Files\dotnet\sdk\8.0.101\Extensions\Microsoft.VisualStudio.TestPlatform.Extensions.Html.TestLogger.dll
C:\Program Files\dotnet\sdk\8.0.101\Extensions\Microsoft.VisualStudio.TestPlatform.Extensions.Trx.TestLogger.dll
TpTrace Verbose: 0 : 17524, 1, 2024/02/14, 14:37:10.541, 2336785412287, vstest.console.dll, TestPluginCache.GetExtensionPaths: Added unfilterableExtensionPaths: 
TpTrace Verbose: 0 : 17524, 1, 2024/02/14, 14:37:10.541, 2336785412652, vstest.console.dll, TestPluginCache.DiscoverTestExtensions: Discovering the extensions using allExtensionPaths: C:\Program Files\dotnet\sdk\8.0.101\Extensions\Microsoft.Diagnostics.NETCore.Client.dll
C:\Program Files\dotnet\sdk\8.0.101\Extensions\Microsoft.TestPlatform.Extensions.BlameDataCollector.dll
C:\Program Files\dotnet\sdk\8.0.101\Extensions\Microsoft.TestPlatform.Extensions.EventLogCollector.dll
C:\Program Files\dotnet\sdk\8.0.101\Extensions\Microsoft.TestPlatform.TestHostRuntimeProvider.dll
C:\Program Files\dotnet\sdk\8.0.101\Extensions\Microsoft.VisualStudio.TestPlatform.Extensions.Html.TestLogger.dll
C:\Program Files\dotnet\sdk\8.0.101\Extensions\Microsoft.VisualStudio.TestPlatform.Extensions.Trx.TestLogger.dll
TpTrace Information: 0 : 17524, 1, 2024/02/14, 14:37:10.541, 2336785413134, vstest.console.dll, AssemblyResolver.AddSearchDirectories: Adding more searchDirectories C:\Program Files\dotnet\sdk\8.0.101\Extensions,C:\Program Files\dotnet\sdk\8.0.101
TpTrace Information: 0 : 17524, 1, 2024/02/14, 14:37:10.541, 2336785413556, vstest.console.dll, AssemblyResolver.AddSearchDirectories: Adding more searchDirectories C:\Program Files\dotnet\sdk\8.0.101\Extensions,C:\Program Files\dotnet\sdk\8.0.101
TpTrace Information: 0 : 17524, 1, 2024/02/14, 14:37:10.541, 2336785414032, vstest.console.dll, AssemblyResolver.AddSearchDirectories: Adding more searchDirectories C:\Program Files\dotnet\sdk\8.0.101\Extensions,C:\Program Files\dotnet\sdk\8.0.101
TpTrace Information: 0 : 17524, 1, 2024/02/14, 14:37:10.541, 2336785414607, vstest.console.dll, AssemblyResolver.AddSearchDirectories: Adding more searchDirectories C:\Program Files\dotnet\sdk\8.0.101\Extensions,C:\Program Files\dotnet\sdk\8.0.101
TpTrace Information: 0 : 17524, 1, 2024/02/14, 14:37:10.541, 2336785414958, vstest.console.dll, AssemblyResolver.AddSearchDirectories: Adding more searchDirectories C:\Program Files\dotnet\sdk\8.0.101\Extensions,C:\Program Files\dotnet\sdk\8.0.101
TpTrace Information: 0 : 17524, 1, 2024/02/14, 14:37:10.541, 2336785415331, vstest.console.dll, AssemblyResolver.AddSearchDirectories: Adding more searchDirectories C:\Program Files\dotnet\sdk\8.0.101\Extensions,C:\Program Files\dotnet\sdk\8.0.101
TpTrace Verbose: 0 : 17524, 1, 2024/02/14, 14:37:10.541, 2336785416461, vstest.console.dll, MetadataReaderExtensionsHelper: Discovering extensions inside assembly 'Microsoft.Diagnostics.NETCore.Client, Version=0.2.8.21101, Culture=neutral, PublicKeyToken=31bf3856ad364e35' file path 'C:\Program Files\dotnet\sdk\8.0.101\Extensions\Microsoft.Diagnostics.NETCore.Client.dll'
TpTrace Information: 0 : 17524, 1, 2024/02/14, 14:37:10.543, 2336785428313, vstest.console.dll, AssemblyResolver.OnResolve: Microsoft.Bcl.AsyncInterfaces: Resolving assembly.
TpTrace Information: 0 : 17524, 1, 2024/02/14, 14:37:10.543, 2336785429224, vstest.console.dll, AssemblyResolver.OnResolve: Microsoft.Bcl.AsyncInterfaces: Resolved from cache.
TpTrace Verbose: 0 : 17524, 1, 2024/02/14, 14:37:10.543, 2336785429530, vstest.console.dll, CurrentDomainAssemblyResolve: Resolving assembly 'Microsoft.Bcl.AsyncInterfaces'.
TpTrace Information: 0 : 17524, 1, 2024/02/14, 14:37:10.543, 2336785430041, vstest.console.dll, AssemblyResolver.OnResolve: Microsoft.Bcl.AsyncInterfaces: Resolving assembly.
TpTrace Information: 0 : 17524, 1, 2024/02/14, 14:37:10.543, 2336785430356, vstest.console.dll, AssemblyResolver.OnResolve: Microsoft.Bcl.AsyncInterfaces: Resolved from cache.
TpTrace Verbose: 0 : 17524, 1, 2024/02/14, 14:37:10.543, 2336785430672, vstest.console.dll, CurrentDomainAssemblyResolve: Resolving assembly 'Microsoft.Bcl.AsyncInterfaces'.
TpTrace Verbose: 0 : 17524, 1, 2024/02/14, 14:37:10.543, 2336785430930, vstest.console.dll, CurrentDomainAssemblyResolve: Failed to resolve assembly 'Microsoft.Bcl.AsyncInterfaces'.
TpTrace Verbose: 0 : 17524, 1, 2024/02/14, 14:37:10.543, 2336785432433, vstest.console.dll, CurrentDomainAssemblyResolve: Failed to resolve assembly 'Microsoft.Bcl.AsyncInterfaces'.
TpTrace Warning: 0 : 17524, 1, 2024/02/14, 14:37:10.543, 2336785436158, vstest.console.dll, TestPluginDiscoverer: Failed to get types from assembly 'Microsoft.Diagnostics.NETCore.Client, Version=0.2.8.21101, Culture=neutral, PublicKeyToken=31bf3856ad364e35'. Error: System.Reflection.ReflectionTypeLoadException: Unable to load one or more of the requested types.
Could not load file or assembly 'Microsoft.Bcl.AsyncInterfaces, Version=1.0.0.0, Culture=neutral, PublicKeyToken=cc7b13ffcd2ddd51'. The system cannot find the file specified.
   at System.Reflection.RuntimeModule.GetTypes(RuntimeModule module)
   at System.Reflection.RuntimeModule.GetTypes()
   at Microsoft.VisualStudio.TestPlatform.Common.ExtensionFramework.TestPluginDiscoverer.GetTestExtensionsFromAssembly[TPluginInfo,TExtension](Assembly assembly, Dictionary`2 pluginInfos, String filePath) in /_/src/Microsoft.TestPlatform.Common/ExtensionFramework/TestPluginDiscoverer.cs:line 158
System.IO.FileNotFoundException: Could not load file or assembly 'Microsoft.Bcl.AsyncInterfaces, Version=1.0.0.0, Culture=neutral, PublicKeyToken=cc7b13ffcd2ddd51'. The system cannot find the file specified.
File name: 'Microsoft.Bcl.AsyncInterfaces, Version=1.0.0.0, Culture=neutral, PublicKeyToken=cc7b13ffcd2ddd51'
 ---> System.IO.FileNotFoundException: Could not load file or assembly 'Microsoft.Bcl.AsyncInterfaces, Culture=neutral, PublicKeyToken=null'. The system cannot find the file specified.
File name: 'Microsoft.Bcl.AsyncInterfaces, Culture=neutral, PublicKeyToken=null'
   at System.Reflection.RuntimeAssembly.InternalLoad(AssemblyName assemblyName, StackCrawlMark& stackMark, AssemblyLoadContext assemblyLoadContext, RuntimeAssembly requestingAssembly, Boolean throwOnFileNotFound)
   at System.Reflection.Assembly.Load(AssemblyName assemblyRef)
   at Microsoft.VisualStudio.TestPlatform.Common.ExtensionFramework.TestPluginCache.CurrentDomainAssemblyResolve(Object sender, AssemblyResolveEventArgs args) in /_/src/Microsoft.TestPlatform.Common/ExtensionFramework/TestPluginCache.cs:line 513
   at System.Runtime.Loader.AssemblyLoadContext.GetFirstResolvedAssemblyFromResolvingEvent(AssemblyName assemblyName)
   at System.Runtime.Loader.AssemblyLoadContext.ResolveUsingEvent(AssemblyName assemblyName)
   at System.Runtime.Loader.AssemblyLoadContext.ResolveUsingResolvingEvent(IntPtr gchManagedAssemblyLoadContext, AssemblyName assemblyName)
TpTrace Warning: 0 : 17524, 1, 2024/02/14, 14:37:10.544, 2336785438133, vstest.console.dll, LoaderExceptions: System.IO.FileNotFoundException: Could not load file or assembly 'Microsoft.Bcl.AsyncInterfaces, Version=1.0.0.0, Culture=neutral, PublicKeyToken=cc7b13ffcd2ddd51'. The system cannot find the file specified.
File name: 'Microsoft.Bcl.AsyncInterfaces, Version=1.0.0.0, Culture=neutral, PublicKeyToken=cc7b13ffcd2ddd51'
 ---> System.IO.FileNotFoundException: Could not load file or assembly 'Microsoft.Bcl.AsyncInterfaces, Culture=neutral, PublicKeyToken=null'. The system cannot find the file specified.
File name: 'Microsoft.Bcl.AsyncInterfaces, Culture=neutral, PublicKeyToken=null'
   at System.Reflection.RuntimeAssembly.InternalLoad(AssemblyName assemblyName, StackCrawlMark& stackMark, AssemblyLoadContext assemblyLoadContext, RuntimeAssembly requestingAssembly, Boolean throwOnFileNotFound)
   at System.Reflection.Assembly.Load(AssemblyName assemblyRef)
   at Microsoft.VisualStudio.TestPlatform.Common.ExtensionFramework.TestPluginCache.CurrentDomainAssemblyResolve(Object sender, AssemblyResolveEventArgs args) in /_/src/Microsoft.TestPlatform.Common/ExtensionFramework/TestPluginCache.cs:line 513
   at System.Runtime.Loader.AssemblyLoadContext.GetFirstResolvedAssemblyFromResolvingEvent(AssemblyName assemblyName)
   at System.Runtime.Loader.AssemblyLoadContext.ResolveUsingEvent(AssemblyName assemblyName)
   at System.Runtime.Loader.AssemblyLoadContext.ResolveUsingResolvingEvent(IntPtr gchManagedAssemblyLoadContext, AssemblyName assemblyName)
TpTrace Verbose: 0 : 17524, 1, 2024/02/14, 14:37:10.544, 2336785439179, vstest.console.dll, MetadataReaderExtensionsHelper: Discovering extensions inside assembly 'Microsoft.TestPlatform.Extensions.BlameDataCollector, Version=15.0.0.0, Culture=neutral, PublicKeyToken=b03f5f7f11d50a3a' file path 'C:\Program Files\dotnet\sdk\8.0.101\Extensions\Microsoft.TestPlatform.Extensions.BlameDataCollector.dll'
TpTrace Information: 0 : 17524, 1, 2024/02/14, 14:37:10.545, 2336785451513, vstest.console.dll, GetTestExtensionFromType: Register extension with identifier data 'logger://Microsoft/TestPlatform/Extensions/Blame/v1' and type 'Microsoft.TestPlatform.Extensions.BlameDataCollector.BlameLogger, Microsoft.TestPlatform.Extensions.BlameDataCollector, Version=15.0.0.0, Culture=neutral, PublicKeyToken=b03f5f7f11d50a3a' inside file 'C:\Program Files\dotnet\sdk\8.0.101\Extensions\Microsoft.TestPlatform.Extensions.BlameDataCollector.dll'
TpTrace Verbose: 0 : 17524, 1, 2024/02/14, 14:37:10.545, 2336785453586, vstest.console.dll, MetadataReaderExtensionsHelper: Discovering extensions inside assembly 'Microsoft.TestPlatform.Extensions.EventLogCollector, Version=15.0.0.0, Culture=neutral, PublicKeyToken=b03f5f7f11d50a3a' file path 'C:\Program Files\dotnet\sdk\8.0.101\Extensions\Microsoft.TestPlatform.Extensions.EventLogCollector.dll'
TpTrace Verbose: 0 : 17524, 1, 2024/02/14, 14:37:10.546, 2336785462888, vstest.console.dll, MetadataReaderExtensionsHelper: Discovering extensions inside assembly 'Microsoft.TestPlatform.TestHostRuntimeProvider, Version=15.0.0.0, Culture=neutral, PublicKeyToken=b03f5f7f11d50a3a' file path 'C:\Program Files\dotnet\sdk\8.0.101\Extensions\Microsoft.TestPlatform.TestHostRuntimeProvider.dll'
TpTrace Verbose: 0 : 17524, 1, 2024/02/14, 14:37:10.547, 2336785470661, vstest.console.dll, MetadataReaderExtensionsHelper: Discovering extensions inside assembly 'Microsoft.VisualStudio.TestPlatform.Extensions.Html.TestLogger, Version=15.0.0.0, Culture=neutral, PublicKeyToken=b03f5f7f11d50a3a' file path 'C:\Program Files\dotnet\sdk\8.0.101\Extensions\Microsoft.VisualStudio.TestPlatform.Extensions.Html.TestLogger.dll'
TpTrace Information: 0 : 17524, 1, 2024/02/14, 14:37:10.548, 2336785480903, vstest.console.dll, GetTestExtensionFromType: Register extension with identifier data 'logger://Microsoft/TestPlatform/HtmlLogger/v1' and type 'Microsoft.VisualStudio.TestPlatform.Extensions.HtmlLogger.HtmlLogger, Microsoft.VisualStudio.TestPlatform.Extensions.Html.TestLogger, Version=15.0.0.0, Culture=neutral, PublicKeyToken=b03f5f7f11d50a3a' inside file 'C:\Program Files\dotnet\sdk\8.0.101\Extensions\Microsoft.VisualStudio.TestPlatform.Extensions.Html.TestLogger.dll'
TpTrace Verbose: 0 : 17524, 1, 2024/02/14, 14:37:10.548, 2336785482186, vstest.console.dll, MetadataReaderExtensionsHelper: Discovering extensions inside assembly 'Microsoft.VisualStudio.TestPlatform.Extensions.Trx.TestLogger, Version=15.0.0.0, Culture=neutral, PublicKeyToken=b03f5f7f11d50a3a' file path 'C:\Program Files\dotnet\sdk\8.0.101\Extensions\Microsoft.VisualStudio.TestPlatform.Extensions.Trx.TestLogger.dll'
TpTrace Information: 0 : 17524, 1, 2024/02/14, 14:37:10.549, 2336785490503, vstest.console.dll, GetTestExtensionFromType: Register extension with identifier data 'logger://Microsoft/TestPlatform/TrxLogger/v1' and type 'Microsoft.VisualStudio.TestPlatform.Extensions.TrxLogger.TrxLogger, Microsoft.VisualStudio.TestPlatform.Extensions.Trx.TestLogger, Version=15.0.0.0, Culture=neutral, PublicKeyToken=b03f5f7f11d50a3a' inside file 'C:\Program Files\dotnet\sdk\8.0.101\Extensions\Microsoft.VisualStudio.TestPlatform.Extensions.Trx.TestLogger.dll'
TpTrace Verbose: 0 : 17524, 1, 2024/02/14, 14:37:10.549, 2336785491947, vstest.console.dll, TestPluginCache: Discovered the extensions using extension path ''.
TpTrace Verbose: 0 : 17524, 1, 2024/02/14, 14:37:10.549, 2336785492713, vstest.console.dll, TestPluginCache: Discoverers are ''.
TpTrace Verbose: 0 : 17524, 1, 2024/02/14, 14:37:10.549, 2336785493145, vstest.console.dll, TestPluginCache: Executors are ''.
TpTrace Verbose: 0 : 17524, 1, 2024/02/14, 14:37:10.549, 2336785493534, vstest.console.dll, TestPluginCache: Executors2 are ''.
TpTrace Verbose: 0 : 17524, 1, 2024/02/14, 14:37:10.549, 2336785493976, vstest.console.dll, TestPluginCache: Setting providers are ''.
TpTrace Verbose: 0 : 17524, 1, 2024/02/14, 14:37:10.549, 2336785495054, vstest.console.dll, TestPluginCache: Loggers are 'logger://Microsoft/TestPlatform/Extensions/Blame/v1,logger://Microsoft/TestPlatform/HtmlLogger/v1,logger://Microsoft/TestPlatform/TrxLogger/v1'.
TpTrace Verbose: 0 : 17524, 1, 2024/02/14, 14:37:10.549, 2336785495910, vstest.console.dll, TestPluginCache: TestHosts are 'HostProvider://DefaultTestHost,HostProvider://DotnetTestHost'.
TpTrace Verbose: 0 : 17524, 1, 2024/02/14, 14:37:10.549, 2336785496395, vstest.console.dll, TestPluginCache: DataCollectors are ''.
TpTrace Information: 0 : 17524, 1, 2024/02/14, 14:37:10.550, 2336785506690, vstest.console.dll, TestPluginManager.CreateTestExtension: Attempting to load test extension: Microsoft.TestPlatform.Extensions.BlameDataCollector.BlameLogger
TpTrace Verbose: 0 : 17524, 1, 2024/02/14, 14:37:10.560, 2336785598320, vstest.console.dll, TestEngine: Initializing Parallel Execution as MaxCpuCount is set to: 1
TpTrace Information: 0 : 17524, 1, 2024/02/14, 14:37:10.561, 2336785614426, vstest.console.dll, TestPluginManager.CreateTestExtension: Attempting to load test extension: Microsoft.VisualStudio.TestPlatform.CrossPlatEngine.Hosting.DefaultTestHostManager
TpTrace Information: 0 : 17524, 1, 2024/02/14, 14:37:10.562, 2336785627891, vstest.console.dll, TestPluginManager.CreateTestExtension: Attempting to load test extension: Microsoft.VisualStudio.TestPlatform.CrossPlatEngine.Hosting.DotnetTestHostManager
TpTrace Information: 0 : 17524, 1, 2024/02/14, 14:37:10.565, 2336785655980, vstest.console.dll, InferRunSettingsHelper.IsTestSettingsEnabled: Unable to navigate to RunSettings/MSTest. Current node: RunSettings
TpTrace Verbose: 0 : 17524, 1, 2024/02/14, 14:37:10.566, 2336785663145, vstest.console.dll, ParallelOperationManager.ClearSlots: Clearing all slots. Slots should accept more work: True
TpTrace Verbose: 0 : 17524, 1, 2024/02/14, 14:37:10.567, 2336785669640, vstest.console.dll, ParallelOperationManager.SetOccupiedSlotCount: Setting slot counts AvailableSlotCount = 1, OccupiedSlotCount = 0.
TpTrace Verbose: 0 : 17524, 1, 2024/02/14, 14:37:10.567, 2336785672959, vstest.console.dll, Occupied slots:

TpTrace Verbose: 0 : 17524, 1, 2024/02/14, 14:37:10.570, 2336785703861, vstest.console.dll, TestEngine.GetExecutionManager: Chosen execution manager 'Microsoft.VisualStudio.TestPlatform.CrossPlatEngine.Client.Parallel.ParallelProxyExecutionManager, Microsoft.TestPlatform.CrossPlatEngine, Version=15.0.0.0, Culture=neutral, PublicKeyToken=b03f5f7f11d50a3a' ParallelLevel '1'.
TpTrace Verbose: 0 : 17524, 1, 2024/02/14, 14:37:10.570, 2336785705738, vstest.console.dll, TestRunRequest.ExecuteAsync: Creating test run request.
TpTrace Verbose: 0 : 17524, 1, 2024/02/14, 14:37:10.571, 2336785708705, vstest.console.dll, TestRunRequest.ExecuteAsync: Starting.
TpTrace Information: 0 : 17524, 1, 2024/02/14, 14:37:10.572, 2336785720328, vstest.console.dll, TestRunRequest.ExecuteAsync: Starting run with settings:TestRunCriteria:
   KeepAlive=False,FrequencyOfRunStatsChangeEvent=10,RunStatsChangeEventTimeout=00:00:01.5000000,TestCaseFilter=,TestExecutorLauncher=
   Settingsxml=<RunSettings>
  <RunConfiguration>
    <ResultsDirectory>C:\Users\Atanas Work\Desktop\QA Integration tests\Homies_ASP.Net_WithTestProject\Homies.Tests\bin\Debug\net6.0\fine-code-coverage\coverage-tool-output</ResultsDirectory>
    <TargetPlatform>X64</TargetPlatform>
    <TargetFrameworkVersion>.NETCoreApp,Version=v6.0</TargetFrameworkVersion>
    <DesignMode>False</DesignMode>
    <CollectSourceInformation>False</CollectSourceInformation>
  </RunConfiguration>
  <LoggerRunSettings>
    <Loggers>
      <Logger friendlyName="blame" enabled="True" />
      <Logger friendlyName="Console" uri="logger://microsoft/TestPlatform/ConsoleLogger/v1" assemblyQualifiedName="Microsoft.VisualStudio.TestPlatform.CommandLine.Internal.ConsoleLogger, vstest.console, Version=15.0.0.0, Culture=neutral, PublicKeyToken=b03f5f7f11d50a3a" codeBase="C:\Program Files\dotnet\sdk\8.0.101\vstest.console.dll" enabled="True" />
    </Loggers>
  </LoggerRunSettings>
  <DataCollectionRunSettings>
    <DataCollectors>
      <DataCollector friendlyName="blame" enabled="True">
        <Configuration>
          <ResultsDirectory>C:\Users\Atanas Work\Desktop\QA Integration tests\Homies_ASP.Net_WithTestProject\Homies.Tests\bin\Debug\net6.0\fine-code-coverage\coverage-tool-output</ResultsDirectory>
        </Configuration>
      </DataCollector>
    </DataCollectors>
  </DataCollectionRunSettings>
</RunSettings>

TpTrace Verbose: 0 : 17524, 1, 2024/02/14, 14:37:10.572, 2336785721287, vstest.console.dll, TestRunRequest.ExecuteAsync: Wait for the first run request is over.
TpTrace Verbose: 0 : 17524, 1, 2024/02/14, 14:37:10.572, 2336785725716, vstest.console.dll, MulticastDelegateUtilities.SafeInvoke: TestRun.TestRunStart: Invoking callbacks was skipped because there are no subscribers.
TpTrace Verbose: 0 : 17524, 4, 2024/02/14, 14:37:10.573, 2336785728028, vstest.console.dll, MulticastDelegateUtilities.SafeInvoke: InternalTestLoggerEvents.SendTestRunStart: Invoking callback 1/1 for Microsoft.VisualStudio.TestPlatform.CommandLine.Internal.ConsoleLogger., took 0 ms.
TpTrace Verbose: 0 : 17524, 1, 2024/02/14, 14:37:10.574, 2336785738022, vstest.console.dll, ParallelProxyExecutionManager: Start execution. Total sources: 1
TpTrace Verbose: 0 : 17524, 1, 2024/02/14, 14:37:10.574, 2336785741821, vstest.console.dll, ParallelOperationManager.StartWork: Starting adding 1 workloads.
TpTrace Verbose: 0 : 17524, 1, 2024/02/14, 14:37:10.574, 2336785742508, vstest.console.dll, ParallelOperationManager.ClearSlots: Clearing all slots. Slots should accept more work: True
TpTrace Verbose: 0 : 17524, 1, 2024/02/14, 14:37:10.574, 2336785743203, vstest.console.dll, ParallelOperationManager.SetOccupiedSlotCount: Setting slot counts AvailableSlotCount = 1, OccupiedSlotCount = 0.
TpTrace Verbose: 0 : 17524, 1, 2024/02/14, 14:37:10.574, 2336785743624, vstest.console.dll, Occupied slots:

TpTrace Verbose: 0 : 17524, 1, 2024/02/14, 14:37:10.575, 2336785757604, vstest.console.dll, TestRequestSender is acting as server.
TpTrace Verbose: 0 : 17524, 1, 2024/02/14, 14:37:10.577, 2336785769595, vstest.console.dll, ParallelOperationManager.RunWorkInParallel: Adding 1 workload to slot, remaining workloads 0.
TpTrace Verbose: 0 : 17524, 1, 2024/02/14, 14:37:10.577, 2336785770660, vstest.console.dll, ParallelOperationManager.SetOccupiedSlotCount: Setting slot counts AvailableSlotCount = 0, OccupiedSlotCount = 1.
TpTrace Verbose: 0 : 17524, 1, 2024/02/14, 14:37:10.577, 2336785771869, vstest.console.dll, Occupied slots:
0: C:\Users\Atanas Work\Desktop\QA Integration tests\Homies_ASP.Net_WithTestProject\Homies.Tests\bin\Debug\net6.0\fine-code-coverage\build-output\Homies.Tests.dll
TpTrace Verbose: 0 : 17524, 1, 2024/02/14, 14:37:10.578, 2336785782070, vstest.console.dll, ParallelOperationManager.RunWorkInParallel: Started host in slot number 0 for work (source): C:\Users\Atanas Work\Desktop\QA Integration tests\Homies_ASP.Net_WithTestProject\Homies.Tests\bin\Debug\net6.0\fine-code-coverage\build-output\Homies.Tests.dll.
TpTrace Verbose: 0 : 17524, 1, 2024/02/14, 14:37:10.579, 2336785791540, vstest.console.dll, ParallelOperationManager.RunWorkInParallel: We started 1 work items, which is the max parallel level. Won't start more work.
TpTrace Verbose: 0 : 17524, 5, 2024/02/14, 14:37:10.579, 2336785792796, vstest.console.dll, ParallelProxyExecutionManager.StartTestRunOnConcurrentManager: Initializing uninitialized client. Started clients: 0
TpTrace Verbose: 0 : 17524, 1, 2024/02/14, 14:37:10.579, 2336785792959, vstest.console.dll, ParallelOperationManager.RunWorkInParallel: We started 1 work items in here, returning True.
TpTrace Information: 0 : 17524, 1, 2024/02/14, 14:37:10.579, 2336785794055, vstest.console.dll, TestRunRequest.ExecuteAsync: Started.
TpTrace Verbose: 0 : 17524, 5, 2024/02/14, 14:37:10.579, 2336785794552, vstest.console.dll, DataCollectionRequestSender.InitializeCommunication : Initialize communication. 
TpTrace Verbose: 0 : 17524, 1, 2024/02/14, 14:37:10.580, 2336785802266, vstest.console.dll, TestRunRequest.WaitForCompletion: Waiting with timeout -1.
TpTrace Information: 0 : 17524, 5, 2024/02/14, 14:37:10.587, 2336785868501, vstest.console.dll, Listening on Endpoint : 127.0.0.1:58787
TpTrace Verbose: 0 : 17524, 5, 2024/02/14, 14:37:10.593, 2336785929879, vstest.console.dll, DotnetDataCollectionLauncher: Adding  --runtimeconfig "C:\Program Files\dotnet\sdk\8.0.101\datacollector.runtimeconfig.json" in args
TpTrace Verbose: 0 : 17524, 5, 2024/02/14, 14:37:10.593, 2336785931405, vstest.console.dll, DotnetDataCollectionLauncher: Adding  --depsfile "C:\Program Files\dotnet\sdk\8.0.101\datacollector.deps.json" in args
TpTrace Verbose: 0 : 17524, 5, 2024/02/14, 14:37:10.593, 2336785932884, vstest.console.dll, DotnetDataCollectionLauncher: Full path of dotnet.exe is C:\Program Files\dotnet\dotnet.exe
TpTrace Information: 0 : 17524, 5, 2024/02/14, 14:37:10.601, 2336786008666, vstest.console.dll, ProxyDataCollectionManager.Initialize: Launched datacollector processId: 29488 port: 58787
TpTrace Information: 0 : 17524, 5, 2024/02/14, 14:37:10.601, 2336786010277, vstest.console.dll, ProxyDataCollectionManager.Initialize: waiting for connection with timeout: 90 seconds
TpTrace Verbose: 0 : 17524, 5, 2024/02/14, 14:37:10.601, 2336786010881, vstest.console.dll, DataCollectionRequestSender.WaitForRequestHandlerConnection : Waiting for connection with timeout: 90000
TpTrace Information: 0 : 17524, 7, 2024/02/14, 14:37:10.765, 2336787652159, vstest.console.dll, Using the buffer size of 16384 bytes
TpTrace Verbose: 0 : 17524, 5, 2024/02/14, 14:37:10.765, 2336787652471, vstest.console.dll, SocketCommunicationManager.WaitForClientConnection took: 164 ms, with 90000 ms timeout, and finished with True.
TpTrace Information: 0 : 17524, 7, 2024/02/14, 14:37:10.765, 2336787653503, vstest.console.dll, Accepted Client request and set the flag
TpTrace Verbose: 0 : 17524, 5, 2024/02/14, 14:37:10.765, 2336787655049, vstest.console.dll, ProxyDataCollectionManager.InvokeDataCollectionServiceAction: Starting.
TpTrace Information: 0 : 17524, 5, 2024/02/14, 14:37:10.765, 2336787656263, vstest.console.dll, ProxyDataCollectionManager.BeforeTestRunStart: Get environment variable and port for datacollector processId: 29488 port: 58787
TpTrace Verbose: 0 : 17524, 5, 2024/02/14, 14:37:10.765, 2336787657660, vstest.console.dll, DataCollectionRequestSender.SendBeforeTestRunStartAndGetResult: Send BeforeTestRunStart message with settingsXml <RunSettings><RunConfiguration><ResultsDirectory>C:\Users\Atanas Work\Desktop\QA Integration tests\Homies_ASP.Net_WithTestProject\Homies.Tests\bin\Debug\net6.0\fine-code-coverage\coverage-tool-output</ResultsDirectory><TargetPlatform>X64</TargetPlatform><TargetFrameworkVersion>.NETCoreApp,Version=v6.0</TargetFrameworkVersion><DesignMode>False</DesignMode><CollectSourceInformation>False</CollectSourceInformation><TestAdaptersPaths>C:\Program Files\dotnet\sdk\8.0.101\Extensions</TestAdaptersPaths></RunConfiguration><LoggerRunSettings><Loggers><Logger friendlyName="blame" enabled="True" /><Logger friendlyName="Console" uri="logger://microsoft/TestPlatform/ConsoleLogger/v1" assemblyQualifiedName="Microsoft.VisualStudio.TestPlatform.CommandLine.Internal.ConsoleLogger, vstest.console, Version=15.0.0.0, Culture=neutral, PublicKeyToken=b03f5f7f11d50a3a" codeBase="C:\Program Files\dotnet\sdk\8.0.101\vstest.console.dll" enabled="True" /></Loggers></LoggerRunSettings><DataCollectionRunSettings><DataCollectors><DataCollector friendlyName="blame" enabled="True"><Configuration><ResultsDirectory>C:\Users\Atanas Work\Desktop\QA Integration tests\Homies_ASP.Net_WithTestProject\Homies.Tests\bin\Debug\net6.0\fine-code-coverage\coverage-tool-output</ResultsDirectory></Configuration></DataCollector></DataCollectors></DataCollectionRunSettings></RunSettings> and sources System.Collections.Generic.List`1[System.String]: 
TpTrace Verbose: 0 : 17524, 5, 2024/02/14, 14:37:10.828, 2336788278342, vstest.console.dll, DataCollectionRequestSender.SendBeforeTestRunStartAndGetResult: Received message: (DataCollection.SendMessage) -> {"MessageType":"DataCollection.SendMessage","Payload":{"FriendlyName":null,"Uri":null,"TestCaseId":"00000000-0000-0000-0000-000000000000","Message":"Logging DataCollector Diagnostics in file: C:\\Users\\Atanas Work\\Desktop\\QA Integration tests\\Homies_ASP.Net_WithTestProject\\Homies.Tests\\bin\\Debug\\net6.0\\fine-code-coverage\\coverage-tool-output\\diagnostics.datacollector.24-02-14_14-37-10_59288_5.log","Level":0}}
TpTrace Verbose: 0 : 17524, 5, 2024/02/14, 14:37:10.924, 2336789239573, vstest.console.dll, DataCollectionRequestSender.SendBeforeTestRunStartAndGetResult: Received message: (DataCollection.BeforeTestRunStartResult) -> {"MessageType":"DataCollection.BeforeTestRunStartResult","Payload":{"EnvironmentVariables":{},"DataCollectionEventsPort":58789}}
TpTrace Information: 0 : 17524, 5, 2024/02/14, 14:37:10.929, 2336789295917, vstest.console.dll, ProxyDataCollectionManager.BeforeTestRunStart: SendBeforeTestRunStartAndGetResult successful, env variable from datacollector:   and testhost port: 58789
TpTrace Information: 0 : 17524, 5, 2024/02/14, 14:37:10.929, 2336789297237, vstest.console.dll, ProxyDataCollectionManager.InvokeDataCollectionServiceAction: Completed.
TpTrace Verbose: 0 : 17524, 5, 2024/02/14, 14:37:10.929, 2336789297673, vstest.console.dll, ParallelProxyExecutionManager.StartTestRunOnConcurrentManager: Initializing test run. Started clients: 0
TpTrace Verbose: 0 : 17524, 5, 2024/02/14, 14:37:10.930, 2336789298761, vstest.console.dll, ProxyExecutionManager: Test host is always Lazy initialize.
TpTrace Verbose: 0 : 17524, 5, 2024/02/14, 14:37:10.930, 2336789301282, vstest.console.dll, TestRequestSender.InitializeCommunication: initialize communication. 
TpTrace Information: 0 : 17524, 5, 2024/02/14, 14:37:10.930, 2336789306648, vstest.console.dll, SocketServer.Start: Listening on endpoint : 127.0.0.1:58790
TpTrace Verbose: 0 : 17524, 5, 2024/02/14, 14:37:10.931, 2336789313636, vstest.console.dll, DotnetTestHostmanager.GetTestHostProcessStartInfo: Platform environment 'X64' target architecture 'X64' framework '.NETCoreApp,Version=v6.0' OS 'Windows'
TpTrace Verbose: 0 : 17524, 5, 2024/02/14, 14:37:10.931, 2336789316238, vstest.console.dll, DotnetTestHostmanager: Adding  --runtimeconfig "C:\Users\Atanas Work\Desktop\QA Integration tests\Homies_ASP.Net_WithTestProject\Homies.Tests\bin\Debug\net6.0\fine-code-coverage\build-output\Homies.Tests.runtimeconfig.json" in args
TpTrace Verbose: 0 : 17524, 5, 2024/02/14, 14:37:10.931, 2336789317338, vstest.console.dll, DotnetTestHostmanager: Adding  --depsfile "C:\Users\Atanas Work\Desktop\QA Integration tests\Homies_ASP.Net_WithTestProject\Homies.Tests\bin\Debug\net6.0\fine-code-coverage\build-output\Homies.Tests.deps.json" in args
TpTrace Verbose: 0 : 17524, 5, 2024/02/14, 14:37:10.932, 2336789319210, vstest.console.dll, DotnetTestHostmanager.IsWinOnArm: Current PROCESSOR_ARCHITECTURE from environment variable 'AMD64'
TpTrace Verbose: 0 : 17524, 5, 2024/02/14, 14:37:10.932, 2336789319766, vstest.console.dll, DotnetTestHostmanager.IsWinOnArm: Is Windows on ARM 'False'
TpTrace Verbose: 0 : 17524, 5, 2024/02/14, 14:37:10.932, 2336789320649, vstest.console.dll, DotnetTestHostManager: testhost.exe found at path: C:\Users\Atanas Work\Desktop\QA Integration tests\Homies_ASP.Net_WithTestProject\Homies.Tests\bin\Debug\net6.0\fine-code-coverage\build-output\testhost.exe
TpTrace Verbose: 0 : 17524, 5, 2024/02/14, 14:37:10.932, 2336789321069, vstest.console.dll, DotnetTestHostmanager: Full path of host exe is C:\Users\Atanas Work\Desktop\QA Integration tests\Homies_ASP.Net_WithTestProject\Homies.Tests\bin\Debug\net6.0\fine-code-coverage\build-output\testhost.exe
TpTrace Verbose: 0 : 17524, 5, 2024/02/14, 14:37:10.932, 2336789322174, vstest.console.dll, DotnetTestHostmanager.LaunchTestHostAsync: Found 'VSTEST_WINAPPHOST_DOTNET_ROOT' in env variables, value 'C:\Program Files\dotnet', forwarding to 'DOTNET_ROOT'
TpTrace Verbose: 0 : 17524, 5, 2024/02/14, 14:37:10.932, 2336789323775, vstest.console.dll, DotnetTestHostManager: Starting process 'C:\Users\Atanas Work\Desktop\QA Integration tests\Homies_ASP.Net_WithTestProject\Homies.Tests\bin\Debug\net6.0\fine-code-coverage\build-output\testhost.exe' with command line ' --runtimeconfig "C:\Users\Atanas Work\Desktop\QA Integration tests\Homies_ASP.Net_WithTestProject\Homies.Tests\bin\Debug\net6.0\fine-code-coverage\build-output\Homies.Tests.runtimeconfig.json" --depsfile "C:\Users\Atanas Work\Desktop\QA Integration tests\Homies_ASP.Net_WithTestProject\Homies.Tests\bin\Debug\net6.0\fine-code-coverage\build-output\Homies.Tests.deps.json" --port 58790 --endpoint 127.0.0.1:058790 --role client --parentprocessid 17524 --diag "C:\Users\Atanas Work\Desktop\QA Integration tests\Homies_ASP.Net_WithTestProject\Homies.Tests\bin\Debug\net6.0\fine-code-coverage\coverage-tool-output\diagnostics.host.24-02-14_14-37-10_93122_5.log" --tracelevel 4 --datacollectionport 58789 --telemetryoptedin false'
TpTrace Verbose: 0 : 17524, 5, 2024/02/14, 14:37:10.943, 2336789430094, vstest.console.dll, MulticastDelegateUtilities.SafeInvoke: HostProviderEvents.OnHostLaunched: Invoking callback 1/2 for Microsoft.VisualStudio.TestPlatform.CrossPlatEngine.Client.ProxyExecutionManagerWithDataCollection., took 1 ms.
TpTrace Verbose: 0 : 17524, 5, 2024/02/14, 14:37:10.943, 2336789435119, vstest.console.dll, Test Runtime launched
TpTrace Verbose: 0 : 17524, 5, 2024/02/14, 14:37:10.943, 2336789436814, vstest.console.dll, MulticastDelegateUtilities.SafeInvoke: HostProviderEvents.OnHostLaunched: Invoking callback 2/2 for Microsoft.VisualStudio.TestPlatform.CrossPlatEngine.Client.ProxyOperationManager., took 0 ms.
TpTrace Verbose: 0 : 17524, 5, 2024/02/14, 14:37:10.944, 2336789438769, vstest.console.dll, TestRequestSender.WaitForRequestHandlerConnection: waiting for connection with timeout: 90000.
TpTrace Verbose: 0 : 17524, 7, 2024/02/14, 14:37:11.156, 2336791563595, vstest.console.dll, MulticastDelegateUtilities.SafeInvoke: SocketServer: ClientConnected: Invoking callback 1/1 for Microsoft.VisualStudio.TestPlatform.CommunicationUtilities.TestRequestSender., took 0 ms.
TpTrace Verbose: 0 : 17524, 5, 2024/02/14, 14:37:11.156, 2336791563597, vstest.console.dll, TestRequestSender.WaitForRequestHandlerConnection: waiting took 212 ms, with timeout 90000 ms, and result 0, which is success.
TpTrace Verbose: 0 : 17524, 7, 2024/02/14, 14:37:11.156, 2336791564917, vstest.console.dll, SocketServer.OnClientConnected: Client connected for endPoint: 127.0.0.1:58790, starting MessageLoopAsync:
TpTrace Verbose: 0 : 17524, 13, 2024/02/14, 14:37:11.157, 2336791573817, vstest.console.dll, TcpClientExtensions.MessageLoopAsync: Polling on remoteEndPoint: 127.0.0.1:58791 localEndPoint: 127.0.0.1:58790
TpTrace Verbose: 0 : 17524, 5, 2024/02/14, 14:37:11.157, 2336791577256, vstest.console.dll, TestRequestSender.CheckVersionWithTestHost: Sending check version message: {"MessageType":"ProtocolVersion","Payload":7}
TpTrace Verbose: 0 : 17524, 13, 2024/02/14, 14:37:11.303, 2336793029571, vstest.console.dll, TcpClientExtensions.MessageLoopAsync: NotifyDataAvailable remoteEndPoint: 127.0.0.1:58791 localEndPoint: 127.0.0.1:58790
TpTrace Verbose: 0 : 17524, 13, 2024/02/14, 14:37:11.303, 2336793032288, vstest.console.dll, TestRequestSender.CheckVersionWithTestHost: onMessageReceived received message: (ProtocolVersion) -> {"MessageType":"ProtocolVersion","Payload":7}
TpTrace Verbose: 0 : 17524, 13, 2024/02/14, 14:37:11.304, 2336793040252, vstest.console.dll, MulticastDelegateUtilities.SafeInvoke: LengthPrefixCommunicationChannel: MessageReceived: Invoking callback 1/1 for Microsoft.VisualStudio.TestPlatform.CommunicationUtilities.TestRequestSender+<>c__DisplayClass29_0., took 0 ms.
TpTrace Verbose: 0 : 17524, 5, 2024/02/14, 14:37:11.304, 2336793041033, vstest.console.dll, TestPluginCache.GetExtensionPaths: Filtered extension paths: 
TpTrace Verbose: 0 : 17524, 13, 2024/02/14, 14:37:11.304, 2336793041736, vstest.console.dll, TcpClientExtensions.MessageLoopAsync: Polling on remoteEndPoint: 127.0.0.1:58791 localEndPoint: 127.0.0.1:58790
TpTrace Verbose: 0 : 17524, 5, 2024/02/14, 14:37:11.304, 2336793042489, vstest.console.dll, TestPluginCache.GetExtensionPaths: Added default extension paths: C:\Program Files\dotnet\sdk\8.0.101\Extensions\Microsoft.Diagnostics.NETCore.Client.dll
C:\Program Files\dotnet\sdk\8.0.101\Extensions\Microsoft.TestPlatform.Extensions.BlameDataCollector.dll
C:\Program Files\dotnet\sdk\8.0.101\Extensions\Microsoft.TestPlatform.Extensions.EventLogCollector.dll
C:\Program Files\dotnet\sdk\8.0.101\Extensions\Microsoft.TestPlatform.TestHostRuntimeProvider.dll
C:\Program Files\dotnet\sdk\8.0.101\Extensions\Microsoft.VisualStudio.TestPlatform.Extensions.Html.TestLogger.dll
C:\Program Files\dotnet\sdk\8.0.101\Extensions\Microsoft.VisualStudio.TestPlatform.Extensions.Trx.TestLogger.dll
TpTrace Verbose: 0 : 17524, 5, 2024/02/14, 14:37:11.304, 2336793042927, vstest.console.dll, TestPluginCache.GetExtensionPaths: Added unfilterableExtensionPaths: 
TpTrace Verbose: 0 : 17524, 5, 2024/02/14, 14:37:11.307, 2336793072554, vstest.console.dll, TestRequestSender.InitializeExecution: Sending initialize execution with message: {"Version":7,"MessageType":"TestExecution.Initialize","Payload":["C:\\Users\\Atanas Work\\Desktop\\QA Integration tests\\Homies_ASP.Net_WithTestProject\\Homies.Tests\\bin\\Debug\\net6.0\\fine-code-coverage\\build-output\\NUnit3.TestAdapter.dll"]}
TpTrace Verbose: 0 : 17524, 5, 2024/02/14, 14:37:11.307, 2336793074867, vstest.console.dll, ParallelProxyExecutionManager.StartTestRunOnConcurrentManager: Execution starting. Started clients: 1
TpTrace Verbose: 0 : 17524, 5, 2024/02/14, 14:37:11.307, 2336793077633, vstest.console.dll, TestRunRequest:SendTestRunMessage: Starting.
TpTrace Verbose: 0 : 17524, 5, 2024/02/14, 14:37:11.308, 2336793079093, vstest.console.dll, MulticastDelegateUtilities.SafeInvoke: TestRun.LogMessages: Invoking callback 1/1 for Microsoft.VisualStudio.TestPlatform.CommandLine.TestRunResultAggregator., took 0 ms.
TpTrace Information: 0 : 17524, 5, 2024/02/14, 14:37:11.308, 2336793079470, vstest.console.dll, TestRunRequest:SendTestRunMessage: Completed.
TpTrace Verbose: 0 : 17524, 4, 2024/02/14, 14:37:11.308, 2336793081746, vstest.console.dll, MulticastDelegateUtilities.SafeInvoke: InternalTestLoggerEvents.SendTestRunMessage: Invoking callback 1/1 for Microsoft.VisualStudio.TestPlatform.CommandLine.Internal.ConsoleLogger., took 0 ms.
TpTrace Warning: 0 : 17524, 5, 2024/02/14, 14:37:11.308, 2336793082722, vstest.console.dll, InferRunSettingsHelper.MakeRunsettingsCompatible: Removing the following settings: TargetPlatform from RunSettings file. To use those settings please move to latest version of Microsoft.NET.Test.Sdk
TpTrace Verbose: 0 : 17524, 13, 2024/02/14, 14:37:11.311, 2336793112867, vstest.console.dll, TcpClientExtensions.MessageLoopAsync: NotifyDataAvailable remoteEndPoint: 127.0.0.1:58791 localEndPoint: 127.0.0.1:58790
TpTrace Verbose: 0 : 17524, 13, 2024/02/14, 14:37:11.311, 2336793117504, vstest.console.dll, TestRequestSender.OnExecutionMessageReceived: Received message: {"Version":7,"MessageType":"TestSession.Message","Payload":{"MessageLevel":0,"Message":"Logging TestHost Diagnostics in file: C:\\Users\\Atanas Work\\Desktop\\QA Integration tests\\Homies_ASP.Net_WithTestProject\\Homies.Tests\\bin\\Debug\\net6.0\\fine-code-coverage\\coverage-tool-output\\diagnostics.host.24-02-14_14-37-10_93122_5.log"}}
TpTrace Verbose: 0 : 17524, 5, 2024/02/14, 14:37:11.314, 2336793145781, vstest.console.dll, TestRequestSender.StartTestRun: Sending test run with message: {"Version":7,"MessageType":"TestExecution.StartWithSources","Payload":{"AdapterSourceMap":{"_none_":["C:\\Users\\Atanas Work\\Desktop\\QA Integration tests\\Homies_ASP.Net_WithTestProject\\Homies.Tests\\bin\\Debug\\net6.0\\fine-code-coverage\\build-output\\Homies.Tests.dll"]},"RunSettings":"<RunSettings>\r\n  <RunConfiguration>\r\n    <ResultsDirectory>C:\\Users\\Atanas Work\\Desktop\\QA Integration tests\\Homies_ASP.Net_WithTestProject\\Homies.Tests\\bin\\Debug\\net6.0\\fine-code-coverage\\coverage-tool-output</ResultsDirectory>\r\n    <TargetFrameworkVersion>.NETCoreApp,Version=v6.0</TargetFrameworkVersion>\r\n    <DesignMode>False</DesignMode>\r\n    <CollectSourceInformation>False</CollectSourceInformation>\r\n  </RunConfiguration>\r\n  <LoggerRunSettings>\r\n    <Loggers>\r\n      <Logger friendlyName=\"blame\" enabled=\"True\" />\r\n      <Logger friendlyName=\"Console\" uri=\"logger://microsoft/TestPlatform/ConsoleLogger/v1\" assemblyQualifiedName=\"Microsoft.VisualStudio.TestPlatform.CommandLine.Internal.ConsoleLogger, vstest.console, Version=15.0.0.0, Culture=neutral, PublicKeyToken=b03f5f7f11d50a3a\" codeBase=\"C:\\Program Files\\dotnet\\sdk\\8.0.101\\vstest.console.dll\" enabled=\"True\" />\r\n    </Loggers>\r\n  </LoggerRunSettings>\r\n  <DataCollectionRunSettings>\r\n    <DataCollectors>\r\n      <DataCollector friendlyName=\"blame\" enabled=\"True\">\r\n        <Configuration>\r\n          <ResultsDirectory>C:\\Users\\Atanas Work\\Desktop\\QA Integration tests\\Homies_ASP.Net_WithTestProject\\Homies.Tests\\bin\\Debug\\net6.0\\fine-code-coverage\\coverage-tool-output</ResultsDirectory>\r\n        </Configuration>\r\n      </DataCollector>\r\n    </DataCollectors>\r\n  </DataCollectionRunSettings>\r\n</RunSettings>","TestExecutionContext":{"FrequencyOfRunStatsChangeEvent":10,"RunStatsChangeEventTimeout":"00:00:01.5000000","InIsolation":false,"KeepAlive":false,"AreTestCaseLevelEventsRequired":false,"IsDebug":false,"TestCaseFilter":null,"FilterOptions":null},"Package":null}}
TpTrace Verbose: 0 : 17524, 5, 2024/02/14, 14:37:11.315, 2336793148175, vstest.console.dll, ParallelProxyExecutionManager.StartTestRunOnConcurrentManager: Execution started. Started clients: 1
TpTrace Verbose: 0 : 17524, 13, 2024/02/14, 14:37:11.315, 2336793153128, vstest.console.dll, TestRunRequest:SendTestRunMessage: Starting.
TpTrace Verbose: 0 : 17524, 13, 2024/02/14, 14:37:11.315, 2336793154552, vstest.console.dll, MulticastDelegateUtilities.SafeInvoke: TestRun.LogMessages: Invoking callback 1/1 for Microsoft.VisualStudio.TestPlatform.CommandLine.TestRunResultAggregator., took 0 ms.
TpTrace Verbose: 0 : 17524, 4, 2024/02/14, 14:37:11.315, 2336793154653, vstest.console.dll, MulticastDelegateUtilities.SafeInvoke: InternalTestLoggerEvents.SendTestRunMessage: Invoking callback 1/1 for Microsoft.VisualStudio.TestPlatform.CommandLine.Internal.ConsoleLogger., took 0 ms.
TpTrace Information: 0 : 17524, 13, 2024/02/14, 14:37:11.315, 2336793155146, vstest.console.dll, TestRunRequest:SendTestRunMessage: Completed.
TpTrace Verbose: 0 : 17524, 13, 2024/02/14, 14:37:11.315, 2336793156001, vstest.console.dll, MulticastDelegateUtilities.SafeInvoke: LengthPrefixCommunicationChannel: MessageReceived: Invoking callback 1/1 for Microsoft.VisualStudio.TestPlatform.CommunicationUtilities.TestRequestSender+<>c__DisplayClass34_0., took 4 ms.
TpTrace Verbose: 0 : 17524, 13, 2024/02/14, 14:37:11.315, 2336793156335, vstest.console.dll, TcpClientExtensions.MessageLoopAsync: Polling on remoteEndPoint: 127.0.0.1:58791 localEndPoint: 127.0.0.1:58790
TpTrace Verbose: 0 : 17524, 13, 2024/02/14, 14:37:11.529, 2336795295795, vstest.console.dll, TcpClientExtensions.MessageLoopAsync: NotifyDataAvailable remoteEndPoint: 127.0.0.1:58791 localEndPoint: 127.0.0.1:58790
TpTrace Verbose: 0 : 17524, 13, 2024/02/14, 14:37:11.530, 2336795298267, vstest.console.dll, TestRequestSender.OnExecutionMessageReceived: Received message: {"Version":7,"MessageType":"TestSession.Message","Payload":{"MessageLevel":0,"Message":"NUnit Adapter 4.4.0.0: Test execution started"}}
TpTrace Verbose: 0 : 17524, 13, 2024/02/14, 14:37:11.530, 2336795301367, vstest.console.dll, TestRunRequest:SendTestRunMessage: Starting.
TpTrace Verbose: 0 : 17524, 4, 2024/02/14, 14:37:11.530, 2336795303113, vstest.console.dll, MulticastDelegateUtilities.SafeInvoke: InternalTestLoggerEvents.SendTestRunMessage: Invoking callback 1/1 for Microsoft.VisualStudio.TestPlatform.CommandLine.Internal.ConsoleLogger., took 0 ms.
TpTrace Verbose: 0 : 17524, 13, 2024/02/14, 14:37:11.530, 2336795303165, vstest.console.dll, MulticastDelegateUtilities.SafeInvoke: TestRun.LogMessages: Invoking callback 1/1 for Microsoft.VisualStudio.TestPlatform.CommandLine.TestRunResultAggregator., took 0 ms.
TpTrace Information: 0 : 17524, 13, 2024/02/14, 14:37:11.530, 2336795304663, vstest.console.dll, TestRunRequest:SendTestRunMessage: Completed.
TpTrace Verbose: 0 : 17524, 13, 2024/02/14, 14:37:11.530, 2336795305070, vstest.console.dll, MulticastDelegateUtilities.SafeInvoke: LengthPrefixCommunicationChannel: MessageReceived: Invoking callback 1/1 for Microsoft.VisualStudio.TestPlatform.CommunicationUtilities.TestRequestSender+<>c__DisplayClass34_0., took 0 ms.
TpTrace Verbose: 0 : 17524, 13, 2024/02/14, 14:37:11.530, 2336795305432, vstest.console.dll, TcpClientExtensions.MessageLoopAsync: Polling on remoteEndPoint: 127.0.0.1:58791 localEndPoint: 127.0.0.1:58790
TpTrace Verbose: 0 : 17524, 13, 2024/02/14, 14:37:11.561, 2336795615345, vstest.console.dll, TcpClientExtensions.MessageLoopAsync: NotifyDataAvailable remoteEndPoint: 127.0.0.1:58791 localEndPoint: 127.0.0.1:58790
TpTrace Verbose: 0 : 17524, 13, 2024/02/14, 14:37:11.561, 2336795617368, vstest.console.dll, TestRequestSender.OnExecutionMessageReceived: Received message: {"Version":7,"MessageType":"TestSession.Message","Payload":{"MessageLevel":0,"Message":"Running all tests in C:\\Users\\Atanas Work\\Desktop\\QA Integration tests\\Homies_ASP.Net_WithTestProject\\Homies.Tests\\bin\\Debug\\net6.0\\fine-code-coverage\\build-output\\Homies.Tests.dll"}}
TpTrace Verbose: 0 : 17524, 13, 2024/02/14, 14:37:11.562, 2336795618849, vstest.console.dll, TestRunRequest:SendTestRunMessage: Starting.
TpTrace Verbose: 0 : 17524, 13, 2024/02/14, 14:37:11.562, 2336795619642, vstest.console.dll, MulticastDelegateUtilities.SafeInvoke: TestRun.LogMessages: Invoking callback 1/1 for Microsoft.VisualStudio.TestPlatform.CommandLine.TestRunResultAggregator., took 0 ms.
TpTrace Verbose: 0 : 17524, 4, 2024/02/14, 14:37:11.562, 2336795619914, vstest.console.dll, MulticastDelegateUtilities.SafeInvoke: InternalTestLoggerEvents.SendTestRunMessage: Invoking callback 1/1 for Microsoft.VisualStudio.TestPlatform.CommandLine.Internal.ConsoleLogger., took 0 ms.
TpTrace Information: 0 : 17524, 13, 2024/02/14, 14:37:11.562, 2336795620395, vstest.console.dll, TestRunRequest:SendTestRunMessage: Completed.
TpTrace Verbose: 0 : 17524, 13, 2024/02/14, 14:37:11.562, 2336795621532, vstest.console.dll, MulticastDelegateUtilities.SafeInvoke: LengthPrefixCommunicationChannel: MessageReceived: Invoking callback 1/1 for Microsoft.VisualStudio.TestPlatform.CommunicationUtilities.TestRequestSender+<>c__DisplayClass34_0., took 0 ms.
TpTrace Verbose: 0 : 17524, 13, 2024/02/14, 14:37:11.562, 2336795621975, vstest.console.dll, TcpClientExtensions.MessageLoopAsync: Polling on remoteEndPoint: 127.0.0.1:58791 localEndPoint: 127.0.0.1:58790
TpTrace Verbose: 0 : 17524, 13, 2024/02/14, 14:37:11.738, 2336797385543, vstest.console.dll, TcpClientExtensions.MessageLoopAsync: NotifyDataAvailable remoteEndPoint: 127.0.0.1:58791 localEndPoint: 127.0.0.1:58790
TpTrace Verbose: 0 : 17524, 13, 2024/02/14, 14:37:11.738, 2336797387517, vstest.console.dll, TestRequestSender.OnExecutionMessageReceived: Received message: {"Version":7,"MessageType":"TestSession.Message","Payload":{"MessageLevel":0,"Message":"   NUnit3TestExecutor discovered 15 of 15 NUnit test cases using Current Discovery mode, Non-Explicit run"}}
TpTrace Verbose: 0 : 17524, 13, 2024/02/14, 14:37:11.739, 2336797389125, vstest.console.dll, TestRunRequest:SendTestRunMessage: Starting.
TpTrace Verbose: 0 : 17524, 13, 2024/02/14, 14:37:11.739, 2336797389965, vstest.console.dll, MulticastDelegateUtilities.SafeInvoke: TestRun.LogMessages: Invoking callback 1/1 for Microsoft.VisualStudio.TestPlatform.CommandLine.TestRunResultAggregator., took 0 ms.
TpTrace Verbose: 0 : 17524, 4, 2024/02/14, 14:37:11.739, 2336797390337, vstest.console.dll, MulticastDelegateUtilities.SafeInvoke: InternalTestLoggerEvents.SendTestRunMessage: Invoking callback 1/1 for Microsoft.VisualStudio.TestPlatform.CommandLine.Internal.ConsoleLogger., took 0 ms.
TpTrace Information: 0 : 17524, 13, 2024/02/14, 14:37:11.739, 2336797390411, vstest.console.dll, TestRunRequest:SendTestRunMessage: Completed.
TpTrace Verbose: 0 : 17524, 13, 2024/02/14, 14:37:11.739, 2336797391763, vstest.console.dll, MulticastDelegateUtilities.SafeInvoke: LengthPrefixCommunicationChannel: MessageReceived: Invoking callback 1/1 for Microsoft.VisualStudio.TestPlatform.CommunicationUtilities.TestRequestSender+<>c__DisplayClass34_0., took 0 ms.
TpTrace Verbose: 0 : 17524, 13, 2024/02/14, 14:37:11.739, 2336797392217, vstest.console.dll, TcpClientExtensions.MessageLoopAsync: Polling on remoteEndPoint: 127.0.0.1:58791 localEndPoint: 127.0.0.1:58790
TpTrace Verbose: 0 : 17524, 13, 2024/02/14, 14:37:12.753, 2336807530950, vstest.console.dll, TcpClientExtensions.MessageLoopAsync: Polling on remoteEndPoint: 127.0.0.1:58791 localEndPoint: 127.0.0.1:58790
TpTrace Verbose: 0 : 17524, 13, 2024/02/14, 14:37:12.959, 2336809596573, vstest.console.dll, TcpClientExtensions.MessageLoopAsync: NotifyDataAvailable remoteEndPoint: 127.0.0.1:58791 localEndPoint: 127.0.0.1:58790
TpTrace Verbose: 0 : 17524, 13, 2024/02/14, 14:37:12.960, 2336809600662, vstest.console.dll, TestRequestSender.OnExecutionMessageReceived: Received message: {"Version":7,"MessageType":"TestExecution.StatsChange","Payload":{"NewTestResults":[{"TestCase":{"Id":"80fac018-cb1c-e952-8ae6-cd15e1afe268","FullyQualifiedName":"Homies.Tests.EventControllerTests.Add_ReturnsViewResult","DisplayName":"Add_ReturnsViewResult","ExecutorUri":"executor://NUnit3TestExecutor","Source":"C:\\Users\\Atanas Work\\Desktop\\QA Integration tests\\Homies_ASP.Net_WithTestProject\\Homies.Tests\\bin\\Debug\\net6.0\\fine-code-coverage\\build-output\\Homies.Tests.dll","CodeFilePath":null,"LineNumber":0,"Properties":[{"Key":{"Id":"NUnit.Seed","Label":"Seed","Category":"","Description":"","Attributes":0,"ValueType":"System.String"},"Value":"1462789100"}]},"Attachments":[],"Outcome":2,"ErrorMessage":"System.NotImplementedException : The method or operation is not implemented.","ErrorStackTrace":"   at Homies.Tests.EventControllerTests.Add_ReturnsViewResult() in C:\\Users\\Atanas Work\\Desktop\\QA Integration tests\\Homies_ASP.Net_WithTestProject\\Homies.Tests\\EventControllerTests.cs:line 40\r\n   at NUnit.Framework.Internal.TaskAwaitAdapter.GenericAdapter`1.GetResult()\r\n   at NUnit.Framework.Internal.AsyncToSyncAdapter.Await(Func`1 invoke)\r\n   at NUnit.Framework.Internal.Commands.TestMethodCommand.RunTestMethod(TestExecutionContext context)\r\n   at NUnit.Framework.Internal.Commands.TestMethodCommand.Execute(TestExecutionContext context)\r\n   at NUnit.Framework.Internal.Commands.BeforeAndAfterTestCommand.<>c__DisplayClass1_0.<Execute>b__0()\r\n   at NUnit.Framework.Internal.Commands.DelegatingTestCommand.RunTestMethodInThreadAbortSafeZone(TestExecutionContext context, Action action)\n","DisplayName":"Add_ReturnsViewResult","Messages":[],"ComputerName":"ASUS-HOME-PC","Duration":"00:00:00.1036060","StartTime":"2024-02-14T12:37:11.7693415+00:00","EndTime":"2024-02-14T12:37:11.8728381+00:00","Properties":[{"Key":{"Id":"NUnit.Seed","Label":"Seed","Category":"","Description":"","Attributes":0,"ValueType":"System.String"},"Value":"1462789100"}]},{"TestCase":{"Id":"f59404ff-4e5c-ceca-418c-9352b66b0d22","FullyQualifiedName":"Homies.Tests.EventControllerTests.Join_UserAlreadyJoined_ReturnsRedirectToActionResult","DisplayName":"Join_UserAlreadyJoined_ReturnsRedirectToActionResult","ExecutorUri":"executor://NUnit3TestExecutor","Source":"C:\\Users\\Atanas Work\\Desktop\\QA Integration tests\\Homies_ASP.Net_WithTestProject\\Homies.Tests\\bin\\Debug\\net6.0\\fine-code-coverage\\build-output\\Homies.Tests.dll","CodeFilePath":null,"LineNumber":0,"Properties":[{"Key":{"Id":"NUnit.Seed","Label":"Seed","Category":"","Description":"","Attributes":0,"ValueType":"System.String"},"Value":"104235053"}]},"Attachments":[],"Outcome":2,"ErrorMessage":"System.NotImplementedException : The method or operation is not implemented.","ErrorStackTrace":"   at Homies.Tests.EventControllerTests.Join_UserAlreadyJoined_ReturnsRedirectToActionResult() in C:\\Users\\Atanas Work\\Desktop\\QA Integration tests\\Homies_ASP.Net_WithTestProject\\Homies.Tests\\EventControllerTests.cs:line 91\r\n   at NUnit.Framework.Internal.TaskAwaitAdapter.GenericAdapter`1.GetResult()\r\n   at NUnit.Framework.Internal.AsyncToSyncAdapter.Await(Func`1 invoke)\r\n   at NUnit.Framework.Internal.Commands.TestMethodCommand.RunTestMethod(TestExecutionContext context)\r\n   at NUnit.Framework.Internal.Commands.TestMethodCommand.Execute(TestExecutionContext context)\r\n   at NUnit.Framework.Internal.Commands.BeforeAndAfterTestCommand.<>c__DisplayClass1_0.<Execute>b__0()\r\n   at NUnit.Framework.Internal.Commands.DelegatingTestCommand.RunTestMethodInThreadAbortSafeZone(TestExecutionContext context, Action action)\n","DisplayName":"Join_UserAlreadyJoined_ReturnsRedirectToActionResult","Messages":[],"ComputerName":"ASUS-HOME-PC","Duration":"00:00:00.0015370","StartTime":"2024-02-14T12:37:11.8750509+00:00","EndTime":"2024-02-14T12:37:11.8765879+00:00","Properties":[{"Key":{"Id":"NUnit.Seed","Label":"Seed","Category":"","Description":"","Attributes":0,"ValueType":"System.String"},"Value":"104235053"}]},{"TestCase":{"Id":"97d7154c-aa21-ea38-29f1-bf4ad80bd0f2","FullyQualifiedName":"Homies.Tests.EventControllerTests.Join_UserNotJoined_ReturnsRedirectToActionResult","DisplayName":"Join_UserNotJoined_ReturnsRedirectToActionResult","ExecutorUri":"executor://NUnit3TestExecutor","Source":"C:\\Users\\Atanas Work\\Desktop\\QA Integration tests\\Homies_ASP.Net_WithTestProject\\Homies.Tests\\bin\\Debug\\net6.0\\fine-code-coverage\\build-output\\Homies.Tests.dll","CodeFilePath":null,"LineNumber":0,"Properties":[{"Key":{"Id":"NUnit.Seed","Label":"Seed","Category":"","Description":"","Attributes":0,"ValueType":"System.String"},"Value":"1610596441"}]},"Attachments":[],"Outcome":2,"ErrorMessage":"System.NotImplementedException : The method or operation is not implemented.","ErrorStackTrace":"   at Homies.Tests.EventControllerTests.Join_UserNotJoined_ReturnsRedirectToActionResult() in C:\\Users\\Atanas Work\\Desktop\\QA Integration tests\\Homies_ASP.Net_WithTestProject\\Homies.Tests\\EventControllerTests.cs:line 68\r\n   at NUnit.Framework.Internal.TaskAwaitAdapter.GenericAdapter`1.GetResult()\r\n   at NUnit.Framework.Internal.AsyncToSyncAdapter.Await(Func`1 invoke)\r\n   at NUnit.Framework.Internal.Commands.TestMethodCommand.RunTestMethod(TestExecutionContext context)\r\n   at NUnit.Framework.Internal.Commands.TestMethodCommand.Execute(TestExecutionContext context)\r\n   at NUnit.Framework.Internal.Commands.BeforeAndAfterTestCommand.<>c__DisplayClass1_0.<Execute>b__0()\r\n   at NUnit.Framework.Internal.Commands.DelegatingTestCommand.RunTestMethodInThreadAbortSafeZone(TestExecutionContext context, Action action)\n","DisplayName":"Join_UserNotJoined_ReturnsRedirectToActionResult","Messages":[],"ComputerName":"ASUS-HOME-PC","Duration":"00:00:00.0007220","StartTime":"2024-02-14T12:37:11.876641+00:00","EndTime":"2024-02-14T12:37:11.8773629+00:00","Properties":[{"Key":{"Id":"NUnit.Seed","Label":"Seed","Category":"","Description":"","Attributes":0,"ValueType":"System.String"},"Value":"1610596441"}]}],"TestRunStatistics":{"ExecutedTests":3,"Stats":{"Failed":3}},"ActiveTests":[{"Id":"ebd91602-ad94-2c23-e38f-cb0b1361d3e8","FullyQualifiedName":"Homies.Tests.EventServiceTests.AddEventAsync_ShouldAddEvent_WhenValidEventModelAndUserId","DisplayName":"AddEventAsync_ShouldAddEvent_WhenValidEventModelAndUserId","ExecutorUri":"executor://NUnit3TestExecutor","Source":"C:\\Users\\Atanas Work\\Desktop\\QA Integration tests\\Homies_ASP.Net_WithTestProject\\Homies.Tests\\bin\\Debug\\net6.0\\fine-code-coverage\\build-output\\Homies.Tests.dll","CodeFilePath":null,"LineNumber":0,"Properties":[{"Key":{"Id":"NUnit.Seed","Label":"Seed","Category":"","Description":"","Attributes":0,"ValueType":"System.String"},"Value":"1752651575"}]}]}}
TpTrace Verbose: 0 : 17524, 13, 2024/02/14, 14:37:12.989, 2336809897247, vstest.console.dll, TestRunRequest:SendTestRunStatsChange: Starting.
TpTrace Verbose: 0 : 17524, 13, 2024/02/14, 14:37:12.990, 2336809899041, vstest.console.dll, InProgress is AddEventAsync_ShouldAddEvent_WhenValidEventModelAndUserId
TpTrace Verbose: 0 : 17524, 13, 2024/02/14, 14:37:12.990, 2336809901154, vstest.console.dll, MulticastDelegateUtilities.SafeInvoke: TestRun.RunStatsChanged: Invoking callbacks was skipped because there are no subscribers.
TpTrace Information: 0 : 17524, 13, 2024/02/14, 14:37:12.990, 2336809901532, vstest.console.dll, TestRunRequest:SendTestRunStatsChange: Completed.
TpTrace Verbose: 0 : 17524, 13, 2024/02/14, 14:37:12.990, 2336809901823, vstest.console.dll, MulticastDelegateUtilities.SafeInvoke: LengthPrefixCommunicationChannel: MessageReceived: Invoking callback 1/1 for Microsoft.VisualStudio.TestPlatform.CommunicationUtilities.TestRequestSender+<>c__DisplayClass34_0., took 30 ms.
TpTrace Verbose: 0 : 17524, 13, 2024/02/14, 14:37:12.990, 2336809902126, vstest.console.dll, TcpClientExtensions.MessageLoopAsync: Polling on remoteEndPoint: 127.0.0.1:58791 localEndPoint: 127.0.0.1:58790
TpTrace Verbose: 0 : 17524, 4, 2024/02/14, 14:37:12.993, 2336809937299, vstest.console.dll, MulticastDelegateUtilities.SafeInvoke: InternalTestLoggerEvents.SendTestResult: Invoking callback 1/1 for Microsoft.VisualStudio.TestPlatform.CommandLine.Internal.ConsoleLogger., took 3 ms.
TpTrace Verbose: 0 : 17524, 4, 2024/02/14, 14:37:12.994, 2336809944696, vstest.console.dll, MulticastDelegateUtilities.SafeInvoke: InternalTestLoggerEvents.SendTestResult: Invoking callback 1/1 for Microsoft.VisualStudio.TestPlatform.CommandLine.Internal.ConsoleLogger., took 0 ms.
TpTrace Verbose: 0 : 17524, 4, 2024/02/14, 14:37:12.995, 2336809948261, vstest.console.dll, MulticastDelegateUtilities.SafeInvoke: InternalTestLoggerEvents.SendTestResult: Invoking callback 1/1 for Microsoft.VisualStudio.TestPlatform.CommandLine.Internal.ConsoleLogger., took 0 ms.
TpTrace Verbose: 0 : 17524, 13, 2024/02/14, 14:37:13.170, 2336811701842, vstest.console.dll, TcpClientExtensions.MessageLoopAsync: NotifyDataAvailable remoteEndPoint: 127.0.0.1:58791 localEndPoint: 127.0.0.1:58790
TpTrace Verbose: 0 : 17524, 13, 2024/02/14, 14:37:13.170, 2336811706268, vstest.console.dll, TestRequestSender.OnExecutionMessageReceived: Received message: {"Version":7,"MessageType":"TestExecution.StatsChange","Payload":{"NewTestResults":[{"TestCase":{"Id":"ebd91602-ad94-2c23-e38f-cb0b1361d3e8","FullyQualifiedName":"Homies.Tests.EventServiceTests.AddEventAsync_ShouldAddEvent_WhenValidEventModelAndUserId","DisplayName":"AddEventAsync_ShouldAddEvent_WhenValidEventModelAndUserId","ExecutorUri":"executor://NUnit3TestExecutor","Source":"C:\\Users\\Atanas Work\\Desktop\\QA Integration tests\\Homies_ASP.Net_WithTestProject\\Homies.Tests\\bin\\Debug\\net6.0\\fine-code-coverage\\build-output\\Homies.Tests.dll","CodeFilePath":null,"LineNumber":0,"Properties":[{"Key":{"Id":"NUnit.Seed","Label":"Seed","Category":"","Description":"","Attributes":0,"ValueType":"System.String"},"Value":"1752651575"}]},"Attachments":[],"Outcome":1,"ErrorMessage":null,"ErrorStackTrace":null,"DisplayName":"AddEventAsync_ShouldAddEvent_WhenValidEventModelAndUserId","Messages":[],"ComputerName":"ASUS-HOME-PC","Duration":"00:00:01.0967849","StartTime":"2024-02-14T12:37:11.8798171+00:00","EndTime":"2024-02-14T12:37:12.9766013+00:00","Properties":[{"Key":{"Id":"NUnit.Seed","Label":"Seed","Category":"","Description":"","Attributes":0,"ValueType":"System.String"},"Value":"1752651575"}]},{"TestCase":{"Id":"e41f9841-c7c7-3c9d-85a8-e95b848df854","FullyQualifiedName":"Homies.Tests.EventServiceTests.GetAllEventsAsync_ShouldReturnAllEvents","DisplayName":"GetAllEventsAsync_ShouldReturnAllEvents","ExecutorUri":"executor://NUnit3TestExecutor","Source":"C:\\Users\\Atanas Work\\Desktop\\QA Integration tests\\Homies_ASP.Net_WithTestProject\\Homies.Tests\\bin\\Debug\\net6.0\\fine-code-coverage\\build-output\\Homies.Tests.dll","CodeFilePath":null,"LineNumber":0,"Properties":[{"Key":{"Id":"NUnit.Seed","Label":"Seed","Category":"","Description":"","Attributes":0,"ValueType":"System.String"},"Value":"938133142"}]},"Attachments":[],"Outcome":1,"ErrorMessage":null,"ErrorStackTrace":null,"DisplayName":"GetAllEventsAsync_ShouldReturnAllEvents","Messages":[],"ComputerName":"ASUS-HOME-PC","Duration":"00:00:00.0730430","StartTime":"2024-02-14T12:37:12.9766318+00:00","EndTime":"2024-02-14T12:37:13.049674+00:00","Properties":[{"Key":{"Id":"NUnit.Seed","Label":"Seed","Category":"","Description":"","Attributes":0,"ValueType":"System.String"},"Value":"938133142"}]},{"TestCase":{"Id":"617b96da-c422-062b-1c22-82eff31b0875","FullyQualifiedName":"Homies.Tests.EventServiceTests.GetEventForEditAsync_ShouldReturnEventWithCorrectId","DisplayName":"GetEventForEditAsync_ShouldReturnEventWithCorrectId","ExecutorUri":"executor://NUnit3TestExecutor","Source":"C:\\Users\\Atanas Work\\Desktop\\QA Integration tests\\Homies_ASP.Net_WithTestProject\\Homies.Tests\\bin\\Debug\\net6.0\\fine-code-coverage\\build-output\\Homies.Tests.dll","CodeFilePath":null,"LineNumber":0,"Properties":[{"Key":{"Id":"NUnit.Seed","Label":"Seed","Category":"","Description":"","Attributes":0,"ValueType":"System.String"},"Value":"1627249029"}]},"Attachments":[],"Outcome":1,"ErrorMessage":null,"ErrorStackTrace":null,"DisplayName":"GetEventForEditAsync_ShouldReturnEventWithCorrectId","Messages":[],"ComputerName":"ASUS-HOME-PC","Duration":"00:00:00.0363690","StartTime":"2024-02-14T12:37:13.0497066+00:00","EndTime":"2024-02-14T12:37:13.0860748+00:00","Properties":[{"Key":{"Id":"NUnit.Seed","Label":"Seed","Category":"","Description":"","Attributes":0,"ValueType":"System.String"},"Value":"1627249029"}]},{"TestCase":{"Id":"8812eb36-1be5-58d4-3d1d-710a5d0d048e","FullyQualifiedName":"Homies.Tests.EventServiceTests.GetEventForEditAsync_ShouldReturnNullIfEventNotFound","DisplayName":"GetEventForEditAsync_ShouldReturnNullIfEventNotFound","ExecutorUri":"executor://NUnit3TestExecutor","Source":"C:\\Users\\Atanas Work\\Desktop\\QA Integration tests\\Homies_ASP.Net_WithTestProject\\Homies.Tests\\bin\\Debug\\net6.0\\fine-code-coverage\\build-output\\Homies.Tests.dll","CodeFilePath":null,"LineNumber":0,"Properties":[{"Key":{"Id":"NUnit.Seed","Label":"Seed","Category":"","Description":"","Attributes":0,"ValueType":"System.String"},"Value":"96016482"}]},"Attachments":[],"Outcome":1,"ErrorMessage":null,"ErrorStackTrace":null,"DisplayName":"GetEventForEditAsync_ShouldReturnNullIfEventNotFound","Messages":[],"ComputerName":"ASUS-HOME-PC","Duration":"00:00:00.0038590","StartTime":"2024-02-14T12:37:13.0861029+00:00","EndTime":"2024-02-14T12:37:13.0899612+00:00","Properties":[{"Key":{"Id":"NUnit.Seed","Label":"Seed","Category":"","Description":"","Attributes":0,"ValueType":"System.String"},"Value":"96016482"}]},{"TestCase":{"Id":"25881287-53b3-c93d-1947-f3be91522e0d","FullyQualifiedName":"Homies.Tests.EventServiceTests.GetEventOrganizerIdAsync_ShouldReturnOrganizerIdIfExist","DisplayName":"GetEventOrganizerIdAsync_ShouldReturnOrganizerIdIfExist","ExecutorUri":"executor://NUnit3TestExecutor","Source":"C:\\Users\\Atanas Work\\Desktop\\QA Integration tests\\Homies_ASP.Net_WithTestProject\\Homies.Tests\\bin\\Debug\\net6.0\\fine-code-coverage\\build-output\\Homies.Tests.dll","CodeFilePath":null,"LineNumber":0,"Properties":[{"Key":{"Id":"NUnit.Seed","Label":"Seed","Category":"","Description":"","Attributes":0,"ValueType":"System.String"},"Value":"474676732"}]},"Attachments":[],"Outcome":1,"ErrorMessage":null,"ErrorStackTrace":null,"DisplayName":"GetEventOrganizerIdAsync_ShouldReturnOrganizerIdIfExist","Messages":[],"ComputerName":"ASUS-HOME-PC","Duration":"00:00:00.0067460","StartTime":"2024-02-14T12:37:13.0899842+00:00","EndTime":"2024-02-14T12:37:13.0967298+00:00","Properties":[{"Key":{"Id":"NUnit.Seed","Label":"Seed","Category":"","Description":"","Attributes":0,"ValueType":"System.String"},"Value":"474676732"}]},{"TestCase":{"Id":"bc2f1b8d-ec83-eb03-2417-a162d2d65b4d","FullyQualifiedName":"Homies.Tests.EventServiceTests.GetEventsAsync_ShouldReturnAllEventDetails","DisplayName":"GetEventsAsync_ShouldReturnAllEventDetails","ExecutorUri":"executor://NUnit3TestExecutor","Source":"C:\\Users\\Atanas Work\\Desktop\\QA Integration tests\\Homies_ASP.Net_WithTestProject\\Homies.Tests\\bin\\Debug\\net6.0\\fine-code-coverage\\build-output\\Homies.Tests.dll","CodeFilePath":null,"LineNumber":0,"Properties":[{"Key":{"Id":"NUnit.Seed","Label":"Seed","Category":"","Description":"","Attributes":0,"ValueType":"System.String"},"Value":"769288458"}]},"Attachments":[],"Outcome":1,"ErrorMessage":null,"ErrorStackTrace":null,"DisplayName":"GetEventsAsync_ShouldReturnAllEventDetails","Messages":[],"ComputerName":"ASUS-HOME-PC","Duration":"00:00:00.0094820","StartTime":"2024-02-14T12:37:13.0967569+00:00","EndTime":"2024-02-14T12:37:13.1062389+00:00","Properties":[{"Key":{"Id":"NUnit.Seed","Label":"Seed","Category":"","Description":"","Attributes":0,"ValueType":"System.String"},"Value":"769288458"}]},{"TestCase":{"Id":"6843e5f8-029d-fe4d-71e1-68fd086d920a","FullyQualifiedName":"Homies.Tests.EventServiceTests.GetUserJoinedEventsAsync_Sh","DisplayName":"GetUserJoinedEventsAsync_Sh","ExecutorUri":"executor://NUnit3TestExecutor","Source":"C:\\Users\\Atanas Work\\Desktop\\QA Integration tests\\Homies_ASP.Net_WithTestProject\\Homies.Tests\\bin\\Debug\\net6.0\\fine-code-coverage\\build-output\\Homies.Tests.dll","CodeFilePath":null,"LineNumber":0,"Properties":[{"Key":{"Id":"NUnit.Seed","Label":"Seed","Category":"","Description":"","Attributes":0,"ValueType":"System.String"},"Value":"368829021"}]},"Attachments":[],"Outcome":1,"ErrorMessage":null,"ErrorStackTrace":null,"DisplayName":"GetUserJoinedEventsAsync_Sh","Messages":[],"ComputerName":"ASUS-HOME-PC","Duration":"00:00:00.0004850","StartTime":"2024-02-14T12:37:13.1062672+00:00","EndTime":"2024-02-14T12:37:13.1067515+00:00","Properties":[{"Key":{"Id":"NUnit.Seed","Label":"Seed","Category":"","Description":"","Attributes":0,"ValueType":"System.String"},"Value":"368829021"}]},{"TestCase":{"Id":"92105268-39ea-cd30-e8d5-2a3534945187","FullyQualifiedName":"Homies.Tests.EventServiceTests.JoinEventAsyn_ShouldReturnFalseIfEventDoesNotExis","DisplayName":"JoinEventAsyn_ShouldReturnFalseIfEventDoesNotExis","ExecutorUri":"executor://NUnit3TestExecutor","Source":"C:\\Users\\Atanas Work\\Desktop\\QA Integration tests\\Homies_ASP.Net_WithTestProject\\Homies.Tests\\bin\\Debug\\net6.0\\fine-code-coverage\\build-output\\Homies.Tests.dll","CodeFilePath":null,"LineNumber":0,"Properties":[{"Key":{"Id":"NUnit.Seed","Label":"Seed","Category":"","Description":"","Attributes":0,"ValueType":"System.String"},"Value":"223682581"}]},"Attachments":[],"Outcome":1,"ErrorMessage":null,"ErrorStackTrace":null,"DisplayName":"JoinEventAsyn_ShouldReturnFalseIfEventDoesNotExis","Messages":[],"ComputerName":"ASUS-HOME-PC","Duration":"00:00:00.0132120","StartTime":"2024-02-14T12:37:13.1067706+00:00","EndTime":"2024-02-14T12:37:13.1199819+00:00","Properties":[{"Key":{"Id":"NUnit.Seed","Label":"Seed","Category":"","Description":"","Attributes":0,"ValueType":"System.String"},"Value":"223682581"}]},{"TestCase":{"Id":"d34d02f9-146b-5e74-2f5e-76a263716874","FullyQualifiedName":"Homies.Tests.EventServiceTests.JoinEventAsyn_ShouldReturnFalseIfUserIsAlreadyPartOfEven","DisplayName":"JoinEventAsyn_ShouldReturnFalseIfUserIsAlreadyPartOfEven","ExecutorUri":"executor://NUnit3TestExecutor","Source":"C:\\Users\\Atanas Work\\Desktop\\QA Integration tests\\Homies_ASP.Net_WithTestProject\\Homies.Tests\\bin\\Debug\\net6.0\\fine-code-coverage\\build-output\\Homies.Tests.dll","CodeFilePath":null,"LineNumber":0,"Properties":[{"Key":{"Id":"NUnit.Seed","Label":"Seed","Category":"","Description":"","Attributes":0,"ValueType":"System.String"},"Value":"1666241829"}]},"Attachments":[],"Outcome":1,"ErrorMessage":null,"ErrorStackTrace":null,"DisplayName":"JoinEventAsyn_ShouldReturnFalseIfUserIsAlreadyPartOfEven","Messages":[],"ComputerName":"ASUS-HOME-PC","Duration":"00:00:00.0456320","StartTime":"2024-02-14T12:37:13.1200111+00:00","EndTime":"2024-02-14T12:37:13.1656426+00:00","Properties":[{"Key":{"Id":"NUnit.Seed","Label":"Seed","Category":"","Description":"","Attributes":0,"ValueType":"System.String"},"Value":"1666241829"}]}],"TestRunStatistics":{"ExecutedTests":12,"Stats":{"Failed":3,"Passed":9}},"ActiveTests":[{"Id":"a831d933-cd75-5dea-340e-1d82f27194fd","FullyQualifiedName":"Homies.Tests.EventServiceTests.JoinEventAsyn_ShouldReturnTrueIfTheUserIsAddToTheEvent","DisplayName":"JoinEventAsyn_ShouldReturnTrueIfTheUserIsAddToTheEvent","ExecutorUri":"executor://NUnit3TestExecutor","Source":"C:\\Users\\Atanas Work\\Desktop\\QA Integration tests\\Homies_ASP.Net_WithTestProject\\Homies.Tests\\bin\\Debug\\net6.0\\fine-code-coverage\\build-output\\Homies.Tests.dll","CodeFilePath":null,"LineNumber":0,"Properties":[{"Key":{"Id":"NUnit.Seed","Label":"Seed","Category":"","Description":"","Attributes":0,"ValueType":"System.String"},"Value":"340051092"}]}]}}
TpTrace Verbose: 0 : 17524, 13, 2024/02/14, 14:37:13.174, 2336811739684, vstest.console.dll, TestRunRequest:SendTestRunStatsChange: Starting.
TpTrace Verbose: 0 : 17524, 13, 2024/02/14, 14:37:13.174, 2336811740770, vstest.console.dll, InProgress is JoinEventAsyn_ShouldReturnTrueIfTheUserIsAddToTheEvent
TpTrace Verbose: 0 : 17524, 13, 2024/02/14, 14:37:13.174, 2336811741807, vstest.console.dll, MulticastDelegateUtilities.SafeInvoke: TestRun.RunStatsChanged: Invoking callbacks was skipped because there are no subscribers.
TpTrace Information: 0 : 17524, 13, 2024/02/14, 14:37:13.174, 2336811742279, vstest.console.dll, TestRunRequest:SendTestRunStatsChange: Completed.
TpTrace Verbose: 0 : 17524, 4, 2024/02/14, 14:37:13.174, 2336811742263, vstest.console.dll, MulticastDelegateUtilities.SafeInvoke: InternalTestLoggerEvents.SendTestResult: Invoking callback 1/1 for Microsoft.VisualStudio.TestPlatform.CommandLine.Internal.ConsoleLogger., took 0 ms.
TpTrace Verbose: 0 : 17524, 13, 2024/02/14, 14:37:13.174, 2336811742680, vstest.console.dll, MulticastDelegateUtilities.SafeInvoke: LengthPrefixCommunicationChannel: MessageReceived: Invoking callback 1/1 for Microsoft.VisualStudio.TestPlatform.CommunicationUtilities.TestRequestSender+<>c__DisplayClass34_0., took 3 ms.
TpTrace Verbose: 0 : 17524, 4, 2024/02/14, 14:37:13.174, 2336811743417, vstest.console.dll, MulticastDelegateUtilities.SafeInvoke: InternalTestLoggerEvents.SendTestResult: Invoking callback 1/1 for Microsoft.VisualStudio.TestPlatform.CommandLine.Internal.ConsoleLogger., took 0 ms.
TpTrace Verbose: 0 : 17524, 13, 2024/02/14, 14:37:13.174, 2336811743932, vstest.console.dll, TcpClientExtensions.MessageLoopAsync: Polling on remoteEndPoint: 127.0.0.1:58791 localEndPoint: 127.0.0.1:58790
TpTrace Verbose: 0 : 17524, 4, 2024/02/14, 14:37:13.174, 2336811744275, vstest.console.dll, MulticastDelegateUtilities.SafeInvoke: InternalTestLoggerEvents.SendTestResult: Invoking callback 1/1 for Microsoft.VisualStudio.TestPlatform.CommandLine.Internal.ConsoleLogger., took 0 ms.
TpTrace Verbose: 0 : 17524, 4, 2024/02/14, 14:37:13.174, 2336811744906, vstest.console.dll, MulticastDelegateUtilities.SafeInvoke: InternalTestLoggerEvents.SendTestResult: Invoking callback 1/1 for Microsoft.VisualStudio.TestPlatform.CommandLine.Internal.ConsoleLogger., took 0 ms.
TpTrace Verbose: 0 : 17524, 4, 2024/02/14, 14:37:13.174, 2336811745447, vstest.console.dll, MulticastDelegateUtilities.SafeInvoke: InternalTestLoggerEvents.SendTestResult: Invoking callback 1/1 for Microsoft.VisualStudio.TestPlatform.CommandLine.Internal.ConsoleLogger., took 0 ms.
TpTrace Verbose: 0 : 17524, 4, 2024/02/14, 14:37:13.174, 2336811746043, vstest.console.dll, MulticastDelegateUtilities.SafeInvoke: InternalTestLoggerEvents.SendTestResult: Invoking callback 1/1 for Microsoft.VisualStudio.TestPlatform.CommandLine.Internal.ConsoleLogger., took 0 ms.
TpTrace Verbose: 0 : 17524, 4, 2024/02/14, 14:37:13.174, 2336811746579, vstest.console.dll, MulticastDelegateUtilities.SafeInvoke: InternalTestLoggerEvents.SendTestResult: Invoking callback 1/1 for Microsoft.VisualStudio.TestPlatform.CommandLine.Internal.ConsoleLogger., took 0 ms.
TpTrace Verbose: 0 : 17524, 4, 2024/02/14, 14:37:13.174, 2336811747158, vstest.console.dll, MulticastDelegateUtilities.SafeInvoke: InternalTestLoggerEvents.SendTestResult: Invoking callback 1/1 for Microsoft.VisualStudio.TestPlatform.CommandLine.Internal.ConsoleLogger., took 0 ms.
TpTrace Verbose: 0 : 17524, 4, 2024/02/14, 14:37:13.174, 2336811747847, vstest.console.dll, MulticastDelegateUtilities.SafeInvoke: InternalTestLoggerEvents.SendTestResult: Invoking callback 1/1 for Microsoft.VisualStudio.TestPlatform.CommandLine.Internal.ConsoleLogger., took 0 ms.
TpTrace Verbose: 0 : 17524, 13, 2024/02/14, 14:37:13.200, 2336811999142, vstest.console.dll, TcpClientExtensions.MessageLoopAsync: NotifyDataAvailable remoteEndPoint: 127.0.0.1:58791 localEndPoint: 127.0.0.1:58790
TpTrace Verbose: 0 : 17524, 13, 2024/02/14, 14:37:13.200, 2336812000763, vstest.console.dll, TestRequestSender.OnExecutionMessageReceived: Received message: {"Version":7,"MessageType":"TestSession.Message","Payload":{"MessageLevel":0,"Message":"NUnit Adapter 4.4.0.0: Test execution complete"}}
TpTrace Verbose: 0 : 17524, 13, 2024/02/14, 14:37:13.200, 2336812002285, vstest.console.dll, TestRunRequest:SendTestRunMessage: Starting.
TpTrace Verbose: 0 : 17524, 13, 2024/02/14, 14:37:13.200, 2336812002920, vstest.console.dll, MulticastDelegateUtilities.SafeInvoke: TestRun.LogMessages: Invoking callback 1/1 for Microsoft.VisualStudio.TestPlatform.CommandLine.TestRunResultAggregator., took 0 ms.
TpTrace Verbose: 0 : 17524, 4, 2024/02/14, 14:37:13.200, 2336812003136, vstest.console.dll, MulticastDelegateUtilities.SafeInvoke: InternalTestLoggerEvents.SendTestRunMessage: Invoking callback 1/1 for Microsoft.VisualStudio.TestPlatform.CommandLine.Internal.ConsoleLogger., took 0 ms.
TpTrace Information: 0 : 17524, 13, 2024/02/14, 14:37:13.200, 2336812003245, vstest.console.dll, TestRunRequest:SendTestRunMessage: Completed.
TpTrace Verbose: 0 : 17524, 13, 2024/02/14, 14:37:13.200, 2336812004273, vstest.console.dll, MulticastDelegateUtilities.SafeInvoke: LengthPrefixCommunicationChannel: MessageReceived: Invoking callback 1/1 for Microsoft.VisualStudio.TestPlatform.CommunicationUtilities.TestRequestSender+<>c__DisplayClass34_0., took 0 ms.
TpTrace Verbose: 0 : 17524, 13, 2024/02/14, 14:37:13.200, 2336812004603, vstest.console.dll, TcpClientExtensions.MessageLoopAsync: Polling on remoteEndPoint: 127.0.0.1:58791 localEndPoint: 127.0.0.1:58790
TpTrace Verbose: 0 : 17524, 13, 2024/02/14, 14:37:13.221, 2336812209337, vstest.console.dll, TcpClientExtensions.MessageLoopAsync: NotifyDataAvailable remoteEndPoint: 127.0.0.1:58791 localEndPoint: 127.0.0.1:58790
TpTrace Verbose: 0 : 17524, 13, 2024/02/14, 14:37:13.221, 2336812211705, vstest.console.dll, TestRequestSender.OnExecutionMessageReceived: Received message: {"Version":7,"MessageType":"TestExecution.Completed","Payload":{"TestRunCompleteArgs":{"TestRunStatistics":{"ExecutedTests":15,"Stats":{"Failed":3,"Passed":12}},"IsCanceled":false,"IsAborted":false,"Error":null,"AttachmentSets":[],"InvokedDataCollectors":[],"ElapsedTimeInRunningTests":"00:00:01.7116915","Metrics":{},"DiscoveredExtensions":{"TestDiscoverers":["NUnit.VisualStudio.TestAdapter.NUnit3TestDiscoverer, NUnit3.TestAdapter, Version=4.4.0.0, Culture=neutral, PublicKeyToken=4cb40d35494691ac"],"TestExecutors":["executor://NUnit3TestExecutor"],"TestExecutors2":[],"TestSettingsProviders":[]}},"LastRunTests":{"NewTestResults":[{"TestCase":{"Id":"a831d933-cd75-5dea-340e-1d82f27194fd","FullyQualifiedName":"Homies.Tests.EventServiceTests.JoinEventAsyn_ShouldReturnTrueIfTheUserIsAddToTheEvent","DisplayName":"JoinEventAsyn_ShouldReturnTrueIfTheUserIsAddToTheEvent","ExecutorUri":"executor://NUnit3TestExecutor","Source":"C:\\Users\\Atanas Work\\Desktop\\QA Integration tests\\Homies_ASP.Net_WithTestProject\\Homies.Tests\\bin\\Debug\\net6.0\\fine-code-coverage\\build-output\\Homies.Tests.dll","CodeFilePath":null,"LineNumber":0,"Properties":[{"Key":{"Id":"NUnit.Seed","Label":"Seed","Category":"","Description":"","Attributes":0,"ValueType":"System.String"},"Value":"340051092"}]},"Attachments":[],"Outcome":1,"ErrorMessage":null,"ErrorStackTrace":null,"DisplayName":"JoinEventAsyn_ShouldReturnTrueIfTheUserIsAddToTheEvent","Messages":[],"ComputerName":"ASUS-HOME-PC","Duration":"00:00:00.0055460","StartTime":"2024-02-14T12:37:13.1656711+00:00","EndTime":"2024-02-14T12:37:13.171217+00:00","Properties":[{"Key":{"Id":"NUnit.Seed","Label":"Seed","Category":"","Description":"","Attributes":0,"ValueType":"System.String"},"Value":"340051092"}]},{"TestCase":{"Id":"f89a5376-f68b-bc3b-c061-fe50b9e67bc2","FullyQualifiedName":"Homies.Tests.EventServiceTests.LeaveEventAsyncShouldReturnFalse_IfWeTryToLeaveAnEventWeAreNotPartOf","DisplayName":"LeaveEventAsyncShouldReturnFalse_IfWeTryToLeaveAnEventWeAreNotPartOf","ExecutorUri":"executor://NUnit3TestExecutor","Source":"C:\\Users\\Atanas Work\\Desktop\\QA Integration tests\\Homies_ASP.Net_WithTestProject\\Homies.Tests\\bin\\Debug\\net6.0\\fine-code-coverage\\build-output\\Homies.Tests.dll","CodeFilePath":null,"LineNumber":0,"Properties":[{"Key":{"Id":"NUnit.Seed","Label":"Seed","Category":"","Description":"","Attributes":0,"ValueType":"System.String"},"Value":"782710869"}]},"Attachments":[],"Outcome":1,"ErrorMessage":null,"ErrorStackTrace":null,"DisplayName":"LeaveEventAsyncShouldReturnFalse_IfWeTryToLeaveAnEventWeAreNotPartOf","Messages":[],"ComputerName":"ASUS-HOME-PC","Duration":"00:00:00.0074770","StartTime":"2024-02-14T12:37:13.1712416+00:00","EndTime":"2024-02-14T12:37:13.1787177+00:00","Properties":[{"Key":{"Id":"NUnit.Seed","Label":"Seed","Category":"","Description":"","Attributes":0,"ValueType":"System.String"},"Value":"782710869"}]},{"TestCase":{"Id":"d1610c04-f527-3d05-deb3-ad46f8f61c4a","FullyQualifiedName":"Homies.Tests.EventServiceTests.LeaveEventAsyncShouldReturnTrue_IfWeTryToLeaveAnEventWeAreNotPart","DisplayName":"LeaveEventAsyncShouldReturnTrue_IfWeTryToLeaveAnEventWeAreNotPart","ExecutorUri":"executor://NUnit3TestExecutor","Source":"C:\\Users\\Atanas Work\\Desktop\\QA Integration tests\\Homies_ASP.Net_WithTestProject\\Homies.Tests\\bin\\Debug\\net6.0\\fine-code-coverage\\build-output\\Homies.Tests.dll","CodeFilePath":null,"LineNumber":0,"Properties":[{"Key":{"Id":"NUnit.Seed","Label":"Seed","Category":"","Description":"","Attributes":0,"ValueType":"System.String"},"Value":"1560671998"}]},"Attachments":[],"Outcome":1,"ErrorMessage":null,"ErrorStackTrace":null,"DisplayName":"LeaveEventAsyncShouldReturnTrue_IfWeTryToLeaveAnEventWeAreNotPart","Messages":[],"ComputerName":"ASUS-HOME-PC","Duration":"00:00:00.0136090","StartTime":"2024-02-14T12:37:13.1787436+00:00","EndTime":"2024-02-14T12:37:13.1923518+00:00","Properties":[{"Key":{"Id":"NUnit.Seed","Label":"Seed","Category":"","Description":"","Attributes":0,"ValueType":"System.String"},"Value":"1560671998"}]}],"TestRunStatistics":{"ExecutedTests":15,"Stats":{"Failed":3,"Passed":12}},"ActiveTests":[]},"RunAttachments":[],"ExecutorUris":["executor://nunit3testexecutor/"]}}
TpTrace Verbose: 0 : 17524, 13, 2024/02/14, 14:37:13.221, 2336812213446, vstest.console.dll, TestRequestSender.EndSession: Sending end session.
TpTrace Verbose: 0 : 17524, 13, 2024/02/14, 14:37:13.221, 2336812215256, vstest.console.dll, ProxyOperationManager.Close: waiting for test host to exit for 100 ms
TpTrace Verbose: 0 : 17524, 12, 2024/02/14, 14:37:13.249, 2336812494679, vstest.console.dll, TestHostManagerCallbacks.ctor: Experimental forwarding output is disabled.
TpTrace Warning: 0 : 17524, 12, 2024/02/14, 14:37:13.249, 2336812496004, vstest.console.dll, TestHostManagerCallbacks.ErrorReceivedCallback Test host standard error line: 
TpTrace Verbose: 0 : 17524, 12, 2024/02/14, 14:37:13.261, 2336812610382, vstest.console.dll, TestHostProvider.ExitCallBack: Host exited starting callback.
TpTrace Information: 0 : 17524, 12, 2024/02/14, 14:37:13.261, 2336812612170, vstest.console.dll, TestHostManagerCallbacks.ExitCallBack: Testhost processId: 28132 exited with exitcode: 0 error: ''
TpTrace Verbose: 0 : 17524, 12, 2024/02/14, 14:37:13.261, 2336812612872, vstest.console.dll, DotnetTestHostManager.OnHostExited: invoking OnHostExited callback
TpTrace Verbose: 0 : 17524, 12, 2024/02/14, 14:37:13.261, 2336812613462, vstest.console.dll, CrossPlatEngine.TestHostManagerHostExited: calling on client process exit callback.
TpTrace Information: 0 : 17524, 12, 2024/02/14, 14:37:13.261, 2336812614117, vstest.console.dll, TestRequestSender.OnClientProcessExit: Test host process exited. Standard error: 
TpTrace Information: 0 : 17524, 13, 2024/02/14, 14:37:13.261, 2336812614506, vstest.console.dll, SocketServer.Stop: Stop server endPoint: 127.0.0.1:58790
TpTrace Information: 0 : 17524, 12, 2024/02/14, 14:37:13.261, 2336812614759, vstest.console.dll, SocketServer.Stop: Stop server endPoint: 127.0.0.1:58790
TpTrace Information: 0 : 17524, 13, 2024/02/14, 14:37:13.261, 2336812615203, vstest.console.dll, SocketServer.Stop: Cancellation requested. Stopping message loop.
TpTrace Information: 0 : 17524, 12, 2024/02/14, 14:37:13.261, 2336812615692, vstest.console.dll, SocketServer.Stop: Cancellation requested. Stopping message loop.
TpTrace Verbose: 0 : 17524, 12, 2024/02/14, 14:37:13.261, 2336812616573, vstest.console.dll, MulticastDelegateUtilities.SafeInvoke: HostProviderEvents.OnHostExited: Invoking callback 1/1 for Microsoft.VisualStudio.TestPlatform.CrossPlatEngine.Client.ProxyOperationManager., took 0 ms.
TpTrace Information: 0 : 17524, 13, 2024/02/14, 14:37:13.261, 2336812617299, vstest.console.dll, Closing the connection
TpTrace Verbose: 0 : 17524, 13, 2024/02/14, 14:37:13.262, 2336812619815, vstest.console.dll, ProxyDataCollectionManager.InvokeDataCollectionServiceAction: Starting.
TpTrace Information: 0 : 17524, 13, 2024/02/14, 14:37:13.262, 2336812620529, vstest.console.dll, ProxyDataCollectionManager.AfterTestRunEnd: Get attachment set and invoked data collectors processId: 29488 port: 58787
TpTrace Verbose: 0 : 17524, 13, 2024/02/14, 14:37:13.262, 2336812621082, vstest.console.dll, DataCollectionRequestSender.SendAfterTestRunStartAndGetResult: Send AfterTestRunEnd message with isCancelled: False
TpTrace Verbose: 0 : 17524, 13, 2024/02/14, 14:37:13.269, 2336812697399, vstest.console.dll, DataCollectionRequestSender.SendAfterTestRunStartAndGetResult: Received message: (DataCollection.AfterTestRunEndResult) -> {"MessageType":"DataCollection.AfterTestRunEndResult","Payload":{"AttachmentSets":[],"InvokedDataCollectors":[{"Uri":"datacollector://Microsoft/TestPlatform/Extensions/Blame/v1","FriendlyName":"Blame","AssemblyQualifiedName":"Microsoft.TestPlatform.Extensions.BlameDataCollector.BlameCollector, Microsoft.TestPlatform.Extensions.BlameDataCollector, Version=15.0.0.0, Culture=neutral, PublicKeyToken=b03f5f7f11d50a3a","FilePath":"C:\\Program Files\\dotnet\\sdk\\8.0.101\\Extensions\\Microsoft.TestPlatform.Extensions.BlameDataCollector.dll","HasAttachmentProcessor":false}],"Metrics":{}}}
TpTrace Warning: 0 : 17524, 10, 2024/02/14, 14:37:13.274, 2336812746705, vstest.console.dll, DataCollectionLauncher.ErrorReceivedCallback datacollector standard error line: 
TpTrace Information: 0 : 17524, 13, 2024/02/14, 14:37:13.275, 2336812756807, vstest.console.dll, ProxyDataCollectionManager.InvokeDataCollectionServiceAction: Completed.
TpTrace Information: 0 : 17524, 10, 2024/02/14, 14:37:13.285, 2336812856075, vstest.console.dll, DataCollectionLauncher.ExitCallBack: Data collector exited with exitcode: 0 error: ''
TpTrace Verbose: 0 : 17524, 13, 2024/02/14, 14:37:13.319, 2336813195599, vstest.console.dll, TestRunRequest:SendTestRunStatsChange: Starting.
TpTrace Verbose: 0 : 17524, 13, 2024/02/14, 14:37:13.319, 2336813196791, vstest.console.dll, MulticastDelegateUtilities.SafeInvoke: TestRun.RunStatsChanged: Invoking callbacks was skipped because there are no subscribers.
TpTrace Information: 0 : 17524, 13, 2024/02/14, 14:37:13.319, 2336813197082, vstest.console.dll, TestRunRequest:SendTestRunStatsChange: Completed.
TpTrace Verbose: 0 : 17524, 4, 2024/02/14, 14:37:13.319, 2336813197560, vstest.console.dll, MulticastDelegateUtilities.SafeInvoke: InternalTestLoggerEvents.SendTestResult: Invoking callback 1/1 for Microsoft.VisualStudio.TestPlatform.CommandLine.Internal.ConsoleLogger., took 0 ms.
TpTrace Verbose: 0 : 17524, 4, 2024/02/14, 14:37:13.320, 2336813198408, vstest.console.dll, MulticastDelegateUtilities.SafeInvoke: InternalTestLoggerEvents.SendTestResult: Invoking callback 1/1 for Microsoft.VisualStudio.TestPlatform.CommandLine.Internal.ConsoleLogger., took 0 ms.
TpTrace Verbose: 0 : 17524, 4, 2024/02/14, 14:37:13.320, 2336813199079, vstest.console.dll, MulticastDelegateUtilities.SafeInvoke: InternalTestLoggerEvents.SendTestResult: Invoking callback 1/1 for Microsoft.VisualStudio.TestPlatform.CommandLine.Internal.ConsoleLogger., took 0 ms.
TpTrace Verbose: 0 : 17524, 13, 2024/02/14, 14:37:13.320, 2336813200644, vstest.console.dll, ParallelProxyExecutionManager: HandlePartialRunComplete: Total workloads = 1, Total started clients = 1 Total completed clients = 1, Run complete = True, Run canceled: False.
TpTrace Verbose: 0 : 17524, 13, 2024/02/14, 14:37:13.320, 2336813200999, vstest.console.dll, ParallelProxyExecutionManager: HandlePartialRunComplete: All runs completed stopping all managers.
TpTrace Verbose: 0 : 17524, 13, 2024/02/14, 14:37:13.320, 2336813201319, vstest.console.dll, ParallelOperationManager.StopAllManagers: Stopping all managers.
TpTrace Verbose: 0 : 17524, 13, 2024/02/14, 14:37:13.320, 2336813201583, vstest.console.dll, ParallelOperationManager.ClearSlots: Clearing all slots. Slots should accept more work: False
TpTrace Verbose: 0 : 17524, 13, 2024/02/14, 14:37:13.320, 2336813201977, vstest.console.dll, ParallelOperationManager.SetOccupiedSlotCount: Setting slot counts AvailableSlotCount = 1, OccupiedSlotCount = 0.
TpTrace Verbose: 0 : 17524, 13, 2024/02/14, 14:37:13.320, 2336813202455, vstest.console.dll, Occupied slots:

TpTrace Verbose: 0 : 17524, 4, 2024/02/14, 14:37:13.329, 2336813295040, vstest.console.dll, MulticastDelegateUtilities.SafeInvoke: InternalTestLoggerEvents.SendTestRunComplete: Invoking callback 1/2 for Microsoft.TestPlatform.Extensions.BlameDataCollector.BlameLogger., took 0 ms.
TpTrace Verbose: 0 : 17524, 4, 2024/02/14, 14:37:13.335, 2336813351724, vstest.console.dll, MulticastDelegateUtilities.SafeInvoke: InternalTestLoggerEvents.SendTestRunComplete: Invoking callback 2/2 for Microsoft.VisualStudio.TestPlatform.CommandLine.Internal.ConsoleLogger., took 5 ms.
TpTrace Verbose: 0 : 17524, 13, 2024/02/14, 14:37:13.335, 2336813354835, vstest.console.dll, TestRunRequest:TestRunComplete: Starting. IsAborted:False IsCanceled:False.
TpTrace Verbose: 0 : 17524, 13, 2024/02/14, 14:37:13.335, 2336813356624, vstest.console.dll, ParallelOperationManager.DoActionOnAllManagers: Calling an action on all managers.
TpTrace Verbose: 0 : 17524, 13, 2024/02/14, 14:37:13.336, 2336813364780, vstest.console.dll, TestLoggerManager.HandleTestRunComplete: Ignoring as the object is disposed.
TpTrace Verbose: 0 : 17524, 13, 2024/02/14, 14:37:13.336, 2336813367237, vstest.console.dll, MulticastDelegateUtilities.SafeInvoke: TestRun.TestRunComplete: Invoking callback 1/2 for Microsoft.VisualStudio.TestPlatform.CommandLine.TestRunResultAggregator., took 0 ms.
TpTrace Verbose: 0 : 17524, 13, 2024/02/14, 14:37:13.337, 2336813368267, vstest.console.dll, MulticastDelegateUtilities.SafeInvoke: TestRun.TestRunComplete: Invoking callback 2/2 for Microsoft.VisualStudio.TestPlatform.CommandLine.Processors.RunTestsArgumentExecutor+TestRunRequestEventsRegistrar., took 0 ms.
TpTrace Information: 0 : 17524, 13, 2024/02/14, 14:37:13.337, 2336813369118, vstest.console.dll, TestRunRequest:TestRunComplete: Completed.
TpTrace Verbose: 0 : 17524, 13, 2024/02/14, 14:37:13.337, 2336813369470, vstest.console.dll, TestRequestSender.SetOperationComplete: Setting operation complete.
TpTrace Verbose: 0 : 17524, 1, 2024/02/14, 14:37:13.337, 2336813369450, vstest.console.dll, TestRunRequest.Dispose: Starting.
TpTrace Information: 0 : 17524, 13, 2024/02/14, 14:37:13.337, 2336813369756, vstest.console.dll, SocketServer.Stop: Stop server endPoint: 127.0.0.1:58790
TpTrace Information: 0 : 17524, 13, 2024/02/14, 14:37:13.337, 2336813370587, vstest.console.dll, SocketServer.Stop: Cancellation requested. Stopping message loop.
TpTrace Information: 0 : 17524, 1, 2024/02/14, 14:37:13.337, 2336813370434, vstest.console.dll, TestRunRequest.Dispose: Completed.
TpTrace Verbose: 0 : 17524, 13, 2024/02/14, 14:37:13.337, 2336813370908, vstest.console.dll, MulticastDelegateUtilities.SafeInvoke: LengthPrefixCommunicationChannel: MessageReceived: Invoking callback 1/1 for Microsoft.VisualStudio.TestPlatform.CommunicationUtilities.TestRequestSender+<>c__DisplayClass34_0., took 115 ms.
TpTrace Information: 0 : 17524, 1, 2024/02/14, 14:37:13.337, 2336813371719, vstest.console.dll, TestRequestManager.RunTests: run tests completed.
TpTrace Information: 0 : 17524, 13, 2024/02/14, 14:37:13.337, 2336813372253, vstest.console.dll, SocketServer.PrivateStop: Stopping server endPoint: 127.0.0.1:58790 error: 
TpTrace Information: 0 : 17524, 1, 2024/02/14, 14:37:13.337, 2336813372593, vstest.console.dll, RunTestsArgumentProcessor:Execute: Test run is completed.
TpTrace Verbose: 0 : 17524, 1, 2024/02/14, 14:37:13.337, 2336813374819, vstest.console.dll, Executor.Execute: Exiting with exit code of 1
TpTrace Verbose: 0 : 17524, 13, 2024/02/14, 14:37:13.337, 2336813376332, vstest.console.dll, LengthPrefixCommunicationChannel.Dispose: Dispose reader and writer.
TpTrace Information: 0 : 17524, 13, 2024/02/14, 14:37:13.337, 2336813376956, vstest.console.dll, SocketServer.Stop: Raise disconnected event endPoint: 127.0.0.1:58790 error: 
TpTrace Verbose: 0 : 17524, 13, 2024/02/14, 14:37:13.337, 2336813377774, vstest.console.dll, TestRequestSender: OnTestRunAbort: Operation is already complete. Skip error message.
TpTrace Verbose: 0 : 17524, 13, 2024/02/14, 14:37:13.338, 2336813378130, vstest.console.dll, MulticastDelegateUtilities.SafeInvoke: SocketServer: ClientDisconnected: Invoking callback 1/1 for Microsoft.VisualStudio.TestPlatform.CommunicationUtilities.TestRequestSender., took 0 ms.
TpTrace Verbose: 0 : 17524, 13, 2024/02/14, 14:37:13.338, 2336813378402, vstest.console.dll, TcpClientExtensions.MessageLoopAsync: exiting MessageLoopAsync remoteEndPoint: 127.0.0.1:58791 localEndPoint: 127.0.0.1:58790
