TpTrace Verbose: 0 : 36860, 1, 2024/02/20, 16:33:54.717, 1956891174789, vstest.console.dll, Version: 17.8.0-release-23578-02 Current process architecture: X64
TpTrace Verbose: 0 : 36860, 1, 2024/02/20, 16:33:54.722, 1956891225252, vstest.console.dll, Runtime location: C:\Program Files\dotnet\shared\Microsoft.NETCore.App\8.0.1
TpTrace Verbose: 0 : 36860, 1, 2024/02/20, 16:33:54.726, 1956891269726, vstest.console.dll, ArtifactProcessingPostProcessModeProcessorExecutor.Initialize: ArtifactProcessingMode.Collect
TpTrace Verbose: 0 : 36860, 1, 2024/02/20, 16:33:54.727, 1956891272801, vstest.console.dll, TestSessionCorrelationIdProcessorModeProcessorExecutor.Initialize: TestSessionCorrelationId '28544_5ac0cc45-b025-4631-8603-6222cc96e946'
TpTrace Information: 0 : 36860, 1, 2024/02/20, 16:33:54.738, 1956891387556, vstest.console.dll, FilePatternParser: The given file C:\Users\Atanas Work\Desktop\PREPARE EXAM Back-End\ContactsConsoleAPI\ContactsConsoleAPI.IntegrationTests.NUnit\bin\Debug\net6.0\fine-code-coverage\build-output\ContactsConsoleAPI.IntegrationTests.NUnit.dll is a full path.
TpTrace Verbose: 0 : 36860, 1, 2024/02/20, 16:33:54.745, 1956891453954, vstest.console.dll, TestPluginCache.DiscoverTestExtensions: finding test extensions in assemblies ends with: RuntimeProvider.dll TPluginInfo: Microsoft.VisualStudio.TestPlatform.Common.ExtensionFramework.Utilities.TestRuntimePluginInformation TExtension: Microsoft.VisualStudio.TestPlatform.ObjectModel.Host.ITestRuntimeProvider
TpTrace Verbose: 0 : 36860, 1, 2024/02/20, 16:33:54.745, 1956891458787, vstest.console.dll, TestPluginCache.GetExtensionPaths: Filtered extension paths: 
TpTrace Verbose: 0 : 36860, 1, 2024/02/20, 16:33:54.745, 1956891459978, vstest.console.dll, TestPluginCache.GetExtensionPaths: Added default extension paths: C:\Program Files\dotnet\sdk\8.0.101\Extensions\Microsoft.Diagnostics.NETCore.Client.dll
C:\Program Files\dotnet\sdk\8.0.101\Extensions\Microsoft.TestPlatform.Extensions.BlameDataCollector.dll
C:\Program Files\dotnet\sdk\8.0.101\Extensions\Microsoft.TestPlatform.Extensions.EventLogCollector.dll
C:\Program Files\dotnet\sdk\8.0.101\Extensions\Microsoft.TestPlatform.TestHostRuntimeProvider.dll
C:\Program Files\dotnet\sdk\8.0.101\Extensions\Microsoft.VisualStudio.TestPlatform.Extensions.Html.TestLogger.dll
C:\Program Files\dotnet\sdk\8.0.101\Extensions\Microsoft.VisualStudio.TestPlatform.Extensions.Trx.TestLogger.dll
TpTrace Verbose: 0 : 36860, 1, 2024/02/20, 16:33:54.746, 1956891460358, vstest.console.dll, TestPluginCache.GetExtensionPaths: Added unfilterableExtensionPaths: 
TpTrace Information: 0 : 36860, 1, 2024/02/20, 16:33:54.747, 1956891475285, vstest.console.dll, AssemblyResolver.ctor: Creating AssemblyResolver with searchDirectories C:\Program Files\dotnet\sdk\8.0.101\Extensions,C:\Program Files\dotnet\sdk\8.0.101
TpTrace Verbose: 0 : 36860, 1, 2024/02/20, 16:33:54.751, 1956891511081, vstest.console.dll, TestPluginCache.DiscoverTestExtensions: Discovering the extensions using extension path.
TpTrace Verbose: 0 : 36860, 1, 2024/02/20, 16:33:54.751, 1956891513891, vstest.console.dll, TestPluginCache.GetExtensionPaths: Filtered extension paths: 
TpTrace Verbose: 0 : 36860, 1, 2024/02/20, 16:33:54.751, 1956891514887, vstest.console.dll, TestPluginCache.GetExtensionPaths: Added default extension paths: C:\Program Files\dotnet\sdk\8.0.101\Extensions\Microsoft.Diagnostics.NETCore.Client.dll
C:\Program Files\dotnet\sdk\8.0.101\Extensions\Microsoft.TestPlatform.Extensions.BlameDataCollector.dll
C:\Program Files\dotnet\sdk\8.0.101\Extensions\Microsoft.TestPlatform.Extensions.EventLogCollector.dll
C:\Program Files\dotnet\sdk\8.0.101\Extensions\Microsoft.TestPlatform.TestHostRuntimeProvider.dll
C:\Program Files\dotnet\sdk\8.0.101\Extensions\Microsoft.VisualStudio.TestPlatform.Extensions.Html.TestLogger.dll
C:\Program Files\dotnet\sdk\8.0.101\Extensions\Microsoft.VisualStudio.TestPlatform.Extensions.Trx.TestLogger.dll
TpTrace Verbose: 0 : 36860, 1, 2024/02/20, 16:33:54.751, 1956891515564, vstest.console.dll, TestPluginCache.GetExtensionPaths: Added unfilterableExtensionPaths: 
TpTrace Verbose: 0 : 36860, 1, 2024/02/20, 16:33:54.751, 1956891518054, vstest.console.dll, TestPluginCache.DiscoverTestExtensions: Discovering the extensions using allExtensionPaths: C:\Program Files\dotnet\sdk\8.0.101\Extensions\Microsoft.Diagnostics.NETCore.Client.dll
C:\Program Files\dotnet\sdk\8.0.101\Extensions\Microsoft.TestPlatform.Extensions.BlameDataCollector.dll
C:\Program Files\dotnet\sdk\8.0.101\Extensions\Microsoft.TestPlatform.Extensions.EventLogCollector.dll
C:\Program Files\dotnet\sdk\8.0.101\Extensions\Microsoft.TestPlatform.TestHostRuntimeProvider.dll
C:\Program Files\dotnet\sdk\8.0.101\Extensions\Microsoft.VisualStudio.TestPlatform.Extensions.Html.TestLogger.dll
C:\Program Files\dotnet\sdk\8.0.101\Extensions\Microsoft.VisualStudio.TestPlatform.Extensions.Trx.TestLogger.dll
TpTrace Information: 0 : 36860, 1, 2024/02/20, 16:33:54.751, 1956891519948, vstest.console.dll, AssemblyResolver.AddSearchDirectories: Adding more searchDirectories C:\Program Files\dotnet\sdk\8.0.101\Extensions,C:\Program Files\dotnet\sdk\8.0.101
TpTrace Information: 0 : 36860, 1, 2024/02/20, 16:33:54.752, 1956891520990, vstest.console.dll, AssemblyResolver.AddSearchDirectories: Adding more searchDirectories C:\Program Files\dotnet\sdk\8.0.101\Extensions,C:\Program Files\dotnet\sdk\8.0.101
TpTrace Information: 0 : 36860, 1, 2024/02/20, 16:33:54.752, 1956891521472, vstest.console.dll, AssemblyResolver.AddSearchDirectories: Adding more searchDirectories C:\Program Files\dotnet\sdk\8.0.101\Extensions,C:\Program Files\dotnet\sdk\8.0.101
TpTrace Information: 0 : 36860, 1, 2024/02/20, 16:33:54.752, 1956891522019, vstest.console.dll, AssemblyResolver.AddSearchDirectories: Adding more searchDirectories C:\Program Files\dotnet\sdk\8.0.101\Extensions,C:\Program Files\dotnet\sdk\8.0.101
TpTrace Information: 0 : 36860, 1, 2024/02/20, 16:33:54.752, 1956891522459, vstest.console.dll, AssemblyResolver.AddSearchDirectories: Adding more searchDirectories C:\Program Files\dotnet\sdk\8.0.101\Extensions,C:\Program Files\dotnet\sdk\8.0.101
TpTrace Information: 0 : 36860, 1, 2024/02/20, 16:33:54.752, 1956891522842, vstest.console.dll, AssemblyResolver.AddSearchDirectories: Adding more searchDirectories C:\Program Files\dotnet\sdk\8.0.101\Extensions,C:\Program Files\dotnet\sdk\8.0.101
TpTrace Information: 0 : 36860, 1, 2024/02/20, 16:33:54.753, 1956891531721, vstest.console.dll, AssemblyResolver.OnResolve: Microsoft.Diagnostics.NETCore.Client: Resolving assembly.
TpTrace Information: 0 : 36860, 1, 2024/02/20, 16:33:54.753, 1956891533946, vstest.console.dll, AssemblyResolver.OnResolve: Microsoft.Diagnostics.NETCore.Client: Searching in: 'C:\Program Files\dotnet\sdk\8.0.101\Extensions'.
TpTrace Information: 0 : 36860, 1, 2024/02/20, 16:33:54.764, 1956891647150, vstest.console.dll, AssemblyResolver.OnResolve: Microsoft.Diagnostics.NETCore.Client: Loading assembly 'C:\Program Files\dotnet\sdk\8.0.101\Extensions\Microsoft.Diagnostics.NETCore.Client.dll'.
TpTrace Information: 0 : 36860, 1, 2024/02/20, 16:33:54.766, 1956891660925, vstest.console.dll, AssemblyResolver.OnResolve: Resolved assembly: Microsoft.Diagnostics.NETCore.Client, from path: C:\Program Files\dotnet\sdk\8.0.101\Extensions\Microsoft.Diagnostics.NETCore.Client.dll
TpTrace Verbose: 0 : 36860, 1, 2024/02/20, 16:33:54.770, 1956891709458, vstest.console.dll, MetadataReaderExtensionsHelper: Discovering extensions inside assembly 'Microsoft.Diagnostics.NETCore.Client, Version=0.2.8.21101, Culture=neutral, PublicKeyToken=31bf3856ad364e35' file path 'C:\Program Files\dotnet\sdk\8.0.101\Extensions\Microsoft.Diagnostics.NETCore.Client.dll'
TpTrace Information: 0 : 36860, 1, 2024/02/20, 16:33:54.778, 1956891780529, vstest.console.dll, AssemblyResolver.OnResolve: Microsoft.Bcl.AsyncInterfaces: Resolving assembly.
TpTrace Information: 0 : 36860, 1, 2024/02/20, 16:33:54.778, 1956891781712, vstest.console.dll, AssemblyResolver.OnResolve: Microsoft.Bcl.AsyncInterfaces: Searching in: 'C:\Program Files\dotnet\sdk\8.0.101\Extensions'.
TpTrace Information: 0 : 36860, 1, 2024/02/20, 16:33:54.778, 1956891782646, vstest.console.dll, AssemblyResolver.OnResolve: Microsoft.Bcl.AsyncInterfaces: Assembly path does not exist: 'C:\Program Files\dotnet\sdk\8.0.101\Extensions\Microsoft.Bcl.AsyncInterfaces.dll', returning.
TpTrace Information: 0 : 36860, 1, 2024/02/20, 16:33:54.778, 1956891784181, vstest.console.dll, AssemblyResolver.OnResolve: Microsoft.Bcl.AsyncInterfaces: Assembly path does not exist: 'C:\Program Files\dotnet\sdk\8.0.101\Extensions\Microsoft.Bcl.AsyncInterfaces.exe', returning.
TpTrace Information: 0 : 36860, 1, 2024/02/20, 16:33:54.778, 1956891784582, vstest.console.dll, AssemblyResolver.OnResolve: Microsoft.Bcl.AsyncInterfaces: Searching in: 'C:\Program Files\dotnet\sdk\8.0.101'.
TpTrace Information: 0 : 36860, 1, 2024/02/20, 16:33:54.778, 1956891785347, vstest.console.dll, AssemblyResolver.OnResolve: Microsoft.Bcl.AsyncInterfaces: Assembly path does not exist: 'C:\Program Files\dotnet\sdk\8.0.101\Microsoft.Bcl.AsyncInterfaces.dll', returning.
TpTrace Information: 0 : 36860, 1, 2024/02/20, 16:33:54.778, 1956891785992, vstest.console.dll, AssemblyResolver.OnResolve: Microsoft.Bcl.AsyncInterfaces: Assembly path does not exist: 'C:\Program Files\dotnet\sdk\8.0.101\Microsoft.Bcl.AsyncInterfaces.exe', returning.
TpTrace Information: 0 : 36860, 1, 2024/02/20, 16:33:54.778, 1956891786296, vstest.console.dll, AssemblyResolver.OnResolve: Microsoft.Bcl.AsyncInterfaces: Failed to load assembly.
TpTrace Verbose: 0 : 36860, 1, 2024/02/20, 16:33:54.778, 1956891786625, vstest.console.dll, CurrentDomainAssemblyResolve: Resolving assembly 'Microsoft.Bcl.AsyncInterfaces'.
TpTrace Information: 0 : 36860, 1, 2024/02/20, 16:33:54.778, 1956891787198, vstest.console.dll, AssemblyResolver.OnResolve: Microsoft.Bcl.AsyncInterfaces: Resolving assembly.
TpTrace Information: 0 : 36860, 1, 2024/02/20, 16:33:54.778, 1956891787694, vstest.console.dll, AssemblyResolver.OnResolve: Microsoft.Bcl.AsyncInterfaces: Resolved from cache.
TpTrace Verbose: 0 : 36860, 1, 2024/02/20, 16:33:54.778, 1956891787947, vstest.console.dll, CurrentDomainAssemblyResolve: Resolving assembly 'Microsoft.Bcl.AsyncInterfaces'.
TpTrace Verbose: 0 : 36860, 1, 2024/02/20, 16:33:54.778, 1956891788260, vstest.console.dll, CurrentDomainAssemblyResolve: Failed to resolve assembly 'Microsoft.Bcl.AsyncInterfaces'.
TpTrace Verbose: 0 : 36860, 1, 2024/02/20, 16:33:54.779, 1956891799362, vstest.console.dll, CurrentDomainAssemblyResolve: Failed to resolve assembly 'Microsoft.Bcl.AsyncInterfaces'.
TpTrace Warning: 0 : 36860, 1, 2024/02/20, 16:33:54.795, 1956891958430, vstest.console.dll, TestPluginDiscoverer: Failed to get types from assembly 'Microsoft.Diagnostics.NETCore.Client, Version=0.2.8.21101, Culture=neutral, PublicKeyToken=31bf3856ad364e35'. Error: System.Reflection.ReflectionTypeLoadException: Unable to load one or more of the requested types.
Could not load file or assembly 'Microsoft.Bcl.AsyncInterfaces, Version=1.0.0.0, Culture=neutral, PublicKeyToken=cc7b13ffcd2ddd51'. The system cannot find the file specified.
   at System.Reflection.RuntimeModule.GetTypes(RuntimeModule module)
   at System.Reflection.RuntimeModule.GetTypes()
   at Microsoft.VisualStudio.TestPlatform.Common.ExtensionFramework.TestPluginDiscoverer.GetTestExtensionsFromAssembly[TPluginInfo,TExtension](Assembly assembly, Dictionary`2 pluginInfos, String filePath) in /_/src/Microsoft.TestPlatform.Common/ExtensionFramework/TestPluginDiscoverer.cs:line 158
System.IO.FileNotFoundException: Could not load file or assembly 'Microsoft.Bcl.AsyncInterfaces, Version=1.0.0.0, Culture=neutral, PublicKeyToken=cc7b13ffcd2ddd51'. The system cannot find the file specified.
File name: 'Microsoft.Bcl.AsyncInterfaces, Version=1.0.0.0, Culture=neutral, PublicKeyToken=cc7b13ffcd2ddd51'
 ---> System.IO.FileNotFoundException: Could not load file or assembly 'Microsoft.Bcl.AsyncInterfaces, Culture=neutral, PublicKeyToken=null'. The system cannot find the file specified.
File name: 'Microsoft.Bcl.AsyncInterfaces, Culture=neutral, PublicKeyToken=null'
   at System.Reflection.RuntimeAssembly.InternalLoad(AssemblyName assemblyName, StackCrawlMark& stackMark, AssemblyLoadContext assemblyLoadContext, RuntimeAssembly requestingAssembly, Boolean throwOnFileNotFound)
   at System.Reflection.Assembly.Load(AssemblyName assemblyRef)
   at Microsoft.VisualStudio.TestPlatform.Common.ExtensionFramework.TestPluginCache.CurrentDomainAssemblyResolve(Object sender, AssemblyResolveEventArgs args) in /_/src/Microsoft.TestPlatform.Common/ExtensionFramework/TestPluginCache.cs:line 513
   at System.Runtime.Loader.AssemblyLoadContext.GetFirstResolvedAssemblyFromResolvingEvent(AssemblyName assemblyName)
   at System.Runtime.Loader.AssemblyLoadContext.ResolveUsingEvent(AssemblyName assemblyName)
   at System.Runtime.Loader.AssemblyLoadContext.ResolveUsingResolvingEvent(IntPtr gchManagedAssemblyLoadContext, AssemblyName assemblyName)
TpTrace Warning: 0 : 36860, 1, 2024/02/20, 16:33:54.796, 1956891965207, vstest.console.dll, LoaderExceptions: System.IO.FileNotFoundException: Could not load file or assembly 'Microsoft.Bcl.AsyncInterfaces, Version=1.0.0.0, Culture=neutral, PublicKeyToken=cc7b13ffcd2ddd51'. The system cannot find the file specified.
File name: 'Microsoft.Bcl.AsyncInterfaces, Version=1.0.0.0, Culture=neutral, PublicKeyToken=cc7b13ffcd2ddd51'
 ---> System.IO.FileNotFoundException: Could not load file or assembly 'Microsoft.Bcl.AsyncInterfaces, Culture=neutral, PublicKeyToken=null'. The system cannot find the file specified.
File name: 'Microsoft.Bcl.AsyncInterfaces, Culture=neutral, PublicKeyToken=null'
   at System.Reflection.RuntimeAssembly.InternalLoad(AssemblyName assemblyName, StackCrawlMark& stackMark, AssemblyLoadContext assemblyLoadContext, RuntimeAssembly requestingAssembly, Boolean throwOnFileNotFound)
   at System.Reflection.Assembly.Load(AssemblyName assemblyRef)
   at Microsoft.VisualStudio.TestPlatform.Common.ExtensionFramework.TestPluginCache.CurrentDomainAssemblyResolve(Object sender, AssemblyResolveEventArgs args) in /_/src/Microsoft.TestPlatform.Common/ExtensionFramework/TestPluginCache.cs:line 513
   at System.Runtime.Loader.AssemblyLoadContext.GetFirstResolvedAssemblyFromResolvingEvent(AssemblyName assemblyName)
   at System.Runtime.Loader.AssemblyLoadContext.ResolveUsingEvent(AssemblyName assemblyName)
   at System.Runtime.Loader.AssemblyLoadContext.ResolveUsingResolvingEvent(IntPtr gchManagedAssemblyLoadContext, AssemblyName assemblyName)
TpTrace Information: 0 : 36860, 1, 2024/02/20, 16:33:54.797, 1956891970673, vstest.console.dll, AssemblyResolver.OnResolve: Microsoft.TestPlatform.Extensions.BlameDataCollector: Resolving assembly.
TpTrace Information: 0 : 36860, 1, 2024/02/20, 16:33:54.797, 1956891972952, vstest.console.dll, AssemblyResolver.OnResolve: Microsoft.TestPlatform.Extensions.BlameDataCollector: Searching in: 'C:\Program Files\dotnet\sdk\8.0.101\Extensions'.
TpTrace Information: 0 : 36860, 1, 2024/02/20, 16:33:54.798, 1956891982106, vstest.console.dll, AssemblyResolver.OnResolve: Microsoft.TestPlatform.Extensions.BlameDataCollector: Loading assembly 'C:\Program Files\dotnet\sdk\8.0.101\Extensions\Microsoft.TestPlatform.Extensions.BlameDataCollector.dll'.
TpTrace Information: 0 : 36860, 1, 2024/02/20, 16:33:54.799, 1956891992784, vstest.console.dll, AssemblyResolver.OnResolve: Resolved assembly: Microsoft.TestPlatform.Extensions.BlameDataCollector, from path: C:\Program Files\dotnet\sdk\8.0.101\Extensions\Microsoft.TestPlatform.Extensions.BlameDataCollector.dll
TpTrace Verbose: 0 : 36860, 1, 2024/02/20, 16:33:54.799, 1956891994404, vstest.console.dll, MetadataReaderExtensionsHelper: Discovering extensions inside assembly 'Microsoft.TestPlatform.Extensions.BlameDataCollector, Version=15.0.0.0, Culture=neutral, PublicKeyToken=b03f5f7f11d50a3a' file path 'C:\Program Files\dotnet\sdk\8.0.101\Extensions\Microsoft.TestPlatform.Extensions.BlameDataCollector.dll'
TpTrace Information: 0 : 36860, 1, 2024/02/20, 16:33:54.801, 1956892015569, vstest.console.dll, AssemblyResolver.OnResolve: Microsoft.TestPlatform.Extensions.EventLogCollector: Resolving assembly.
TpTrace Information: 0 : 36860, 1, 2024/02/20, 16:33:54.801, 1956892017702, vstest.console.dll, AssemblyResolver.OnResolve: Microsoft.TestPlatform.Extensions.EventLogCollector: Searching in: 'C:\Program Files\dotnet\sdk\8.0.101\Extensions'.
TpTrace Information: 0 : 36860, 1, 2024/02/20, 16:33:54.802, 1956892025132, vstest.console.dll, AssemblyResolver.OnResolve: Microsoft.TestPlatform.Extensions.EventLogCollector: Loading assembly 'C:\Program Files\dotnet\sdk\8.0.101\Extensions\Microsoft.TestPlatform.Extensions.EventLogCollector.dll'.
TpTrace Information: 0 : 36860, 1, 2024/02/20, 16:33:54.803, 1956892033749, vstest.console.dll, AssemblyResolver.OnResolve: Resolved assembly: Microsoft.TestPlatform.Extensions.EventLogCollector, from path: C:\Program Files\dotnet\sdk\8.0.101\Extensions\Microsoft.TestPlatform.Extensions.EventLogCollector.dll
TpTrace Verbose: 0 : 36860, 1, 2024/02/20, 16:33:54.803, 1956892035512, vstest.console.dll, MetadataReaderExtensionsHelper: Discovering extensions inside assembly 'Microsoft.TestPlatform.Extensions.EventLogCollector, Version=15.0.0.0, Culture=neutral, PublicKeyToken=b03f5f7f11d50a3a' file path 'C:\Program Files\dotnet\sdk\8.0.101\Extensions\Microsoft.TestPlatform.Extensions.EventLogCollector.dll'
TpTrace Information: 0 : 36860, 1, 2024/02/20, 16:33:54.808, 1956892083136, vstest.console.dll, AssemblyResolver.OnResolve: Microsoft.TestPlatform.TestHostRuntimeProvider: Resolving assembly.
TpTrace Information: 0 : 36860, 1, 2024/02/20, 16:33:54.808, 1956892084735, vstest.console.dll, AssemblyResolver.OnResolve: Microsoft.TestPlatform.TestHostRuntimeProvider: Searching in: 'C:\Program Files\dotnet\sdk\8.0.101\Extensions'.
TpTrace Information: 0 : 36860, 1, 2024/02/20, 16:33:54.809, 1956892092550, vstest.console.dll, AssemblyResolver.OnResolve: Microsoft.TestPlatform.TestHostRuntimeProvider: Loading assembly 'C:\Program Files\dotnet\sdk\8.0.101\Extensions\Microsoft.TestPlatform.TestHostRuntimeProvider.dll'.
TpTrace Information: 0 : 36860, 1, 2024/02/20, 16:33:54.810, 1956892103263, vstest.console.dll, AssemblyResolver.OnResolve: Resolved assembly: Microsoft.TestPlatform.TestHostRuntimeProvider, from path: C:\Program Files\dotnet\sdk\8.0.101\Extensions\Microsoft.TestPlatform.TestHostRuntimeProvider.dll
TpTrace Verbose: 0 : 36860, 1, 2024/02/20, 16:33:54.810, 1956892105889, vstest.console.dll, MetadataReaderExtensionsHelper: Discovering extensions inside assembly 'Microsoft.TestPlatform.TestHostRuntimeProvider, Version=15.0.0.0, Culture=neutral, PublicKeyToken=b03f5f7f11d50a3a' file path 'C:\Program Files\dotnet\sdk\8.0.101\Extensions\Microsoft.TestPlatform.TestHostRuntimeProvider.dll'
TpTrace Information: 0 : 36860, 1, 2024/02/20, 16:33:54.812, 1956892127392, vstest.console.dll, GetTestExtensionFromType: Register extension with identifier data 'HostProvider://DefaultTestHost' and type 'Microsoft.VisualStudio.TestPlatform.CrossPlatEngine.Hosting.DefaultTestHostManager, Microsoft.TestPlatform.TestHostRuntimeProvider, Version=15.0.0.0, Culture=neutral, PublicKeyToken=b03f5f7f11d50a3a' inside file 'C:\Program Files\dotnet\sdk\8.0.101\Extensions\Microsoft.TestPlatform.TestHostRuntimeProvider.dll'
TpTrace Information: 0 : 36860, 1, 2024/02/20, 16:33:54.813, 1956892130290, vstest.console.dll, GetTestExtensionFromType: Register extension with identifier data 'HostProvider://DotnetTestHost' and type 'Microsoft.VisualStudio.TestPlatform.CrossPlatEngine.Hosting.DotnetTestHostManager, Microsoft.TestPlatform.TestHostRuntimeProvider, Version=15.0.0.0, Culture=neutral, PublicKeyToken=b03f5f7f11d50a3a' inside file 'C:\Program Files\dotnet\sdk\8.0.101\Extensions\Microsoft.TestPlatform.TestHostRuntimeProvider.dll'
TpTrace Information: 0 : 36860, 1, 2024/02/20, 16:33:54.813, 1956892131254, vstest.console.dll, AssemblyResolver.OnResolve: Microsoft.VisualStudio.TestPlatform.Extensions.Html.TestLogger: Resolving assembly.
TpTrace Information: 0 : 36860, 1, 2024/02/20, 16:33:54.813, 1956892131941, vstest.console.dll, AssemblyResolver.OnResolve: Microsoft.VisualStudio.TestPlatform.Extensions.Html.TestLogger: Searching in: 'C:\Program Files\dotnet\sdk\8.0.101\Extensions'.
TpTrace Information: 0 : 36860, 1, 2024/02/20, 16:33:54.814, 1956892147313, vstest.console.dll, AssemblyResolver.OnResolve: Microsoft.VisualStudio.TestPlatform.Extensions.Html.TestLogger: Loading assembly 'C:\Program Files\dotnet\sdk\8.0.101\Extensions\Microsoft.VisualStudio.TestPlatform.Extensions.Html.TestLogger.dll'.
TpTrace Information: 0 : 36860, 1, 2024/02/20, 16:33:54.815, 1956892157727, vstest.console.dll, AssemblyResolver.OnResolve: Resolved assembly: Microsoft.VisualStudio.TestPlatform.Extensions.Html.TestLogger, from path: C:\Program Files\dotnet\sdk\8.0.101\Extensions\Microsoft.VisualStudio.TestPlatform.Extensions.Html.TestLogger.dll
TpTrace Verbose: 0 : 36860, 1, 2024/02/20, 16:33:54.815, 1956892159010, vstest.console.dll, MetadataReaderExtensionsHelper: Discovering extensions inside assembly 'Microsoft.VisualStudio.TestPlatform.Extensions.Html.TestLogger, Version=15.0.0.0, Culture=neutral, PublicKeyToken=b03f5f7f11d50a3a' file path 'C:\Program Files\dotnet\sdk\8.0.101\Extensions\Microsoft.VisualStudio.TestPlatform.Extensions.Html.TestLogger.dll'
TpTrace Information: 0 : 36860, 1, 2024/02/20, 16:33:54.817, 1956892171460, vstest.console.dll, AssemblyResolver.OnResolve: Microsoft.VisualStudio.TestPlatform.Extensions.Trx.TestLogger: Resolving assembly.
TpTrace Information: 0 : 36860, 1, 2024/02/20, 16:33:54.817, 1956892172978, vstest.console.dll, AssemblyResolver.OnResolve: Microsoft.VisualStudio.TestPlatform.Extensions.Trx.TestLogger: Searching in: 'C:\Program Files\dotnet\sdk\8.0.101\Extensions'.
TpTrace Information: 0 : 36860, 1, 2024/02/20, 16:33:54.817, 1956892180161, vstest.console.dll, AssemblyResolver.OnResolve: Microsoft.VisualStudio.TestPlatform.Extensions.Trx.TestLogger: Loading assembly 'C:\Program Files\dotnet\sdk\8.0.101\Extensions\Microsoft.VisualStudio.TestPlatform.Extensions.Trx.TestLogger.dll'.
TpTrace Information: 0 : 36860, 1, 2024/02/20, 16:33:54.819, 1956892190861, vstest.console.dll, AssemblyResolver.OnResolve: Resolved assembly: Microsoft.VisualStudio.TestPlatform.Extensions.Trx.TestLogger, from path: C:\Program Files\dotnet\sdk\8.0.101\Extensions\Microsoft.VisualStudio.TestPlatform.Extensions.Trx.TestLogger.dll
TpTrace Verbose: 0 : 36860, 1, 2024/02/20, 16:33:54.819, 1956892192388, vstest.console.dll, MetadataReaderExtensionsHelper: Discovering extensions inside assembly 'Microsoft.VisualStudio.TestPlatform.Extensions.Trx.TestLogger, Version=15.0.0.0, Culture=neutral, PublicKeyToken=b03f5f7f11d50a3a' file path 'C:\Program Files\dotnet\sdk\8.0.101\Extensions\Microsoft.VisualStudio.TestPlatform.Extensions.Trx.TestLogger.dll'
TpTrace Verbose: 0 : 36860, 1, 2024/02/20, 16:33:54.821, 1956892211864, vstest.console.dll, TestPluginCache: Discovered the extensions using extension path ''.
TpTrace Verbose: 0 : 36860, 1, 2024/02/20, 16:33:54.821, 1956892213767, vstest.console.dll, TestPluginCache: Discoverers are ''.
TpTrace Verbose: 0 : 36860, 1, 2024/02/20, 16:33:54.821, 1956892214204, vstest.console.dll, TestPluginCache: Executors are ''.
TpTrace Verbose: 0 : 36860, 1, 2024/02/20, 16:33:54.821, 1956892214768, vstest.console.dll, TestPluginCache: Executors2 are ''.
TpTrace Verbose: 0 : 36860, 1, 2024/02/20, 16:33:54.821, 1956892215172, vstest.console.dll, TestPluginCache: Setting providers are ''.
TpTrace Verbose: 0 : 36860, 1, 2024/02/20, 16:33:54.821, 1956892215560, vstest.console.dll, TestPluginCache: Loggers are ''.
TpTrace Verbose: 0 : 36860, 1, 2024/02/20, 16:33:54.821, 1956892218655, vstest.console.dll, TestPluginCache: TestHosts are 'HostProvider://DefaultTestHost,HostProvider://DotnetTestHost'.
TpTrace Verbose: 0 : 36860, 1, 2024/02/20, 16:33:54.821, 1956892219235, vstest.console.dll, TestPluginCache: DataCollectors are ''.
TpTrace Information: 0 : 36860, 1, 2024/02/20, 16:33:54.839, 1956892399455, vstest.console.dll, RunTestsArgumentProcessor:Execute: Test run is starting.
TpTrace Verbose: 0 : 36860, 1, 2024/02/20, 16:33:54.840, 1956892400782, vstest.console.dll, RunTestsArgumentProcessor:Execute: Queuing Test run.
TpTrace Information: 0 : 36860, 1, 2024/02/20, 16:33:54.840, 1956892404643, vstest.console.dll, TestRequestManager.RunTests: run tests started.
TpTrace Information: 0 : 36860, 1, 2024/02/20, 16:33:54.842, 1956892426086, vstest.console.dll, AssemblyMetadataProvider.GetFrameworkName: Determined framework:'.NETCoreApp,Version=v6.0' for source: 'C:\Users\Atanas Work\Desktop\PREPARE EXAM Back-End\ContactsConsoleAPI\ContactsConsoleAPI.IntegrationTests.NUnit\bin\Debug\net6.0\fine-code-coverage\build-output\ContactsConsoleAPI.IntegrationTests.NUnit.dll'
TpTrace Information: 0 : 36860, 1, 2024/02/20, 16:33:54.842, 1956892429003, vstest.console.dll, Determined framework for all sources: .NETCoreApp,Version=v6.0
TpTrace Verbose: 0 : 36860, 1, 2024/02/20, 16:33:54.843, 1956892434269, vstest.console.dll, TestRequestManager.UpdateRunSettingsIfRequired: Default architecture: X64 IsDefaultTargetArchitecture: True, Current process architecture: X64 OperatingSystem: Windows.
TpTrace Information: 0 : 36860, 1, 2024/02/20, 16:33:54.845, 1956892452985, vstest.console.dll, AssemblyMetadataProvider.GetArchitecture: Determined architecture:AnyCPU info for assembly: C:\Users\Atanas Work\Desktop\PREPARE EXAM Back-End\ContactsConsoleAPI\ContactsConsoleAPI.IntegrationTests.NUnit\bin\Debug\net6.0\fine-code-coverage\build-output\ContactsConsoleAPI.IntegrationTests.NUnit.dll
TpTrace Information: 0 : 36860, 1, 2024/02/20, 16:33:54.845, 1956892453761, vstest.console.dll, Determined platform for source 'C:\Users\Atanas Work\Desktop\PREPARE EXAM Back-End\ContactsConsoleAPI\ContactsConsoleAPI.IntegrationTests.NUnit\bin\Debug\net6.0\fine-code-coverage\build-output\ContactsConsoleAPI.IntegrationTests.NUnit.dll' was AnyCPU and it will use the default plaform X64.
TpTrace Information: 0 : 36860, 1, 2024/02/20, 16:33:54.845, 1956892454034, vstest.console.dll, None of the sources provided any runnable platform, using the default platform: X64
TpTrace Information: 0 : 36860, 1, 2024/02/20, 16:33:54.845, 1956892454993, vstest.console.dll, Platform was updated to 'X64'.
TpTrace Information: 0 : 36860, 1, 2024/02/20, 16:33:54.849, 1956892499856, vstest.console.dll, InferRunSettingsHelper.IsTestSettingsEnabled: Unable to navigate to RunSettings/MSTest. Current node: RunSettings
TpTrace Information: 0 : 36860, 1, 2024/02/20, 16:33:54.850, 1956892507312, vstest.console.dll, AssemblyResolver.OnResolve: Microsoft.VisualStudio.TestPlatform.Fakes: Resolving assembly.
TpTrace Information: 0 : 36860, 1, 2024/02/20, 16:33:54.850, 1956892508361, vstest.console.dll, AssemblyResolver.OnResolve: Microsoft.VisualStudio.TestPlatform.Fakes: Searching in: 'C:\Program Files\dotnet\sdk\8.0.101\Extensions'.
TpTrace Information: 0 : 36860, 1, 2024/02/20, 16:33:54.851, 1956892510371, vstest.console.dll, AssemblyResolver.OnResolve: Microsoft.VisualStudio.TestPlatform.Fakes: Assembly path does not exist: 'C:\Program Files\dotnet\sdk\8.0.101\Extensions\Microsoft.VisualStudio.TestPlatform.Fakes.dll', returning.
TpTrace Information: 0 : 36860, 1, 2024/02/20, 16:33:54.851, 1956892511203, vstest.console.dll, AssemblyResolver.OnResolve: Microsoft.VisualStudio.TestPlatform.Fakes: Assembly path does not exist: 'C:\Program Files\dotnet\sdk\8.0.101\Extensions\Microsoft.VisualStudio.TestPlatform.Fakes.exe', returning.
TpTrace Information: 0 : 36860, 1, 2024/02/20, 16:33:54.851, 1956892511941, vstest.console.dll, AssemblyResolver.OnResolve: Microsoft.VisualStudio.TestPlatform.Fakes: Searching in: 'C:\Program Files\dotnet\sdk\8.0.101'.
TpTrace Information: 0 : 36860, 1, 2024/02/20, 16:33:54.851, 1956892512784, vstest.console.dll, AssemblyResolver.OnResolve: Microsoft.VisualStudio.TestPlatform.Fakes: Assembly path does not exist: 'C:\Program Files\dotnet\sdk\8.0.101\Microsoft.VisualStudio.TestPlatform.Fakes.dll', returning.
TpTrace Information: 0 : 36860, 1, 2024/02/20, 16:33:54.851, 1956892513500, vstest.console.dll, AssemblyResolver.OnResolve: Microsoft.VisualStudio.TestPlatform.Fakes: Assembly path does not exist: 'C:\Program Files\dotnet\sdk\8.0.101\Microsoft.VisualStudio.TestPlatform.Fakes.exe', returning.
TpTrace Information: 0 : 36860, 1, 2024/02/20, 16:33:54.851, 1956892514072, vstest.console.dll, AssemblyResolver.OnResolve: Microsoft.VisualStudio.TestPlatform.Fakes: Failed to load assembly.
TpTrace Information: 0 : 36860, 1, 2024/02/20, 16:33:54.851, 1956892519556, vstest.console.dll, Failed to load assembly Microsoft.VisualStudio.TestPlatform.Fakes, Version=17.0.0.0, Culture=neutral. Reason:System.IO.FileNotFoundException: Could not load file or assembly 'Microsoft.VisualStudio.TestPlatform.Fakes, Version=17.0.0.0, Culture=neutral, PublicKeyToken=null'. The system cannot find the file specified.
File name: 'Microsoft.VisualStudio.TestPlatform.Fakes, Version=17.0.0.0, Culture=neutral, PublicKeyToken=null'
   at System.Reflection.RuntimeAssembly.InternalLoad(AssemblyName assemblyName, StackCrawlMark& stackMark, AssemblyLoadContext assemblyLoadContext, RuntimeAssembly requestingAssembly, Boolean throwOnFileNotFound)
   at System.Reflection.Assembly.Load(AssemblyName assemblyRef)
   at Microsoft.VisualStudio.TestPlatform.Common.Utilities.FakesUtilities.LoadTestPlatformAssembly() in /_/src/Microsoft.TestPlatform.Common/Utilities/FakesUtilities.cs:line 272
TpTrace Verbose: 0 : 36860, 1, 2024/02/20, 16:33:54.857, 1956892571704, vstest.console.dll, TestPluginCache.DiscoverTestExtensions: finding test extensions in assemblies ends with: TestLogger.dll TPluginInfo: Microsoft.VisualStudio.TestPlatform.Common.ExtensionFramework.Utilities.TestLoggerPluginInformation TExtension: Microsoft.VisualStudio.TestPlatform.ObjectModel.Client.ITestLogger
TpTrace Verbose: 0 : 36860, 1, 2024/02/20, 16:33:54.857, 1956892573057, vstest.console.dll, TestPluginCache.GetExtensionPaths: Filtered extension paths: 
TpTrace Verbose: 0 : 36860, 1, 2024/02/20, 16:33:54.857, 1956892573661, vstest.console.dll, TestPluginCache.GetExtensionPaths: Added default extension paths: C:\Program Files\dotnet\sdk\8.0.101\Extensions\Microsoft.Diagnostics.NETCore.Client.dll
C:\Program Files\dotnet\sdk\8.0.101\Extensions\Microsoft.TestPlatform.Extensions.BlameDataCollector.dll
C:\Program Files\dotnet\sdk\8.0.101\Extensions\Microsoft.TestPlatform.Extensions.EventLogCollector.dll
C:\Program Files\dotnet\sdk\8.0.101\Extensions\Microsoft.TestPlatform.TestHostRuntimeProvider.dll
C:\Program Files\dotnet\sdk\8.0.101\Extensions\Microsoft.VisualStudio.TestPlatform.Extensions.Html.TestLogger.dll
C:\Program Files\dotnet\sdk\8.0.101\Extensions\Microsoft.VisualStudio.TestPlatform.Extensions.Trx.TestLogger.dll
TpTrace Verbose: 0 : 36860, 1, 2024/02/20, 16:33:54.857, 1956892573992, vstest.console.dll, TestPluginCache.GetExtensionPaths: Added unfilterableExtensionPaths: 
TpTrace Information: 0 : 36860, 1, 2024/02/20, 16:33:54.857, 1956892575957, vstest.console.dll, AssemblyResolver.AddSearchDirectories: Adding more searchDirectories C:\Program Files\dotnet\sdk\8.0.101\Extensions,C:\Program Files\dotnet\sdk\8.0.101
TpTrace Verbose: 0 : 36860, 1, 2024/02/20, 16:33:54.857, 1956892576488, vstest.console.dll, TestPluginCache.DiscoverTestExtensions: Discovering the extensions using extension path.
TpTrace Verbose: 0 : 36860, 1, 2024/02/20, 16:33:54.857, 1956892576867, vstest.console.dll, TestPluginCache.GetExtensionPaths: Filtered extension paths: 
TpTrace Verbose: 0 : 36860, 1, 2024/02/20, 16:33:54.857, 1956892577397, vstest.console.dll, TestPluginCache.GetExtensionPaths: Added default extension paths: C:\Program Files\dotnet\sdk\8.0.101\Extensions\Microsoft.Diagnostics.NETCore.Client.dll
C:\Program Files\dotnet\sdk\8.0.101\Extensions\Microsoft.TestPlatform.Extensions.BlameDataCollector.dll
C:\Program Files\dotnet\sdk\8.0.101\Extensions\Microsoft.TestPlatform.Extensions.EventLogCollector.dll
C:\Program Files\dotnet\sdk\8.0.101\Extensions\Microsoft.TestPlatform.TestHostRuntimeProvider.dll
C:\Program Files\dotnet\sdk\8.0.101\Extensions\Microsoft.VisualStudio.TestPlatform.Extensions.Html.TestLogger.dll
C:\Program Files\dotnet\sdk\8.0.101\Extensions\Microsoft.VisualStudio.TestPlatform.Extensions.Trx.TestLogger.dll
TpTrace Verbose: 0 : 36860, 1, 2024/02/20, 16:33:54.857, 1956892577776, vstest.console.dll, TestPluginCache.GetExtensionPaths: Added unfilterableExtensionPaths: 
TpTrace Verbose: 0 : 36860, 1, 2024/02/20, 16:33:54.857, 1956892579007, vstest.console.dll, TestPluginCache.DiscoverTestExtensions: Discovering the extensions using allExtensionPaths: C:\Program Files\dotnet\sdk\8.0.101\Extensions\Microsoft.Diagnostics.NETCore.Client.dll
C:\Program Files\dotnet\sdk\8.0.101\Extensions\Microsoft.TestPlatform.Extensions.BlameDataCollector.dll
C:\Program Files\dotnet\sdk\8.0.101\Extensions\Microsoft.TestPlatform.Extensions.EventLogCollector.dll
C:\Program Files\dotnet\sdk\8.0.101\Extensions\Microsoft.TestPlatform.TestHostRuntimeProvider.dll
C:\Program Files\dotnet\sdk\8.0.101\Extensions\Microsoft.VisualStudio.TestPlatform.Extensions.Html.TestLogger.dll
C:\Program Files\dotnet\sdk\8.0.101\Extensions\Microsoft.VisualStudio.TestPlatform.Extensions.Trx.TestLogger.dll
TpTrace Information: 0 : 36860, 1, 2024/02/20, 16:33:54.857, 1956892579630, vstest.console.dll, AssemblyResolver.AddSearchDirectories: Adding more searchDirectories C:\Program Files\dotnet\sdk\8.0.101\Extensions,C:\Program Files\dotnet\sdk\8.0.101
TpTrace Information: 0 : 36860, 1, 2024/02/20, 16:33:54.857, 1956892580116, vstest.console.dll, AssemblyResolver.AddSearchDirectories: Adding more searchDirectories C:\Program Files\dotnet\sdk\8.0.101\Extensions,C:\Program Files\dotnet\sdk\8.0.101
TpTrace Information: 0 : 36860, 1, 2024/02/20, 16:33:54.858, 1956892580493, vstest.console.dll, AssemblyResolver.AddSearchDirectories: Adding more searchDirectories C:\Program Files\dotnet\sdk\8.0.101\Extensions,C:\Program Files\dotnet\sdk\8.0.101
TpTrace Information: 0 : 36860, 1, 2024/02/20, 16:33:54.858, 1956892580826, vstest.console.dll, AssemblyResolver.AddSearchDirectories: Adding more searchDirectories C:\Program Files\dotnet\sdk\8.0.101\Extensions,C:\Program Files\dotnet\sdk\8.0.101
TpTrace Information: 0 : 36860, 1, 2024/02/20, 16:33:54.858, 1956892581223, vstest.console.dll, AssemblyResolver.AddSearchDirectories: Adding more searchDirectories C:\Program Files\dotnet\sdk\8.0.101\Extensions,C:\Program Files\dotnet\sdk\8.0.101
TpTrace Information: 0 : 36860, 1, 2024/02/20, 16:33:54.858, 1956892581650, vstest.console.dll, AssemblyResolver.AddSearchDirectories: Adding more searchDirectories C:\Program Files\dotnet\sdk\8.0.101\Extensions,C:\Program Files\dotnet\sdk\8.0.101
TpTrace Verbose: 0 : 36860, 1, 2024/02/20, 16:33:54.858, 1956892582987, vstest.console.dll, MetadataReaderExtensionsHelper: Discovering extensions inside assembly 'Microsoft.Diagnostics.NETCore.Client, Version=0.2.8.21101, Culture=neutral, PublicKeyToken=31bf3856ad364e35' file path 'C:\Program Files\dotnet\sdk\8.0.101\Extensions\Microsoft.Diagnostics.NETCore.Client.dll'
TpTrace Information: 0 : 36860, 1, 2024/02/20, 16:33:54.859, 1956892596532, vstest.console.dll, AssemblyResolver.OnResolve: Microsoft.Bcl.AsyncInterfaces: Resolving assembly.
TpTrace Information: 0 : 36860, 1, 2024/02/20, 16:33:54.859, 1956892597474, vstest.console.dll, AssemblyResolver.OnResolve: Microsoft.Bcl.AsyncInterfaces: Resolved from cache.
TpTrace Verbose: 0 : 36860, 1, 2024/02/20, 16:33:54.859, 1956892597810, vstest.console.dll, CurrentDomainAssemblyResolve: Resolving assembly 'Microsoft.Bcl.AsyncInterfaces'.
TpTrace Information: 0 : 36860, 1, 2024/02/20, 16:33:54.859, 1956892598847, vstest.console.dll, AssemblyResolver.OnResolve: Microsoft.Bcl.AsyncInterfaces: Resolving assembly.
TpTrace Information: 0 : 36860, 1, 2024/02/20, 16:33:54.859, 1956892599257, vstest.console.dll, AssemblyResolver.OnResolve: Microsoft.Bcl.AsyncInterfaces: Resolved from cache.
TpTrace Verbose: 0 : 36860, 1, 2024/02/20, 16:33:54.859, 1956892599550, vstest.console.dll, CurrentDomainAssemblyResolve: Resolving assembly 'Microsoft.Bcl.AsyncInterfaces'.
TpTrace Verbose: 0 : 36860, 1, 2024/02/20, 16:33:54.859, 1956892599822, vstest.console.dll, CurrentDomainAssemblyResolve: Failed to resolve assembly 'Microsoft.Bcl.AsyncInterfaces'.
TpTrace Verbose: 0 : 36860, 1, 2024/02/20, 16:33:54.860, 1956892601485, vstest.console.dll, CurrentDomainAssemblyResolve: Failed to resolve assembly 'Microsoft.Bcl.AsyncInterfaces'.
TpTrace Warning: 0 : 36860, 1, 2024/02/20, 16:33:54.860, 1956892607446, vstest.console.dll, TestPluginDiscoverer: Failed to get types from assembly 'Microsoft.Diagnostics.NETCore.Client, Version=0.2.8.21101, Culture=neutral, PublicKeyToken=31bf3856ad364e35'. Error: System.Reflection.ReflectionTypeLoadException: Unable to load one or more of the requested types.
Could not load file or assembly 'Microsoft.Bcl.AsyncInterfaces, Version=1.0.0.0, Culture=neutral, PublicKeyToken=cc7b13ffcd2ddd51'. The system cannot find the file specified.
   at System.Reflection.RuntimeModule.GetTypes(RuntimeModule module)
   at System.Reflection.RuntimeModule.GetTypes()
   at Microsoft.VisualStudio.TestPlatform.Common.ExtensionFramework.TestPluginDiscoverer.GetTestExtensionsFromAssembly[TPluginInfo,TExtension](Assembly assembly, Dictionary`2 pluginInfos, String filePath) in /_/src/Microsoft.TestPlatform.Common/ExtensionFramework/TestPluginDiscoverer.cs:line 158
System.IO.FileNotFoundException: Could not load file or assembly 'Microsoft.Bcl.AsyncInterfaces, Version=1.0.0.0, Culture=neutral, PublicKeyToken=cc7b13ffcd2ddd51'. The system cannot find the file specified.
File name: 'Microsoft.Bcl.AsyncInterfaces, Version=1.0.0.0, Culture=neutral, PublicKeyToken=cc7b13ffcd2ddd51'
 ---> System.IO.FileNotFoundException: Could not load file or assembly 'Microsoft.Bcl.AsyncInterfaces, Culture=neutral, PublicKeyToken=null'. The system cannot find the file specified.
File name: 'Microsoft.Bcl.AsyncInterfaces, Culture=neutral, PublicKeyToken=null'
   at System.Reflection.RuntimeAssembly.InternalLoad(AssemblyName assemblyName, StackCrawlMark& stackMark, AssemblyLoadContext assemblyLoadContext, RuntimeAssembly requestingAssembly, Boolean throwOnFileNotFound)
   at System.Reflection.Assembly.Load(AssemblyName assemblyRef)
   at Microsoft.VisualStudio.TestPlatform.Common.ExtensionFramework.TestPluginCache.CurrentDomainAssemblyResolve(Object sender, AssemblyResolveEventArgs args) in /_/src/Microsoft.TestPlatform.Common/ExtensionFramework/TestPluginCache.cs:line 513
   at System.Runtime.Loader.AssemblyLoadContext.GetFirstResolvedAssemblyFromResolvingEvent(AssemblyName assemblyName)
   at System.Runtime.Loader.AssemblyLoadContext.ResolveUsingEvent(AssemblyName assemblyName)
   at System.Runtime.Loader.AssemblyLoadContext.ResolveUsingResolvingEvent(IntPtr gchManagedAssemblyLoadContext, AssemblyName assemblyName)
TpTrace Warning: 0 : 36860, 1, 2024/02/20, 16:33:54.861, 1956892611041, vstest.console.dll, LoaderExceptions: System.IO.FileNotFoundException: Could not load file or assembly 'Microsoft.Bcl.AsyncInterfaces, Version=1.0.0.0, Culture=neutral, PublicKeyToken=cc7b13ffcd2ddd51'. The system cannot find the file specified.
File name: 'Microsoft.Bcl.AsyncInterfaces, Version=1.0.0.0, Culture=neutral, PublicKeyToken=cc7b13ffcd2ddd51'
 ---> System.IO.FileNotFoundException: Could not load file or assembly 'Microsoft.Bcl.AsyncInterfaces, Culture=neutral, PublicKeyToken=null'. The system cannot find the file specified.
File name: 'Microsoft.Bcl.AsyncInterfaces, Culture=neutral, PublicKeyToken=null'
   at System.Reflection.RuntimeAssembly.InternalLoad(AssemblyName assemblyName, StackCrawlMark& stackMark, AssemblyLoadContext assemblyLoadContext, RuntimeAssembly requestingAssembly, Boolean throwOnFileNotFound)
   at System.Reflection.Assembly.Load(AssemblyName assemblyRef)
   at Microsoft.VisualStudio.TestPlatform.Common.ExtensionFramework.TestPluginCache.CurrentDomainAssemblyResolve(Object sender, AssemblyResolveEventArgs args) in /_/src/Microsoft.TestPlatform.Common/ExtensionFramework/TestPluginCache.cs:line 513
   at System.Runtime.Loader.AssemblyLoadContext.GetFirstResolvedAssemblyFromResolvingEvent(AssemblyName assemblyName)
   at System.Runtime.Loader.AssemblyLoadContext.ResolveUsingEvent(AssemblyName assemblyName)
   at System.Runtime.Loader.AssemblyLoadContext.ResolveUsingResolvingEvent(IntPtr gchManagedAssemblyLoadContext, AssemblyName assemblyName)
TpTrace Verbose: 0 : 36860, 1, 2024/02/20, 16:33:54.861, 1956892612816, vstest.console.dll, MetadataReaderExtensionsHelper: Discovering extensions inside assembly 'Microsoft.TestPlatform.Extensions.BlameDataCollector, Version=15.0.0.0, Culture=neutral, PublicKeyToken=b03f5f7f11d50a3a' file path 'C:\Program Files\dotnet\sdk\8.0.101\Extensions\Microsoft.TestPlatform.Extensions.BlameDataCollector.dll'
TpTrace Information: 0 : 36860, 1, 2024/02/20, 16:33:54.862, 1956892622034, vstest.console.dll, GetTestExtensionFromType: Register extension with identifier data 'logger://Microsoft/TestPlatform/Extensions/Blame/v1' and type 'Microsoft.TestPlatform.Extensions.BlameDataCollector.BlameLogger, Microsoft.TestPlatform.Extensions.BlameDataCollector, Version=15.0.0.0, Culture=neutral, PublicKeyToken=b03f5f7f11d50a3a' inside file 'C:\Program Files\dotnet\sdk\8.0.101\Extensions\Microsoft.TestPlatform.Extensions.BlameDataCollector.dll'
TpTrace Verbose: 0 : 36860, 1, 2024/02/20, 16:33:54.862, 1956892622959, vstest.console.dll, MetadataReaderExtensionsHelper: Discovering extensions inside assembly 'Microsoft.TestPlatform.Extensions.EventLogCollector, Version=15.0.0.0, Culture=neutral, PublicKeyToken=b03f5f7f11d50a3a' file path 'C:\Program Files\dotnet\sdk\8.0.101\Extensions\Microsoft.TestPlatform.Extensions.EventLogCollector.dll'
TpTrace Verbose: 0 : 36860, 1, 2024/02/20, 16:33:54.863, 1956892630652, vstest.console.dll, MetadataReaderExtensionsHelper: Discovering extensions inside assembly 'Microsoft.TestPlatform.TestHostRuntimeProvider, Version=15.0.0.0, Culture=neutral, PublicKeyToken=b03f5f7f11d50a3a' file path 'C:\Program Files\dotnet\sdk\8.0.101\Extensions\Microsoft.TestPlatform.TestHostRuntimeProvider.dll'
TpTrace Verbose: 0 : 36860, 1, 2024/02/20, 16:33:54.864, 1956892644893, vstest.console.dll, MetadataReaderExtensionsHelper: Discovering extensions inside assembly 'Microsoft.VisualStudio.TestPlatform.Extensions.Html.TestLogger, Version=15.0.0.0, Culture=neutral, PublicKeyToken=b03f5f7f11d50a3a' file path 'C:\Program Files\dotnet\sdk\8.0.101\Extensions\Microsoft.VisualStudio.TestPlatform.Extensions.Html.TestLogger.dll'
TpTrace Information: 0 : 36860, 1, 2024/02/20, 16:33:54.865, 1956892658322, vstest.console.dll, GetTestExtensionFromType: Register extension with identifier data 'logger://Microsoft/TestPlatform/HtmlLogger/v1' and type 'Microsoft.VisualStudio.TestPlatform.Extensions.HtmlLogger.HtmlLogger, Microsoft.VisualStudio.TestPlatform.Extensions.Html.TestLogger, Version=15.0.0.0, Culture=neutral, PublicKeyToken=b03f5f7f11d50a3a' inside file 'C:\Program Files\dotnet\sdk\8.0.101\Extensions\Microsoft.VisualStudio.TestPlatform.Extensions.Html.TestLogger.dll'
TpTrace Verbose: 0 : 36860, 1, 2024/02/20, 16:33:54.865, 1956892659521, vstest.console.dll, MetadataReaderExtensionsHelper: Discovering extensions inside assembly 'Microsoft.VisualStudio.TestPlatform.Extensions.Trx.TestLogger, Version=15.0.0.0, Culture=neutral, PublicKeyToken=b03f5f7f11d50a3a' file path 'C:\Program Files\dotnet\sdk\8.0.101\Extensions\Microsoft.VisualStudio.TestPlatform.Extensions.Trx.TestLogger.dll'
TpTrace Information: 0 : 36860, 1, 2024/02/20, 16:33:54.866, 1956892667409, vstest.console.dll, GetTestExtensionFromType: Register extension with identifier data 'logger://Microsoft/TestPlatform/TrxLogger/v1' and type 'Microsoft.VisualStudio.TestPlatform.Extensions.TrxLogger.TrxLogger, Microsoft.VisualStudio.TestPlatform.Extensions.Trx.TestLogger, Version=15.0.0.0, Culture=neutral, PublicKeyToken=b03f5f7f11d50a3a' inside file 'C:\Program Files\dotnet\sdk\8.0.101\Extensions\Microsoft.VisualStudio.TestPlatform.Extensions.Trx.TestLogger.dll'
TpTrace Verbose: 0 : 36860, 1, 2024/02/20, 16:33:54.866, 1956892669057, vstest.console.dll, TestPluginCache: Discovered the extensions using extension path ''.
TpTrace Verbose: 0 : 36860, 1, 2024/02/20, 16:33:54.866, 1956892669397, vstest.console.dll, TestPluginCache: Discoverers are ''.
TpTrace Verbose: 0 : 36860, 1, 2024/02/20, 16:33:54.866, 1956892669625, vstest.console.dll, TestPluginCache: Executors are ''.
TpTrace Verbose: 0 : 36860, 1, 2024/02/20, 16:33:54.866, 1956892670129, vstest.console.dll, TestPluginCache: Executors2 are ''.
TpTrace Verbose: 0 : 36860, 1, 2024/02/20, 16:33:54.867, 1956892670426, vstest.console.dll, TestPluginCache: Setting providers are ''.
TpTrace Verbose: 0 : 36860, 1, 2024/02/20, 16:33:54.867, 1956892671162, vstest.console.dll, TestPluginCache: Loggers are 'logger://Microsoft/TestPlatform/Extensions/Blame/v1,logger://Microsoft/TestPlatform/HtmlLogger/v1,logger://Microsoft/TestPlatform/TrxLogger/v1'.
TpTrace Verbose: 0 : 36860, 1, 2024/02/20, 16:33:54.867, 1956892671677, vstest.console.dll, TestPluginCache: TestHosts are 'HostProvider://DefaultTestHost,HostProvider://DotnetTestHost'.
TpTrace Verbose: 0 : 36860, 1, 2024/02/20, 16:33:54.867, 1956892671931, vstest.console.dll, TestPluginCache: DataCollectors are ''.
TpTrace Information: 0 : 36860, 1, 2024/02/20, 16:33:54.868, 1956892680629, vstest.console.dll, TestPluginManager.CreateTestExtension: Attempting to load test extension: Microsoft.TestPlatform.Extensions.BlameDataCollector.BlameLogger
TpTrace Verbose: 0 : 36860, 1, 2024/02/20, 16:33:54.877, 1956892772882, vstest.console.dll, TestEngine: Initializing Parallel Execution as MaxCpuCount is set to: 1
TpTrace Information: 0 : 36860, 1, 2024/02/20, 16:33:54.879, 1956892791312, vstest.console.dll, TestPluginManager.CreateTestExtension: Attempting to load test extension: Microsoft.VisualStudio.TestPlatform.CrossPlatEngine.Hosting.DefaultTestHostManager
TpTrace Information: 0 : 36860, 1, 2024/02/20, 16:33:54.881, 1956892817753, vstest.console.dll, TestPluginManager.CreateTestExtension: Attempting to load test extension: Microsoft.VisualStudio.TestPlatform.CrossPlatEngine.Hosting.DotnetTestHostManager
TpTrace Information: 0 : 36860, 1, 2024/02/20, 16:33:54.882, 1956892827676, vstest.console.dll, InferRunSettingsHelper.IsTestSettingsEnabled: Unable to navigate to RunSettings/MSTest. Current node: RunSettings
TpTrace Verbose: 0 : 36860, 1, 2024/02/20, 16:33:54.883, 1956892835466, vstest.console.dll, ParallelOperationManager.ClearSlots: Clearing all slots. Slots should accept more work: True
TpTrace Verbose: 0 : 36860, 1, 2024/02/20, 16:33:54.884, 1956892843674, vstest.console.dll, ParallelOperationManager.SetOccupiedSlotCount: Setting slot counts AvailableSlotCount = 1, OccupiedSlotCount = 0.
TpTrace Verbose: 0 : 36860, 1, 2024/02/20, 16:33:54.884, 1956892847929, vstest.console.dll, Occupied slots:

TpTrace Verbose: 0 : 36860, 1, 2024/02/20, 16:33:54.889, 1956892893902, vstest.console.dll, TestEngine.GetExecutionManager: Chosen execution manager 'Microsoft.VisualStudio.TestPlatform.CrossPlatEngine.Client.Parallel.ParallelProxyExecutionManager, Microsoft.TestPlatform.CrossPlatEngine, Version=15.0.0.0, Culture=neutral, PublicKeyToken=b03f5f7f11d50a3a' ParallelLevel '1'.
TpTrace Verbose: 0 : 36860, 1, 2024/02/20, 16:33:54.889, 1956892895854, vstest.console.dll, TestRunRequest.ExecuteAsync: Creating test run request.
TpTrace Verbose: 0 : 36860, 1, 2024/02/20, 16:33:54.889, 1956892898679, vstest.console.dll, TestRunRequest.ExecuteAsync: Starting.
TpTrace Information: 0 : 36860, 1, 2024/02/20, 16:33:54.893, 1956892933521, vstest.console.dll, TestRunRequest.ExecuteAsync: Starting run with settings:TestRunCriteria:
   KeepAlive=False,FrequencyOfRunStatsChangeEvent=10,RunStatsChangeEventTimeout=00:00:01.5000000,TestCaseFilter=,TestExecutorLauncher=
   Settingsxml=<RunSettings>
  <RunConfiguration>
    <ResultsDirectory>C:\Users\Atanas Work\Desktop\PREPARE EXAM Back-End\ContactsConsoleAPI\ContactsConsoleAPI.IntegrationTests.NUnit\bin\Debug\net6.0\fine-code-coverage\coverage-tool-output</ResultsDirectory>
    <TargetPlatform>X64</TargetPlatform>
    <TargetFrameworkVersion>.NETCoreApp,Version=v6.0</TargetFrameworkVersion>
    <DesignMode>False</DesignMode>
    <CollectSourceInformation>False</CollectSourceInformation>
  </RunConfiguration>
  <LoggerRunSettings>
    <Loggers>
      <Logger friendlyName="blame" enabled="True" />
      <Logger friendlyName="Console" uri="logger://microsoft/TestPlatform/ConsoleLogger/v1" assemblyQualifiedName="Microsoft.VisualStudio.TestPlatform.CommandLine.Internal.ConsoleLogger, vstest.console, Version=15.0.0.0, Culture=neutral, PublicKeyToken=b03f5f7f11d50a3a" codeBase="C:\Program Files\dotnet\sdk\8.0.101\vstest.console.dll" enabled="True" />
    </Loggers>
  </LoggerRunSettings>
  <DataCollectionRunSettings>
    <DataCollectors>
      <DataCollector friendlyName="blame" enabled="True">
        <Configuration>
          <ResultsDirectory>C:\Users\Atanas Work\Desktop\PREPARE EXAM Back-End\ContactsConsoleAPI\ContactsConsoleAPI.IntegrationTests.NUnit\bin\Debug\net6.0\fine-code-coverage\coverage-tool-output</ResultsDirectory>
        </Configuration>
      </DataCollector>
    </DataCollectors>
  </DataCollectionRunSettings>
</RunSettings>

TpTrace Verbose: 0 : 36860, 1, 2024/02/20, 16:33:54.893, 1956892935730, vstest.console.dll, TestRunRequest.ExecuteAsync: Wait for the first run request is over.
TpTrace Verbose: 0 : 36860, 1, 2024/02/20, 16:33:54.894, 1956892940714, vstest.console.dll, MulticastDelegateUtilities.SafeInvoke: TestRun.TestRunStart: Invoking callbacks was skipped because there are no subscribers.
TpTrace Verbose: 0 : 36860, 4, 2024/02/20, 16:33:54.894, 1956892943281, vstest.console.dll, MulticastDelegateUtilities.SafeInvoke: InternalTestLoggerEvents.SendTestRunStart: Invoking callback 1/1 for Microsoft.VisualStudio.TestPlatform.CommandLine.Internal.ConsoleLogger., took 0 ms.
TpTrace Verbose: 0 : 36860, 1, 2024/02/20, 16:33:54.895, 1956892958087, vstest.console.dll, ParallelProxyExecutionManager: Start execution. Total sources: 1
TpTrace Verbose: 0 : 36860, 1, 2024/02/20, 16:33:54.896, 1956892963347, vstest.console.dll, ParallelOperationManager.StartWork: Starting adding 1 workloads.
TpTrace Verbose: 0 : 36860, 1, 2024/02/20, 16:33:54.896, 1956892964194, vstest.console.dll, ParallelOperationManager.ClearSlots: Clearing all slots. Slots should accept more work: True
TpTrace Verbose: 0 : 36860, 1, 2024/02/20, 16:33:54.896, 1956892965075, vstest.console.dll, ParallelOperationManager.SetOccupiedSlotCount: Setting slot counts AvailableSlotCount = 1, OccupiedSlotCount = 0.
TpTrace Verbose: 0 : 36860, 1, 2024/02/20, 16:33:54.896, 1956892965577, vstest.console.dll, Occupied slots:

TpTrace Verbose: 0 : 36860, 1, 2024/02/20, 16:33:54.899, 1956892991174, vstest.console.dll, TestRequestSender is acting as server.
TpTrace Verbose: 0 : 36860, 1, 2024/02/20, 16:33:54.900, 1956893003352, vstest.console.dll, ParallelOperationManager.RunWorkInParallel: Adding 1 workload to slot, remaining workloads 0.
TpTrace Verbose: 0 : 36860, 1, 2024/02/20, 16:33:54.900, 1956893004156, vstest.console.dll, ParallelOperationManager.SetOccupiedSlotCount: Setting slot counts AvailableSlotCount = 0, OccupiedSlotCount = 1.
TpTrace Verbose: 0 : 36860, 1, 2024/02/20, 16:33:54.900, 1956893005409, vstest.console.dll, Occupied slots:
0: C:\Users\Atanas Work\Desktop\PREPARE EXAM Back-End\ContactsConsoleAPI\ContactsConsoleAPI.IntegrationTests.NUnit\bin\Debug\net6.0\fine-code-coverage\build-output\ContactsConsoleAPI.IntegrationTests.NUnit.dll
TpTrace Verbose: 0 : 36860, 1, 2024/02/20, 16:33:54.901, 1956893018094, vstest.console.dll, ParallelOperationManager.RunWorkInParallel: Started host in slot number 0 for work (source): C:\Users\Atanas Work\Desktop\PREPARE EXAM Back-End\ContactsConsoleAPI\ContactsConsoleAPI.IntegrationTests.NUnit\bin\Debug\net6.0\fine-code-coverage\build-output\ContactsConsoleAPI.IntegrationTests.NUnit.dll.
TpTrace Verbose: 0 : 36860, 1, 2024/02/20, 16:33:54.902, 1956893027234, vstest.console.dll, ParallelOperationManager.RunWorkInParallel: We started 1 work items, which is the max parallel level. Won't start more work.
TpTrace Verbose: 0 : 36860, 1, 2024/02/20, 16:33:54.902, 1956893028233, vstest.console.dll, ParallelOperationManager.RunWorkInParallel: We started 1 work items in here, returning True.
TpTrace Information: 0 : 36860, 1, 2024/02/20, 16:33:54.902, 1956893028619, vstest.console.dll, TestRunRequest.ExecuteAsync: Started.
TpTrace Verbose: 0 : 36860, 5, 2024/02/20, 16:33:54.902, 1956893029344, vstest.console.dll, ParallelProxyExecutionManager.StartTestRunOnConcurrentManager: Initializing uninitialized client. Started clients: 0
TpTrace Verbose: 0 : 36860, 5, 2024/02/20, 16:33:54.903, 1956893030865, vstest.console.dll, DataCollectionRequestSender.InitializeCommunication : Initialize communication. 
TpTrace Verbose: 0 : 36860, 1, 2024/02/20, 16:33:54.903, 1956893035553, vstest.console.dll, TestRunRequest.WaitForCompletion: Waiting with timeout -1.
TpTrace Information: 0 : 36860, 5, 2024/02/20, 16:33:54.912, 1956893127737, vstest.console.dll, Listening on Endpoint : 127.0.0.1:61156
TpTrace Verbose: 0 : 36860, 5, 2024/02/20, 16:33:54.922, 1956893228218, vstest.console.dll, DotnetDataCollectionLauncher: Adding  --runtimeconfig "C:\Program Files\dotnet\sdk\8.0.101\datacollector.runtimeconfig.json" in args
TpTrace Verbose: 0 : 36860, 5, 2024/02/20, 16:33:54.922, 1956893229676, vstest.console.dll, DotnetDataCollectionLauncher: Adding  --depsfile "C:\Program Files\dotnet\sdk\8.0.101\datacollector.deps.json" in args
TpTrace Verbose: 0 : 36860, 5, 2024/02/20, 16:33:54.923, 1956893231107, vstest.console.dll, DotnetDataCollectionLauncher: Full path of dotnet.exe is C:\Program Files\dotnet\dotnet.exe
TpTrace Information: 0 : 36860, 5, 2024/02/20, 16:33:54.933, 1956893332086, vstest.console.dll, ProxyDataCollectionManager.Initialize: Launched datacollector processId: 2980 port: 61156
TpTrace Information: 0 : 36860, 5, 2024/02/20, 16:33:54.933, 1956893334180, vstest.console.dll, ProxyDataCollectionManager.Initialize: waiting for connection with timeout: 90 seconds
TpTrace Verbose: 0 : 36860, 5, 2024/02/20, 16:33:54.933, 1956893334767, vstest.console.dll, DataCollectionRequestSender.WaitForRequestHandlerConnection : Waiting for connection with timeout: 90000
TpTrace Verbose: 0 : 36860, 5, 2024/02/20, 16:33:55.153, 1956895536984, vstest.console.dll, SocketCommunicationManager.WaitForClientConnection took: 220 ms, with 90000 ms timeout, and finished with True.
TpTrace Information: 0 : 36860, 7, 2024/02/20, 16:33:55.153, 1956895536984, vstest.console.dll, Using the buffer size of 16384 bytes
TpTrace Verbose: 0 : 36860, 5, 2024/02/20, 16:33:55.153, 1956895539105, vstest.console.dll, ProxyDataCollectionManager.InvokeDataCollectionServiceAction: Starting.
TpTrace Information: 0 : 36860, 7, 2024/02/20, 16:33:55.153, 1956895539241, vstest.console.dll, Accepted Client request and set the flag
TpTrace Information: 0 : 36860, 5, 2024/02/20, 16:33:55.154, 1956895540249, vstest.console.dll, ProxyDataCollectionManager.BeforeTestRunStart: Get environment variable and port for datacollector processId: 2980 port: 61156
TpTrace Verbose: 0 : 36860, 5, 2024/02/20, 16:33:55.154, 1956895541809, vstest.console.dll, DataCollectionRequestSender.SendBeforeTestRunStartAndGetResult: Send BeforeTestRunStart message with settingsXml <RunSettings><RunConfiguration><ResultsDirectory>C:\Users\Atanas Work\Desktop\PREPARE EXAM Back-End\ContactsConsoleAPI\ContactsConsoleAPI.IntegrationTests.NUnit\bin\Debug\net6.0\fine-code-coverage\coverage-tool-output</ResultsDirectory><TargetPlatform>X64</TargetPlatform><TargetFrameworkVersion>.NETCoreApp,Version=v6.0</TargetFrameworkVersion><DesignMode>False</DesignMode><CollectSourceInformation>False</CollectSourceInformation><TestAdaptersPaths>C:\Program Files\dotnet\sdk\8.0.101\Extensions</TestAdaptersPaths></RunConfiguration><LoggerRunSettings><Loggers><Logger friendlyName="blame" enabled="True" /><Logger friendlyName="Console" uri="logger://microsoft/TestPlatform/ConsoleLogger/v1" assemblyQualifiedName="Microsoft.VisualStudio.TestPlatform.CommandLine.Internal.ConsoleLogger, vstest.console, Version=15.0.0.0, Culture=neutral, PublicKeyToken=b03f5f7f11d50a3a" codeBase="C:\Program Files\dotnet\sdk\8.0.101\vstest.console.dll" enabled="True" /></Loggers></LoggerRunSettings><DataCollectionRunSettings><DataCollectors><DataCollector friendlyName="blame" enabled="True"><Configuration><ResultsDirectory>C:\Users\Atanas Work\Desktop\PREPARE EXAM Back-End\ContactsConsoleAPI\ContactsConsoleAPI.IntegrationTests.NUnit\bin\Debug\net6.0\fine-code-coverage\coverage-tool-output</ResultsDirectory></Configuration></DataCollector></DataCollectors></DataCollectionRunSettings></RunSettings> and sources System.Collections.Generic.List`1[System.String]: 
TpTrace Verbose: 0 : 36860, 5, 2024/02/20, 16:33:55.235, 1956896359855, vstest.console.dll, DataCollectionRequestSender.SendBeforeTestRunStartAndGetResult: Received message: (DataCollection.SendMessage) -> {"MessageType":"DataCollection.SendMessage","Payload":{"FriendlyName":null,"Uri":null,"TestCaseId":"00000000-0000-0000-0000-000000000000","Message":"Logging DataCollector Diagnostics in file: C:\\Users\\Atanas Work\\Desktop\\PREPARE EXAM Back-End\\ContactsConsoleAPI\\ContactsConsoleAPI.IntegrationTests.NUnit\\bin\\Debug\\net6.0\\fine-code-coverage\\coverage-tool-output\\diagnostics.datacollector.24-02-20_16-33-54_92245_5.log","Level":0}}
TpTrace Verbose: 0 : 36860, 5, 2024/02/20, 16:33:55.352, 1956897521817, vstest.console.dll, DataCollectionRequestSender.SendBeforeTestRunStartAndGetResult: Received message: (DataCollection.BeforeTestRunStartResult) -> {"MessageType":"DataCollection.BeforeTestRunStartResult","Payload":{"EnvironmentVariables":{},"DataCollectionEventsPort":61158}}
TpTrace Information: 0 : 36860, 5, 2024/02/20, 16:33:55.357, 1956897573257, vstest.console.dll, ProxyDataCollectionManager.BeforeTestRunStart: SendBeforeTestRunStartAndGetResult successful, env variable from datacollector:   and testhost port: 61158
TpTrace Information: 0 : 36860, 5, 2024/02/20, 16:33:55.357, 1956897574626, vstest.console.dll, ProxyDataCollectionManager.InvokeDataCollectionServiceAction: Completed.
TpTrace Verbose: 0 : 36860, 5, 2024/02/20, 16:33:55.357, 1956897575072, vstest.console.dll, ParallelProxyExecutionManager.StartTestRunOnConcurrentManager: Initializing test run. Started clients: 0
TpTrace Verbose: 0 : 36860, 5, 2024/02/20, 16:33:55.357, 1956897576080, vstest.console.dll, ProxyExecutionManager: Test host is always Lazy initialize.
TpTrace Verbose: 0 : 36860, 5, 2024/02/20, 16:33:55.357, 1956897578482, vstest.console.dll, TestRequestSender.InitializeCommunication: initialize communication. 
TpTrace Information: 0 : 36860, 5, 2024/02/20, 16:33:55.358, 1956897584172, vstest.console.dll, SocketServer.Start: Listening on endpoint : 127.0.0.1:61159
TpTrace Verbose: 0 : 36860, 5, 2024/02/20, 16:33:55.359, 1956897593039, vstest.console.dll, DotnetTestHostmanager.GetTestHostProcessStartInfo: Platform environment 'X64' target architecture 'X64' framework '.NETCoreApp,Version=v6.0' OS 'Windows'
TpTrace Verbose: 0 : 36860, 5, 2024/02/20, 16:33:55.359, 1956897595661, vstest.console.dll, DotnetTestHostmanager: Adding  --runtimeconfig "C:\Users\Atanas Work\Desktop\PREPARE EXAM Back-End\ContactsConsoleAPI\ContactsConsoleAPI.IntegrationTests.NUnit\bin\Debug\net6.0\fine-code-coverage\build-output\ContactsConsoleAPI.IntegrationTests.NUnit.runtimeconfig.json" in args
TpTrace Verbose: 0 : 36860, 5, 2024/02/20, 16:33:55.359, 1956897596697, vstest.console.dll, DotnetTestHostmanager: Adding  --depsfile "C:\Users\Atanas Work\Desktop\PREPARE EXAM Back-End\ContactsConsoleAPI\ContactsConsoleAPI.IntegrationTests.NUnit\bin\Debug\net6.0\fine-code-coverage\build-output\ContactsConsoleAPI.IntegrationTests.NUnit.deps.json" in args
TpTrace Verbose: 0 : 36860, 5, 2024/02/20, 16:33:55.359, 1956897598459, vstest.console.dll, DotnetTestHostmanager.IsWinOnArm: Current PROCESSOR_ARCHITECTURE from environment variable 'AMD64'
TpTrace Verbose: 0 : 36860, 5, 2024/02/20, 16:33:55.359, 1956897599037, vstest.console.dll, DotnetTestHostmanager.IsWinOnArm: Is Windows on ARM 'False'
TpTrace Verbose: 0 : 36860, 5, 2024/02/20, 16:33:55.359, 1956897600022, vstest.console.dll, DotnetTestHostManager: testhost.exe found at path: C:\Users\Atanas Work\Desktop\PREPARE EXAM Back-End\ContactsConsoleAPI\ContactsConsoleAPI.IntegrationTests.NUnit\bin\Debug\net6.0\fine-code-coverage\build-output\testhost.exe
TpTrace Verbose: 0 : 36860, 5, 2024/02/20, 16:33:55.360, 1956897600488, vstest.console.dll, DotnetTestHostmanager: Full path of host exe is C:\Users\Atanas Work\Desktop\PREPARE EXAM Back-End\ContactsConsoleAPI\ContactsConsoleAPI.IntegrationTests.NUnit\bin\Debug\net6.0\fine-code-coverage\build-output\testhost.exe
TpTrace Verbose: 0 : 36860, 5, 2024/02/20, 16:33:55.360, 1956897601740, vstest.console.dll, DotnetTestHostmanager.LaunchTestHostAsync: Found 'VSTEST_WINAPPHOST_DOTNET_ROOT' in env variables, value 'C:\Program Files\dotnet', forwarding to 'DOTNET_ROOT'
TpTrace Verbose: 0 : 36860, 5, 2024/02/20, 16:33:55.360, 1956897603342, vstest.console.dll, DotnetTestHostManager: Starting process 'C:\Users\Atanas Work\Desktop\PREPARE EXAM Back-End\ContactsConsoleAPI\ContactsConsoleAPI.IntegrationTests.NUnit\bin\Debug\net6.0\fine-code-coverage\build-output\testhost.exe' with command line ' --runtimeconfig "C:\Users\Atanas Work\Desktop\PREPARE EXAM Back-End\ContactsConsoleAPI\ContactsConsoleAPI.IntegrationTests.NUnit\bin\Debug\net6.0\fine-code-coverage\build-output\ContactsConsoleAPI.IntegrationTests.NUnit.runtimeconfig.json" --depsfile "C:\Users\Atanas Work\Desktop\PREPARE EXAM Back-End\ContactsConsoleAPI\ContactsConsoleAPI.IntegrationTests.NUnit\bin\Debug\net6.0\fine-code-coverage\build-output\ContactsConsoleAPI.IntegrationTests.NUnit.deps.json" --port 61159 --endpoint 127.0.0.1:061159 --role client --parentprocessid 36860 --diag "C:\Users\Atanas Work\Desktop\PREPARE EXAM Back-End\ContactsConsoleAPI\ContactsConsoleAPI.IntegrationTests.NUnit\bin\Debug\net6.0\fine-code-coverage\coverage-tool-output\diagnostics.host.24-02-20_16-33-55_35889_5.log" --tracelevel 4 --datacollectionport 61158 --telemetryoptedin false'
TpTrace Verbose: 0 : 36860, 5, 2024/02/20, 16:33:55.368, 1956897683704, vstest.console.dll, MulticastDelegateUtilities.SafeInvoke: HostProviderEvents.OnHostLaunched: Invoking callback 1/2 for Microsoft.VisualStudio.TestPlatform.CrossPlatEngine.Client.ProxyExecutionManagerWithDataCollection., took 1 ms.
TpTrace Verbose: 0 : 36860, 5, 2024/02/20, 16:33:55.368, 1956897688747, vstest.console.dll, Test Runtime launched
TpTrace Verbose: 0 : 36860, 5, 2024/02/20, 16:33:55.368, 1956897690193, vstest.console.dll, MulticastDelegateUtilities.SafeInvoke: HostProviderEvents.OnHostLaunched: Invoking callback 2/2 for Microsoft.VisualStudio.TestPlatform.CrossPlatEngine.Client.ProxyOperationManager., took 0 ms.
TpTrace Verbose: 0 : 36860, 5, 2024/02/20, 16:33:55.369, 1956897691658, vstest.console.dll, TestRequestSender.WaitForRequestHandlerConnection: waiting for connection with timeout: 90000.
TpTrace Verbose: 0 : 36860, 5, 2024/02/20, 16:33:55.583, 1956899839228, vstest.console.dll, TestRequestSender.WaitForRequestHandlerConnection: waiting took 214 ms, with timeout 90000 ms, and result 0, which is success.
TpTrace Verbose: 0 : 36860, 7, 2024/02/20, 16:33:55.585, 1956899855240, vstest.console.dll, MulticastDelegateUtilities.SafeInvoke: SocketServer: ClientConnected: Invoking callback 1/1 for Microsoft.VisualStudio.TestPlatform.CommunicationUtilities.TestRequestSender., took 1 ms.
TpTrace Verbose: 0 : 36860, 7, 2024/02/20, 16:33:55.585, 1956899859174, vstest.console.dll, SocketServer.OnClientConnected: Client connected for endPoint: 127.0.0.1:61159, starting MessageLoopAsync:
TpTrace Verbose: 0 : 36860, 5, 2024/02/20, 16:33:55.586, 1956899862127, vstest.console.dll, TestRequestSender.CheckVersionWithTestHost: Sending check version message: {"MessageType":"ProtocolVersion","Payload":7}
TpTrace Verbose: 0 : 36860, 7, 2024/02/20, 16:33:55.586, 1956899868149, vstest.console.dll, TcpClientExtensions.MessageLoopAsync: Polling on remoteEndPoint: 127.0.0.1:61161 localEndPoint: 127.0.0.1:61159
TpTrace Verbose: 0 : 36860, 7, 2024/02/20, 16:33:55.767, 1956901679136, vstest.console.dll, TcpClientExtensions.MessageLoopAsync: NotifyDataAvailable remoteEndPoint: 127.0.0.1:61161 localEndPoint: 127.0.0.1:61159
TpTrace Verbose: 0 : 36860, 7, 2024/02/20, 16:33:55.768, 1956901682148, vstest.console.dll, TestRequestSender.CheckVersionWithTestHost: onMessageReceived received message: (ProtocolVersion) -> {"MessageType":"ProtocolVersion","Payload":5}
TpTrace Verbose: 0 : 36860, 7, 2024/02/20, 16:33:55.768, 1956901689822, vstest.console.dll, MulticastDelegateUtilities.SafeInvoke: LengthPrefixCommunicationChannel: MessageReceived: Invoking callback 1/1 for Microsoft.VisualStudio.TestPlatform.CommunicationUtilities.TestRequestSender+<>c__DisplayClass29_0., took 0 ms.
TpTrace Verbose: 0 : 36860, 5, 2024/02/20, 16:33:55.769, 1956901690591, vstest.console.dll, TestPluginCache.GetExtensionPaths: Filtered extension paths: 
TpTrace Verbose: 0 : 36860, 7, 2024/02/20, 16:33:55.769, 1956901691308, vstest.console.dll, TcpClientExtensions.MessageLoopAsync: Polling on remoteEndPoint: 127.0.0.1:61161 localEndPoint: 127.0.0.1:61159
TpTrace Verbose: 0 : 36860, 5, 2024/02/20, 16:33:55.769, 1956901691768, vstest.console.dll, TestPluginCache.GetExtensionPaths: Added default extension paths: C:\Program Files\dotnet\sdk\8.0.101\Extensions\Microsoft.Diagnostics.NETCore.Client.dll
C:\Program Files\dotnet\sdk\8.0.101\Extensions\Microsoft.TestPlatform.Extensions.BlameDataCollector.dll
C:\Program Files\dotnet\sdk\8.0.101\Extensions\Microsoft.TestPlatform.Extensions.EventLogCollector.dll
C:\Program Files\dotnet\sdk\8.0.101\Extensions\Microsoft.TestPlatform.TestHostRuntimeProvider.dll
C:\Program Files\dotnet\sdk\8.0.101\Extensions\Microsoft.VisualStudio.TestPlatform.Extensions.Html.TestLogger.dll
C:\Program Files\dotnet\sdk\8.0.101\Extensions\Microsoft.VisualStudio.TestPlatform.Extensions.Trx.TestLogger.dll
TpTrace Verbose: 0 : 36860, 5, 2024/02/20, 16:33:55.769, 1956901692274, vstest.console.dll, TestPluginCache.GetExtensionPaths: Added unfilterableExtensionPaths: 
TpTrace Verbose: 0 : 36860, 5, 2024/02/20, 16:33:55.772, 1956901728485, vstest.console.dll, TestRequestSender.InitializeExecution: Sending initialize execution with message: {"Version":5,"MessageType":"TestExecution.Initialize","Payload":["C:\\Users\\Atanas Work\\Desktop\\PREPARE EXAM Back-End\\ContactsConsoleAPI\\ContactsConsoleAPI.IntegrationTests.NUnit\\bin\\Debug\\net6.0\\fine-code-coverage\\build-output\\NUnit3.TestAdapter.dll"]}
TpTrace Verbose: 0 : 36860, 5, 2024/02/20, 16:33:55.773, 1956901731124, vstest.console.dll, ParallelProxyExecutionManager.StartTestRunOnConcurrentManager: Execution starting. Started clients: 1
TpTrace Verbose: 0 : 36860, 5, 2024/02/20, 16:33:55.773, 1956901734489, vstest.console.dll, TestRunRequest:SendTestRunMessage: Starting.
TpTrace Verbose: 0 : 36860, 5, 2024/02/20, 16:33:55.773, 1956901736381, vstest.console.dll, MulticastDelegateUtilities.SafeInvoke: TestRun.LogMessages: Invoking callback 1/1 for Microsoft.VisualStudio.TestPlatform.CommandLine.TestRunResultAggregator., took 0 ms.
TpTrace Verbose: 0 : 36860, 4, 2024/02/20, 16:33:55.773, 1956901736365, vstest.console.dll, MulticastDelegateUtilities.SafeInvoke: InternalTestLoggerEvents.SendTestRunMessage: Invoking callback 1/1 for Microsoft.VisualStudio.TestPlatform.CommandLine.Internal.ConsoleLogger., took 0 ms.
TpTrace Information: 0 : 36860, 5, 2024/02/20, 16:33:55.773, 1956901736912, vstest.console.dll, TestRunRequest:SendTestRunMessage: Completed.
TpTrace Warning: 0 : 36860, 5, 2024/02/20, 16:33:55.774, 1956901742091, vstest.console.dll, InferRunSettingsHelper.MakeRunsettingsCompatible: Removing the following settings: TargetPlatform from RunSettings file. To use those settings please move to latest version of Microsoft.NET.Test.Sdk
TpTrace Verbose: 0 : 36860, 7, 2024/02/20, 16:33:55.781, 1956901818739, vstest.console.dll, TcpClientExtensions.MessageLoopAsync: NotifyDataAvailable remoteEndPoint: 127.0.0.1:61161 localEndPoint: 127.0.0.1:61159
TpTrace Verbose: 0 : 36860, 7, 2024/02/20, 16:33:55.782, 1956901825320, vstest.console.dll, TestRequestSender.OnExecutionMessageReceived: Received message: {"Version":5,"MessageType":"TestSession.Message","Payload":{"MessageLevel":0,"Message":"Logging TestHost Diagnostics in file: C:\\Users\\Atanas Work\\Desktop\\PREPARE EXAM Back-End\\ContactsConsoleAPI\\ContactsConsoleAPI.IntegrationTests.NUnit\\bin\\Debug\\net6.0\\fine-code-coverage\\coverage-tool-output\\diagnostics.host.24-02-20_16-33-55_35889_5.log"}}
TpTrace Verbose: 0 : 36860, 5, 2024/02/20, 16:33:55.784, 1956901849607, vstest.console.dll, TestRequestSender.StartTestRun: Sending test run with message: {"Version":5,"MessageType":"TestExecution.StartWithSources","Payload":{"AdapterSourceMap":{"_none_":["C:\\Users\\Atanas Work\\Desktop\\PREPARE EXAM Back-End\\ContactsConsoleAPI\\ContactsConsoleAPI.IntegrationTests.NUnit\\bin\\Debug\\net6.0\\fine-code-coverage\\build-output\\ContactsConsoleAPI.IntegrationTests.NUnit.dll"]},"RunSettings":"<RunSettings>\r\n  <RunConfiguration>\r\n    <ResultsDirectory>C:\\Users\\Atanas Work\\Desktop\\PREPARE EXAM Back-End\\ContactsConsoleAPI\\ContactsConsoleAPI.IntegrationTests.NUnit\\bin\\Debug\\net6.0\\fine-code-coverage\\coverage-tool-output</ResultsDirectory>\r\n    <TargetFrameworkVersion>.NETCoreApp,Version=v6.0</TargetFrameworkVersion>\r\n    <DesignMode>False</DesignMode>\r\n    <CollectSourceInformation>False</CollectSourceInformation>\r\n  </RunConfiguration>\r\n  <LoggerRunSettings>\r\n    <Loggers>\r\n      <Logger friendlyName=\"blame\" enabled=\"True\" />\r\n      <Logger friendlyName=\"Console\" uri=\"logger://microsoft/TestPlatform/ConsoleLogger/v1\" assemblyQualifiedName=\"Microsoft.VisualStudio.TestPlatform.CommandLine.Internal.ConsoleLogger, vstest.console, Version=15.0.0.0, Culture=neutral, PublicKeyToken=b03f5f7f11d50a3a\" codeBase=\"C:\\Program Files\\dotnet\\sdk\\8.0.101\\vstest.console.dll\" enabled=\"True\" />\r\n    </Loggers>\r\n  </LoggerRunSettings>\r\n  <DataCollectionRunSettings>\r\n    <DataCollectors>\r\n      <DataCollector friendlyName=\"blame\" enabled=\"True\">\r\n        <Configuration>\r\n          <ResultsDirectory>C:\\Users\\Atanas Work\\Desktop\\PREPARE EXAM Back-End\\ContactsConsoleAPI\\ContactsConsoleAPI.IntegrationTests.NUnit\\bin\\Debug\\net6.0\\fine-code-coverage\\coverage-tool-output</ResultsDirectory>\r\n        </Configuration>\r\n      </DataCollector>\r\n    </DataCollectors>\r\n  </DataCollectionRunSettings>\r\n</RunSettings>","TestExecutionContext":{"FrequencyOfRunStatsChangeEvent":10,"RunStatsChangeEventTimeout":"00:00:01.5000000","InIsolation":false,"KeepAlive":false,"AreTestCaseLevelEventsRequired":false,"IsDebug":false,"TestCaseFilter":null,"FilterOptions":null},"Package":null}}
TpTrace Verbose: 0 : 36860, 5, 2024/02/20, 16:33:55.785, 1956901852246, vstest.console.dll, ParallelProxyExecutionManager.StartTestRunOnConcurrentManager: Execution started. Started clients: 1
TpTrace Verbose: 0 : 36860, 7, 2024/02/20, 16:33:55.785, 1956901858589, vstest.console.dll, TestRunRequest:SendTestRunMessage: Starting.
TpTrace Verbose: 0 : 36860, 7, 2024/02/20, 16:33:55.786, 1956901862014, vstest.console.dll, MulticastDelegateUtilities.SafeInvoke: TestRun.LogMessages: Invoking callback 1/1 for Microsoft.VisualStudio.TestPlatform.CommandLine.TestRunResultAggregator., took 0 ms.
TpTrace Verbose: 0 : 36860, 4, 2024/02/20, 16:33:55.786, 1956901862016, vstest.console.dll, MulticastDelegateUtilities.SafeInvoke: InternalTestLoggerEvents.SendTestRunMessage: Invoking callback 1/1 for Microsoft.VisualStudio.TestPlatform.CommandLine.Internal.ConsoleLogger., took 0 ms.
TpTrace Information: 0 : 36860, 7, 2024/02/20, 16:33:55.786, 1956901862787, vstest.console.dll, TestRunRequest:SendTestRunMessage: Completed.
TpTrace Verbose: 0 : 36860, 7, 2024/02/20, 16:33:55.786, 1956901864256, vstest.console.dll, MulticastDelegateUtilities.SafeInvoke: LengthPrefixCommunicationChannel: MessageReceived: Invoking callback 1/1 for Microsoft.VisualStudio.TestPlatform.CommunicationUtilities.TestRequestSender+<>c__DisplayClass34_0., took 4 ms.
TpTrace Verbose: 0 : 36860, 7, 2024/02/20, 16:33:55.786, 1956901864642, vstest.console.dll, TcpClientExtensions.MessageLoopAsync: Polling on remoteEndPoint: 127.0.0.1:61161 localEndPoint: 127.0.0.1:61159
TpTrace Verbose: 0 : 36860, 7, 2024/02/20, 16:33:56.010, 1956904101694, vstest.console.dll, TcpClientExtensions.MessageLoopAsync: NotifyDataAvailable remoteEndPoint: 127.0.0.1:61161 localEndPoint: 127.0.0.1:61159
TpTrace Verbose: 0 : 36860, 7, 2024/02/20, 16:33:56.010, 1956904106416, vstest.console.dll, TestRequestSender.OnExecutionMessageReceived: Received message: {"Version":5,"MessageType":"TestSession.Message","Payload":{"MessageLevel":0,"Message":"NUnit Adapter 4.2.0.0: Test execution started"}}
TpTrace Verbose: 0 : 36860, 7, 2024/02/20, 16:33:56.010, 1956904110217, vstest.console.dll, TestRunRequest:SendTestRunMessage: Starting.
TpTrace Verbose: 0 : 36860, 7, 2024/02/20, 16:33:56.011, 1956904111530, vstest.console.dll, MulticastDelegateUtilities.SafeInvoke: TestRun.LogMessages: Invoking callback 1/1 for Microsoft.VisualStudio.TestPlatform.CommandLine.TestRunResultAggregator., took 0 ms.
TpTrace Verbose: 0 : 36860, 4, 2024/02/20, 16:33:56.011, 1956904111779, vstest.console.dll, MulticastDelegateUtilities.SafeInvoke: InternalTestLoggerEvents.SendTestRunMessage: Invoking callback 1/1 for Microsoft.VisualStudio.TestPlatform.CommandLine.Internal.ConsoleLogger., took 0 ms.
TpTrace Information: 0 : 36860, 7, 2024/02/20, 16:33:56.011, 1956904111921, vstest.console.dll, TestRunRequest:SendTestRunMessage: Completed.
TpTrace Verbose: 0 : 36860, 7, 2024/02/20, 16:33:56.011, 1956904113078, vstest.console.dll, MulticastDelegateUtilities.SafeInvoke: LengthPrefixCommunicationChannel: MessageReceived: Invoking callback 1/1 for Microsoft.VisualStudio.TestPlatform.CommunicationUtilities.TestRequestSender+<>c__DisplayClass34_0., took 0 ms.
TpTrace Verbose: 0 : 36860, 7, 2024/02/20, 16:33:56.011, 1956904113915, vstest.console.dll, TcpClientExtensions.MessageLoopAsync: Polling on remoteEndPoint: 127.0.0.1:61161 localEndPoint: 127.0.0.1:61159
TpTrace Verbose: 0 : 36860, 7, 2024/02/20, 16:33:56.063, 1956904639068, vstest.console.dll, TcpClientExtensions.MessageLoopAsync: NotifyDataAvailable remoteEndPoint: 127.0.0.1:61161 localEndPoint: 127.0.0.1:61159
TpTrace Verbose: 0 : 36860, 7, 2024/02/20, 16:33:56.064, 1956904642432, vstest.console.dll, TestRequestSender.OnExecutionMessageReceived: Received message: {"Version":5,"MessageType":"TestSession.Message","Payload":{"MessageLevel":0,"Message":"Running all tests in C:\\Users\\Atanas Work\\Desktop\\PREPARE EXAM Back-End\\ContactsConsoleAPI\\ContactsConsoleAPI.IntegrationTests.NUnit\\bin\\Debug\\net6.0\\fine-code-coverage\\build-output\\ContactsConsoleAPI.IntegrationTests.NUnit.dll"}}
TpTrace Verbose: 0 : 36860, 7, 2024/02/20, 16:33:56.064, 1956904644954, vstest.console.dll, TestRunRequest:SendTestRunMessage: Starting.
TpTrace Verbose: 0 : 36860, 7, 2024/02/20, 16:33:56.064, 1956904646371, vstest.console.dll, MulticastDelegateUtilities.SafeInvoke: TestRun.LogMessages: Invoking callback 1/1 for Microsoft.VisualStudio.TestPlatform.CommandLine.TestRunResultAggregator., took 0 ms.
TpTrace Verbose: 0 : 36860, 4, 2024/02/20, 16:33:56.064, 1956904646642, vstest.console.dll, MulticastDelegateUtilities.SafeInvoke: InternalTestLoggerEvents.SendTestRunMessage: Invoking callback 1/1 for Microsoft.VisualStudio.TestPlatform.CommandLine.Internal.ConsoleLogger., took 0 ms.
TpTrace Information: 0 : 36860, 7, 2024/02/20, 16:33:56.064, 1956904647789, vstest.console.dll, TestRunRequest:SendTestRunMessage: Completed.
TpTrace Verbose: 0 : 36860, 7, 2024/02/20, 16:33:56.064, 1956904648784, vstest.console.dll, MulticastDelegateUtilities.SafeInvoke: LengthPrefixCommunicationChannel: MessageReceived: Invoking callback 1/1 for Microsoft.VisualStudio.TestPlatform.CommunicationUtilities.TestRequestSender+<>c__DisplayClass34_0., took 0 ms.
TpTrace Verbose: 0 : 36860, 7, 2024/02/20, 16:33:56.064, 1956904650179, vstest.console.dll, TcpClientExtensions.MessageLoopAsync: Polling on remoteEndPoint: 127.0.0.1:61161 localEndPoint: 127.0.0.1:61159
TpTrace Verbose: 0 : 36860, 7, 2024/02/20, 16:33:56.263, 1956906632037, vstest.console.dll, TcpClientExtensions.MessageLoopAsync: NotifyDataAvailable remoteEndPoint: 127.0.0.1:61161 localEndPoint: 127.0.0.1:61159
TpTrace Verbose: 0 : 36860, 7, 2024/02/20, 16:33:56.263, 1956906634878, vstest.console.dll, TestRequestSender.OnExecutionMessageReceived: Received message: {"Version":5,"MessageType":"TestSession.Message","Payload":{"MessageLevel":0,"Message":"   NUnit3TestExecutor discovered 15 of 15 NUnit test cases using Current Discovery mode, Non-Explicit run"}}
TpTrace Verbose: 0 : 36860, 7, 2024/02/20, 16:33:56.263, 1956906636989, vstest.console.dll, TestRunRequest:SendTestRunMessage: Starting.
TpTrace Verbose: 0 : 36860, 7, 2024/02/20, 16:33:56.263, 1956906637776, vstest.console.dll, MulticastDelegateUtilities.SafeInvoke: TestRun.LogMessages: Invoking callback 1/1 for Microsoft.VisualStudio.TestPlatform.CommandLine.TestRunResultAggregator., took 0 ms.
TpTrace Information: 0 : 36860, 7, 2024/02/20, 16:33:56.263, 1956906638187, vstest.console.dll, TestRunRequest:SendTestRunMessage: Completed.
TpTrace Verbose: 0 : 36860, 4, 2024/02/20, 16:33:56.263, 1956906638271, vstest.console.dll, MulticastDelegateUtilities.SafeInvoke: InternalTestLoggerEvents.SendTestRunMessage: Invoking callback 1/1 for Microsoft.VisualStudio.TestPlatform.CommandLine.Internal.ConsoleLogger., took 0 ms.
TpTrace Verbose: 0 : 36860, 7, 2024/02/20, 16:33:56.263, 1956906639322, vstest.console.dll, MulticastDelegateUtilities.SafeInvoke: LengthPrefixCommunicationChannel: MessageReceived: Invoking callback 1/1 for Microsoft.VisualStudio.TestPlatform.CommunicationUtilities.TestRequestSender+<>c__DisplayClass34_0., took 0 ms.
TpTrace Verbose: 0 : 36860, 7, 2024/02/20, 16:33:56.263, 1956906639750, vstest.console.dll, TcpClientExtensions.MessageLoopAsync: Polling on remoteEndPoint: 127.0.0.1:61161 localEndPoint: 127.0.0.1:61159
TpTrace Verbose: 0 : 36860, 7, 2024/02/20, 16:33:57.266, 1956916663258, vstest.console.dll, TcpClientExtensions.MessageLoopAsync: Polling on remoteEndPoint: 127.0.0.1:61161 localEndPoint: 127.0.0.1:61159
TpTrace Verbose: 0 : 36860, 7, 2024/02/20, 16:33:57.426, 1956918267484, vstest.console.dll, TcpClientExtensions.MessageLoopAsync: NotifyDataAvailable remoteEndPoint: 127.0.0.1:61161 localEndPoint: 127.0.0.1:61159
TpTrace Verbose: 0 : 36860, 7, 2024/02/20, 16:33:57.427, 1956918272430, vstest.console.dll, TestRequestSender.OnExecutionMessageReceived: Received message: {"Version":5,"MessageType":"TestExecution.StatsChange","Payload":{"NewTestResults":[],"TestRunStatistics":{"ExecutedTests":0,"Stats":{}},"ActiveTests":[{"Id":"f4941ba1-2c97-fd8d-de47-769048bbe098","FullyQualifiedName":"ContactsConsoleAPI.IntegrationTests.NUnit.IntegrationTests.AddContactAsync_ShouldAddNewContact","DisplayName":"AddContactAsync_ShouldAddNewContact","ExecutorUri":"executor://NUnit3TestExecutor","Source":"C:\\Users\\Atanas Work\\Desktop\\PREPARE EXAM Back-End\\ContactsConsoleAPI\\ContactsConsoleAPI.IntegrationTests.NUnit\\bin\\Debug\\net6.0\\fine-code-coverage\\build-output\\ContactsConsoleAPI.IntegrationTests.NUnit.dll","CodeFilePath":null,"LineNumber":0,"Properties":[{"Key":{"Id":"NUnit.Seed","Label":"Seed","Category":"","Description":"","Attributes":0,"ValueType":"System.String"},"Value":"1169558948"}]}]}}
TpTrace Verbose: 0 : 36860, 7, 2024/02/20, 16:33:57.465, 1956918653565, vstest.console.dll, TestRunRequest:SendTestRunStatsChange: Starting.
TpTrace Verbose: 0 : 36860, 7, 2024/02/20, 16:33:57.465, 1956918656969, vstest.console.dll, InProgress is AddContactAsync_ShouldAddNewContact
TpTrace Verbose: 0 : 36860, 7, 2024/02/20, 16:33:57.465, 1956918660165, vstest.console.dll, MulticastDelegateUtilities.SafeInvoke: TestRun.RunStatsChanged: Invoking callbacks was skipped because there are no subscribers.
TpTrace Information: 0 : 36860, 7, 2024/02/20, 16:33:57.466, 1956918660587, vstest.console.dll, TestRunRequest:SendTestRunStatsChange: Completed.
TpTrace Verbose: 0 : 36860, 7, 2024/02/20, 16:33:57.466, 1956918661005, vstest.console.dll, MulticastDelegateUtilities.SafeInvoke: LengthPrefixCommunicationChannel: MessageReceived: Invoking callback 1/1 for Microsoft.VisualStudio.TestPlatform.CommunicationUtilities.TestRequestSender+<>c__DisplayClass34_0., took 38 ms.
TpTrace Verbose: 0 : 36860, 7, 2024/02/20, 16:33:57.466, 1956918661413, vstest.console.dll, TcpClientExtensions.MessageLoopAsync: Polling on remoteEndPoint: 127.0.0.1:61161 localEndPoint: 127.0.0.1:61159
TpTrace Verbose: 0 : 36860, 7, 2024/02/20, 16:33:57.466, 1956918662287, vstest.console.dll, TcpClientExtensions.MessageLoopAsync: NotifyDataAvailable remoteEndPoint: 127.0.0.1:61161 localEndPoint: 127.0.0.1:61159
TpTrace Verbose: 0 : 36860, 7, 2024/02/20, 16:33:57.466, 1956918665339, vstest.console.dll, TestRequestSender.OnExecutionMessageReceived: Received message: {"Version":5,"MessageType":"TestSession.Message","Payload":{"MessageLevel":1,"Message":"Validation Error: The Email field is not a valid e-mail address.\r\n"}}
TpTrace Verbose: 0 : 36860, 7, 2024/02/20, 16:33:57.466, 1956918669722, vstest.console.dll, TestRunRequest:SendTestRunMessage: Starting.
TpTrace Verbose: 0 : 36860, 7, 2024/02/20, 16:33:57.467, 1956918672406, vstest.console.dll, MulticastDelegateUtilities.SafeInvoke: TestRun.LogMessages: Invoking callback 1/1 for Microsoft.VisualStudio.TestPlatform.CommandLine.TestRunResultAggregator., took 0 ms.
TpTrace Information: 0 : 36860, 7, 2024/02/20, 16:33:57.467, 1956918673338, vstest.console.dll, TestRunRequest:SendTestRunMessage: Completed.
TpTrace Verbose: 0 : 36860, 7, 2024/02/20, 16:33:57.467, 1956918674081, vstest.console.dll, MulticastDelegateUtilities.SafeInvoke: LengthPrefixCommunicationChannel: MessageReceived: Invoking callback 1/1 for Microsoft.VisualStudio.TestPlatform.CommunicationUtilities.TestRequestSender+<>c__DisplayClass34_0., took 0 ms.
TpTrace Verbose: 0 : 36860, 4, 2024/02/20, 16:33:57.467, 1956918674759, vstest.console.dll, MulticastDelegateUtilities.SafeInvoke: InternalTestLoggerEvents.SendTestRunMessage: Invoking callback 1/1 for Microsoft.VisualStudio.TestPlatform.CommandLine.Internal.ConsoleLogger., took 0 ms.
TpTrace Verbose: 0 : 36860, 7, 2024/02/20, 16:33:57.467, 1956918675002, vstest.console.dll, TcpClientExtensions.MessageLoopAsync: Polling on remoteEndPoint: 127.0.0.1:61161 localEndPoint: 127.0.0.1:61159
TpTrace Verbose: 0 : 36860, 7, 2024/02/20, 16:33:57.562, 1956919624557, vstest.console.dll, TcpClientExtensions.MessageLoopAsync: NotifyDataAvailable remoteEndPoint: 127.0.0.1:61161 localEndPoint: 127.0.0.1:61159
TpTrace Verbose: 0 : 36860, 7, 2024/02/20, 16:33:57.562, 1956919629628, vstest.console.dll, TestRequestSender.OnExecutionMessageReceived: Received message: {"Version":5,"MessageType":"TestExecution.StatsChange","Payload":{"NewTestResults":[{"TestCase":{"Id":"f4941ba1-2c97-fd8d-de47-769048bbe098","FullyQualifiedName":"ContactsConsoleAPI.IntegrationTests.NUnit.IntegrationTests.AddContactAsync_ShouldAddNewContact","DisplayName":"AddContactAsync_ShouldAddNewContact","ExecutorUri":"executor://NUnit3TestExecutor","Source":"C:\\Users\\Atanas Work\\Desktop\\PREPARE EXAM Back-End\\ContactsConsoleAPI\\ContactsConsoleAPI.IntegrationTests.NUnit\\bin\\Debug\\net6.0\\fine-code-coverage\\build-output\\ContactsConsoleAPI.IntegrationTests.NUnit.dll","CodeFilePath":null,"LineNumber":0,"Properties":[{"Key":{"Id":"NUnit.Seed","Label":"Seed","Category":"","Description":"","Attributes":0,"ValueType":"System.String"},"Value":"1169558948"}]},"Attachments":[],"Outcome":1,"ErrorMessage":null,"ErrorStackTrace":null,"DisplayName":"AddContactAsync_ShouldAddNewContact","Messages":[],"ComputerName":"ASUS-HOME-PC","Duration":"00:00:01.0888560","StartTime":"2024-02-20T14:33:56.3046978+00:00","EndTime":"2024-02-20T14:33:57.3934295+00:00","Properties":[{"Key":{"Id":"NUnit.Seed","Label":"Seed","Category":"","Description":"","Attributes":0,"ValueType":"System.String"},"Value":"1169558948"}]},{"TestCase":{"Id":"55ab7dee-bb71-e26a-b365-c70104665981","FullyQualifiedName":"ContactsConsoleAPI.IntegrationTests.NUnit.IntegrationTests.AddContactAsync_TryToAddContactWithInvalidCredentials_ShouldThrowException","DisplayName":"AddContactAsync_TryToAddContactWithInvalidCredentials_ShouldThrowException","ExecutorUri":"executor://NUnit3TestExecutor","Source":"C:\\Users\\Atanas Work\\Desktop\\PREPARE EXAM Back-End\\ContactsConsoleAPI\\ContactsConsoleAPI.IntegrationTests.NUnit\\bin\\Debug\\net6.0\\fine-code-coverage\\build-output\\ContactsConsoleAPI.IntegrationTests.NUnit.dll","CodeFilePath":null,"LineNumber":0,"Properties":[{"Key":{"Id":"NUnit.Seed","Label":"Seed","Category":"","Description":"","Attributes":0,"ValueType":"System.String"},"Value":"1784946620"}]},"Attachments":[],"Outcome":1,"ErrorMessage":null,"ErrorStackTrace":null,"DisplayName":"AddContactAsync_TryToAddContactWithInvalidCredentials_ShouldThrowException","Messages":[{"Category":"StdOutMsgs","Text":"Validation Error: The Email field is not a valid e-mail address.\r\n"}],"ComputerName":"ASUS-HOME-PC","Duration":"00:00:00.0564310","StartTime":"2024-02-20T14:33:57.3957828+00:00","EndTime":"2024-02-20T14:33:57.4522141+00:00","Properties":[{"Key":{"Id":"NUnit.Seed","Label":"Seed","Category":"","Description":"","Attributes":0,"ValueType":"System.String"},"Value":"1784946620"}]},{"TestCase":{"Id":"5c95e02e-2911-66f1-2eea-d03924ebdc7b","FullyQualifiedName":"ContactsConsoleAPI.IntegrationTests.NUnit.IntegrationTests.DeleteContactAsync_TryToDeleteWithNullOrWhiteSpaceULID_ShouldThrowException","DisplayName":"DeleteContactAsync_TryToDeleteWithNullOrWhiteSpaceULID_ShouldThrowException","ExecutorUri":"executor://NUnit3TestExecutor","Source":"C:\\Users\\Atanas Work\\Desktop\\PREPARE EXAM Back-End\\ContactsConsoleAPI\\ContactsConsoleAPI.IntegrationTests.NUnit\\bin\\Debug\\net6.0\\fine-code-coverage\\build-output\\ContactsConsoleAPI.IntegrationTests.NUnit.dll","CodeFilePath":null,"LineNumber":0,"Properties":[{"Key":{"Id":"NUnit.Seed","Label":"Seed","Category":"","Description":"","Attributes":0,"ValueType":"System.String"},"Value":"201516396"}]},"Attachments":[],"Outcome":1,"ErrorMessage":null,"ErrorStackTrace":null,"DisplayName":"DeleteContactAsync_TryToDeleteWithNullOrWhiteSpaceULID_ShouldThrowException","Messages":[],"ComputerName":"ASUS-HOME-PC","Duration":"00:00:00.0203510","StartTime":"2024-02-20T14:33:57.4522618+00:00","EndTime":"2024-02-20T14:33:57.4726121+00:00","Properties":[{"Key":{"Id":"NUnit.Seed","Label":"Seed","Category":"","Description":"","Attributes":0,"ValueType":"System.String"},"Value":"201516396"}]},{"TestCase":{"Id":"74cc77e6-db5b-ef8c-2859-82e51a662295","FullyQualifiedName":"ContactsConsoleAPI.IntegrationTests.NUnit.IntegrationTests.DeleteContactAsync_WithValidULID_ShouldRemoveContactFromDb","DisplayName":"DeleteContactAsync_WithValidULID_ShouldRemoveContactFromDb","ExecutorUri":"executor://NUnit3TestExecutor","Source":"C:\\Users\\Atanas Work\\Desktop\\PREPARE EXAM Back-End\\ContactsConsoleAPI\\ContactsConsoleAPI.IntegrationTests.NUnit\\bin\\Debug\\net6.0\\fine-code-coverage\\build-output\\ContactsConsoleAPI.IntegrationTests.NUnit.dll","CodeFilePath":null,"LineNumber":0,"Properties":[{"Key":{"Id":"NUnit.Seed","Label":"Seed","Category":"","Description":"","Attributes":0,"ValueType":"System.String"},"Value":"522479114"}]},"Attachments":[],"Outcome":1,"ErrorMessage":null,"ErrorStackTrace":null,"DisplayName":"DeleteContactAsync_WithValidULID_ShouldRemoveContactFromDb","Messages":[],"ComputerName":"ASUS-HOME-PC","Duration":"00:00:00.0285450","StartTime":"2024-02-20T14:33:57.4726658+00:00","EndTime":"2024-02-20T14:33:57.5012105+00:00","Properties":[{"Key":{"Id":"NUnit.Seed","Label":"Seed","Category":"","Description":"","Attributes":0,"ValueType":"System.String"},"Value":"522479114"}]},{"TestCase":{"Id":"e412566c-2120-8892-d55f-2c56f90d6094","FullyQualifiedName":"ContactsConsoleAPI.IntegrationTests.NUnit.IntegrationTests.GetAllAsync_WhenContactsExist_ShouldReturnAllContacts","DisplayName":"GetAllAsync_WhenContactsExist_ShouldReturnAllContacts","ExecutorUri":"executor://NUnit3TestExecutor","Source":"C:\\Users\\Atanas Work\\Desktop\\PREPARE EXAM Back-End\\ContactsConsoleAPI\\ContactsConsoleAPI.IntegrationTests.NUnit\\bin\\Debug\\net6.0\\fine-code-coverage\\build-output\\ContactsConsoleAPI.IntegrationTests.NUnit.dll","CodeFilePath":null,"LineNumber":0,"Properties":[{"Key":{"Id":"NUnit.Seed","Label":"Seed","Category":"","Description":"","Attributes":0,"ValueType":"System.String"},"Value":"442965676"}]},"Attachments":[],"Outcome":1,"ErrorMessage":null,"ErrorStackTrace":null,"DisplayName":"GetAllAsync_WhenContactsExist_ShouldReturnAllContacts","Messages":[],"ComputerName":"ASUS-HOME-PC","Duration":"00:00:00.0182770","StartTime":"2024-02-20T14:33:57.5012381+00:00","EndTime":"2024-02-20T14:33:57.5195146+00:00","Properties":[{"Key":{"Id":"NUnit.Seed","Label":"Seed","Category":"","Description":"","Attributes":0,"ValueType":"System.String"},"Value":"442965676"}]},{"TestCase":{"Id":"cea60d6b-5fd5-5838-1bf2-29739f455e0c","FullyQualifiedName":"ContactsConsoleAPI.IntegrationTests.NUnit.IntegrationTests.GetAllAsync_WhenNoContactsExist_ShouldThrowKeyNotFoundException","DisplayName":"GetAllAsync_WhenNoContactsExist_ShouldThrowKeyNotFoundException","ExecutorUri":"executor://NUnit3TestExecutor","Source":"C:\\Users\\Atanas Work\\Desktop\\PREPARE EXAM Back-End\\ContactsConsoleAPI\\ContactsConsoleAPI.IntegrationTests.NUnit\\bin\\Debug\\net6.0\\fine-code-coverage\\build-output\\ContactsConsoleAPI.IntegrationTests.NUnit.dll","CodeFilePath":null,"LineNumber":0,"Properties":[{"Key":{"Id":"NUnit.Seed","Label":"Seed","Category":"","Description":"","Attributes":0,"ValueType":"System.String"},"Value":"1333864535"}]},"Attachments":[],"Outcome":1,"ErrorMessage":null,"ErrorStackTrace":null,"DisplayName":"GetAllAsync_WhenNoContactsExist_ShouldThrowKeyNotFoundException","Messages":[],"ComputerName":"ASUS-HOME-PC","Duration":"00:00:00.0017800","StartTime":"2024-02-20T14:33:57.519551+00:00","EndTime":"2024-02-20T14:33:57.5213311+00:00","Properties":[{"Key":{"Id":"NUnit.Seed","Label":"Seed","Category":"","Description":"","Attributes":0,"ValueType":"System.String"},"Value":"1333864535"}]},{"TestCase":{"Id":"905b0d4f-bfc1-28b8-8cd6-f6dd5841f645","FullyQualifiedName":"ContactsConsoleAPI.IntegrationTests.NUnit.IntegrationTests.GetSpecificAsync_WithInvalidULID_ShouldThrowKeyNotFoundException","DisplayName":"GetSpecificAsync_WithInvalidULID_ShouldThrowKeyNotFoundException","ExecutorUri":"executor://NUnit3TestExecutor","Source":"C:\\Users\\Atanas Work\\Desktop\\PREPARE EXAM Back-End\\ContactsConsoleAPI\\ContactsConsoleAPI.IntegrationTests.NUnit\\bin\\Debug\\net6.0\\fine-code-coverage\\build-output\\ContactsConsoleAPI.IntegrationTests.NUnit.dll","CodeFilePath":null,"LineNumber":0,"Properties":[{"Key":{"Id":"NUnit.Seed","Label":"Seed","Category":"","Description":"","Attributes":0,"ValueType":"System.String"},"Value":"2002303427"}]},"Attachments":[],"Outcome":1,"ErrorMessage":null,"ErrorStackTrace":null,"DisplayName":"GetSpecificAsync_WithInvalidULID_ShouldThrowKeyNotFoundException","Messages":[],"ComputerName":"ASUS-HOME-PC","Duration":"00:00:00.0035210","StartTime":"2024-02-20T14:33:57.5213542+00:00","EndTime":"2024-02-20T14:33:57.5248741+00:00","Properties":[{"Key":{"Id":"NUnit.Seed","Label":"Seed","Category":"","Description":"","Attributes":0,"ValueType":"System.String"},"Value":"2002303427"}]},{"TestCase":{"Id":"d813a19e-8897-55cc-5315-a599afdfda90","FullyQualifiedName":"ContactsConsoleAPI.IntegrationTests.NUnit.IntegrationTests.GetSpecificAsync_WithValidULID_ShouldReturnContact","DisplayName":"GetSpecificAsync_WithValidULID_ShouldReturnContact","ExecutorUri":"executor://NUnit3TestExecutor","Source":"C:\\Users\\Atanas Work\\Desktop\\PREPARE EXAM Back-End\\ContactsConsoleAPI\\ContactsConsoleAPI.IntegrationTests.NUnit\\bin\\Debug\\net6.0\\fine-code-coverage\\build-output\\ContactsConsoleAPI.IntegrationTests.NUnit.dll","CodeFilePath":null,"LineNumber":0,"Properties":[{"Key":{"Id":"NUnit.Seed","Label":"Seed","Category":"","Description":"","Attributes":0,"ValueType":"System.String"},"Value":"880035885"}]},"Attachments":[],"Outcome":1,"ErrorMessage":null,"ErrorStackTrace":null,"DisplayName":"GetSpecificAsync_WithValidULID_ShouldReturnContact","Messages":[],"ComputerName":"ASUS-HOME-PC","Duration":"00:00:00.0019160","StartTime":"2024-02-20T14:33:57.5249129+00:00","EndTime":"2024-02-20T14:33:57.5268279+00:00","Properties":[{"Key":{"Id":"NUnit.Seed","Label":"Seed","Category":"","Description":"","Attributes":0,"ValueType":"System.String"},"Value":"880035885"}]},{"TestCase":{"Id":"43147d44-0d07-353a-411d-4531b9d5f8cb","FullyQualifiedName":"ContactsConsoleAPI.IntegrationTests.NUnit.IntegrationTests.SearchByFirstNameAsync_WithExistingFirstName_ShouldReturnMatchingContacts","DisplayName":"SearchByFirstNameAsync_WithExistingFirstName_ShouldReturnMatchingContacts","ExecutorUri":"executor://NUnit3TestExecutor","Source":"C:\\Users\\Atanas Work\\Desktop\\PREPARE EXAM Back-End\\ContactsConsoleAPI\\ContactsConsoleAPI.IntegrationTests.NUnit\\bin\\Debug\\net6.0\\fine-code-coverage\\build-output\\ContactsConsoleAPI.IntegrationTests.NUnit.dll","CodeFilePath":null,"LineNumber":0,"Properties":[{"Key":{"Id":"NUnit.Seed","Label":"Seed","Category":"","Description":"","Attributes":0,"ValueType":"System.String"},"Value":"655051321"}]},"Attachments":[],"Outcome":1,"ErrorMessage":null,"ErrorStackTrace":null,"DisplayName":"SearchByFirstNameAsync_WithExistingFirstName_ShouldReturnMatchingContacts","Messages":[],"ComputerName":"ASUS-HOME-PC","Duration":"00:00:00.0121170","StartTime":"2024-02-20T14:33:57.5268523+00:00","EndTime":"2024-02-20T14:33:57.5389681+00:00","Properties":[{"Key":{"Id":"NUnit.Seed","Label":"Seed","Category":"","Description":"","Attributes":0,"ValueType":"System.String"},"Value":"655051321"}]}],"TestRunStatistics":{"ExecutedTests":9,"Stats":{"Passed":9}},"ActiveTests":[{"Id":"4f6c7925-6f52-eebe-29fd-d28fde0a3360","FullyQualifiedName":"ContactsConsoleAPI.IntegrationTests.NUnit.IntegrationTests.SearchByFirstNameAsync_WithNonExistingFirstName_ShouldThrowKeyNotFoundException","DisplayName":"SearchByFirstNameAsync_WithNonExistingFirstName_ShouldThrowKeyNotFoundException","ExecutorUri":"executor://NUnit3TestExecutor","Source":"C:\\Users\\Atanas Work\\Desktop\\PREPARE EXAM Back-End\\ContactsConsoleAPI\\ContactsConsoleAPI.IntegrationTests.NUnit\\bin\\Debug\\net6.0\\fine-code-coverage\\build-output\\ContactsConsoleAPI.IntegrationTests.NUnit.dll","CodeFilePath":null,"LineNumber":0,"Properties":[{"Key":{"Id":"NUnit.Seed","Label":"Seed","Category":"","Description":"","Attributes":0,"ValueType":"System.String"},"Value":"836783652"}]}]}}
TpTrace Verbose: 0 : 36860, 7, 2024/02/20, 16:33:57.579, 1956919799305, vstest.console.dll, TestRunRequest:SendTestRunStatsChange: Starting.
TpTrace Verbose: 0 : 36860, 7, 2024/02/20, 16:33:57.579, 1956919800215, vstest.console.dll, InProgress is SearchByFirstNameAsync_WithNonExistingFirstName_ShouldThrowKeyNotFoundException
TpTrace Verbose: 0 : 36860, 7, 2024/02/20, 16:33:57.580, 1956919803920, vstest.console.dll, MulticastDelegateUtilities.SafeInvoke: TestRun.RunStatsChanged: Invoking callbacks was skipped because there are no subscribers.
TpTrace Information: 0 : 36860, 7, 2024/02/20, 16:33:57.580, 1956919804971, vstest.console.dll, TestRunRequest:SendTestRunStatsChange: Completed.
TpTrace Verbose: 0 : 36860, 7, 2024/02/20, 16:33:57.580, 1956919805666, vstest.console.dll, MulticastDelegateUtilities.SafeInvoke: LengthPrefixCommunicationChannel: MessageReceived: Invoking callback 1/1 for Microsoft.VisualStudio.TestPlatform.CommunicationUtilities.TestRequestSender+<>c__DisplayClass34_0., took 17 ms.
TpTrace Verbose: 0 : 36860, 7, 2024/02/20, 16:33:57.580, 1956919806137, vstest.console.dll, TcpClientExtensions.MessageLoopAsync: Polling on remoteEndPoint: 127.0.0.1:61161 localEndPoint: 127.0.0.1:61159
TpTrace Verbose: 0 : 36860, 4, 2024/02/20, 16:33:57.585, 1956919854011, vstest.console.dll, MulticastDelegateUtilities.SafeInvoke: InternalTestLoggerEvents.SendTestResult: Invoking callback 1/1 for Microsoft.VisualStudio.TestPlatform.CommandLine.Internal.ConsoleLogger., took 5 ms.
TpTrace Verbose: 0 : 36860, 4, 2024/02/20, 16:33:57.586, 1956919864154, vstest.console.dll, MulticastDelegateUtilities.SafeInvoke: InternalTestLoggerEvents.SendTestResult: Invoking callback 1/1 for Microsoft.VisualStudio.TestPlatform.CommandLine.Internal.ConsoleLogger., took 0 ms.
TpTrace Verbose: 0 : 36860, 4, 2024/02/20, 16:33:57.586, 1956919867052, vstest.console.dll, MulticastDelegateUtilities.SafeInvoke: InternalTestLoggerEvents.SendTestResult: Invoking callback 1/1 for Microsoft.VisualStudio.TestPlatform.CommandLine.Internal.ConsoleLogger., took 0 ms.
TpTrace Verbose: 0 : 36860, 4, 2024/02/20, 16:33:57.586, 1956919868147, vstest.console.dll, MulticastDelegateUtilities.SafeInvoke: InternalTestLoggerEvents.SendTestResult: Invoking callback 1/1 for Microsoft.VisualStudio.TestPlatform.CommandLine.Internal.ConsoleLogger., took 0 ms.
TpTrace Verbose: 0 : 36860, 4, 2024/02/20, 16:33:57.586, 1956919870030, vstest.console.dll, MulticastDelegateUtilities.SafeInvoke: InternalTestLoggerEvents.SendTestResult: Invoking callback 1/1 for Microsoft.VisualStudio.TestPlatform.CommandLine.Internal.ConsoleLogger., took 0 ms.
TpTrace Verbose: 0 : 36860, 4, 2024/02/20, 16:33:57.587, 1956919872748, vstest.console.dll, MulticastDelegateUtilities.SafeInvoke: InternalTestLoggerEvents.SendTestResult: Invoking callback 1/1 for Microsoft.VisualStudio.TestPlatform.CommandLine.Internal.ConsoleLogger., took 0 ms.
TpTrace Verbose: 0 : 36860, 4, 2024/02/20, 16:33:57.587, 1956919874001, vstest.console.dll, MulticastDelegateUtilities.SafeInvoke: InternalTestLoggerEvents.SendTestResult: Invoking callback 1/1 for Microsoft.VisualStudio.TestPlatform.CommandLine.Internal.ConsoleLogger., took 0 ms.
TpTrace Verbose: 0 : 36860, 4, 2024/02/20, 16:33:57.587, 1956919876059, vstest.console.dll, MulticastDelegateUtilities.SafeInvoke: InternalTestLoggerEvents.SendTestResult: Invoking callback 1/1 for Microsoft.VisualStudio.TestPlatform.CommandLine.Internal.ConsoleLogger., took 0 ms.
TpTrace Verbose: 0 : 36860, 4, 2024/02/20, 16:33:57.587, 1956919877651, vstest.console.dll, MulticastDelegateUtilities.SafeInvoke: InternalTestLoggerEvents.SendTestResult: Invoking callback 1/1 for Microsoft.VisualStudio.TestPlatform.CommandLine.Internal.ConsoleLogger., took 0 ms.
TpTrace Verbose: 0 : 36860, 7, 2024/02/20, 16:33:57.590, 1956919901555, vstest.console.dll, TcpClientExtensions.MessageLoopAsync: NotifyDataAvailable remoteEndPoint: 127.0.0.1:61161 localEndPoint: 127.0.0.1:61159
TpTrace Verbose: 0 : 36860, 7, 2024/02/20, 16:33:57.590, 1956919904043, vstest.console.dll, TestRequestSender.OnExecutionMessageReceived: Received message: {"Version":5,"MessageType":"TestSession.Message","Payload":{"MessageLevel":1,"Message":"Validation Error: The Address field is required.\r\nValidation Error: The Phone field is required.\r\nValidation Error: The Email field is required.\r\nValidation Error: The Gender field is required.\r\nValidation Error: The Contact_ULID field is required.\r\n"}}
TpTrace Verbose: 0 : 36860, 7, 2024/02/20, 16:33:57.590, 1956919905996, vstest.console.dll, TestRunRequest:SendTestRunMessage: Starting.
TpTrace Verbose: 0 : 36860, 7, 2024/02/20, 16:33:57.590, 1956919908174, vstest.console.dll, MulticastDelegateUtilities.SafeInvoke: TestRun.LogMessages: Invoking callback 1/1 for Microsoft.VisualStudio.TestPlatform.CommandLine.TestRunResultAggregator., took 0 ms.
TpTrace Information: 0 : 36860, 7, 2024/02/20, 16:33:57.590, 1956919908717, vstest.console.dll, TestRunRequest:SendTestRunMessage: Completed.
TpTrace Verbose: 0 : 36860, 7, 2024/02/20, 16:33:57.590, 1956919909310, vstest.console.dll, MulticastDelegateUtilities.SafeInvoke: LengthPrefixCommunicationChannel: MessageReceived: Invoking callback 1/1 for Microsoft.VisualStudio.TestPlatform.CommunicationUtilities.TestRequestSender+<>c__DisplayClass34_0., took 0 ms.
TpTrace Verbose: 0 : 36860, 4, 2024/02/20, 16:33:57.590, 1956919909834, vstest.console.dll, MulticastDelegateUtilities.SafeInvoke: InternalTestLoggerEvents.SendTestRunMessage: Invoking callback 1/1 for Microsoft.VisualStudio.TestPlatform.CommandLine.Internal.ConsoleLogger., took 0 ms.
TpTrace Verbose: 0 : 36860, 7, 2024/02/20, 16:33:57.591, 1956919910314, vstest.console.dll, TcpClientExtensions.MessageLoopAsync: Polling on remoteEndPoint: 127.0.0.1:61161 localEndPoint: 127.0.0.1:61159
TpTrace Verbose: 0 : 36860, 7, 2024/02/20, 16:33:57.604, 1956920048852, vstest.console.dll, TcpClientExtensions.MessageLoopAsync: NotifyDataAvailable remoteEndPoint: 127.0.0.1:61161 localEndPoint: 127.0.0.1:61159
TpTrace Verbose: 0 : 36860, 7, 2024/02/20, 16:33:57.605, 1956920050312, vstest.console.dll, TestRequestSender.OnExecutionMessageReceived: Received message: {"Version":5,"MessageType":"TestSession.Message","Payload":{"MessageLevel":0,"Message":"NUnit Adapter 4.2.0.0: Test execution complete"}}
TpTrace Verbose: 0 : 36860, 7, 2024/02/20, 16:33:57.605, 1956920051797, vstest.console.dll, TestRunRequest:SendTestRunMessage: Starting.
TpTrace Verbose: 0 : 36860, 7, 2024/02/20, 16:33:57.605, 1956920052383, vstest.console.dll, MulticastDelegateUtilities.SafeInvoke: TestRun.LogMessages: Invoking callback 1/1 for Microsoft.VisualStudio.TestPlatform.CommandLine.TestRunResultAggregator., took 0 ms.
TpTrace Verbose: 0 : 36860, 4, 2024/02/20, 16:33:57.605, 1956920052589, vstest.console.dll, MulticastDelegateUtilities.SafeInvoke: InternalTestLoggerEvents.SendTestRunMessage: Invoking callback 1/1 for Microsoft.VisualStudio.TestPlatform.CommandLine.Internal.ConsoleLogger., took 0 ms.
TpTrace Information: 0 : 36860, 7, 2024/02/20, 16:33:57.605, 1956920052661, vstest.console.dll, TestRunRequest:SendTestRunMessage: Completed.
TpTrace Verbose: 0 : 36860, 7, 2024/02/20, 16:33:57.605, 1956920053385, vstest.console.dll, MulticastDelegateUtilities.SafeInvoke: LengthPrefixCommunicationChannel: MessageReceived: Invoking callback 1/1 for Microsoft.VisualStudio.TestPlatform.CommunicationUtilities.TestRequestSender+<>c__DisplayClass34_0., took 0 ms.
TpTrace Verbose: 0 : 36860, 7, 2024/02/20, 16:33:57.605, 1956920053664, vstest.console.dll, TcpClientExtensions.MessageLoopAsync: Polling on remoteEndPoint: 127.0.0.1:61161 localEndPoint: 127.0.0.1:61159
TpTrace Verbose: 0 : 36860, 7, 2024/02/20, 16:33:57.626, 1956920265546, vstest.console.dll, TcpClientExtensions.MessageLoopAsync: NotifyDataAvailable remoteEndPoint: 127.0.0.1:61161 localEndPoint: 127.0.0.1:61159
TpTrace Verbose: 0 : 36860, 7, 2024/02/20, 16:33:57.626, 1956920269276, vstest.console.dll, TestRequestSender.OnExecutionMessageReceived: Received message: {"Version":5,"MessageType":"TestExecution.Completed","Payload":{"TestRunCompleteArgs":{"TestRunStatistics":{"ExecutedTests":15,"Stats":{"Passed":15}},"IsCanceled":false,"IsAborted":false,"Error":null,"AttachmentSets":[],"ElapsedTimeInRunningTests":"00:00:01.6249481","Metrics":{}},"LastRunTests":{"NewTestResults":[{"TestCase":{"Id":"4f6c7925-6f52-eebe-29fd-d28fde0a3360","FullyQualifiedName":"ContactsConsoleAPI.IntegrationTests.NUnit.IntegrationTests.SearchByFirstNameAsync_WithNonExistingFirstName_ShouldThrowKeyNotFoundException","DisplayName":"SearchByFirstNameAsync_WithNonExistingFirstName_ShouldThrowKeyNotFoundException","ExecutorUri":"executor://NUnit3TestExecutor","Source":"C:\\Users\\Atanas Work\\Desktop\\PREPARE EXAM Back-End\\ContactsConsoleAPI\\ContactsConsoleAPI.IntegrationTests.NUnit\\bin\\Debug\\net6.0\\fine-code-coverage\\build-output\\ContactsConsoleAPI.IntegrationTests.NUnit.dll","CodeFilePath":null,"LineNumber":0,"Properties":[{"Key":{"Id":"NUnit.Seed","Label":"Seed","Category":"","Description":"","Attributes":0,"ValueType":"System.String"},"Value":"836783652"}]},"Attachments":[],"Outcome":1,"ErrorMessage":null,"ErrorStackTrace":null,"DisplayName":"SearchByFirstNameAsync_WithNonExistingFirstName_ShouldThrowKeyNotFoundException","Messages":[],"ComputerName":"ASUS-HOME-PC","Duration":"00:00:00.0023030","StartTime":"2024-02-20T14:33:57.539017+00:00","EndTime":"2024-02-20T14:33:57.5413196+00:00","Properties":[{"Key":{"Id":"NUnit.Seed","Label":"Seed","Category":"","Description":"","Attributes":0,"ValueType":"System.String"},"Value":"836783652"}]},{"TestCase":{"Id":"10dc0cf8-63fd-49f5-eabc-1797657a30e8","FullyQualifiedName":"ContactsConsoleAPI.IntegrationTests.NUnit.IntegrationTests.SearchByLastNameAsync_WithEmpty_ShouldThrowKeyNotFoundException","DisplayName":"SearchByLastNameAsync_WithEmpty_ShouldThrowKeyNotFoundException","ExecutorUri":"executor://NUnit3TestExecutor","Source":"C:\\Users\\Atanas Work\\Desktop\\PREPARE EXAM Back-End\\ContactsConsoleAPI\\ContactsConsoleAPI.IntegrationTests.NUnit\\bin\\Debug\\net6.0\\fine-code-coverage\\build-output\\ContactsConsoleAPI.IntegrationTests.NUnit.dll","CodeFilePath":null,"LineNumber":0,"Properties":[{"Key":{"Id":"NUnit.Seed","Label":"Seed","Category":"","Description":"","Attributes":0,"ValueType":"System.String"},"Value":"1799019950"}]},"Attachments":[],"Outcome":1,"ErrorMessage":null,"ErrorStackTrace":null,"DisplayName":"SearchByLastNameAsync_WithEmpty_ShouldThrowKeyNotFoundException","Messages":[],"ComputerName":"ASUS-HOME-PC","Duration":"00:00:00.0024710","StartTime":"2024-02-20T14:33:57.5413557+00:00","EndTime":"2024-02-20T14:33:57.5438258+00:00","Properties":[{"Key":{"Id":"NUnit.Seed","Label":"Seed","Category":"","Description":"","Attributes":0,"ValueType":"System.String"},"Value":"1799019950"}]},{"TestCase":{"Id":"2b2547a2-3f41-844a-9dee-e9b057e784f6","FullyQualifiedName":"ContactsConsoleAPI.IntegrationTests.NUnit.IntegrationTests.SearchByLastNameAsync_WithExistingLastName_ShouldReturnMatchingContacts","DisplayName":"SearchByLastNameAsync_WithExistingLastName_ShouldReturnMatchingContacts","ExecutorUri":"executor://NUnit3TestExecutor","Source":"C:\\Users\\Atanas Work\\Desktop\\PREPARE EXAM Back-End\\ContactsConsoleAPI\\ContactsConsoleAPI.IntegrationTests.NUnit\\bin\\Debug\\net6.0\\fine-code-coverage\\build-output\\ContactsConsoleAPI.IntegrationTests.NUnit.dll","CodeFilePath":null,"LineNumber":0,"Properties":[{"Key":{"Id":"NUnit.Seed","Label":"Seed","Category":"","Description":"","Attributes":0,"ValueType":"System.String"},"Value":"597286557"}]},"Attachments":[],"Outcome":1,"ErrorMessage":null,"ErrorStackTrace":null,"DisplayName":"SearchByLastNameAsync_WithExistingLastName_ShouldReturnMatchingContacts","Messages":[],"ComputerName":"ASUS-HOME-PC","Duration":"00:00:00.0194750","StartTime":"2024-02-20T14:33:57.5438811+00:00","EndTime":"2024-02-20T14:33:57.5633561+00:00","Properties":[{"Key":{"Id":"NUnit.Seed","Label":"Seed","Category":"","Description":"","Attributes":0,"ValueType":"System.String"},"Value":"597286557"}]},{"TestCase":{"Id":"5d6fd08a-8970-ebd9-6321-72a2485c7e0c","FullyQualifiedName":"ContactsConsoleAPI.IntegrationTests.NUnit.IntegrationTests.SearchByLastNameAsync_WithNonExistingLastName_ShouldThrowKeyNotFoundException","DisplayName":"SearchByLastNameAsync_WithNonExistingLastName_ShouldThrowKeyNotFoundException","ExecutorUri":"executor://NUnit3TestExecutor","Source":"C:\\Users\\Atanas Work\\Desktop\\PREPARE EXAM Back-End\\ContactsConsoleAPI\\ContactsConsoleAPI.IntegrationTests.NUnit\\bin\\Debug\\net6.0\\fine-code-coverage\\build-output\\ContactsConsoleAPI.IntegrationTests.NUnit.dll","CodeFilePath":null,"LineNumber":0,"Properties":[{"Key":{"Id":"NUnit.Seed","Label":"Seed","Category":"","Description":"","Attributes":0,"ValueType":"System.String"},"Value":"1607037442"}]},"Attachments":[],"Outcome":1,"ErrorMessage":null,"ErrorStackTrace":null,"DisplayName":"SearchByLastNameAsync_WithNonExistingLastName_ShouldThrowKeyNotFoundException","Messages":[],"ComputerName":"ASUS-HOME-PC","Duration":"00:00:00.0027889","StartTime":"2024-02-20T14:33:57.5633919+00:00","EndTime":"2024-02-20T14:33:57.5661796+00:00","Properties":[{"Key":{"Id":"NUnit.Seed","Label":"Seed","Category":"","Description":"","Attributes":0,"ValueType":"System.String"},"Value":"1607037442"}]},{"TestCase":{"Id":"5eb5d99b-47a4-3015-9fb7-36735a6c7867","FullyQualifiedName":"ContactsConsoleAPI.IntegrationTests.NUnit.IntegrationTests.UpdateAsync_WithInvalidContact_ShouldThrowValidationException","DisplayName":"UpdateAsync_WithInvalidContact_ShouldThrowValidationException","ExecutorUri":"executor://NUnit3TestExecutor","Source":"C:\\Users\\Atanas Work\\Desktop\\PREPARE EXAM Back-End\\ContactsConsoleAPI\\ContactsConsoleAPI.IntegrationTests.NUnit\\bin\\Debug\\net6.0\\fine-code-coverage\\build-output\\ContactsConsoleAPI.IntegrationTests.NUnit.dll","CodeFilePath":null,"LineNumber":0,"Properties":[{"Key":{"Id":"NUnit.Seed","Label":"Seed","Category":"","Description":"","Attributes":0,"ValueType":"System.String"},"Value":"2068992927"}]},"Attachments":[],"Outcome":1,"ErrorMessage":null,"ErrorStackTrace":null,"DisplayName":"UpdateAsync_WithInvalidContact_ShouldThrowValidationException","Messages":[{"Category":"StdOutMsgs","Text":"Validation Error: The Address field is required.\r\nValidation Error: The Phone field is required.\r\nValidation Error: The Email field is required.\r\nValidation Error: The Gender field is required.\r\nValidation Error: The Contact_ULID field is required.\r\n"}],"ComputerName":"ASUS-HOME-PC","Duration":"00:00:00.0045150","StartTime":"2024-02-20T14:33:57.5662199+00:00","EndTime":"2024-02-20T14:33:57.5707338+00:00","Properties":[{"Key":{"Id":"NUnit.Seed","Label":"Seed","Category":"","Description":"","Attributes":0,"ValueType":"System.String"},"Value":"2068992927"}]},{"TestCase":{"Id":"3674fb56-e7b5-1c84-6ef7-f5e7421038e4","FullyQualifiedName":"ContactsConsoleAPI.IntegrationTests.NUnit.IntegrationTests.UpdateAsync_WithValidContact_ShouldUpdateContact","DisplayName":"UpdateAsync_WithValidContact_ShouldUpdateContact","ExecutorUri":"executor://NUnit3TestExecutor","Source":"C:\\Users\\Atanas Work\\Desktop\\PREPARE EXAM Back-End\\ContactsConsoleAPI\\ContactsConsoleAPI.IntegrationTests.NUnit\\bin\\Debug\\net6.0\\fine-code-coverage\\build-output\\ContactsConsoleAPI.IntegrationTests.NUnit.dll","CodeFilePath":null,"LineNumber":0,"Properties":[{"Key":{"Id":"NUnit.Seed","Label":"Seed","Category":"","Description":"","Attributes":0,"ValueType":"System.String"},"Value":"1478249534"}]},"Attachments":[],"Outcome":1,"ErrorMessage":null,"ErrorStackTrace":null,"DisplayName":"UpdateAsync_WithValidContact_ShouldUpdateContact","Messages":[],"ComputerName":"ASUS-HOME-PC","Duration":"00:00:00.0242540","StartTime":"2024-02-20T14:33:57.5707614+00:00","EndTime":"2024-02-20T14:33:57.5950151+00:00","Properties":[{"Key":{"Id":"NUnit.Seed","Label":"Seed","Category":"","Description":"","Attributes":0,"ValueType":"System.String"},"Value":"1478249534"}]}],"TestRunStatistics":{"ExecutedTests":15,"Stats":{"Passed":15}},"ActiveTests":[]},"RunAttachments":[],"ExecutorUris":["executor://nunit3testexecutor/"]}}
TpTrace Verbose: 0 : 36860, 7, 2024/02/20, 16:33:57.627, 1956920272069, vstest.console.dll, TestRequestSender.EndSession: Sending end session.
TpTrace Verbose: 0 : 36860, 7, 2024/02/20, 16:33:57.627, 1956920274003, vstest.console.dll, ProxyOperationManager.Close: waiting for test host to exit for 100 ms
TpTrace Verbose: 0 : 36860, 11, 2024/02/20, 16:33:57.660, 1956920600581, vstest.console.dll, TestHostManagerCallbacks.ctor: Experimental forwarding output is disabled.
TpTrace Warning: 0 : 36860, 11, 2024/02/20, 16:33:57.660, 1956920602549, vstest.console.dll, TestHostManagerCallbacks.ErrorReceivedCallback Test host standard error line: 
TpTrace Verbose: 0 : 36860, 11, 2024/02/20, 16:33:57.671, 1956920714724, vstest.console.dll, TestHostProvider.ExitCallBack: Host exited starting callback.
TpTrace Information: 0 : 36860, 11, 2024/02/20, 16:33:57.671, 1956920716848, vstest.console.dll, TestHostManagerCallbacks.ExitCallBack: Testhost processId: 18656 exited with exitcode: 0 error: ''
TpTrace Verbose: 0 : 36860, 11, 2024/02/20, 16:33:57.671, 1956920717386, vstest.console.dll, DotnetTestHostManager.OnHostExited: invoking OnHostExited callback
TpTrace Verbose: 0 : 36860, 11, 2024/02/20, 16:33:57.671, 1956920718089, vstest.console.dll, CrossPlatEngine.TestHostManagerHostExited: calling on client process exit callback.
TpTrace Information: 0 : 36860, 11, 2024/02/20, 16:33:57.671, 1956920718789, vstest.console.dll, TestRequestSender.OnClientProcessExit: Test host process exited. Standard error: 
TpTrace Information: 0 : 36860, 11, 2024/02/20, 16:33:57.671, 1956920719204, vstest.console.dll, SocketServer.Stop: Stop server endPoint: 127.0.0.1:61159
TpTrace Information: 0 : 36860, 11, 2024/02/20, 16:33:57.671, 1956920719445, vstest.console.dll, SocketServer.Stop: Cancellation requested. Stopping message loop.
TpTrace Information: 0 : 36860, 7, 2024/02/20, 16:33:57.671, 1956920719621, vstest.console.dll, SocketServer.Stop: Stop server endPoint: 127.0.0.1:61159
TpTrace Information: 0 : 36860, 7, 2024/02/20, 16:33:57.672, 1956920720587, vstest.console.dll, SocketServer.Stop: Cancellation requested. Stopping message loop.
TpTrace Verbose: 0 : 36860, 11, 2024/02/20, 16:33:57.672, 1956920720707, vstest.console.dll, MulticastDelegateUtilities.SafeInvoke: HostProviderEvents.OnHostExited: Invoking callback 1/1 for Microsoft.VisualStudio.TestPlatform.CrossPlatEngine.Client.ProxyOperationManager., took 0 ms.
TpTrace Information: 0 : 36860, 7, 2024/02/20, 16:33:57.672, 1956920723006, vstest.console.dll, Closing the connection
TpTrace Verbose: 0 : 36860, 7, 2024/02/20, 16:33:57.672, 1956920727036, vstest.console.dll, ProxyDataCollectionManager.InvokeDataCollectionServiceAction: Starting.
TpTrace Information: 0 : 36860, 7, 2024/02/20, 16:33:57.672, 1956920727576, vstest.console.dll, ProxyDataCollectionManager.AfterTestRunEnd: Get attachment set and invoked data collectors processId: 2980 port: 61156
TpTrace Verbose: 0 : 36860, 7, 2024/02/20, 16:33:57.672, 1956920728315, vstest.console.dll, DataCollectionRequestSender.SendAfterTestRunStartAndGetResult: Send AfterTestRunEnd message with isCancelled: False
TpTrace Verbose: 0 : 36860, 7, 2024/02/20, 16:33:57.682, 1956920821509, vstest.console.dll, DataCollectionRequestSender.SendAfterTestRunStartAndGetResult: Received message: (DataCollection.AfterTestRunEndResult) -> {"MessageType":"DataCollection.AfterTestRunEndResult","Payload":{"AttachmentSets":[],"InvokedDataCollectors":[{"Uri":"datacollector://Microsoft/TestPlatform/Extensions/Blame/v1","FriendlyName":"Blame","AssemblyQualifiedName":"Microsoft.TestPlatform.Extensions.BlameDataCollector.BlameCollector, Microsoft.TestPlatform.Extensions.BlameDataCollector, Version=15.0.0.0, Culture=neutral, PublicKeyToken=b03f5f7f11d50a3a","FilePath":"C:\\Program Files\\dotnet\\sdk\\8.0.101\\Extensions\\Microsoft.TestPlatform.Extensions.BlameDataCollector.dll","HasAttachmentProcessor":false}],"Metrics":{}}}
TpTrace Warning: 0 : 36860, 10, 2024/02/20, 16:33:57.692, 1956920925226, vstest.console.dll, DataCollectionLauncher.ErrorReceivedCallback datacollector standard error line: 
TpTrace Information: 0 : 36860, 7, 2024/02/20, 16:33:57.693, 1956920938443, vstest.console.dll, ProxyDataCollectionManager.InvokeDataCollectionServiceAction: Completed.
TpTrace Information: 0 : 36860, 10, 2024/02/20, 16:33:57.703, 1956921031975, vstest.console.dll, DataCollectionLauncher.ExitCallBack: Data collector exited with exitcode: 0 error: ''
TpTrace Verbose: 0 : 36860, 7, 2024/02/20, 16:33:57.788, 1956921888851, vstest.console.dll, TestRunRequest:SendTestRunStatsChange: Starting.
TpTrace Verbose: 0 : 36860, 7, 2024/02/20, 16:33:57.789, 1956921891998, vstest.console.dll, MulticastDelegateUtilities.SafeInvoke: TestRun.RunStatsChanged: Invoking callbacks was skipped because there are no subscribers.
TpTrace Information: 0 : 36860, 7, 2024/02/20, 16:33:57.789, 1956921892719, vstest.console.dll, TestRunRequest:SendTestRunStatsChange: Completed.
TpTrace Verbose: 0 : 36860, 4, 2024/02/20, 16:33:57.789, 1956921893655, vstest.console.dll, MulticastDelegateUtilities.SafeInvoke: InternalTestLoggerEvents.SendTestResult: Invoking callback 1/1 for Microsoft.VisualStudio.TestPlatform.CommandLine.Internal.ConsoleLogger., took 0 ms.
TpTrace Verbose: 0 : 36860, 4, 2024/02/20, 16:33:57.789, 1956921895405, vstest.console.dll, MulticastDelegateUtilities.SafeInvoke: InternalTestLoggerEvents.SendTestResult: Invoking callback 1/1 for Microsoft.VisualStudio.TestPlatform.CommandLine.Internal.ConsoleLogger., took 0 ms.
TpTrace Verbose: 0 : 36860, 4, 2024/02/20, 16:33:57.789, 1956921896251, vstest.console.dll, MulticastDelegateUtilities.SafeInvoke: InternalTestLoggerEvents.SendTestResult: Invoking callback 1/1 for Microsoft.VisualStudio.TestPlatform.CommandLine.Internal.ConsoleLogger., took 0 ms.
TpTrace Verbose: 0 : 36860, 4, 2024/02/20, 16:33:57.789, 1956921896983, vstest.console.dll, MulticastDelegateUtilities.SafeInvoke: InternalTestLoggerEvents.SendTestResult: Invoking callback 1/1 for Microsoft.VisualStudio.TestPlatform.CommandLine.Internal.ConsoleLogger., took 0 ms.
TpTrace Verbose: 0 : 36860, 4, 2024/02/20, 16:33:57.789, 1956921897751, vstest.console.dll, MulticastDelegateUtilities.SafeInvoke: InternalTestLoggerEvents.SendTestResult: Invoking callback 1/1 for Microsoft.VisualStudio.TestPlatform.CommandLine.Internal.ConsoleLogger., took 0 ms.
TpTrace Verbose: 0 : 36860, 4, 2024/02/20, 16:33:57.789, 1956921898684, vstest.console.dll, MulticastDelegateUtilities.SafeInvoke: InternalTestLoggerEvents.SendTestResult: Invoking callback 1/1 for Microsoft.VisualStudio.TestPlatform.CommandLine.Internal.ConsoleLogger., took 0 ms.
TpTrace Verbose: 0 : 36860, 7, 2024/02/20, 16:33:57.791, 1956921915539, vstest.console.dll, ParallelProxyExecutionManager: HandlePartialRunComplete: Total workloads = 1, Total started clients = 1 Total completed clients = 1, Run complete = True, Run canceled: False.
TpTrace Verbose: 0 : 36860, 7, 2024/02/20, 16:33:57.791, 1956921916699, vstest.console.dll, ParallelProxyExecutionManager: HandlePartialRunComplete: All runs completed stopping all managers.
TpTrace Verbose: 0 : 36860, 7, 2024/02/20, 16:33:57.791, 1956921917064, vstest.console.dll, ParallelOperationManager.StopAllManagers: Stopping all managers.
TpTrace Verbose: 0 : 36860, 7, 2024/02/20, 16:33:57.791, 1956921917360, vstest.console.dll, ParallelOperationManager.ClearSlots: Clearing all slots. Slots should accept more work: False
TpTrace Verbose: 0 : 36860, 7, 2024/02/20, 16:33:57.791, 1956921917952, vstest.console.dll, ParallelOperationManager.SetOccupiedSlotCount: Setting slot counts AvailableSlotCount = 1, OccupiedSlotCount = 0.
TpTrace Verbose: 0 : 36860, 7, 2024/02/20, 16:33:57.791, 1956921919021, vstest.console.dll, Occupied slots:

TpTrace Verbose: 0 : 36860, 4, 2024/02/20, 16:33:57.807, 1956922077327, vstest.console.dll, MulticastDelegateUtilities.SafeInvoke: InternalTestLoggerEvents.SendTestRunComplete: Invoking callback 1/2 for Microsoft.TestPlatform.Extensions.BlameDataCollector.BlameLogger., took 0 ms.
TpTrace Verbose: 0 : 36860, 4, 2024/02/20, 16:33:57.814, 1956922145600, vstest.console.dll, MulticastDelegateUtilities.SafeInvoke: InternalTestLoggerEvents.SendTestRunComplete: Invoking callback 2/2 for Microsoft.VisualStudio.TestPlatform.CommandLine.Internal.ConsoleLogger., took 6 ms.
TpTrace Verbose: 0 : 36860, 7, 2024/02/20, 16:33:57.814, 1956922149298, vstest.console.dll, TestRunRequest:TestRunComplete: Starting. IsAborted:False IsCanceled:False.
TpTrace Verbose: 0 : 36860, 7, 2024/02/20, 16:33:57.815, 1956922151434, vstest.console.dll, ParallelOperationManager.DoActionOnAllManagers: Calling an action on all managers.
TpTrace Verbose: 0 : 36860, 7, 2024/02/20, 16:33:57.816, 1956922163760, vstest.console.dll, TestLoggerManager.HandleTestRunComplete: Ignoring as the object is disposed.
TpTrace Verbose: 0 : 36860, 7, 2024/02/20, 16:33:57.817, 1956922170448, vstest.console.dll, MulticastDelegateUtilities.SafeInvoke: TestRun.TestRunComplete: Invoking callback 1/2 for Microsoft.VisualStudio.TestPlatform.CommandLine.TestRunResultAggregator., took 0 ms.
TpTrace Verbose: 0 : 36860, 7, 2024/02/20, 16:33:57.817, 1956922173982, vstest.console.dll, MulticastDelegateUtilities.SafeInvoke: TestRun.TestRunComplete: Invoking callback 2/2 for Microsoft.VisualStudio.TestPlatform.CommandLine.Processors.RunTestsArgumentExecutor+TestRunRequestEventsRegistrar., took 0 ms.
TpTrace Verbose: 0 : 36860, 1, 2024/02/20, 16:33:57.817, 1956922176380, vstest.console.dll, TestRunRequest.Dispose: Starting.
TpTrace Information: 0 : 36860, 7, 2024/02/20, 16:33:57.817, 1956922176410, vstest.console.dll, TestRunRequest:TestRunComplete: Completed.
TpTrace Verbose: 0 : 36860, 7, 2024/02/20, 16:33:57.817, 1956922177705, vstest.console.dll, TestRequestSender.SetOperationComplete: Setting operation complete.
TpTrace Information: 0 : 36860, 1, 2024/02/20, 16:33:57.817, 1956922177808, vstest.console.dll, TestRunRequest.Dispose: Completed.
TpTrace Information: 0 : 36860, 7, 2024/02/20, 16:33:57.817, 1956922178119, vstest.console.dll, SocketServer.Stop: Stop server endPoint: 127.0.0.1:61159
TpTrace Information: 0 : 36860, 1, 2024/02/20, 16:33:57.817, 1956922178636, vstest.console.dll, TestRequestManager.RunTests: run tests completed.
TpTrace Information: 0 : 36860, 7, 2024/02/20, 16:33:57.817, 1956922178785, vstest.console.dll, SocketServer.Stop: Cancellation requested. Stopping message loop.
TpTrace Verbose: 0 : 36860, 7, 2024/02/20, 16:33:57.817, 1956922179750, vstest.console.dll, MulticastDelegateUtilities.SafeInvoke: LengthPrefixCommunicationChannel: MessageReceived: Invoking callback 1/1 for Microsoft.VisualStudio.TestPlatform.CommunicationUtilities.TestRequestSender+<>c__DisplayClass34_0., took 191 ms.
TpTrace Information: 0 : 36860, 1, 2024/02/20, 16:33:57.817, 1956922179842, vstest.console.dll, RunTestsArgumentProcessor:Execute: Test run is completed.
TpTrace Information: 0 : 36860, 7, 2024/02/20, 16:33:57.818, 1956922180369, vstest.console.dll, SocketServer.PrivateStop: Stopping server endPoint: 127.0.0.1:61159 error: 
TpTrace Verbose: 0 : 36860, 1, 2024/02/20, 16:33:57.818, 1956922183653, vstest.console.dll, Executor.Execute: Exiting with exit code of 0
TpTrace Verbose: 0 : 36860, 7, 2024/02/20, 16:33:57.818, 1956922187514, vstest.console.dll, LengthPrefixCommunicationChannel.Dispose: Dispose reader and writer.
TpTrace Information: 0 : 36860, 7, 2024/02/20, 16:33:57.818, 1956922189144, vstest.console.dll, SocketServer.Stop: Raise disconnected event endPoint: 127.0.0.1:61159 error: 
