TpTrace Verbose: 0 : 5172, 1, 2024/02/22, 18:33:26.359, 1099400723849, vstest.console.dll, Version: 17.8.0-release-23578-02 Current process architecture: X64
TpTrace Verbose: 0 : 5172, 1, 2024/02/22, 18:33:26.362, 1099400754200, vstest.console.dll, Runtime location: C:\Program Files\dotnet\shared\Microsoft.NETCore.App\8.0.1
TpTrace Verbose: 0 : 5172, 1, 2024/02/22, 18:33:26.366, 1099400789646, vstest.console.dll, ArtifactProcessingPostProcessModeProcessorExecutor.Initialize: ArtifactProcessingMode.Collect
TpTrace Verbose: 0 : 5172, 1, 2024/02/22, 18:33:26.366, 1099400791239, vstest.console.dll, TestSessionCorrelationIdProcessorModeProcessorExecutor.Initialize: TestSessionCorrelationId '17804_93c7f457-30f0-40e2-a32c-1e558a923ae8'
TpTrace Information: 0 : 5172, 1, 2024/02/22, 18:33:26.374, 1099400870604, vstest.console.dll, FilePatternParser: The given file C:\Users\Atanas Work\Desktop\PREPARE EXAM Back-End\SECOND EXAM PREP BACK END\ProductConsoleAPI\ProductConsoleAPI.IntegrationTests.NUnit\bin\Debug\net6.0\fine-code-coverage\build-output\ProductConsoleAPI.IntegrationTests.NUnit.dll is a full path.
TpTrace Verbose: 0 : 5172, 1, 2024/02/22, 18:33:26.380, 1099400929406, vstest.console.dll, TestPluginCache.DiscoverTestExtensions: finding test extensions in assemblies ends with: RuntimeProvider.dll TPluginInfo: Microsoft.VisualStudio.TestPlatform.Common.ExtensionFramework.Utilities.TestRuntimePluginInformation TExtension: Microsoft.VisualStudio.TestPlatform.ObjectModel.Host.ITestRuntimeProvider
TpTrace Verbose: 0 : 5172, 1, 2024/02/22, 18:33:26.380, 1099400933507, vstest.console.dll, TestPluginCache.GetExtensionPaths: Filtered extension paths: 
TpTrace Verbose: 0 : 5172, 1, 2024/02/22, 18:33:26.380, 1099400935053, vstest.console.dll, TestPluginCache.GetExtensionPaths: Added default extension paths: C:\Program Files\dotnet\sdk\8.0.101\Extensions\Microsoft.Diagnostics.NETCore.Client.dll
C:\Program Files\dotnet\sdk\8.0.101\Extensions\Microsoft.TestPlatform.Extensions.BlameDataCollector.dll
C:\Program Files\dotnet\sdk\8.0.101\Extensions\Microsoft.TestPlatform.Extensions.EventLogCollector.dll
C:\Program Files\dotnet\sdk\8.0.101\Extensions\Microsoft.TestPlatform.TestHostRuntimeProvider.dll
C:\Program Files\dotnet\sdk\8.0.101\Extensions\Microsoft.VisualStudio.TestPlatform.Extensions.Html.TestLogger.dll
C:\Program Files\dotnet\sdk\8.0.101\Extensions\Microsoft.VisualStudio.TestPlatform.Extensions.Trx.TestLogger.dll
TpTrace Verbose: 0 : 5172, 1, 2024/02/22, 18:33:26.380, 1099400935440, vstest.console.dll, TestPluginCache.GetExtensionPaths: Added unfilterableExtensionPaths: 
TpTrace Information: 0 : 5172, 1, 2024/02/22, 18:33:26.381, 1099400941792, vstest.console.dll, AssemblyResolver.ctor: Creating AssemblyResolver with searchDirectories C:\Program Files\dotnet\sdk\8.0.101\Extensions,C:\Program Files\dotnet\sdk\8.0.101
TpTrace Verbose: 0 : 5172, 1, 2024/02/22, 18:33:26.383, 1099400961815, vstest.console.dll, TestPluginCache.DiscoverTestExtensions: Discovering the extensions using extension path.
TpTrace Verbose: 0 : 5172, 1, 2024/02/22, 18:33:26.383, 1099400963986, vstest.console.dll, TestPluginCache.GetExtensionPaths: Filtered extension paths: 
TpTrace Verbose: 0 : 5172, 1, 2024/02/22, 18:33:26.383, 1099400964655, vstest.console.dll, TestPluginCache.GetExtensionPaths: Added default extension paths: C:\Program Files\dotnet\sdk\8.0.101\Extensions\Microsoft.Diagnostics.NETCore.Client.dll
C:\Program Files\dotnet\sdk\8.0.101\Extensions\Microsoft.TestPlatform.Extensions.BlameDataCollector.dll
C:\Program Files\dotnet\sdk\8.0.101\Extensions\Microsoft.TestPlatform.Extensions.EventLogCollector.dll
C:\Program Files\dotnet\sdk\8.0.101\Extensions\Microsoft.TestPlatform.TestHostRuntimeProvider.dll
C:\Program Files\dotnet\sdk\8.0.101\Extensions\Microsoft.VisualStudio.TestPlatform.Extensions.Html.TestLogger.dll
C:\Program Files\dotnet\sdk\8.0.101\Extensions\Microsoft.VisualStudio.TestPlatform.Extensions.Trx.TestLogger.dll
TpTrace Verbose: 0 : 5172, 1, 2024/02/22, 18:33:26.383, 1099400964928, vstest.console.dll, TestPluginCache.GetExtensionPaths: Added unfilterableExtensionPaths: 
TpTrace Verbose: 0 : 5172, 1, 2024/02/22, 18:33:26.383, 1099400966434, vstest.console.dll, TestPluginCache.DiscoverTestExtensions: Discovering the extensions using allExtensionPaths: C:\Program Files\dotnet\sdk\8.0.101\Extensions\Microsoft.Diagnostics.NETCore.Client.dll
C:\Program Files\dotnet\sdk\8.0.101\Extensions\Microsoft.TestPlatform.Extensions.BlameDataCollector.dll
C:\Program Files\dotnet\sdk\8.0.101\Extensions\Microsoft.TestPlatform.Extensions.EventLogCollector.dll
C:\Program Files\dotnet\sdk\8.0.101\Extensions\Microsoft.TestPlatform.TestHostRuntimeProvider.dll
C:\Program Files\dotnet\sdk\8.0.101\Extensions\Microsoft.VisualStudio.TestPlatform.Extensions.Html.TestLogger.dll
C:\Program Files\dotnet\sdk\8.0.101\Extensions\Microsoft.VisualStudio.TestPlatform.Extensions.Trx.TestLogger.dll
TpTrace Information: 0 : 5172, 1, 2024/02/22, 18:33:26.384, 1099400967621, vstest.console.dll, AssemblyResolver.AddSearchDirectories: Adding more searchDirectories C:\Program Files\dotnet\sdk\8.0.101\Extensions,C:\Program Files\dotnet\sdk\8.0.101
TpTrace Information: 0 : 5172, 1, 2024/02/22, 18:33:26.384, 1099400968222, vstest.console.dll, AssemblyResolver.AddSearchDirectories: Adding more searchDirectories C:\Program Files\dotnet\sdk\8.0.101\Extensions,C:\Program Files\dotnet\sdk\8.0.101
TpTrace Information: 0 : 5172, 1, 2024/02/22, 18:33:26.384, 1099400968540, vstest.console.dll, AssemblyResolver.AddSearchDirectories: Adding more searchDirectories C:\Program Files\dotnet\sdk\8.0.101\Extensions,C:\Program Files\dotnet\sdk\8.0.101
TpTrace Information: 0 : 5172, 1, 2024/02/22, 18:33:26.384, 1099400968823, vstest.console.dll, AssemblyResolver.AddSearchDirectories: Adding more searchDirectories C:\Program Files\dotnet\sdk\8.0.101\Extensions,C:\Program Files\dotnet\sdk\8.0.101
TpTrace Information: 0 : 5172, 1, 2024/02/22, 18:33:26.384, 1099400969139, vstest.console.dll, AssemblyResolver.AddSearchDirectories: Adding more searchDirectories C:\Program Files\dotnet\sdk\8.0.101\Extensions,C:\Program Files\dotnet\sdk\8.0.101
TpTrace Information: 0 : 5172, 1, 2024/02/22, 18:33:26.384, 1099400969417, vstest.console.dll, AssemblyResolver.AddSearchDirectories: Adding more searchDirectories C:\Program Files\dotnet\sdk\8.0.101\Extensions,C:\Program Files\dotnet\sdk\8.0.101
TpTrace Information: 0 : 5172, 1, 2024/02/22, 18:33:26.384, 1099400977259, vstest.console.dll, AssemblyResolver.OnResolve: Microsoft.Diagnostics.NETCore.Client: Resolving assembly.
TpTrace Information: 0 : 5172, 1, 2024/02/22, 18:33:26.385, 1099400979101, vstest.console.dll, AssemblyResolver.OnResolve: Microsoft.Diagnostics.NETCore.Client: Searching in: 'C:\Program Files\dotnet\sdk\8.0.101\Extensions'.
TpTrace Information: 0 : 5172, 1, 2024/02/22, 18:33:26.396, 1099401088238, vstest.console.dll, AssemblyResolver.OnResolve: Microsoft.Diagnostics.NETCore.Client: Loading assembly 'C:\Program Files\dotnet\sdk\8.0.101\Extensions\Microsoft.Diagnostics.NETCore.Client.dll'.
TpTrace Information: 0 : 5172, 1, 2024/02/22, 18:33:26.397, 1099401099780, vstest.console.dll, AssemblyResolver.OnResolve: Resolved assembly: Microsoft.Diagnostics.NETCore.Client, from path: C:\Program Files\dotnet\sdk\8.0.101\Extensions\Microsoft.Diagnostics.NETCore.Client.dll
TpTrace Verbose: 0 : 5172, 1, 2024/02/22, 18:33:26.402, 1099401153458, vstest.console.dll, MetadataReaderExtensionsHelper: Discovering extensions inside assembly 'Microsoft.Diagnostics.NETCore.Client, Version=0.2.8.21101, Culture=neutral, PublicKeyToken=31bf3856ad364e35' file path 'C:\Program Files\dotnet\sdk\8.0.101\Extensions\Microsoft.Diagnostics.NETCore.Client.dll'
TpTrace Information: 0 : 5172, 1, 2024/02/22, 18:33:26.408, 1099401209701, vstest.console.dll, AssemblyResolver.OnResolve: Microsoft.Bcl.AsyncInterfaces: Resolving assembly.
TpTrace Information: 0 : 5172, 1, 2024/02/22, 18:33:26.408, 1099401210990, vstest.console.dll, AssemblyResolver.OnResolve: Microsoft.Bcl.AsyncInterfaces: Searching in: 'C:\Program Files\dotnet\sdk\8.0.101\Extensions'.
TpTrace Information: 0 : 5172, 1, 2024/02/22, 18:33:26.408, 1099401212061, vstest.console.dll, AssemblyResolver.OnResolve: Microsoft.Bcl.AsyncInterfaces: Assembly path does not exist: 'C:\Program Files\dotnet\sdk\8.0.101\Extensions\Microsoft.Bcl.AsyncInterfaces.dll', returning.
TpTrace Information: 0 : 5172, 1, 2024/02/22, 18:33:26.408, 1099401213594, vstest.console.dll, AssemblyResolver.OnResolve: Microsoft.Bcl.AsyncInterfaces: Assembly path does not exist: 'C:\Program Files\dotnet\sdk\8.0.101\Extensions\Microsoft.Bcl.AsyncInterfaces.exe', returning.
TpTrace Information: 0 : 5172, 1, 2024/02/22, 18:33:26.408, 1099401213983, vstest.console.dll, AssemblyResolver.OnResolve: Microsoft.Bcl.AsyncInterfaces: Searching in: 'C:\Program Files\dotnet\sdk\8.0.101'.
TpTrace Information: 0 : 5172, 1, 2024/02/22, 18:33:26.408, 1099401214610, vstest.console.dll, AssemblyResolver.OnResolve: Microsoft.Bcl.AsyncInterfaces: Assembly path does not exist: 'C:\Program Files\dotnet\sdk\8.0.101\Microsoft.Bcl.AsyncInterfaces.dll', returning.
TpTrace Information: 0 : 5172, 1, 2024/02/22, 18:33:26.408, 1099401215219, vstest.console.dll, AssemblyResolver.OnResolve: Microsoft.Bcl.AsyncInterfaces: Assembly path does not exist: 'C:\Program Files\dotnet\sdk\8.0.101\Microsoft.Bcl.AsyncInterfaces.exe', returning.
TpTrace Information: 0 : 5172, 1, 2024/02/22, 18:33:26.408, 1099401215523, vstest.console.dll, AssemblyResolver.OnResolve: Microsoft.Bcl.AsyncInterfaces: Failed to load assembly.
TpTrace Verbose: 0 : 5172, 1, 2024/02/22, 18:33:26.408, 1099401216042, vstest.console.dll, CurrentDomainAssemblyResolve: Resolving assembly 'Microsoft.Bcl.AsyncInterfaces'.
TpTrace Information: 0 : 5172, 1, 2024/02/22, 18:33:26.408, 1099401216774, vstest.console.dll, AssemblyResolver.OnResolve: Microsoft.Bcl.AsyncInterfaces: Resolving assembly.
TpTrace Information: 0 : 5172, 1, 2024/02/22, 18:33:26.408, 1099401217215, vstest.console.dll, AssemblyResolver.OnResolve: Microsoft.Bcl.AsyncInterfaces: Resolved from cache.
TpTrace Verbose: 0 : 5172, 1, 2024/02/22, 18:33:26.409, 1099401217464, vstest.console.dll, CurrentDomainAssemblyResolve: Resolving assembly 'Microsoft.Bcl.AsyncInterfaces'.
TpTrace Verbose: 0 : 5172, 1, 2024/02/22, 18:33:26.409, 1099401217791, vstest.console.dll, CurrentDomainAssemblyResolve: Failed to resolve assembly 'Microsoft.Bcl.AsyncInterfaces'.
TpTrace Verbose: 0 : 5172, 1, 2024/02/22, 18:33:26.410, 1099401230020, vstest.console.dll, CurrentDomainAssemblyResolve: Failed to resolve assembly 'Microsoft.Bcl.AsyncInterfaces'.
TpTrace Warning: 0 : 5172, 1, 2024/02/22, 18:33:26.423, 1099401362328, vstest.console.dll, TestPluginDiscoverer: Failed to get types from assembly 'Microsoft.Diagnostics.NETCore.Client, Version=0.2.8.21101, Culture=neutral, PublicKeyToken=31bf3856ad364e35'. Error: System.Reflection.ReflectionTypeLoadException: Unable to load one or more of the requested types.
Could not load file or assembly 'Microsoft.Bcl.AsyncInterfaces, Version=1.0.0.0, Culture=neutral, PublicKeyToken=cc7b13ffcd2ddd51'. The system cannot find the file specified.
   at System.Reflection.RuntimeModule.GetTypes(RuntimeModule module)
   at System.Reflection.RuntimeModule.GetTypes()
   at Microsoft.VisualStudio.TestPlatform.Common.ExtensionFramework.TestPluginDiscoverer.GetTestExtensionsFromAssembly[TPluginInfo,TExtension](Assembly assembly, Dictionary`2 pluginInfos, String filePath) in /_/src/Microsoft.TestPlatform.Common/ExtensionFramework/TestPluginDiscoverer.cs:line 158
System.IO.FileNotFoundException: Could not load file or assembly 'Microsoft.Bcl.AsyncInterfaces, Version=1.0.0.0, Culture=neutral, PublicKeyToken=cc7b13ffcd2ddd51'. The system cannot find the file specified.
File name: 'Microsoft.Bcl.AsyncInterfaces, Version=1.0.0.0, Culture=neutral, PublicKeyToken=cc7b13ffcd2ddd51'
 ---> System.IO.FileNotFoundException: Could not load file or assembly 'Microsoft.Bcl.AsyncInterfaces, Culture=neutral, PublicKeyToken=null'. The system cannot find the file specified.
File name: 'Microsoft.Bcl.AsyncInterfaces, Culture=neutral, PublicKeyToken=null'
   at System.Reflection.RuntimeAssembly.InternalLoad(AssemblyName assemblyName, StackCrawlMark& stackMark, AssemblyLoadContext assemblyLoadContext, RuntimeAssembly requestingAssembly, Boolean throwOnFileNotFound)
   at System.Reflection.Assembly.Load(AssemblyName assemblyRef)
   at Microsoft.VisualStudio.TestPlatform.Common.ExtensionFramework.TestPluginCache.CurrentDomainAssemblyResolve(Object sender, AssemblyResolveEventArgs args) in /_/src/Microsoft.TestPlatform.Common/ExtensionFramework/TestPluginCache.cs:line 513
   at System.Runtime.Loader.AssemblyLoadContext.GetFirstResolvedAssemblyFromResolvingEvent(AssemblyName assemblyName)
   at System.Runtime.Loader.AssemblyLoadContext.ResolveUsingEvent(AssemblyName assemblyName)
   at System.Runtime.Loader.AssemblyLoadContext.ResolveUsingResolvingEvent(IntPtr gchManagedAssemblyLoadContext, AssemblyName assemblyName)
TpTrace Warning: 0 : 5172, 1, 2024/02/22, 18:33:26.423, 1099401366875, vstest.console.dll, LoaderExceptions: System.IO.FileNotFoundException: Could not load file or assembly 'Microsoft.Bcl.AsyncInterfaces, Version=1.0.0.0, Culture=neutral, PublicKeyToken=cc7b13ffcd2ddd51'. The system cannot find the file specified.
File name: 'Microsoft.Bcl.AsyncInterfaces, Version=1.0.0.0, Culture=neutral, PublicKeyToken=cc7b13ffcd2ddd51'
 ---> System.IO.FileNotFoundException: Could not load file or assembly 'Microsoft.Bcl.AsyncInterfaces, Culture=neutral, PublicKeyToken=null'. The system cannot find the file specified.
File name: 'Microsoft.Bcl.AsyncInterfaces, Culture=neutral, PublicKeyToken=null'
   at System.Reflection.RuntimeAssembly.InternalLoad(AssemblyName assemblyName, StackCrawlMark& stackMark, AssemblyLoadContext assemblyLoadContext, RuntimeAssembly requestingAssembly, Boolean throwOnFileNotFound)
   at System.Reflection.Assembly.Load(AssemblyName assemblyRef)
   at Microsoft.VisualStudio.TestPlatform.Common.ExtensionFramework.TestPluginCache.CurrentDomainAssemblyResolve(Object sender, AssemblyResolveEventArgs args) in /_/src/Microsoft.TestPlatform.Common/ExtensionFramework/TestPluginCache.cs:line 513
   at System.Runtime.Loader.AssemblyLoadContext.GetFirstResolvedAssemblyFromResolvingEvent(AssemblyName assemblyName)
   at System.Runtime.Loader.AssemblyLoadContext.ResolveUsingEvent(AssemblyName assemblyName)
   at System.Runtime.Loader.AssemblyLoadContext.ResolveUsingResolvingEvent(IntPtr gchManagedAssemblyLoadContext, AssemblyName assemblyName)
TpTrace Information: 0 : 5172, 1, 2024/02/22, 18:33:26.424, 1099401368424, vstest.console.dll, AssemblyResolver.OnResolve: Microsoft.TestPlatform.Extensions.BlameDataCollector: Resolving assembly.
TpTrace Information: 0 : 5172, 1, 2024/02/22, 18:33:26.424, 1099401368976, vstest.console.dll, AssemblyResolver.OnResolve: Microsoft.TestPlatform.Extensions.BlameDataCollector: Searching in: 'C:\Program Files\dotnet\sdk\8.0.101\Extensions'.
TpTrace Information: 0 : 5172, 1, 2024/02/22, 18:33:26.425, 1099401377503, vstest.console.dll, AssemblyResolver.OnResolve: Microsoft.TestPlatform.Extensions.BlameDataCollector: Loading assembly 'C:\Program Files\dotnet\sdk\8.0.101\Extensions\Microsoft.TestPlatform.Extensions.BlameDataCollector.dll'.
TpTrace Information: 0 : 5172, 1, 2024/02/22, 18:33:26.425, 1099401386975, vstest.console.dll, AssemblyResolver.OnResolve: Resolved assembly: Microsoft.TestPlatform.Extensions.BlameDataCollector, from path: C:\Program Files\dotnet\sdk\8.0.101\Extensions\Microsoft.TestPlatform.Extensions.BlameDataCollector.dll
TpTrace Verbose: 0 : 5172, 1, 2024/02/22, 18:33:26.426, 1099401388417, vstest.console.dll, MetadataReaderExtensionsHelper: Discovering extensions inside assembly 'Microsoft.TestPlatform.Extensions.BlameDataCollector, Version=15.0.0.0, Culture=neutral, PublicKeyToken=b03f5f7f11d50a3a' file path 'C:\Program Files\dotnet\sdk\8.0.101\Extensions\Microsoft.TestPlatform.Extensions.BlameDataCollector.dll'
TpTrace Information: 0 : 5172, 1, 2024/02/22, 18:33:26.427, 1099401406313, vstest.console.dll, AssemblyResolver.OnResolve: Microsoft.TestPlatform.Extensions.EventLogCollector: Resolving assembly.
TpTrace Information: 0 : 5172, 1, 2024/02/22, 18:33:26.428, 1099401407551, vstest.console.dll, AssemblyResolver.OnResolve: Microsoft.TestPlatform.Extensions.EventLogCollector: Searching in: 'C:\Program Files\dotnet\sdk\8.0.101\Extensions'.
TpTrace Information: 0 : 5172, 1, 2024/02/22, 18:33:26.428, 1099401416020, vstest.console.dll, AssemblyResolver.OnResolve: Microsoft.TestPlatform.Extensions.EventLogCollector: Loading assembly 'C:\Program Files\dotnet\sdk\8.0.101\Extensions\Microsoft.TestPlatform.Extensions.EventLogCollector.dll'.
TpTrace Information: 0 : 5172, 1, 2024/02/22, 18:33:26.429, 1099401424385, vstest.console.dll, AssemblyResolver.OnResolve: Resolved assembly: Microsoft.TestPlatform.Extensions.EventLogCollector, from path: C:\Program Files\dotnet\sdk\8.0.101\Extensions\Microsoft.TestPlatform.Extensions.EventLogCollector.dll
TpTrace Verbose: 0 : 5172, 1, 2024/02/22, 18:33:26.429, 1099401425714, vstest.console.dll, MetadataReaderExtensionsHelper: Discovering extensions inside assembly 'Microsoft.TestPlatform.Extensions.EventLogCollector, Version=15.0.0.0, Culture=neutral, PublicKeyToken=b03f5f7f11d50a3a' file path 'C:\Program Files\dotnet\sdk\8.0.101\Extensions\Microsoft.TestPlatform.Extensions.EventLogCollector.dll'
TpTrace Information: 0 : 5172, 1, 2024/02/22, 18:33:26.433, 1099401464556, vstest.console.dll, AssemblyResolver.OnResolve: Microsoft.TestPlatform.TestHostRuntimeProvider: Resolving assembly.
TpTrace Information: 0 : 5172, 1, 2024/02/22, 18:33:26.433, 1099401465864, vstest.console.dll, AssemblyResolver.OnResolve: Microsoft.TestPlatform.TestHostRuntimeProvider: Searching in: 'C:\Program Files\dotnet\sdk\8.0.101\Extensions'.
TpTrace Information: 0 : 5172, 1, 2024/02/22, 18:33:26.434, 1099401473768, vstest.console.dll, AssemblyResolver.OnResolve: Microsoft.TestPlatform.TestHostRuntimeProvider: Loading assembly 'C:\Program Files\dotnet\sdk\8.0.101\Extensions\Microsoft.TestPlatform.TestHostRuntimeProvider.dll'.
TpTrace Information: 0 : 5172, 1, 2024/02/22, 18:33:26.435, 1099401482246, vstest.console.dll, AssemblyResolver.OnResolve: Resolved assembly: Microsoft.TestPlatform.TestHostRuntimeProvider, from path: C:\Program Files\dotnet\sdk\8.0.101\Extensions\Microsoft.TestPlatform.TestHostRuntimeProvider.dll
TpTrace Verbose: 0 : 5172, 1, 2024/02/22, 18:33:26.435, 1099401483429, vstest.console.dll, MetadataReaderExtensionsHelper: Discovering extensions inside assembly 'Microsoft.TestPlatform.TestHostRuntimeProvider, Version=15.0.0.0, Culture=neutral, PublicKeyToken=b03f5f7f11d50a3a' file path 'C:\Program Files\dotnet\sdk\8.0.101\Extensions\Microsoft.TestPlatform.TestHostRuntimeProvider.dll'
TpTrace Information: 0 : 5172, 1, 2024/02/22, 18:33:26.437, 1099401502906, vstest.console.dll, GetTestExtensionFromType: Register extension with identifier data 'HostProvider://DefaultTestHost' and type 'Microsoft.VisualStudio.TestPlatform.CrossPlatEngine.Hosting.DefaultTestHostManager, Microsoft.TestPlatform.TestHostRuntimeProvider, Version=15.0.0.0, Culture=neutral, PublicKeyToken=b03f5f7f11d50a3a' inside file 'C:\Program Files\dotnet\sdk\8.0.101\Extensions\Microsoft.TestPlatform.TestHostRuntimeProvider.dll'
TpTrace Information: 0 : 5172, 1, 2024/02/22, 18:33:26.437, 1099401506126, vstest.console.dll, GetTestExtensionFromType: Register extension with identifier data 'HostProvider://DotnetTestHost' and type 'Microsoft.VisualStudio.TestPlatform.CrossPlatEngine.Hosting.DotnetTestHostManager, Microsoft.TestPlatform.TestHostRuntimeProvider, Version=15.0.0.0, Culture=neutral, PublicKeyToken=b03f5f7f11d50a3a' inside file 'C:\Program Files\dotnet\sdk\8.0.101\Extensions\Microsoft.TestPlatform.TestHostRuntimeProvider.dll'
TpTrace Information: 0 : 5172, 1, 2024/02/22, 18:33:26.437, 1099401506939, vstest.console.dll, AssemblyResolver.OnResolve: Microsoft.VisualStudio.TestPlatform.Extensions.Html.TestLogger: Resolving assembly.
TpTrace Information: 0 : 5172, 1, 2024/02/22, 18:33:26.438, 1099401507416, vstest.console.dll, AssemblyResolver.OnResolve: Microsoft.VisualStudio.TestPlatform.Extensions.Html.TestLogger: Searching in: 'C:\Program Files\dotnet\sdk\8.0.101\Extensions'.
TpTrace Information: 0 : 5172, 1, 2024/02/22, 18:33:26.438, 1099401515815, vstest.console.dll, AssemblyResolver.OnResolve: Microsoft.VisualStudio.TestPlatform.Extensions.Html.TestLogger: Loading assembly 'C:\Program Files\dotnet\sdk\8.0.101\Extensions\Microsoft.VisualStudio.TestPlatform.Extensions.Html.TestLogger.dll'.
TpTrace Information: 0 : 5172, 1, 2024/02/22, 18:33:26.439, 1099401524463, vstest.console.dll, AssemblyResolver.OnResolve: Resolved assembly: Microsoft.VisualStudio.TestPlatform.Extensions.Html.TestLogger, from path: C:\Program Files\dotnet\sdk\8.0.101\Extensions\Microsoft.VisualStudio.TestPlatform.Extensions.Html.TestLogger.dll
TpTrace Verbose: 0 : 5172, 1, 2024/02/22, 18:33:26.439, 1099401525724, vstest.console.dll, MetadataReaderExtensionsHelper: Discovering extensions inside assembly 'Microsoft.VisualStudio.TestPlatform.Extensions.Html.TestLogger, Version=15.0.0.0, Culture=neutral, PublicKeyToken=b03f5f7f11d50a3a' file path 'C:\Program Files\dotnet\sdk\8.0.101\Extensions\Microsoft.VisualStudio.TestPlatform.Extensions.Html.TestLogger.dll'
TpTrace Information: 0 : 5172, 1, 2024/02/22, 18:33:26.441, 1099401540524, vstest.console.dll, AssemblyResolver.OnResolve: Microsoft.VisualStudio.TestPlatform.Extensions.Trx.TestLogger: Resolving assembly.
TpTrace Information: 0 : 5172, 1, 2024/02/22, 18:33:26.441, 1099401541784, vstest.console.dll, AssemblyResolver.OnResolve: Microsoft.VisualStudio.TestPlatform.Extensions.Trx.TestLogger: Searching in: 'C:\Program Files\dotnet\sdk\8.0.101\Extensions'.
TpTrace Information: 0 : 5172, 1, 2024/02/22, 18:33:26.442, 1099401550033, vstest.console.dll, AssemblyResolver.OnResolve: Microsoft.VisualStudio.TestPlatform.Extensions.Trx.TestLogger: Loading assembly 'C:\Program Files\dotnet\sdk\8.0.101\Extensions\Microsoft.VisualStudio.TestPlatform.Extensions.Trx.TestLogger.dll'.
TpTrace Information: 0 : 5172, 1, 2024/02/22, 18:33:26.443, 1099401559589, vstest.console.dll, AssemblyResolver.OnResolve: Resolved assembly: Microsoft.VisualStudio.TestPlatform.Extensions.Trx.TestLogger, from path: C:\Program Files\dotnet\sdk\8.0.101\Extensions\Microsoft.VisualStudio.TestPlatform.Extensions.Trx.TestLogger.dll
TpTrace Verbose: 0 : 5172, 1, 2024/02/22, 18:33:26.443, 1099401560725, vstest.console.dll, MetadataReaderExtensionsHelper: Discovering extensions inside assembly 'Microsoft.VisualStudio.TestPlatform.Extensions.Trx.TestLogger, Version=15.0.0.0, Culture=neutral, PublicKeyToken=b03f5f7f11d50a3a' file path 'C:\Program Files\dotnet\sdk\8.0.101\Extensions\Microsoft.VisualStudio.TestPlatform.Extensions.Trx.TestLogger.dll'
TpTrace Verbose: 0 : 5172, 1, 2024/02/22, 18:33:26.444, 1099401575685, vstest.console.dll, TestPluginCache: Discovered the extensions using extension path ''.
TpTrace Verbose: 0 : 5172, 1, 2024/02/22, 18:33:26.444, 1099401576883, vstest.console.dll, TestPluginCache: Discoverers are ''.
TpTrace Verbose: 0 : 5172, 1, 2024/02/22, 18:33:26.445, 1099401577286, vstest.console.dll, TestPluginCache: Executors are ''.
TpTrace Verbose: 0 : 5172, 1, 2024/02/22, 18:33:26.445, 1099401577658, vstest.console.dll, TestPluginCache: Executors2 are ''.
TpTrace Verbose: 0 : 5172, 1, 2024/02/22, 18:33:26.445, 1099401578021, vstest.console.dll, TestPluginCache: Setting providers are ''.
TpTrace Verbose: 0 : 5172, 1, 2024/02/22, 18:33:26.445, 1099401578378, vstest.console.dll, TestPluginCache: Loggers are ''.
TpTrace Verbose: 0 : 5172, 1, 2024/02/22, 18:33:26.445, 1099401581370, vstest.console.dll, TestPluginCache: TestHosts are 'HostProvider://DefaultTestHost,HostProvider://DotnetTestHost'.
TpTrace Verbose: 0 : 5172, 1, 2024/02/22, 18:33:26.445, 1099401582017, vstest.console.dll, TestPluginCache: DataCollectors are ''.
TpTrace Information: 0 : 5172, 1, 2024/02/22, 18:33:26.464, 1099401776245, vstest.console.dll, RunTestsArgumentProcessor:Execute: Test run is starting.
TpTrace Verbose: 0 : 5172, 1, 2024/02/22, 18:33:26.465, 1099401777343, vstest.console.dll, RunTestsArgumentProcessor:Execute: Queuing Test run.
TpTrace Information: 0 : 5172, 1, 2024/02/22, 18:33:26.465, 1099401780296, vstest.console.dll, TestRequestManager.RunTests: run tests started.
TpTrace Information: 0 : 5172, 1, 2024/02/22, 18:33:26.466, 1099401794975, vstest.console.dll, AssemblyMetadataProvider.GetFrameworkName: Determined framework:'.NETCoreApp,Version=v6.0' for source: 'C:\Users\Atanas Work\Desktop\PREPARE EXAM Back-End\SECOND EXAM PREP BACK END\ProductConsoleAPI\ProductConsoleAPI.IntegrationTests.NUnit\bin\Debug\net6.0\fine-code-coverage\build-output\ProductConsoleAPI.IntegrationTests.NUnit.dll'
TpTrace Information: 0 : 5172, 1, 2024/02/22, 18:33:26.466, 1099401796909, vstest.console.dll, Determined framework for all sources: .NETCoreApp,Version=v6.0
TpTrace Verbose: 0 : 5172, 1, 2024/02/22, 18:33:26.467, 1099401800412, vstest.console.dll, TestRequestManager.UpdateRunSettingsIfRequired: Default architecture: X64 IsDefaultTargetArchitecture: True, Current process architecture: X64 OperatingSystem: Windows.
TpTrace Information: 0 : 5172, 1, 2024/02/22, 18:33:26.469, 1099401818058, vstest.console.dll, AssemblyMetadataProvider.GetArchitecture: Determined architecture:AnyCPU info for assembly: C:\Users\Atanas Work\Desktop\PREPARE EXAM Back-End\SECOND EXAM PREP BACK END\ProductConsoleAPI\ProductConsoleAPI.IntegrationTests.NUnit\bin\Debug\net6.0\fine-code-coverage\build-output\ProductConsoleAPI.IntegrationTests.NUnit.dll
TpTrace Information: 0 : 5172, 1, 2024/02/22, 18:33:26.469, 1099401818924, vstest.console.dll, Determined platform for source 'C:\Users\Atanas Work\Desktop\PREPARE EXAM Back-End\SECOND EXAM PREP BACK END\ProductConsoleAPI\ProductConsoleAPI.IntegrationTests.NUnit\bin\Debug\net6.0\fine-code-coverage\build-output\ProductConsoleAPI.IntegrationTests.NUnit.dll' was AnyCPU and it will use the default plaform X64.
TpTrace Information: 0 : 5172, 1, 2024/02/22, 18:33:26.469, 1099401819199, vstest.console.dll, None of the sources provided any runnable platform, using the default platform: X64
TpTrace Information: 0 : 5172, 1, 2024/02/22, 18:33:26.469, 1099401820240, vstest.console.dll, Platform was updated to 'X64'.
TpTrace Information: 0 : 5172, 1, 2024/02/22, 18:33:26.472, 1099401853492, vstest.console.dll, InferRunSettingsHelper.IsTestSettingsEnabled: Unable to navigate to RunSettings/MSTest. Current node: RunSettings
TpTrace Information: 0 : 5172, 1, 2024/02/22, 18:33:26.473, 1099401861140, vstest.console.dll, AssemblyResolver.OnResolve: Microsoft.VisualStudio.TestPlatform.Fakes: Resolving assembly.
TpTrace Information: 0 : 5172, 1, 2024/02/22, 18:33:26.473, 1099401862371, vstest.console.dll, AssemblyResolver.OnResolve: Microsoft.VisualStudio.TestPlatform.Fakes: Searching in: 'C:\Program Files\dotnet\sdk\8.0.101\Extensions'.
TpTrace Information: 0 : 5172, 1, 2024/02/22, 18:33:26.473, 1099401863512, vstest.console.dll, AssemblyResolver.OnResolve: Microsoft.VisualStudio.TestPlatform.Fakes: Assembly path does not exist: 'C:\Program Files\dotnet\sdk\8.0.101\Extensions\Microsoft.VisualStudio.TestPlatform.Fakes.dll', returning.
TpTrace Information: 0 : 5172, 1, 2024/02/22, 18:33:26.473, 1099401864298, vstest.console.dll, AssemblyResolver.OnResolve: Microsoft.VisualStudio.TestPlatform.Fakes: Assembly path does not exist: 'C:\Program Files\dotnet\sdk\8.0.101\Extensions\Microsoft.VisualStudio.TestPlatform.Fakes.exe', returning.
TpTrace Information: 0 : 5172, 1, 2024/02/22, 18:33:26.473, 1099401864627, vstest.console.dll, AssemblyResolver.OnResolve: Microsoft.VisualStudio.TestPlatform.Fakes: Searching in: 'C:\Program Files\dotnet\sdk\8.0.101'.
TpTrace Information: 0 : 5172, 1, 2024/02/22, 18:33:26.473, 1099401865238, vstest.console.dll, AssemblyResolver.OnResolve: Microsoft.VisualStudio.TestPlatform.Fakes: Assembly path does not exist: 'C:\Program Files\dotnet\sdk\8.0.101\Microsoft.VisualStudio.TestPlatform.Fakes.dll', returning.
TpTrace Information: 0 : 5172, 1, 2024/02/22, 18:33:26.473, 1099401865845, vstest.console.dll, AssemblyResolver.OnResolve: Microsoft.VisualStudio.TestPlatform.Fakes: Assembly path does not exist: 'C:\Program Files\dotnet\sdk\8.0.101\Microsoft.VisualStudio.TestPlatform.Fakes.exe', returning.
TpTrace Information: 0 : 5172, 1, 2024/02/22, 18:33:26.473, 1099401866312, vstest.console.dll, AssemblyResolver.OnResolve: Microsoft.VisualStudio.TestPlatform.Fakes: Failed to load assembly.
TpTrace Information: 0 : 5172, 1, 2024/02/22, 18:33:26.474, 1099401869343, vstest.console.dll, Failed to load assembly Microsoft.VisualStudio.TestPlatform.Fakes, Version=17.0.0.0, Culture=neutral. Reason:System.IO.FileNotFoundException: Could not load file or assembly 'Microsoft.VisualStudio.TestPlatform.Fakes, Version=17.0.0.0, Culture=neutral, PublicKeyToken=null'. The system cannot find the file specified.
File name: 'Microsoft.VisualStudio.TestPlatform.Fakes, Version=17.0.0.0, Culture=neutral, PublicKeyToken=null'
   at System.Reflection.RuntimeAssembly.InternalLoad(AssemblyName assemblyName, StackCrawlMark& stackMark, AssemblyLoadContext assemblyLoadContext, RuntimeAssembly requestingAssembly, Boolean throwOnFileNotFound)
   at System.Reflection.Assembly.Load(AssemblyName assemblyRef)
   at Microsoft.VisualStudio.TestPlatform.Common.Utilities.FakesUtilities.LoadTestPlatformAssembly() in /_/src/Microsoft.TestPlatform.Common/Utilities/FakesUtilities.cs:line 272
TpTrace Verbose: 0 : 5172, 1, 2024/02/22, 18:33:26.477, 1099401904522, vstest.console.dll, TestPluginCache.DiscoverTestExtensions: finding test extensions in assemblies ends with: TestLogger.dll TPluginInfo: Microsoft.VisualStudio.TestPlatform.Common.ExtensionFramework.Utilities.TestLoggerPluginInformation TExtension: Microsoft.VisualStudio.TestPlatform.ObjectModel.Client.ITestLogger
TpTrace Verbose: 0 : 5172, 1, 2024/02/22, 18:33:26.477, 1099401905754, vstest.console.dll, TestPluginCache.GetExtensionPaths: Filtered extension paths: 
TpTrace Verbose: 0 : 5172, 1, 2024/02/22, 18:33:26.477, 1099401906162, vstest.console.dll, TestPluginCache.GetExtensionPaths: Added default extension paths: C:\Program Files\dotnet\sdk\8.0.101\Extensions\Microsoft.Diagnostics.NETCore.Client.dll
C:\Program Files\dotnet\sdk\8.0.101\Extensions\Microsoft.TestPlatform.Extensions.BlameDataCollector.dll
C:\Program Files\dotnet\sdk\8.0.101\Extensions\Microsoft.TestPlatform.Extensions.EventLogCollector.dll
C:\Program Files\dotnet\sdk\8.0.101\Extensions\Microsoft.TestPlatform.TestHostRuntimeProvider.dll
C:\Program Files\dotnet\sdk\8.0.101\Extensions\Microsoft.VisualStudio.TestPlatform.Extensions.Html.TestLogger.dll
C:\Program Files\dotnet\sdk\8.0.101\Extensions\Microsoft.VisualStudio.TestPlatform.Extensions.Trx.TestLogger.dll
TpTrace Verbose: 0 : 5172, 1, 2024/02/22, 18:33:26.477, 1099401906422, vstest.console.dll, TestPluginCache.GetExtensionPaths: Added unfilterableExtensionPaths: 
TpTrace Information: 0 : 5172, 1, 2024/02/22, 18:33:26.478, 1099401907985, vstest.console.dll, AssemblyResolver.AddSearchDirectories: Adding more searchDirectories C:\Program Files\dotnet\sdk\8.0.101\Extensions,C:\Program Files\dotnet\sdk\8.0.101
TpTrace Verbose: 0 : 5172, 1, 2024/02/22, 18:33:26.478, 1099401908449, vstest.console.dll, TestPluginCache.DiscoverTestExtensions: Discovering the extensions using extension path.
TpTrace Verbose: 0 : 5172, 1, 2024/02/22, 18:33:26.478, 1099401908767, vstest.console.dll, TestPluginCache.GetExtensionPaths: Filtered extension paths: 
TpTrace Verbose: 0 : 5172, 1, 2024/02/22, 18:33:26.478, 1099401909141, vstest.console.dll, TestPluginCache.GetExtensionPaths: Added default extension paths: C:\Program Files\dotnet\sdk\8.0.101\Extensions\Microsoft.Diagnostics.NETCore.Client.dll
C:\Program Files\dotnet\sdk\8.0.101\Extensions\Microsoft.TestPlatform.Extensions.BlameDataCollector.dll
C:\Program Files\dotnet\sdk\8.0.101\Extensions\Microsoft.TestPlatform.Extensions.EventLogCollector.dll
C:\Program Files\dotnet\sdk\8.0.101\Extensions\Microsoft.TestPlatform.TestHostRuntimeProvider.dll
C:\Program Files\dotnet\sdk\8.0.101\Extensions\Microsoft.VisualStudio.TestPlatform.Extensions.Html.TestLogger.dll
C:\Program Files\dotnet\sdk\8.0.101\Extensions\Microsoft.VisualStudio.TestPlatform.Extensions.Trx.TestLogger.dll
TpTrace Verbose: 0 : 5172, 1, 2024/02/22, 18:33:26.478, 1099401909407, vstest.console.dll, TestPluginCache.GetExtensionPaths: Added unfilterableExtensionPaths: 
TpTrace Verbose: 0 : 5172, 1, 2024/02/22, 18:33:26.478, 1099401909827, vstest.console.dll, TestPluginCache.DiscoverTestExtensions: Discovering the extensions using allExtensionPaths: C:\Program Files\dotnet\sdk\8.0.101\Extensions\Microsoft.Diagnostics.NETCore.Client.dll
C:\Program Files\dotnet\sdk\8.0.101\Extensions\Microsoft.TestPlatform.Extensions.BlameDataCollector.dll
C:\Program Files\dotnet\sdk\8.0.101\Extensions\Microsoft.TestPlatform.Extensions.EventLogCollector.dll
C:\Program Files\dotnet\sdk\8.0.101\Extensions\Microsoft.TestPlatform.TestHostRuntimeProvider.dll
C:\Program Files\dotnet\sdk\8.0.101\Extensions\Microsoft.VisualStudio.TestPlatform.Extensions.Html.TestLogger.dll
C:\Program Files\dotnet\sdk\8.0.101\Extensions\Microsoft.VisualStudio.TestPlatform.Extensions.Trx.TestLogger.dll
TpTrace Information: 0 : 5172, 1, 2024/02/22, 18:33:26.478, 1099401910255, vstest.console.dll, AssemblyResolver.AddSearchDirectories: Adding more searchDirectories C:\Program Files\dotnet\sdk\8.0.101\Extensions,C:\Program Files\dotnet\sdk\8.0.101
TpTrace Information: 0 : 5172, 1, 2024/02/22, 18:33:26.478, 1099401910641, vstest.console.dll, AssemblyResolver.AddSearchDirectories: Adding more searchDirectories C:\Program Files\dotnet\sdk\8.0.101\Extensions,C:\Program Files\dotnet\sdk\8.0.101
TpTrace Information: 0 : 5172, 1, 2024/02/22, 18:33:26.478, 1099401910932, vstest.console.dll, AssemblyResolver.AddSearchDirectories: Adding more searchDirectories C:\Program Files\dotnet\sdk\8.0.101\Extensions,C:\Program Files\dotnet\sdk\8.0.101
TpTrace Information: 0 : 5172, 1, 2024/02/22, 18:33:26.478, 1099401911204, vstest.console.dll, AssemblyResolver.AddSearchDirectories: Adding more searchDirectories C:\Program Files\dotnet\sdk\8.0.101\Extensions,C:\Program Files\dotnet\sdk\8.0.101
TpTrace Information: 0 : 5172, 1, 2024/02/22, 18:33:26.478, 1099401911477, vstest.console.dll, AssemblyResolver.AddSearchDirectories: Adding more searchDirectories C:\Program Files\dotnet\sdk\8.0.101\Extensions,C:\Program Files\dotnet\sdk\8.0.101
TpTrace Information: 0 : 5172, 1, 2024/02/22, 18:33:26.478, 1099401911830, vstest.console.dll, AssemblyResolver.AddSearchDirectories: Adding more searchDirectories C:\Program Files\dotnet\sdk\8.0.101\Extensions,C:\Program Files\dotnet\sdk\8.0.101
TpTrace Verbose: 0 : 5172, 1, 2024/02/22, 18:33:26.478, 1099401912865, vstest.console.dll, MetadataReaderExtensionsHelper: Discovering extensions inside assembly 'Microsoft.Diagnostics.NETCore.Client, Version=0.2.8.21101, Culture=neutral, PublicKeyToken=31bf3856ad364e35' file path 'C:\Program Files\dotnet\sdk\8.0.101\Extensions\Microsoft.Diagnostics.NETCore.Client.dll'
TpTrace Information: 0 : 5172, 1, 2024/02/22, 18:33:26.479, 1099401924218, vstest.console.dll, AssemblyResolver.OnResolve: Microsoft.Bcl.AsyncInterfaces: Resolving assembly.
TpTrace Information: 0 : 5172, 1, 2024/02/22, 18:33:26.479, 1099401925224, vstest.console.dll, AssemblyResolver.OnResolve: Microsoft.Bcl.AsyncInterfaces: Resolved from cache.
TpTrace Verbose: 0 : 5172, 1, 2024/02/22, 18:33:26.479, 1099401925499, vstest.console.dll, CurrentDomainAssemblyResolve: Resolving assembly 'Microsoft.Bcl.AsyncInterfaces'.
TpTrace Information: 0 : 5172, 1, 2024/02/22, 18:33:26.479, 1099401926264, vstest.console.dll, AssemblyResolver.OnResolve: Microsoft.Bcl.AsyncInterfaces: Resolving assembly.
TpTrace Information: 0 : 5172, 1, 2024/02/22, 18:33:26.479, 1099401926559, vstest.console.dll, AssemblyResolver.OnResolve: Microsoft.Bcl.AsyncInterfaces: Resolved from cache.
TpTrace Verbose: 0 : 5172, 1, 2024/02/22, 18:33:26.479, 1099401926791, vstest.console.dll, CurrentDomainAssemblyResolve: Resolving assembly 'Microsoft.Bcl.AsyncInterfaces'.
TpTrace Verbose: 0 : 5172, 1, 2024/02/22, 18:33:26.479, 1099401927012, vstest.console.dll, CurrentDomainAssemblyResolve: Failed to resolve assembly 'Microsoft.Bcl.AsyncInterfaces'.
TpTrace Verbose: 0 : 5172, 1, 2024/02/22, 18:33:26.480, 1099401928599, vstest.console.dll, CurrentDomainAssemblyResolve: Failed to resolve assembly 'Microsoft.Bcl.AsyncInterfaces'.
TpTrace Warning: 0 : 5172, 1, 2024/02/22, 18:33:26.480, 1099401932730, vstest.console.dll, TestPluginDiscoverer: Failed to get types from assembly 'Microsoft.Diagnostics.NETCore.Client, Version=0.2.8.21101, Culture=neutral, PublicKeyToken=31bf3856ad364e35'. Error: System.Reflection.ReflectionTypeLoadException: Unable to load one or more of the requested types.
Could not load file or assembly 'Microsoft.Bcl.AsyncInterfaces, Version=1.0.0.0, Culture=neutral, PublicKeyToken=cc7b13ffcd2ddd51'. The system cannot find the file specified.
   at System.Reflection.RuntimeModule.GetTypes(RuntimeModule module)
   at System.Reflection.RuntimeModule.GetTypes()
   at Microsoft.VisualStudio.TestPlatform.Common.ExtensionFramework.TestPluginDiscoverer.GetTestExtensionsFromAssembly[TPluginInfo,TExtension](Assembly assembly, Dictionary`2 pluginInfos, String filePath) in /_/src/Microsoft.TestPlatform.Common/ExtensionFramework/TestPluginDiscoverer.cs:line 158
System.IO.FileNotFoundException: Could not load file or assembly 'Microsoft.Bcl.AsyncInterfaces, Version=1.0.0.0, Culture=neutral, PublicKeyToken=cc7b13ffcd2ddd51'. The system cannot find the file specified.
File name: 'Microsoft.Bcl.AsyncInterfaces, Version=1.0.0.0, Culture=neutral, PublicKeyToken=cc7b13ffcd2ddd51'
 ---> System.IO.FileNotFoundException: Could not load file or assembly 'Microsoft.Bcl.AsyncInterfaces, Culture=neutral, PublicKeyToken=null'. The system cannot find the file specified.
File name: 'Microsoft.Bcl.AsyncInterfaces, Culture=neutral, PublicKeyToken=null'
   at System.Reflection.RuntimeAssembly.InternalLoad(AssemblyName assemblyName, StackCrawlMark& stackMark, AssemblyLoadContext assemblyLoadContext, RuntimeAssembly requestingAssembly, Boolean throwOnFileNotFound)
   at System.Reflection.Assembly.Load(AssemblyName assemblyRef)
   at Microsoft.VisualStudio.TestPlatform.Common.ExtensionFramework.TestPluginCache.CurrentDomainAssemblyResolve(Object sender, AssemblyResolveEventArgs args) in /_/src/Microsoft.TestPlatform.Common/ExtensionFramework/TestPluginCache.cs:line 513
   at System.Runtime.Loader.AssemblyLoadContext.GetFirstResolvedAssemblyFromResolvingEvent(AssemblyName assemblyName)
   at System.Runtime.Loader.AssemblyLoadContext.ResolveUsingEvent(AssemblyName assemblyName)
   at System.Runtime.Loader.AssemblyLoadContext.ResolveUsingResolvingEvent(IntPtr gchManagedAssemblyLoadContext, AssemblyName assemblyName)
TpTrace Warning: 0 : 5172, 1, 2024/02/22, 18:33:26.480, 1099401935561, vstest.console.dll, LoaderExceptions: System.IO.FileNotFoundException: Could not load file or assembly 'Microsoft.Bcl.AsyncInterfaces, Version=1.0.0.0, Culture=neutral, PublicKeyToken=cc7b13ffcd2ddd51'. The system cannot find the file specified.
File name: 'Microsoft.Bcl.AsyncInterfaces, Version=1.0.0.0, Culture=neutral, PublicKeyToken=cc7b13ffcd2ddd51'
 ---> System.IO.FileNotFoundException: Could not load file or assembly 'Microsoft.Bcl.AsyncInterfaces, Culture=neutral, PublicKeyToken=null'. The system cannot find the file specified.
File name: 'Microsoft.Bcl.AsyncInterfaces, Culture=neutral, PublicKeyToken=null'
   at System.Reflection.RuntimeAssembly.InternalLoad(AssemblyName assemblyName, StackCrawlMark& stackMark, AssemblyLoadContext assemblyLoadContext, RuntimeAssembly requestingAssembly, Boolean throwOnFileNotFound)
   at System.Reflection.Assembly.Load(AssemblyName assemblyRef)
   at Microsoft.VisualStudio.TestPlatform.Common.ExtensionFramework.TestPluginCache.CurrentDomainAssemblyResolve(Object sender, AssemblyResolveEventArgs args) in /_/src/Microsoft.TestPlatform.Common/ExtensionFramework/TestPluginCache.cs:line 513
   at System.Runtime.Loader.AssemblyLoadContext.GetFirstResolvedAssemblyFromResolvingEvent(AssemblyName assemblyName)
   at System.Runtime.Loader.AssemblyLoadContext.ResolveUsingEvent(AssemblyName assemblyName)
   at System.Runtime.Loader.AssemblyLoadContext.ResolveUsingResolvingEvent(IntPtr gchManagedAssemblyLoadContext, AssemblyName assemblyName)
TpTrace Verbose: 0 : 5172, 1, 2024/02/22, 18:33:26.480, 1099401936557, vstest.console.dll, MetadataReaderExtensionsHelper: Discovering extensions inside assembly 'Microsoft.TestPlatform.Extensions.BlameDataCollector, Version=15.0.0.0, Culture=neutral, PublicKeyToken=b03f5f7f11d50a3a' file path 'C:\Program Files\dotnet\sdk\8.0.101\Extensions\Microsoft.TestPlatform.Extensions.BlameDataCollector.dll'
TpTrace Information: 0 : 5172, 1, 2024/02/22, 18:33:26.481, 1099401947112, vstest.console.dll, GetTestExtensionFromType: Register extension with identifier data 'logger://Microsoft/TestPlatform/Extensions/Blame/v1' and type 'Microsoft.TestPlatform.Extensions.BlameDataCollector.BlameLogger, Microsoft.TestPlatform.Extensions.BlameDataCollector, Version=15.0.0.0, Culture=neutral, PublicKeyToken=b03f5f7f11d50a3a' inside file 'C:\Program Files\dotnet\sdk\8.0.101\Extensions\Microsoft.TestPlatform.Extensions.BlameDataCollector.dll'
TpTrace Verbose: 0 : 5172, 1, 2024/02/22, 18:33:26.482, 1099401948309, vstest.console.dll, MetadataReaderExtensionsHelper: Discovering extensions inside assembly 'Microsoft.TestPlatform.Extensions.EventLogCollector, Version=15.0.0.0, Culture=neutral, PublicKeyToken=b03f5f7f11d50a3a' file path 'C:\Program Files\dotnet\sdk\8.0.101\Extensions\Microsoft.TestPlatform.Extensions.EventLogCollector.dll'
TpTrace Verbose: 0 : 5172, 1, 2024/02/22, 18:33:26.482, 1099401956270, vstest.console.dll, MetadataReaderExtensionsHelper: Discovering extensions inside assembly 'Microsoft.TestPlatform.TestHostRuntimeProvider, Version=15.0.0.0, Culture=neutral, PublicKeyToken=b03f5f7f11d50a3a' file path 'C:\Program Files\dotnet\sdk\8.0.101\Extensions\Microsoft.TestPlatform.TestHostRuntimeProvider.dll'
TpTrace Verbose: 0 : 5172, 1, 2024/02/22, 18:33:26.483, 1099401964685, vstest.console.dll, MetadataReaderExtensionsHelper: Discovering extensions inside assembly 'Microsoft.VisualStudio.TestPlatform.Extensions.Html.TestLogger, Version=15.0.0.0, Culture=neutral, PublicKeyToken=b03f5f7f11d50a3a' file path 'C:\Program Files\dotnet\sdk\8.0.101\Extensions\Microsoft.VisualStudio.TestPlatform.Extensions.Html.TestLogger.dll'
TpTrace Information: 0 : 5172, 1, 2024/02/22, 18:33:26.484, 1099401975051, vstest.console.dll, GetTestExtensionFromType: Register extension with identifier data 'logger://Microsoft/TestPlatform/HtmlLogger/v1' and type 'Microsoft.VisualStudio.TestPlatform.Extensions.HtmlLogger.HtmlLogger, Microsoft.VisualStudio.TestPlatform.Extensions.Html.TestLogger, Version=15.0.0.0, Culture=neutral, PublicKeyToken=b03f5f7f11d50a3a' inside file 'C:\Program Files\dotnet\sdk\8.0.101\Extensions\Microsoft.VisualStudio.TestPlatform.Extensions.Html.TestLogger.dll'
TpTrace Verbose: 0 : 5172, 1, 2024/02/22, 18:33:26.484, 1099401976270, vstest.console.dll, MetadataReaderExtensionsHelper: Discovering extensions inside assembly 'Microsoft.VisualStudio.TestPlatform.Extensions.Trx.TestLogger, Version=15.0.0.0, Culture=neutral, PublicKeyToken=b03f5f7f11d50a3a' file path 'C:\Program Files\dotnet\sdk\8.0.101\Extensions\Microsoft.VisualStudio.TestPlatform.Extensions.Trx.TestLogger.dll'
TpTrace Information: 0 : 5172, 1, 2024/02/22, 18:33:26.485, 1099401982714, vstest.console.dll, GetTestExtensionFromType: Register extension with identifier data 'logger://Microsoft/TestPlatform/TrxLogger/v1' and type 'Microsoft.VisualStudio.TestPlatform.Extensions.TrxLogger.TrxLogger, Microsoft.VisualStudio.TestPlatform.Extensions.Trx.TestLogger, Version=15.0.0.0, Culture=neutral, PublicKeyToken=b03f5f7f11d50a3a' inside file 'C:\Program Files\dotnet\sdk\8.0.101\Extensions\Microsoft.VisualStudio.TestPlatform.Extensions.Trx.TestLogger.dll'
TpTrace Verbose: 0 : 5172, 1, 2024/02/22, 18:33:26.485, 1099401984409, vstest.console.dll, TestPluginCache: Discovered the extensions using extension path ''.
TpTrace Verbose: 0 : 5172, 1, 2024/02/22, 18:33:26.485, 1099401984753, vstest.console.dll, TestPluginCache: Discoverers are ''.
TpTrace Verbose: 0 : 5172, 1, 2024/02/22, 18:33:26.485, 1099401984988, vstest.console.dll, TestPluginCache: Executors are ''.
TpTrace Verbose: 0 : 5172, 1, 2024/02/22, 18:33:26.485, 1099401985464, vstest.console.dll, TestPluginCache: Executors2 are ''.
TpTrace Verbose: 0 : 5172, 1, 2024/02/22, 18:33:26.485, 1099401985763, vstest.console.dll, TestPluginCache: Setting providers are ''.
TpTrace Verbose: 0 : 5172, 1, 2024/02/22, 18:33:26.485, 1099401986448, vstest.console.dll, TestPluginCache: Loggers are 'logger://Microsoft/TestPlatform/Extensions/Blame/v1,logger://Microsoft/TestPlatform/HtmlLogger/v1,logger://Microsoft/TestPlatform/TrxLogger/v1'.
TpTrace Verbose: 0 : 5172, 1, 2024/02/22, 18:33:26.485, 1099401986936, vstest.console.dll, TestPluginCache: TestHosts are 'HostProvider://DefaultTestHost,HostProvider://DotnetTestHost'.
TpTrace Verbose: 0 : 5172, 1, 2024/02/22, 18:33:26.485, 1099401987191, vstest.console.dll, TestPluginCache: DataCollectors are ''.
TpTrace Information: 0 : 5172, 1, 2024/02/22, 18:33:26.486, 1099401996038, vstest.console.dll, TestPluginManager.CreateTestExtension: Attempting to load test extension: Microsoft.TestPlatform.Extensions.BlameDataCollector.BlameLogger
TpTrace Verbose: 0 : 5172, 1, 2024/02/22, 18:33:26.495, 1099402084196, vstest.console.dll, TestEngine: Initializing Parallel Execution as MaxCpuCount is set to: 1
TpTrace Information: 0 : 5172, 1, 2024/02/22, 18:33:26.497, 1099402103272, vstest.console.dll, TestPluginManager.CreateTestExtension: Attempting to load test extension: Microsoft.VisualStudio.TestPlatform.CrossPlatEngine.Hosting.DefaultTestHostManager
TpTrace Information: 0 : 5172, 1, 2024/02/22, 18:33:26.499, 1099402120658, vstest.console.dll, TestPluginManager.CreateTestExtension: Attempting to load test extension: Microsoft.VisualStudio.TestPlatform.CrossPlatEngine.Hosting.DotnetTestHostManager
TpTrace Information: 0 : 5172, 1, 2024/02/22, 18:33:26.501, 1099402143589, vstest.console.dll, InferRunSettingsHelper.IsTestSettingsEnabled: Unable to navigate to RunSettings/MSTest. Current node: RunSettings
TpTrace Verbose: 0 : 5172, 1, 2024/02/22, 18:33:26.502, 1099402149551, vstest.console.dll, ParallelOperationManager.ClearSlots: Clearing all slots. Slots should accept more work: True
TpTrace Verbose: 0 : 5172, 1, 2024/02/22, 18:33:26.502, 1099402155852, vstest.console.dll, ParallelOperationManager.SetOccupiedSlotCount: Setting slot counts AvailableSlotCount = 1, OccupiedSlotCount = 0.
TpTrace Verbose: 0 : 5172, 1, 2024/02/22, 18:33:26.503, 1099402159243, vstest.console.dll, Occupied slots:

TpTrace Verbose: 0 : 5172, 1, 2024/02/22, 18:33:26.506, 1099402194229, vstest.console.dll, TestEngine.GetExecutionManager: Chosen execution manager 'Microsoft.VisualStudio.TestPlatform.CrossPlatEngine.Client.Parallel.ParallelProxyExecutionManager, Microsoft.TestPlatform.CrossPlatEngine, Version=15.0.0.0, Culture=neutral, PublicKeyToken=b03f5f7f11d50a3a' ParallelLevel '1'.
TpTrace Verbose: 0 : 5172, 1, 2024/02/22, 18:33:26.506, 1099402196010, vstest.console.dll, TestRunRequest.ExecuteAsync: Creating test run request.
TpTrace Verbose: 0 : 5172, 1, 2024/02/22, 18:33:26.507, 1099402198255, vstest.console.dll, TestRunRequest.ExecuteAsync: Starting.
TpTrace Information: 0 : 5172, 1, 2024/02/22, 18:33:26.508, 1099402210093, vstest.console.dll, TestRunRequest.ExecuteAsync: Starting run with settings:TestRunCriteria:
   KeepAlive=False,FrequencyOfRunStatsChangeEvent=10,RunStatsChangeEventTimeout=00:00:01.5000000,TestCaseFilter=,TestExecutorLauncher=
   Settingsxml=<RunSettings>
  <RunConfiguration>
    <ResultsDirectory>C:\Users\Atanas Work\Desktop\PREPARE EXAM Back-End\SECOND EXAM PREP BACK END\ProductConsoleAPI\ProductConsoleAPI.IntegrationTests.NUnit\bin\Debug\net6.0\fine-code-coverage\coverage-tool-output</ResultsDirectory>
    <TargetPlatform>X64</TargetPlatform>
    <TargetFrameworkVersion>.NETCoreApp,Version=v6.0</TargetFrameworkVersion>
    <DesignMode>False</DesignMode>
    <CollectSourceInformation>False</CollectSourceInformation>
  </RunConfiguration>
  <LoggerRunSettings>
    <Loggers>
      <Logger friendlyName="blame" enabled="True" />
      <Logger friendlyName="Console" uri="logger://microsoft/TestPlatform/ConsoleLogger/v1" assemblyQualifiedName="Microsoft.VisualStudio.TestPlatform.CommandLine.Internal.ConsoleLogger, vstest.console, Version=15.0.0.0, Culture=neutral, PublicKeyToken=b03f5f7f11d50a3a" codeBase="C:\Program Files\dotnet\sdk\8.0.101\vstest.console.dll" enabled="True" />
    </Loggers>
  </LoggerRunSettings>
  <DataCollectionRunSettings>
    <DataCollectors>
      <DataCollector friendlyName="blame" enabled="True">
        <Configuration>
          <ResultsDirectory>C:\Users\Atanas Work\Desktop\PREPARE EXAM Back-End\SECOND EXAM PREP BACK END\ProductConsoleAPI\ProductConsoleAPI.IntegrationTests.NUnit\bin\Debug\net6.0\fine-code-coverage\coverage-tool-output</ResultsDirectory>
        </Configuration>
      </DataCollector>
    </DataCollectors>
  </DataCollectionRunSettings>
</RunSettings>

TpTrace Verbose: 0 : 5172, 1, 2024/02/22, 18:33:26.508, 1099402210800, vstest.console.dll, TestRunRequest.ExecuteAsync: Wait for the first run request is over.
TpTrace Verbose: 0 : 5172, 1, 2024/02/22, 18:33:26.508, 1099402214279, vstest.console.dll, MulticastDelegateUtilities.SafeInvoke: TestRun.TestRunStart: Invoking callbacks was skipped because there are no subscribers.
TpTrace Verbose: 0 : 5172, 4, 2024/02/22, 18:33:26.508, 1099402216174, vstest.console.dll, MulticastDelegateUtilities.SafeInvoke: InternalTestLoggerEvents.SendTestRunStart: Invoking callback 1/1 for Microsoft.VisualStudio.TestPlatform.CommandLine.Internal.ConsoleLogger., took 0 ms.
TpTrace Verbose: 0 : 5172, 1, 2024/02/22, 18:33:26.509, 1099402227220, vstest.console.dll, ParallelProxyExecutionManager: Start execution. Total sources: 1
TpTrace Verbose: 0 : 5172, 1, 2024/02/22, 18:33:26.510, 1099402231031, vstest.console.dll, ParallelOperationManager.StartWork: Starting adding 1 workloads.
TpTrace Verbose: 0 : 5172, 1, 2024/02/22, 18:33:26.510, 1099402231803, vstest.console.dll, ParallelOperationManager.ClearSlots: Clearing all slots. Slots should accept more work: True
TpTrace Verbose: 0 : 5172, 1, 2024/02/22, 18:33:26.510, 1099402232526, vstest.console.dll, ParallelOperationManager.SetOccupiedSlotCount: Setting slot counts AvailableSlotCount = 1, OccupiedSlotCount = 0.
TpTrace Verbose: 0 : 5172, 1, 2024/02/22, 18:33:26.510, 1099402232922, vstest.console.dll, Occupied slots:

TpTrace Verbose: 0 : 5172, 1, 2024/02/22, 18:33:26.512, 1099402248333, vstest.console.dll, TestRequestSender is acting as server.
TpTrace Verbose: 0 : 5172, 1, 2024/02/22, 18:33:26.513, 1099402258796, vstest.console.dll, ParallelOperationManager.RunWorkInParallel: Adding 1 workload to slot, remaining workloads 0.
TpTrace Verbose: 0 : 5172, 1, 2024/02/22, 18:33:26.513, 1099402259664, vstest.console.dll, ParallelOperationManager.SetOccupiedSlotCount: Setting slot counts AvailableSlotCount = 0, OccupiedSlotCount = 1.
TpTrace Verbose: 0 : 5172, 1, 2024/02/22, 18:33:26.513, 1099402260741, vstest.console.dll, Occupied slots:
0: C:\Users\Atanas Work\Desktop\PREPARE EXAM Back-End\SECOND EXAM PREP BACK END\ProductConsoleAPI\ProductConsoleAPI.IntegrationTests.NUnit\bin\Debug\net6.0\fine-code-coverage\build-output\ProductConsoleAPI.IntegrationTests.NUnit.dll
TpTrace Verbose: 0 : 5172, 1, 2024/02/22, 18:33:26.514, 1099402273088, vstest.console.dll, ParallelOperationManager.RunWorkInParallel: Started host in slot number 0 for work (source): C:\Users\Atanas Work\Desktop\PREPARE EXAM Back-End\SECOND EXAM PREP BACK END\ProductConsoleAPI\ProductConsoleAPI.IntegrationTests.NUnit\bin\Debug\net6.0\fine-code-coverage\build-output\ProductConsoleAPI.IntegrationTests.NUnit.dll.
TpTrace Verbose: 0 : 5172, 1, 2024/02/22, 18:33:26.515, 1099402283226, vstest.console.dll, ParallelOperationManager.RunWorkInParallel: We started 1 work items, which is the max parallel level. Won't start more work.
TpTrace Verbose: 0 : 5172, 1, 2024/02/22, 18:33:26.515, 1099402284435, vstest.console.dll, ParallelOperationManager.RunWorkInParallel: We started 1 work items in here, returning True.
TpTrace Information: 0 : 5172, 1, 2024/02/22, 18:33:26.515, 1099402284792, vstest.console.dll, TestRunRequest.ExecuteAsync: Started.
TpTrace Verbose: 0 : 5172, 5, 2024/02/22, 18:33:26.515, 1099402285585, vstest.console.dll, ParallelProxyExecutionManager.StartTestRunOnConcurrentManager: Initializing uninitialized client. Started clients: 0
TpTrace Verbose: 0 : 5172, 5, 2024/02/22, 18:33:26.515, 1099402286921, vstest.console.dll, DataCollectionRequestSender.InitializeCommunication : Initialize communication. 
TpTrace Verbose: 0 : 5172, 1, 2024/02/22, 18:33:26.516, 1099402290686, vstest.console.dll, TestRunRequest.WaitForCompletion: Waiting with timeout -1.
TpTrace Information: 0 : 5172, 5, 2024/02/22, 18:33:26.523, 1099402359438, vstest.console.dll, Listening on Endpoint : 127.0.0.1:58267
TpTrace Verbose: 0 : 5172, 5, 2024/02/22, 18:33:26.530, 1099402428639, vstest.console.dll, DotnetDataCollectionLauncher: Adding  --runtimeconfig "C:\Program Files\dotnet\sdk\8.0.101\datacollector.runtimeconfig.json" in args
TpTrace Verbose: 0 : 5172, 5, 2024/02/22, 18:33:26.530, 1099402430695, vstest.console.dll, DotnetDataCollectionLauncher: Adding  --depsfile "C:\Program Files\dotnet\sdk\8.0.101\datacollector.deps.json" in args
TpTrace Verbose: 0 : 5172, 5, 2024/02/22, 18:33:26.530, 1099402432581, vstest.console.dll, DotnetDataCollectionLauncher: Full path of dotnet.exe is C:\Program Files\dotnet\dotnet.exe
TpTrace Information: 0 : 5172, 5, 2024/02/22, 18:33:26.539, 1099402519583, vstest.console.dll, ProxyDataCollectionManager.Initialize: Launched datacollector processId: 3172 port: 58267
TpTrace Information: 0 : 5172, 5, 2024/02/22, 18:33:26.539, 1099402521222, vstest.console.dll, ProxyDataCollectionManager.Initialize: waiting for connection with timeout: 90 seconds
TpTrace Verbose: 0 : 5172, 5, 2024/02/22, 18:33:26.539, 1099402521994, vstest.console.dll, DataCollectionRequestSender.WaitForRequestHandlerConnection : Waiting for connection with timeout: 90000
TpTrace Information: 0 : 5172, 7, 2024/02/22, 18:33:26.734, 1099404468161, vstest.console.dll, Using the buffer size of 16384 bytes
TpTrace Information: 0 : 5172, 7, 2024/02/22, 18:33:26.734, 1099404469616, vstest.console.dll, Accepted Client request and set the flag
TpTrace Verbose: 0 : 5172, 5, 2024/02/22, 18:33:26.734, 1099404468304, vstest.console.dll, SocketCommunicationManager.WaitForClientConnection took: 194 ms, with 90000 ms timeout, and finished with True.
TpTrace Verbose: 0 : 5172, 5, 2024/02/22, 18:33:26.734, 1099404471795, vstest.console.dll, ProxyDataCollectionManager.InvokeDataCollectionServiceAction: Starting.
TpTrace Information: 0 : 5172, 5, 2024/02/22, 18:33:26.734, 1099404473334, vstest.console.dll, ProxyDataCollectionManager.BeforeTestRunStart: Get environment variable and port for datacollector processId: 3172 port: 58267
TpTrace Verbose: 0 : 5172, 5, 2024/02/22, 18:33:26.734, 1099404475109, vstest.console.dll, DataCollectionRequestSender.SendBeforeTestRunStartAndGetResult: Send BeforeTestRunStart message with settingsXml <RunSettings><RunConfiguration><ResultsDirectory>C:\Users\Atanas Work\Desktop\PREPARE EXAM Back-End\SECOND EXAM PREP BACK END\ProductConsoleAPI\ProductConsoleAPI.IntegrationTests.NUnit\bin\Debug\net6.0\fine-code-coverage\coverage-tool-output</ResultsDirectory><TargetPlatform>X64</TargetPlatform><TargetFrameworkVersion>.NETCoreApp,Version=v6.0</TargetFrameworkVersion><DesignMode>False</DesignMode><CollectSourceInformation>False</CollectSourceInformation><TestAdaptersPaths>C:\Program Files\dotnet\sdk\8.0.101\Extensions</TestAdaptersPaths></RunConfiguration><LoggerRunSettings><Loggers><Logger friendlyName="blame" enabled="True" /><Logger friendlyName="Console" uri="logger://microsoft/TestPlatform/ConsoleLogger/v1" assemblyQualifiedName="Microsoft.VisualStudio.TestPlatform.CommandLine.Internal.ConsoleLogger, vstest.console, Version=15.0.0.0, Culture=neutral, PublicKeyToken=b03f5f7f11d50a3a" codeBase="C:\Program Files\dotnet\sdk\8.0.101\vstest.console.dll" enabled="True" /></Loggers></LoggerRunSettings><DataCollectionRunSettings><DataCollectors><DataCollector friendlyName="blame" enabled="True"><Configuration><ResultsDirectory>C:\Users\Atanas Work\Desktop\PREPARE EXAM Back-End\SECOND EXAM PREP BACK END\ProductConsoleAPI\ProductConsoleAPI.IntegrationTests.NUnit\bin\Debug\net6.0\fine-code-coverage\coverage-tool-output</ResultsDirectory></Configuration></DataCollector></DataCollectors></DataCollectionRunSettings></RunSettings> and sources System.Collections.Generic.List`1[System.String]: 
TpTrace Verbose: 0 : 5172, 5, 2024/02/22, 18:33:26.815, 1099405283284, vstest.console.dll, DataCollectionRequestSender.SendBeforeTestRunStartAndGetResult: Received message: (DataCollection.SendMessage) -> {"MessageType":"DataCollection.SendMessage","Payload":{"FriendlyName":null,"Uri":null,"TestCaseId":"00000000-0000-0000-0000-000000000000","Message":"Logging DataCollector Diagnostics in file: C:\\Users\\Atanas Work\\Desktop\\PREPARE EXAM Back-End\\SECOND EXAM PREP BACK END\\ProductConsoleAPI\\ProductConsoleAPI.IntegrationTests.NUnit\\bin\\Debug\\net6.0\\fine-code-coverage\\coverage-tool-output\\diagnostics.datacollector.24-02-22_18-33-26_52980_5.log","Level":0}}
TpTrace Verbose: 0 : 5172, 5, 2024/02/22, 18:33:26.914, 1099406277159, vstest.console.dll, DataCollectionRequestSender.SendBeforeTestRunStartAndGetResult: Received message: (DataCollection.BeforeTestRunStartResult) -> {"MessageType":"DataCollection.BeforeTestRunStartResult","Payload":{"EnvironmentVariables":{},"DataCollectionEventsPort":58272}}
TpTrace Information: 0 : 5172, 5, 2024/02/22, 18:33:26.919, 1099406321885, vstest.console.dll, ProxyDataCollectionManager.BeforeTestRunStart: SendBeforeTestRunStartAndGetResult successful, env variable from datacollector:   and testhost port: 58272
TpTrace Information: 0 : 5172, 5, 2024/02/22, 18:33:26.919, 1099406323071, vstest.console.dll, ProxyDataCollectionManager.InvokeDataCollectionServiceAction: Completed.
TpTrace Verbose: 0 : 5172, 5, 2024/02/22, 18:33:26.919, 1099406323441, vstest.console.dll, ParallelProxyExecutionManager.StartTestRunOnConcurrentManager: Initializing test run. Started clients: 0
TpTrace Verbose: 0 : 5172, 5, 2024/02/22, 18:33:26.919, 1099406324263, vstest.console.dll, ProxyExecutionManager: Test host is always Lazy initialize.
TpTrace Verbose: 0 : 5172, 5, 2024/02/22, 18:33:26.919, 1099406326488, vstest.console.dll, TestRequestSender.InitializeCommunication: initialize communication. 
TpTrace Information: 0 : 5172, 5, 2024/02/22, 18:33:26.920, 1099406331468, vstest.console.dll, SocketServer.Start: Listening on endpoint : 127.0.0.1:58273
TpTrace Verbose: 0 : 5172, 5, 2024/02/22, 18:33:26.921, 1099406339367, vstest.console.dll, DotnetTestHostmanager.GetTestHostProcessStartInfo: Platform environment 'X64' target architecture 'X64' framework '.NETCoreApp,Version=v6.0' OS 'Windows'
TpTrace Verbose: 0 : 5172, 5, 2024/02/22, 18:33:26.921, 1099406343542, vstest.console.dll, DotnetTestHostmanager: Adding  --runtimeconfig "C:\Users\Atanas Work\Desktop\PREPARE EXAM Back-End\SECOND EXAM PREP BACK END\ProductConsoleAPI\ProductConsoleAPI.IntegrationTests.NUnit\bin\Debug\net6.0\fine-code-coverage\build-output\ProductConsoleAPI.IntegrationTests.NUnit.runtimeconfig.json" in args
TpTrace Verbose: 0 : 5172, 5, 2024/02/22, 18:33:26.921, 1099406346471, vstest.console.dll, DotnetTestHostmanager: Adding  --depsfile "C:\Users\Atanas Work\Desktop\PREPARE EXAM Back-End\SECOND EXAM PREP BACK END\ProductConsoleAPI\ProductConsoleAPI.IntegrationTests.NUnit\bin\Debug\net6.0\fine-code-coverage\build-output\ProductConsoleAPI.IntegrationTests.NUnit.deps.json" in args
TpTrace Verbose: 0 : 5172, 5, 2024/02/22, 18:33:26.922, 1099406349938, vstest.console.dll, DotnetTestHostmanager.IsWinOnArm: Current PROCESSOR_ARCHITECTURE from environment variable 'AMD64'
TpTrace Verbose: 0 : 5172, 5, 2024/02/22, 18:33:26.922, 1099406351055, vstest.console.dll, DotnetTestHostmanager.IsWinOnArm: Is Windows on ARM 'False'
TpTrace Verbose: 0 : 5172, 5, 2024/02/22, 18:33:26.922, 1099406352840, vstest.console.dll, DotnetTestHostManager: testhost.exe found at path: C:\Users\Atanas Work\Desktop\PREPARE EXAM Back-End\SECOND EXAM PREP BACK END\ProductConsoleAPI\ProductConsoleAPI.IntegrationTests.NUnit\bin\Debug\net6.0\fine-code-coverage\build-output\testhost.exe
TpTrace Verbose: 0 : 5172, 5, 2024/02/22, 18:33:26.922, 1099406354022, vstest.console.dll, DotnetTestHostmanager: Full path of host exe is C:\Users\Atanas Work\Desktop\PREPARE EXAM Back-End\SECOND EXAM PREP BACK END\ProductConsoleAPI\ProductConsoleAPI.IntegrationTests.NUnit\bin\Debug\net6.0\fine-code-coverage\build-output\testhost.exe
TpTrace Verbose: 0 : 5172, 5, 2024/02/22, 18:33:26.922, 1099406356295, vstest.console.dll, DotnetTestHostmanager.LaunchTestHostAsync: Found 'VSTEST_WINAPPHOST_DOTNET_ROOT' in env variables, value 'C:\Program Files\dotnet', forwarding to 'DOTNET_ROOT'
TpTrace Verbose: 0 : 5172, 5, 2024/02/22, 18:33:26.923, 1099406358988, vstest.console.dll, DotnetTestHostManager: Starting process 'C:\Users\Atanas Work\Desktop\PREPARE EXAM Back-End\SECOND EXAM PREP BACK END\ProductConsoleAPI\ProductConsoleAPI.IntegrationTests.NUnit\bin\Debug\net6.0\fine-code-coverage\build-output\testhost.exe' with command line ' --runtimeconfig "C:\Users\Atanas Work\Desktop\PREPARE EXAM Back-End\SECOND EXAM PREP BACK END\ProductConsoleAPI\ProductConsoleAPI.IntegrationTests.NUnit\bin\Debug\net6.0\fine-code-coverage\build-output\ProductConsoleAPI.IntegrationTests.NUnit.runtimeconfig.json" --depsfile "C:\Users\Atanas Work\Desktop\PREPARE EXAM Back-End\SECOND EXAM PREP BACK END\ProductConsoleAPI\ProductConsoleAPI.IntegrationTests.NUnit\bin\Debug\net6.0\fine-code-coverage\build-output\ProductConsoleAPI.IntegrationTests.NUnit.deps.json" --port 58273 --endpoint 127.0.0.1:058273 --role client --parentprocessid 5172 --diag "C:\Users\Atanas Work\Desktop\PREPARE EXAM Back-End\SECOND EXAM PREP BACK END\ProductConsoleAPI\ProductConsoleAPI.IntegrationTests.NUnit\bin\Debug\net6.0\fine-code-coverage\coverage-tool-output\diagnostics.host.24-02-22_18-33-26_92081_5.log" --tracelevel 4 --datacollectionport 58272 --telemetryoptedin false'
TpTrace Verbose: 0 : 5172, 5, 2024/02/22, 18:33:26.930, 1099406435159, vstest.console.dll, MulticastDelegateUtilities.SafeInvoke: HostProviderEvents.OnHostLaunched: Invoking callback 1/2 for Microsoft.VisualStudio.TestPlatform.CrossPlatEngine.Client.ProxyExecutionManagerWithDataCollection., took 1 ms.
TpTrace Verbose: 0 : 5172, 5, 2024/02/22, 18:33:26.931, 1099406440260, vstest.console.dll, Test Runtime launched
TpTrace Verbose: 0 : 5172, 5, 2024/02/22, 18:33:26.931, 1099406441650, vstest.console.dll, MulticastDelegateUtilities.SafeInvoke: HostProviderEvents.OnHostLaunched: Invoking callback 2/2 for Microsoft.VisualStudio.TestPlatform.CrossPlatEngine.Client.ProxyOperationManager., took 0 ms.
TpTrace Verbose: 0 : 5172, 5, 2024/02/22, 18:33:26.931, 1099406443499, vstest.console.dll, TestRequestSender.WaitForRequestHandlerConnection: waiting for connection with timeout: 90000.
TpTrace Verbose: 0 : 5172, 5, 2024/02/22, 18:33:27.113, 1099408258526, vstest.console.dll, TestRequestSender.WaitForRequestHandlerConnection: waiting took 181 ms, with timeout 90000 ms, and result 0, which is success.
TpTrace Verbose: 0 : 5172, 7, 2024/02/22, 18:33:27.113, 1099408258545, vstest.console.dll, MulticastDelegateUtilities.SafeInvoke: SocketServer: ClientConnected: Invoking callback 1/1 for Microsoft.VisualStudio.TestPlatform.CommunicationUtilities.TestRequestSender., took 0 ms.
TpTrace Verbose: 0 : 5172, 7, 2024/02/22, 18:33:27.113, 1099408260370, vstest.console.dll, SocketServer.OnClientConnected: Client connected for endPoint: 127.0.0.1:58273, starting MessageLoopAsync:
TpTrace Verbose: 0 : 5172, 13, 2024/02/22, 18:33:27.114, 1099408267503, vstest.console.dll, TcpClientExtensions.MessageLoopAsync: Polling on remoteEndPoint: 127.0.0.1:58274 localEndPoint: 127.0.0.1:58273
TpTrace Verbose: 0 : 5172, 5, 2024/02/22, 18:33:27.114, 1099408267996, vstest.console.dll, TestRequestSender.CheckVersionWithTestHost: Sending check version message: {"MessageType":"ProtocolVersion","Payload":7}
TpTrace Verbose: 0 : 5172, 13, 2024/02/22, 18:33:27.265, 1099409783411, vstest.console.dll, TcpClientExtensions.MessageLoopAsync: NotifyDataAvailable remoteEndPoint: 127.0.0.1:58274 localEndPoint: 127.0.0.1:58273
TpTrace Verbose: 0 : 5172, 13, 2024/02/22, 18:33:27.265, 1099409785757, vstest.console.dll, TestRequestSender.CheckVersionWithTestHost: onMessageReceived received message: (ProtocolVersion) -> {"MessageType":"ProtocolVersion","Payload":5}
TpTrace Verbose: 0 : 5172, 13, 2024/02/22, 18:33:27.266, 1099409793350, vstest.console.dll, MulticastDelegateUtilities.SafeInvoke: LengthPrefixCommunicationChannel: MessageReceived: Invoking callback 1/1 for Microsoft.VisualStudio.TestPlatform.CommunicationUtilities.TestRequestSender+<>c__DisplayClass29_0., took 0 ms.
TpTrace Verbose: 0 : 5172, 5, 2024/02/22, 18:33:27.266, 1099409794210, vstest.console.dll, TestPluginCache.GetExtensionPaths: Filtered extension paths: 
TpTrace Verbose: 0 : 5172, 13, 2024/02/22, 18:33:27.266, 1099409794905, vstest.console.dll, TcpClientExtensions.MessageLoopAsync: Polling on remoteEndPoint: 127.0.0.1:58274 localEndPoint: 127.0.0.1:58273
TpTrace Verbose: 0 : 5172, 5, 2024/02/22, 18:33:27.266, 1099409795135, vstest.console.dll, TestPluginCache.GetExtensionPaths: Added default extension paths: C:\Program Files\dotnet\sdk\8.0.101\Extensions\Microsoft.Diagnostics.NETCore.Client.dll
C:\Program Files\dotnet\sdk\8.0.101\Extensions\Microsoft.TestPlatform.Extensions.BlameDataCollector.dll
C:\Program Files\dotnet\sdk\8.0.101\Extensions\Microsoft.TestPlatform.Extensions.EventLogCollector.dll
C:\Program Files\dotnet\sdk\8.0.101\Extensions\Microsoft.TestPlatform.TestHostRuntimeProvider.dll
C:\Program Files\dotnet\sdk\8.0.101\Extensions\Microsoft.VisualStudio.TestPlatform.Extensions.Html.TestLogger.dll
C:\Program Files\dotnet\sdk\8.0.101\Extensions\Microsoft.VisualStudio.TestPlatform.Extensions.Trx.TestLogger.dll
TpTrace Verbose: 0 : 5172, 5, 2024/02/22, 18:33:27.266, 1099409795812, vstest.console.dll, TestPluginCache.GetExtensionPaths: Added unfilterableExtensionPaths: 
TpTrace Verbose: 0 : 5172, 5, 2024/02/22, 18:33:27.269, 1099409825029, vstest.console.dll, TestRequestSender.InitializeExecution: Sending initialize execution with message: {"Version":5,"MessageType":"TestExecution.Initialize","Payload":["C:\\Users\\Atanas Work\\Desktop\\PREPARE EXAM Back-End\\SECOND EXAM PREP BACK END\\ProductConsoleAPI\\ProductConsoleAPI.IntegrationTests.NUnit\\bin\\Debug\\net6.0\\fine-code-coverage\\build-output\\NUnit3.TestAdapter.dll"]}
TpTrace Verbose: 0 : 5172, 5, 2024/02/22, 18:33:27.269, 1099409827142, vstest.console.dll, ParallelProxyExecutionManager.StartTestRunOnConcurrentManager: Execution starting. Started clients: 1
TpTrace Verbose: 0 : 5172, 5, 2024/02/22, 18:33:27.270, 1099409829919, vstest.console.dll, TestRunRequest:SendTestRunMessage: Starting.
TpTrace Verbose: 0 : 5172, 5, 2024/02/22, 18:33:27.270, 1099409831430, vstest.console.dll, MulticastDelegateUtilities.SafeInvoke: TestRun.LogMessages: Invoking callback 1/1 for Microsoft.VisualStudio.TestPlatform.CommandLine.TestRunResultAggregator., took 0 ms.
TpTrace Information: 0 : 5172, 5, 2024/02/22, 18:33:27.270, 1099409831811, vstest.console.dll, TestRunRequest:SendTestRunMessage: Completed.
TpTrace Verbose: 0 : 5172, 4, 2024/02/22, 18:33:27.270, 1099409833551, vstest.console.dll, MulticastDelegateUtilities.SafeInvoke: InternalTestLoggerEvents.SendTestRunMessage: Invoking callback 1/1 for Microsoft.VisualStudio.TestPlatform.CommandLine.Internal.ConsoleLogger., took 0 ms.
TpTrace Warning: 0 : 5172, 5, 2024/02/22, 18:33:27.270, 1099409834791, vstest.console.dll, InferRunSettingsHelper.MakeRunsettingsCompatible: Removing the following settings: TargetPlatform from RunSettings file. To use those settings please move to latest version of Microsoft.NET.Test.Sdk
TpTrace Verbose: 0 : 5172, 5, 2024/02/22, 18:33:27.278, 1099409908167, vstest.console.dll, TestRequestSender.StartTestRun: Sending test run with message: {"Version":5,"MessageType":"TestExecution.StartWithSources","Payload":{"AdapterSourceMap":{"_none_":["C:\\Users\\Atanas Work\\Desktop\\PREPARE EXAM Back-End\\SECOND EXAM PREP BACK END\\ProductConsoleAPI\\ProductConsoleAPI.IntegrationTests.NUnit\\bin\\Debug\\net6.0\\fine-code-coverage\\build-output\\ProductConsoleAPI.IntegrationTests.NUnit.dll"]},"RunSettings":"<RunSettings>\r\n  <RunConfiguration>\r\n    <ResultsDirectory>C:\\Users\\Atanas Work\\Desktop\\PREPARE EXAM Back-End\\SECOND EXAM PREP BACK END\\ProductConsoleAPI\\ProductConsoleAPI.IntegrationTests.NUnit\\bin\\Debug\\net6.0\\fine-code-coverage\\coverage-tool-output</ResultsDirectory>\r\n    <TargetFrameworkVersion>.NETCoreApp,Version=v6.0</TargetFrameworkVersion>\r\n    <DesignMode>False</DesignMode>\r\n    <CollectSourceInformation>False</CollectSourceInformation>\r\n  </RunConfiguration>\r\n  <LoggerRunSettings>\r\n    <Loggers>\r\n      <Logger friendlyName=\"blame\" enabled=\"True\" />\r\n      <Logger friendlyName=\"Console\" uri=\"logger://microsoft/TestPlatform/ConsoleLogger/v1\" assemblyQualifiedName=\"Microsoft.VisualStudio.TestPlatform.CommandLine.Internal.ConsoleLogger, vstest.console, Version=15.0.0.0, Culture=neutral, PublicKeyToken=b03f5f7f11d50a3a\" codeBase=\"C:\\Program Files\\dotnet\\sdk\\8.0.101\\vstest.console.dll\" enabled=\"True\" />\r\n    </Loggers>\r\n  </LoggerRunSettings>\r\n  <DataCollectionRunSettings>\r\n    <DataCollectors>\r\n      <DataCollector friendlyName=\"blame\" enabled=\"True\">\r\n        <Configuration>\r\n          <ResultsDirectory>C:\\Users\\Atanas Work\\Desktop\\PREPARE EXAM Back-End\\SECOND EXAM PREP BACK END\\ProductConsoleAPI\\ProductConsoleAPI.IntegrationTests.NUnit\\bin\\Debug\\net6.0\\fine-code-coverage\\coverage-tool-output</ResultsDirectory>\r\n        </Configuration>\r\n      </DataCollector>\r\n    </DataCollectors>\r\n  </DataCollectionRunSettings>\r\n</RunSettings>","TestExecutionContext":{"FrequencyOfRunStatsChangeEvent":10,"RunStatsChangeEventTimeout":"00:00:01.5000000","InIsolation":false,"KeepAlive":false,"AreTestCaseLevelEventsRequired":false,"IsDebug":false,"TestCaseFilter":null,"FilterOptions":null},"Package":null}}
TpTrace Verbose: 0 : 5172, 5, 2024/02/22, 18:33:27.278, 1099409910359, vstest.console.dll, ParallelProxyExecutionManager.StartTestRunOnConcurrentManager: Execution started. Started clients: 1
TpTrace Verbose: 0 : 5172, 13, 2024/02/22, 18:33:27.279, 1099409919751, vstest.console.dll, TcpClientExtensions.MessageLoopAsync: NotifyDataAvailable remoteEndPoint: 127.0.0.1:58274 localEndPoint: 127.0.0.1:58273
TpTrace Verbose: 0 : 5172, 13, 2024/02/22, 18:33:27.279, 1099409923348, vstest.console.dll, TestRequestSender.OnExecutionMessageReceived: Received message: {"Version":5,"MessageType":"TestSession.Message","Payload":{"MessageLevel":0,"Message":"Logging TestHost Diagnostics in file: C:\\Users\\Atanas Work\\Desktop\\PREPARE EXAM Back-End\\SECOND EXAM PREP BACK END\\ProductConsoleAPI\\ProductConsoleAPI.IntegrationTests.NUnit\\bin\\Debug\\net6.0\\fine-code-coverage\\coverage-tool-output\\diagnostics.host.24-02-22_18-33-26_92081_5.log"}}
TpTrace Verbose: 0 : 5172, 13, 2024/02/22, 18:33:27.283, 1099409962952, vstest.console.dll, TestRunRequest:SendTestRunMessage: Starting.
TpTrace Verbose: 0 : 5172, 13, 2024/02/22, 18:33:27.283, 1099409964286, vstest.console.dll, MulticastDelegateUtilities.SafeInvoke: TestRun.LogMessages: Invoking callback 1/1 for Microsoft.VisualStudio.TestPlatform.CommandLine.TestRunResultAggregator., took 0 ms.
TpTrace Verbose: 0 : 5172, 4, 2024/02/22, 18:33:27.283, 1099409964398, vstest.console.dll, MulticastDelegateUtilities.SafeInvoke: InternalTestLoggerEvents.SendTestRunMessage: Invoking callback 1/1 for Microsoft.VisualStudio.TestPlatform.CommandLine.Internal.ConsoleLogger., took 0 ms.
TpTrace Information: 0 : 5172, 13, 2024/02/22, 18:33:27.283, 1099409964776, vstest.console.dll, TestRunRequest:SendTestRunMessage: Completed.
TpTrace Verbose: 0 : 5172, 13, 2024/02/22, 18:33:27.283, 1099409965698, vstest.console.dll, MulticastDelegateUtilities.SafeInvoke: LengthPrefixCommunicationChannel: MessageReceived: Invoking callback 1/1 for Microsoft.VisualStudio.TestPlatform.CommunicationUtilities.TestRequestSender+<>c__DisplayClass34_0., took 4 ms.
TpTrace Verbose: 0 : 5172, 13, 2024/02/22, 18:33:27.283, 1099409966003, vstest.console.dll, TcpClientExtensions.MessageLoopAsync: Polling on remoteEndPoint: 127.0.0.1:58274 localEndPoint: 127.0.0.1:58273
TpTrace Verbose: 0 : 5172, 13, 2024/02/22, 18:33:27.489, 1099412025213, vstest.console.dll, TcpClientExtensions.MessageLoopAsync: NotifyDataAvailable remoteEndPoint: 127.0.0.1:58274 localEndPoint: 127.0.0.1:58273
TpTrace Verbose: 0 : 5172, 13, 2024/02/22, 18:33:27.489, 1099412027095, vstest.console.dll, TestRequestSender.OnExecutionMessageReceived: Received message: {"Version":5,"MessageType":"TestSession.Message","Payload":{"MessageLevel":0,"Message":"NUnit Adapter 4.2.0.0: Test execution started"}}
TpTrace Verbose: 0 : 5172, 13, 2024/02/22, 18:33:27.490, 1099412029514, vstest.console.dll, TestRunRequest:SendTestRunMessage: Starting.
TpTrace Verbose: 0 : 5172, 13, 2024/02/22, 18:33:27.490, 1099412030802, vstest.console.dll, MulticastDelegateUtilities.SafeInvoke: TestRun.LogMessages: Invoking callback 1/1 for Microsoft.VisualStudio.TestPlatform.CommandLine.TestRunResultAggregator., took 0 ms.
TpTrace Verbose: 0 : 5172, 4, 2024/02/22, 18:33:27.490, 1099412030897, vstest.console.dll, MulticastDelegateUtilities.SafeInvoke: InternalTestLoggerEvents.SendTestRunMessage: Invoking callback 1/1 for Microsoft.VisualStudio.TestPlatform.CommandLine.Internal.ConsoleLogger., took 0 ms.
TpTrace Information: 0 : 5172, 13, 2024/02/22, 18:33:27.490, 1099412031527, vstest.console.dll, TestRunRequest:SendTestRunMessage: Completed.
TpTrace Verbose: 0 : 5172, 13, 2024/02/22, 18:33:27.490, 1099412032723, vstest.console.dll, MulticastDelegateUtilities.SafeInvoke: LengthPrefixCommunicationChannel: MessageReceived: Invoking callback 1/1 for Microsoft.VisualStudio.TestPlatform.CommunicationUtilities.TestRequestSender+<>c__DisplayClass34_0., took 0 ms.
TpTrace Verbose: 0 : 5172, 13, 2024/02/22, 18:33:27.490, 1099412033251, vstest.console.dll, TcpClientExtensions.MessageLoopAsync: Polling on remoteEndPoint: 127.0.0.1:58274 localEndPoint: 127.0.0.1:58273
TpTrace Verbose: 0 : 5172, 13, 2024/02/22, 18:33:27.529, 1099412421440, vstest.console.dll, TcpClientExtensions.MessageLoopAsync: NotifyDataAvailable remoteEndPoint: 127.0.0.1:58274 localEndPoint: 127.0.0.1:58273
TpTrace Verbose: 0 : 5172, 13, 2024/02/22, 18:33:27.529, 1099412423441, vstest.console.dll, TestRequestSender.OnExecutionMessageReceived: Received message: {"Version":5,"MessageType":"TestSession.Message","Payload":{"MessageLevel":0,"Message":"Running all tests in C:\\Users\\Atanas Work\\Desktop\\PREPARE EXAM Back-End\\SECOND EXAM PREP BACK END\\ProductConsoleAPI\\ProductConsoleAPI.IntegrationTests.NUnit\\bin\\Debug\\net6.0\\fine-code-coverage\\build-output\\ProductConsoleAPI.IntegrationTests.NUnit.dll"}}
TpTrace Verbose: 0 : 5172, 13, 2024/02/22, 18:33:27.529, 1099412424681, vstest.console.dll, TestRunRequest:SendTestRunMessage: Starting.
TpTrace Verbose: 0 : 5172, 13, 2024/02/22, 18:33:27.529, 1099412425378, vstest.console.dll, MulticastDelegateUtilities.SafeInvoke: TestRun.LogMessages: Invoking callback 1/1 for Microsoft.VisualStudio.TestPlatform.CommandLine.TestRunResultAggregator., took 0 ms.
TpTrace Verbose: 0 : 5172, 4, 2024/02/22, 18:33:27.529, 1099412425588, vstest.console.dll, MulticastDelegateUtilities.SafeInvoke: InternalTestLoggerEvents.SendTestRunMessage: Invoking callback 1/1 for Microsoft.VisualStudio.TestPlatform.CommandLine.Internal.ConsoleLogger., took 0 ms.
TpTrace Information: 0 : 5172, 13, 2024/02/22, 18:33:27.529, 1099412425815, vstest.console.dll, TestRunRequest:SendTestRunMessage: Completed.
TpTrace Verbose: 0 : 5172, 13, 2024/02/22, 18:33:27.529, 1099412426749, vstest.console.dll, MulticastDelegateUtilities.SafeInvoke: LengthPrefixCommunicationChannel: MessageReceived: Invoking callback 1/1 for Microsoft.VisualStudio.TestPlatform.CommunicationUtilities.TestRequestSender+<>c__DisplayClass34_0., took 0 ms.
TpTrace Verbose: 0 : 5172, 13, 2024/02/22, 18:33:27.529, 1099412427191, vstest.console.dll, TcpClientExtensions.MessageLoopAsync: Polling on remoteEndPoint: 127.0.0.1:58274 localEndPoint: 127.0.0.1:58273
TpTrace Verbose: 0 : 5172, 13, 2024/02/22, 18:33:27.696, 1099414092085, vstest.console.dll, TcpClientExtensions.MessageLoopAsync: NotifyDataAvailable remoteEndPoint: 127.0.0.1:58274 localEndPoint: 127.0.0.1:58273
TpTrace Verbose: 0 : 5172, 13, 2024/02/22, 18:33:27.696, 1099414093750, vstest.console.dll, TestRequestSender.OnExecutionMessageReceived: Received message: {"Version":5,"MessageType":"TestSession.Message","Payload":{"MessageLevel":0,"Message":"   NUnit3TestExecutor discovered 16 of 16 NUnit test cases using Current Discovery mode, Non-Explicit run"}}
TpTrace Verbose: 0 : 5172, 13, 2024/02/22, 18:33:27.696, 1099414095049, vstest.console.dll, TestRunRequest:SendTestRunMessage: Starting.
TpTrace Verbose: 0 : 5172, 13, 2024/02/22, 18:33:27.696, 1099414095683, vstest.console.dll, MulticastDelegateUtilities.SafeInvoke: TestRun.LogMessages: Invoking callback 1/1 for Microsoft.VisualStudio.TestPlatform.CommandLine.TestRunResultAggregator., took 0 ms.
TpTrace Verbose: 0 : 5172, 4, 2024/02/22, 18:33:27.696, 1099414095962, vstest.console.dll, MulticastDelegateUtilities.SafeInvoke: InternalTestLoggerEvents.SendTestRunMessage: Invoking callback 1/1 for Microsoft.VisualStudio.TestPlatform.CommandLine.Internal.ConsoleLogger., took 0 ms.
TpTrace Information: 0 : 5172, 13, 2024/02/22, 18:33:27.696, 1099414096037, vstest.console.dll, TestRunRequest:SendTestRunMessage: Completed.
TpTrace Verbose: 0 : 5172, 13, 2024/02/22, 18:33:27.696, 1099414096905, vstest.console.dll, MulticastDelegateUtilities.SafeInvoke: LengthPrefixCommunicationChannel: MessageReceived: Invoking callback 1/1 for Microsoft.VisualStudio.TestPlatform.CommunicationUtilities.TestRequestSender+<>c__DisplayClass34_0., took 0 ms.
TpTrace Verbose: 0 : 5172, 13, 2024/02/22, 18:33:27.696, 1099414097245, vstest.console.dll, TcpClientExtensions.MessageLoopAsync: Polling on remoteEndPoint: 127.0.0.1:58274 localEndPoint: 127.0.0.1:58273
TpTrace Verbose: 0 : 5172, 13, 2024/02/22, 18:33:28.633, 1099423462615, vstest.console.dll, TcpClientExtensions.MessageLoopAsync: NotifyDataAvailable remoteEndPoint: 127.0.0.1:58274 localEndPoint: 127.0.0.1:58273
TpTrace Verbose: 0 : 5172, 13, 2024/02/22, 18:33:28.633, 1099423464646, vstest.console.dll, TestRequestSender.OnExecutionMessageReceived: Received message: {"Version":5,"MessageType":"TestSession.Message","Payload":{"MessageLevel":1,"Message":"Validation Error: The field Price must be between 0 and 79228162514264337593543950334.\r\n"}}
TpTrace Verbose: 0 : 5172, 13, 2024/02/22, 18:33:28.633, 1099423466300, vstest.console.dll, TestRunRequest:SendTestRunMessage: Starting.
TpTrace Verbose: 0 : 5172, 13, 2024/02/22, 18:33:28.634, 1099423467346, vstest.console.dll, MulticastDelegateUtilities.SafeInvoke: TestRun.LogMessages: Invoking callback 1/1 for Microsoft.VisualStudio.TestPlatform.CommandLine.TestRunResultAggregator., took 0 ms.
TpTrace Information: 0 : 5172, 13, 2024/02/22, 18:33:28.634, 1099423467833, vstest.console.dll, TestRunRequest:SendTestRunMessage: Completed.
TpTrace Verbose: 0 : 5172, 13, 2024/02/22, 18:33:28.634, 1099423468313, vstest.console.dll, MulticastDelegateUtilities.SafeInvoke: LengthPrefixCommunicationChannel: MessageReceived: Invoking callback 1/1 for Microsoft.VisualStudio.TestPlatform.CommunicationUtilities.TestRequestSender+<>c__DisplayClass34_0., took 0 ms.
TpTrace Verbose: 0 : 5172, 4, 2024/02/22, 18:33:28.634, 1099423469521, vstest.console.dll, MulticastDelegateUtilities.SafeInvoke: InternalTestLoggerEvents.SendTestRunMessage: Invoking callback 1/1 for Microsoft.VisualStudio.TestPlatform.CommandLine.Internal.ConsoleLogger., took 0 ms.
TpTrace Verbose: 0 : 5172, 13, 2024/02/22, 18:33:28.634, 1099423469770, vstest.console.dll, TcpClientExtensions.MessageLoopAsync: Polling on remoteEndPoint: 127.0.0.1:58274 localEndPoint: 127.0.0.1:58273
TpTrace Verbose: 0 : 5172, 13, 2024/02/22, 18:33:28.774, 1099424874349, vstest.console.dll, TcpClientExtensions.MessageLoopAsync: NotifyDataAvailable remoteEndPoint: 127.0.0.1:58274 localEndPoint: 127.0.0.1:58273
TpTrace Verbose: 0 : 5172, 13, 2024/02/22, 18:33:28.775, 1099424879768, vstest.console.dll, TestRequestSender.OnExecutionMessageReceived: Received message: {"Version":5,"MessageType":"TestExecution.StatsChange","Payload":{"NewTestResults":[{"TestCase":{"Id":"0a07e7f4-d554-89fb-38c7-ff5d76c7a731","FullyQualifiedName":"ProductConsoleAPI.IntegrationTests.NUnit.IntegrationTests.AddProductAsync_ShouldAddNewProduct","DisplayName":"AddProductAsync_ShouldAddNewProduct","ExecutorUri":"executor://NUnit3TestExecutor","Source":"C:\\Users\\Atanas Work\\Desktop\\PREPARE EXAM Back-End\\SECOND EXAM PREP BACK END\\ProductConsoleAPI\\ProductConsoleAPI.IntegrationTests.NUnit\\bin\\Debug\\net6.0\\fine-code-coverage\\build-output\\ProductConsoleAPI.IntegrationTests.NUnit.dll","CodeFilePath":null,"LineNumber":0,"Properties":[{"Key":{"Id":"NUnit.Seed","Label":"Seed","Category":"","Description":"","Attributes":0,"ValueType":"System.String"},"Value":"1187667339"}]},"Attachments":[],"Outcome":1,"ErrorMessage":null,"ErrorStackTrace":null,"DisplayName":"AddProductAsync_ShouldAddNewProduct","Messages":[],"ComputerName":"ASUS-HOME-PC","Duration":"00:00:00.8454470","StartTime":"2024-02-22T16:33:27.7259988+00:00","EndTime":"2024-02-22T16:33:28.5713628+00:00","Properties":[{"Key":{"Id":"NUnit.Seed","Label":"Seed","Category":"","Description":"","Attributes":0,"ValueType":"System.String"},"Value":"1187667339"}]},{"TestCase":{"Id":"418644dc-4e0e-bf1c-78fe-ece7a8d162e7","FullyQualifiedName":"ProductConsoleAPI.IntegrationTests.NUnit.IntegrationTests.AddProductAsync_TryToAddProductWithInvalidCredentials_ShouldThrowException","DisplayName":"AddProductAsync_TryToAddProductWithInvalidCredentials_ShouldThrowException","ExecutorUri":"executor://NUnit3TestExecutor","Source":"C:\\Users\\Atanas Work\\Desktop\\PREPARE EXAM Back-End\\SECOND EXAM PREP BACK END\\ProductConsoleAPI\\ProductConsoleAPI.IntegrationTests.NUnit\\bin\\Debug\\net6.0\\fine-code-coverage\\build-output\\ProductConsoleAPI.IntegrationTests.NUnit.dll","CodeFilePath":null,"LineNumber":0,"Properties":[{"Key":{"Id":"NUnit.Seed","Label":"Seed","Category":"","Description":"","Attributes":0,"ValueType":"System.String"},"Value":"848383904"}]},"Attachments":[],"Outcome":1,"ErrorMessage":null,"ErrorStackTrace":null,"DisplayName":"AddProductAsync_TryToAddProductWithInvalidCredentials_ShouldThrowException","Messages":[{"Category":"StdOutMsgs","Text":"Validation Error: The field Price must be between 0 and 79228162514264337593543950334.\r\n"}],"ComputerName":"ASUS-HOME-PC","Duration":"00:00:00.0585790","StartTime":"2024-02-22T16:33:28.5730039+00:00","EndTime":"2024-02-22T16:33:28.631583+00:00","Properties":[{"Key":{"Id":"NUnit.Seed","Label":"Seed","Category":"","Description":"","Attributes":0,"ValueType":"System.String"},"Value":"848383904"}]},{"TestCase":{"Id":"bbbc4ff6-1401-12a7-7766-8401baa6ff15","FullyQualifiedName":"ProductConsoleAPI.IntegrationTests.NUnit.IntegrationTests.DeleteProductAsync_TryToDeleteWithNullOrWhiteSpaceProductCode_ShouldThrowException","DisplayName":"DeleteProductAsync_TryToDeleteWithNullOrWhiteSpaceProductCode_ShouldThrowException","ExecutorUri":"executor://NUnit3TestExecutor","Source":"C:\\Users\\Atanas Work\\Desktop\\PREPARE EXAM Back-End\\SECOND EXAM PREP BACK END\\ProductConsoleAPI\\ProductConsoleAPI.IntegrationTests.NUnit\\bin\\Debug\\net6.0\\fine-code-coverage\\build-output\\ProductConsoleAPI.IntegrationTests.NUnit.dll","CodeFilePath":null,"LineNumber":0,"Properties":[{"Key":{"Id":"NUnit.Seed","Label":"Seed","Category":"","Description":"","Attributes":0,"ValueType":"System.String"},"Value":"986489361"}]},"Attachments":[],"Outcome":1,"ErrorMessage":null,"ErrorStackTrace":null,"DisplayName":"DeleteProductAsync_TryToDeleteWithNullOrWhiteSpaceProductCode_ShouldThrowException","Messages":[],"ComputerName":"ASUS-HOME-PC","Duration":"00:00:00.0191200","StartTime":"2024-02-22T16:33:28.6316274+00:00","EndTime":"2024-02-22T16:33:28.6507471+00:00","Properties":[{"Key":{"Id":"NUnit.Seed","Label":"Seed","Category":"","Description":"","Attributes":0,"ValueType":"System.String"},"Value":"986489361"}]},{"TestCase":{"Id":"ba6de61e-6f21-526b-fe17-7e1eea672d74","FullyQualifiedName":"ProductConsoleAPI.IntegrationTests.NUnit.IntegrationTests.DeleteProductAsync_TryToDeleteWithWhiteSpaceProductCode_ShouldThrowException","DisplayName":"DeleteProductAsync_TryToDeleteWithWhiteSpaceProductCode_ShouldThrowException","ExecutorUri":"executor://NUnit3TestExecutor","Source":"C:\\Users\\Atanas Work\\Desktop\\PREPARE EXAM Back-End\\SECOND EXAM PREP BACK END\\ProductConsoleAPI\\ProductConsoleAPI.IntegrationTests.NUnit\\bin\\Debug\\net6.0\\fine-code-coverage\\build-output\\ProductConsoleAPI.IntegrationTests.NUnit.dll","CodeFilePath":null,"LineNumber":0,"Properties":[{"Key":{"Id":"NUnit.Seed","Label":"Seed","Category":"","Description":"","Attributes":0,"ValueType":"System.String"},"Value":"253408126"}]},"Attachments":[],"Outcome":1,"ErrorMessage":null,"ErrorStackTrace":null,"DisplayName":"DeleteProductAsync_TryToDeleteWithWhiteSpaceProductCode_ShouldThrowException","Messages":[],"ComputerName":"ASUS-HOME-PC","Duration":"00:00:00.0012720","StartTime":"2024-02-22T16:33:28.6507843+00:00","EndTime":"2024-02-22T16:33:28.6520556+00:00","Properties":[{"Key":{"Id":"NUnit.Seed","Label":"Seed","Category":"","Description":"","Attributes":0,"ValueType":"System.String"},"Value":"253408126"}]},{"TestCase":{"Id":"af77f837-1666-8dbe-559e-2b4318b3da58","FullyQualifiedName":"ProductConsoleAPI.IntegrationTests.NUnit.IntegrationTests.DeleteProductAsync_WithValidProductCode_ShouldRemoveProductFromDb","DisplayName":"DeleteProductAsync_WithValidProductCode_ShouldRemoveProductFromDb","ExecutorUri":"executor://NUnit3TestExecutor","Source":"C:\\Users\\Atanas Work\\Desktop\\PREPARE EXAM Back-End\\SECOND EXAM PREP BACK END\\ProductConsoleAPI\\ProductConsoleAPI.IntegrationTests.NUnit\\bin\\Debug\\net6.0\\fine-code-coverage\\build-output\\ProductConsoleAPI.IntegrationTests.NUnit.dll","CodeFilePath":null,"LineNumber":0,"Properties":[{"Key":{"Id":"NUnit.Seed","Label":"Seed","Category":"","Description":"","Attributes":0,"ValueType":"System.String"},"Value":"2137082370"}]},"Attachments":[],"Outcome":1,"ErrorMessage":null,"ErrorStackTrace":null,"DisplayName":"DeleteProductAsync_WithValidProductCode_ShouldRemoveProductFromDb","Messages":[],"ComputerName":"ASUS-HOME-PC","Duration":"00:00:00.0416260","StartTime":"2024-02-22T16:33:28.6520883+00:00","EndTime":"2024-02-22T16:33:28.6937143+00:00","Properties":[{"Key":{"Id":"NUnit.Seed","Label":"Seed","Category":"","Description":"","Attributes":0,"ValueType":"System.String"},"Value":"2137082370"}]},{"TestCase":{"Id":"c49f6b0e-4f78-008f-ecdd-3080635d478e","FullyQualifiedName":"ProductConsoleAPI.IntegrationTests.NUnit.IntegrationTests.GetAllAsync_WhenNoProductsExist_ShouldThrowKeyNotFoundException","DisplayName":"GetAllAsync_WhenNoProductsExist_ShouldThrowKeyNotFoundException","ExecutorUri":"executor://NUnit3TestExecutor","Source":"C:\\Users\\Atanas Work\\Desktop\\PREPARE EXAM Back-End\\SECOND EXAM PREP BACK END\\ProductConsoleAPI\\ProductConsoleAPI.IntegrationTests.NUnit\\bin\\Debug\\net6.0\\fine-code-coverage\\build-output\\ProductConsoleAPI.IntegrationTests.NUnit.dll","CodeFilePath":null,"LineNumber":0,"Properties":[{"Key":{"Id":"NUnit.Seed","Label":"Seed","Category":"","Description":"","Attributes":0,"ValueType":"System.String"},"Value":"1452033937"}]},"Attachments":[],"Outcome":1,"ErrorMessage":null,"ErrorStackTrace":null,"DisplayName":"GetAllAsync_WhenNoProductsExist_ShouldThrowKeyNotFoundException","Messages":[],"ComputerName":"ASUS-HOME-PC","Duration":"00:00:00.0173560","StartTime":"2024-02-22T16:33:28.6937436+00:00","EndTime":"2024-02-22T16:33:28.7110979+00:00","Properties":[{"Key":{"Id":"NUnit.Seed","Label":"Seed","Category":"","Description":"","Attributes":0,"ValueType":"System.String"},"Value":"1452033937"}]},{"TestCase":{"Id":"ea4649d0-0746-b402-00b1-012435875f4b","FullyQualifiedName":"ProductConsoleAPI.IntegrationTests.NUnit.IntegrationTests.GetAllAsync_WhenProductsExist_ShouldReturnAllProducts","DisplayName":"GetAllAsync_WhenProductsExist_ShouldReturnAllProducts","ExecutorUri":"executor://NUnit3TestExecutor","Source":"C:\\Users\\Atanas Work\\Desktop\\PREPARE EXAM Back-End\\SECOND EXAM PREP BACK END\\ProductConsoleAPI\\ProductConsoleAPI.IntegrationTests.NUnit\\bin\\Debug\\net6.0\\fine-code-coverage\\build-output\\ProductConsoleAPI.IntegrationTests.NUnit.dll","CodeFilePath":null,"LineNumber":0,"Properties":[{"Key":{"Id":"NUnit.Seed","Label":"Seed","Category":"","Description":"","Attributes":0,"ValueType":"System.String"},"Value":"453142001"}]},"Attachments":[],"Outcome":1,"ErrorMessage":null,"ErrorStackTrace":null,"DisplayName":"GetAllAsync_WhenProductsExist_ShouldReturnAllProducts","Messages":[],"ComputerName":"ASUS-HOME-PC","Duration":"00:00:00.0080200","StartTime":"2024-02-22T16:33:28.7111333+00:00","EndTime":"2024-02-22T16:33:28.7191527+00:00","Properties":[{"Key":{"Id":"NUnit.Seed","Label":"Seed","Category":"","Description":"","Attributes":0,"ValueType":"System.String"},"Value":"453142001"}]},{"TestCase":{"Id":"c1384e0c-8a39-9fc1-99d7-263a214a429b","FullyQualifiedName":"ProductConsoleAPI.IntegrationTests.NUnit.IntegrationTests.GetSpecificAsync_WithInvalidProductCode_ShouldThrowKeyNotFoundException","DisplayName":"GetSpecificAsync_WithInvalidProductCode_ShouldThrowKeyNotFoundException","ExecutorUri":"executor://NUnit3TestExecutor","Source":"C:\\Users\\Atanas Work\\Desktop\\PREPARE EXAM Back-End\\SECOND EXAM PREP BACK END\\ProductConsoleAPI\\ProductConsoleAPI.IntegrationTests.NUnit\\bin\\Debug\\net6.0\\fine-code-coverage\\build-output\\ProductConsoleAPI.IntegrationTests.NUnit.dll","CodeFilePath":null,"LineNumber":0,"Properties":[{"Key":{"Id":"NUnit.Seed","Label":"Seed","Category":"","Description":"","Attributes":0,"ValueType":"System.String"},"Value":"954408935"}]},"Attachments":[],"Outcome":1,"ErrorMessage":null,"ErrorStackTrace":null,"DisplayName":"GetSpecificAsync_WithInvalidProductCode_ShouldThrowKeyNotFoundException","Messages":[],"ComputerName":"ASUS-HOME-PC","Duration":"00:00:00.0044940","StartTime":"2024-02-22T16:33:28.7191827+00:00","EndTime":"2024-02-22T16:33:28.7236761+00:00","Properties":[{"Key":{"Id":"NUnit.Seed","Label":"Seed","Category":"","Description":"","Attributes":0,"ValueType":"System.String"},"Value":"954408935"}]},{"TestCase":{"Id":"cb588154-9039-774c-b25e-b795692ccab8","FullyQualifiedName":"ProductConsoleAPI.IntegrationTests.NUnit.IntegrationTests.GetSpecificAsync_WithNull_ShouldThrowKeyNotFoundException","DisplayName":"GetSpecificAsync_WithNull_ShouldThrowKeyNotFoundException","ExecutorUri":"executor://NUnit3TestExecutor","Source":"C:\\Users\\Atanas Work\\Desktop\\PREPARE EXAM Back-End\\SECOND EXAM PREP BACK END\\ProductConsoleAPI\\ProductConsoleAPI.IntegrationTests.NUnit\\bin\\Debug\\net6.0\\fine-code-coverage\\build-output\\ProductConsoleAPI.IntegrationTests.NUnit.dll","CodeFilePath":null,"LineNumber":0,"Properties":[{"Key":{"Id":"NUnit.Seed","Label":"Seed","Category":"","Description":"","Attributes":0,"ValueType":"System.String"},"Value":"353755083"}]},"Attachments":[],"Outcome":1,"ErrorMessage":null,"ErrorStackTrace":null,"DisplayName":"GetSpecificAsync_WithNull_ShouldThrowKeyNotFoundException","Messages":[],"ComputerName":"ASUS-HOME-PC","Duration":"00:00:00.0012120","StartTime":"2024-02-22T16:33:28.7237031+00:00","EndTime":"2024-02-22T16:33:28.7249146+00:00","Properties":[{"Key":{"Id":"NUnit.Seed","Label":"Seed","Category":"","Description":"","Attributes":0,"ValueType":"System.String"},"Value":"353755083"}]}],"TestRunStatistics":{"ExecutedTests":9,"Stats":{"Passed":9}},"ActiveTests":[{"Id":"fbb31e65-41c3-8ef2-545a-73f7b14b4b5c","FullyQualifiedName":"ProductConsoleAPI.IntegrationTests.NUnit.IntegrationTests.GetSpecificAsync_WithValidProductCode_ShouldReturnProduct","DisplayName":"GetSpecificAsync_WithValidProductCode_ShouldReturnProduct","ExecutorUri":"executor://NUnit3TestExecutor","Source":"C:\\Users\\Atanas Work\\Desktop\\PREPARE EXAM Back-End\\SECOND EXAM PREP BACK END\\ProductConsoleAPI\\ProductConsoleAPI.IntegrationTests.NUnit\\bin\\Debug\\net6.0\\fine-code-coverage\\build-output\\ProductConsoleAPI.IntegrationTests.NUnit.dll","CodeFilePath":null,"LineNumber":0,"Properties":[{"Key":{"Id":"NUnit.Seed","Label":"Seed","Category":"","Description":"","Attributes":0,"ValueType":"System.String"},"Value":"1058916135"}]}]}}
TpTrace Verbose: 0 : 5172, 13, 2024/02/22, 18:33:28.824, 1099425370908, vstest.console.dll, TestRunRequest:SendTestRunStatsChange: Starting.
TpTrace Verbose: 0 : 5172, 13, 2024/02/22, 18:33:28.824, 1099425373572, vstest.console.dll, InProgress is GetSpecificAsync_WithValidProductCode_ShouldReturnProduct
TpTrace Verbose: 0 : 5172, 13, 2024/02/22, 18:33:28.824, 1099425376663, vstest.console.dll, MulticastDelegateUtilities.SafeInvoke: TestRun.RunStatsChanged: Invoking callbacks was skipped because there are no subscribers.
TpTrace Information: 0 : 5172, 13, 2024/02/22, 18:33:28.825, 1099425377465, vstest.console.dll, TestRunRequest:SendTestRunStatsChange: Completed.
TpTrace Verbose: 0 : 5172, 13, 2024/02/22, 18:33:28.825, 1099425378271, vstest.console.dll, MulticastDelegateUtilities.SafeInvoke: LengthPrefixCommunicationChannel: MessageReceived: Invoking callback 1/1 for Microsoft.VisualStudio.TestPlatform.CommunicationUtilities.TestRequestSender+<>c__DisplayClass34_0., took 49 ms.
TpTrace Verbose: 0 : 5172, 13, 2024/02/22, 18:33:28.825, 1099425378927, vstest.console.dll, TcpClientExtensions.MessageLoopAsync: Polling on remoteEndPoint: 127.0.0.1:58274 localEndPoint: 127.0.0.1:58273
TpTrace Verbose: 0 : 5172, 13, 2024/02/22, 18:33:28.825, 1099425379657, vstest.console.dll, TcpClientExtensions.MessageLoopAsync: NotifyDataAvailable remoteEndPoint: 127.0.0.1:58274 localEndPoint: 127.0.0.1:58273
TpTrace Verbose: 0 : 5172, 13, 2024/02/22, 18:33:28.825, 1099425380730, vstest.console.dll, TestRequestSender.OnExecutionMessageReceived: Received message: {"Version":5,"MessageType":"TestSession.Message","Payload":{"MessageLevel":1,"Message":"Validation Error: The Description field is required.\r\n"}}
TpTrace Verbose: 0 : 5172, 13, 2024/02/22, 18:33:28.825, 1099425382514, vstest.console.dll, TestRunRequest:SendTestRunMessage: Starting.
TpTrace Verbose: 0 : 5172, 13, 2024/02/22, 18:33:28.825, 1099425383336, vstest.console.dll, MulticastDelegateUtilities.SafeInvoke: TestRun.LogMessages: Invoking callback 1/1 for Microsoft.VisualStudio.TestPlatform.CommandLine.TestRunResultAggregator., took 0 ms.
TpTrace Information: 0 : 5172, 13, 2024/02/22, 18:33:28.825, 1099425383975, vstest.console.dll, TestRunRequest:SendTestRunMessage: Completed.
TpTrace Verbose: 0 : 5172, 13, 2024/02/22, 18:33:28.825, 1099425384485, vstest.console.dll, MulticastDelegateUtilities.SafeInvoke: LengthPrefixCommunicationChannel: MessageReceived: Invoking callback 1/1 for Microsoft.VisualStudio.TestPlatform.CommunicationUtilities.TestRequestSender+<>c__DisplayClass34_0., took 0 ms.
TpTrace Verbose: 0 : 5172, 13, 2024/02/22, 18:33:28.825, 1099425384935, vstest.console.dll, TcpClientExtensions.MessageLoopAsync: Polling on remoteEndPoint: 127.0.0.1:58274 localEndPoint: 127.0.0.1:58273
TpTrace Verbose: 0 : 5172, 13, 2024/02/22, 18:33:28.827, 1099425404701, vstest.console.dll, TcpClientExtensions.MessageLoopAsync: NotifyDataAvailable remoteEndPoint: 127.0.0.1:58274 localEndPoint: 127.0.0.1:58273
TpTrace Verbose: 0 : 5172, 4, 2024/02/22, 18:33:28.827, 1099425405838, vstest.console.dll, MulticastDelegateUtilities.SafeInvoke: InternalTestLoggerEvents.SendTestResult: Invoking callback 1/1 for Microsoft.VisualStudio.TestPlatform.CommandLine.Internal.ConsoleLogger., took 2 ms.
TpTrace Verbose: 0 : 5172, 13, 2024/02/22, 18:33:28.827, 1099425406923, vstest.console.dll, TestRequestSender.OnExecutionMessageReceived: Received message: {"Version":5,"MessageType":"TestSession.Message","Payload":{"MessageLevel":0,"Message":"NUnit Adapter 4.2.0.0: Test execution complete"}}
TpTrace Verbose: 0 : 5172, 13, 2024/02/22, 18:33:28.828, 1099425408092, vstest.console.dll, TestRunRequest:SendTestRunMessage: Starting.
TpTrace Verbose: 0 : 5172, 13, 2024/02/22, 18:33:28.828, 1099425408660, vstest.console.dll, MulticastDelegateUtilities.SafeInvoke: TestRun.LogMessages: Invoking callback 1/1 for Microsoft.VisualStudio.TestPlatform.CommandLine.TestRunResultAggregator., took 0 ms.
TpTrace Information: 0 : 5172, 13, 2024/02/22, 18:33:28.828, 1099425409080, vstest.console.dll, TestRunRequest:SendTestRunMessage: Completed.
TpTrace Verbose: 0 : 5172, 13, 2024/02/22, 18:33:28.828, 1099425409443, vstest.console.dll, MulticastDelegateUtilities.SafeInvoke: LengthPrefixCommunicationChannel: MessageReceived: Invoking callback 1/1 for Microsoft.VisualStudio.TestPlatform.CommunicationUtilities.TestRequestSender+<>c__DisplayClass34_0., took 0 ms.
TpTrace Verbose: 0 : 5172, 13, 2024/02/22, 18:33:28.828, 1099425409825, vstest.console.dll, TcpClientExtensions.MessageLoopAsync: Polling on remoteEndPoint: 127.0.0.1:58274 localEndPoint: 127.0.0.1:58273
TpTrace Verbose: 0 : 5172, 4, 2024/02/22, 18:33:28.828, 1099425410546, vstest.console.dll, MulticastDelegateUtilities.SafeInvoke: InternalTestLoggerEvents.SendTestResult: Invoking callback 1/1 for Microsoft.VisualStudio.TestPlatform.CommandLine.Internal.ConsoleLogger., took 0 ms.
TpTrace Verbose: 0 : 5172, 4, 2024/02/22, 18:33:28.828, 1099425411758, vstest.console.dll, MulticastDelegateUtilities.SafeInvoke: InternalTestLoggerEvents.SendTestResult: Invoking callback 1/1 for Microsoft.VisualStudio.TestPlatform.CommandLine.Internal.ConsoleLogger., took 0 ms.
TpTrace Verbose: 0 : 5172, 4, 2024/02/22, 18:33:28.828, 1099425412572, vstest.console.dll, MulticastDelegateUtilities.SafeInvoke: InternalTestLoggerEvents.SendTestResult: Invoking callback 1/1 for Microsoft.VisualStudio.TestPlatform.CommandLine.Internal.ConsoleLogger., took 0 ms.
TpTrace Verbose: 0 : 5172, 4, 2024/02/22, 18:33:28.828, 1099425413729, vstest.console.dll, MulticastDelegateUtilities.SafeInvoke: InternalTestLoggerEvents.SendTestResult: Invoking callback 1/1 for Microsoft.VisualStudio.TestPlatform.CommandLine.Internal.ConsoleLogger., took 0 ms.
TpTrace Verbose: 0 : 5172, 4, 2024/02/22, 18:33:28.828, 1099425414522, vstest.console.dll, MulticastDelegateUtilities.SafeInvoke: InternalTestLoggerEvents.SendTestResult: Invoking callback 1/1 for Microsoft.VisualStudio.TestPlatform.CommandLine.Internal.ConsoleLogger., took 0 ms.
TpTrace Verbose: 0 : 5172, 4, 2024/02/22, 18:33:28.828, 1099425415334, vstest.console.dll, MulticastDelegateUtilities.SafeInvoke: InternalTestLoggerEvents.SendTestResult: Invoking callback 1/1 for Microsoft.VisualStudio.TestPlatform.CommandLine.Internal.ConsoleLogger., took 0 ms.
TpTrace Verbose: 0 : 5172, 4, 2024/02/22, 18:33:28.828, 1099425416496, vstest.console.dll, MulticastDelegateUtilities.SafeInvoke: InternalTestLoggerEvents.SendTestResult: Invoking callback 1/1 for Microsoft.VisualStudio.TestPlatform.CommandLine.Internal.ConsoleLogger., took 0 ms.
TpTrace Verbose: 0 : 5172, 4, 2024/02/22, 18:33:28.829, 1099425417371, vstest.console.dll, MulticastDelegateUtilities.SafeInvoke: InternalTestLoggerEvents.SendTestResult: Invoking callback 1/1 for Microsoft.VisualStudio.TestPlatform.CommandLine.Internal.ConsoleLogger., took 0 ms.
TpTrace Verbose: 0 : 5172, 4, 2024/02/22, 18:33:28.829, 1099425419014, vstest.console.dll, MulticastDelegateUtilities.SafeInvoke: InternalTestLoggerEvents.SendTestRunMessage: Invoking callback 1/1 for Microsoft.VisualStudio.TestPlatform.CommandLine.Internal.ConsoleLogger., took 0 ms.
TpTrace Verbose: 0 : 5172, 4, 2024/02/22, 18:33:28.829, 1099425422416, vstest.console.dll, MulticastDelegateUtilities.SafeInvoke: InternalTestLoggerEvents.SendTestRunMessage: Invoking callback 1/1 for Microsoft.VisualStudio.TestPlatform.CommandLine.Internal.ConsoleLogger., took 0 ms.
TpTrace Verbose: 0 : 5172, 13, 2024/02/22, 18:33:28.853, 1099425658381, vstest.console.dll, TcpClientExtensions.MessageLoopAsync: NotifyDataAvailable remoteEndPoint: 127.0.0.1:58274 localEndPoint: 127.0.0.1:58273
TpTrace Verbose: 0 : 5172, 13, 2024/02/22, 18:33:28.853, 1099425663194, vstest.console.dll, TestRequestSender.OnExecutionMessageReceived: Received message: {"Version":5,"MessageType":"TestExecution.Completed","Payload":{"TestRunCompleteArgs":{"TestRunStatistics":{"ExecutedTests":16,"Stats":{"Passed":16}},"IsCanceled":false,"IsAborted":false,"Error":null,"AttachmentSets":[],"ElapsedTimeInRunningTests":"00:00:01.3698016","Metrics":{}},"LastRunTests":{"NewTestResults":[{"TestCase":{"Id":"fbb31e65-41c3-8ef2-545a-73f7b14b4b5c","FullyQualifiedName":"ProductConsoleAPI.IntegrationTests.NUnit.IntegrationTests.GetSpecificAsync_WithValidProductCode_ShouldReturnProduct","DisplayName":"GetSpecificAsync_WithValidProductCode_ShouldReturnProduct","ExecutorUri":"executor://NUnit3TestExecutor","Source":"C:\\Users\\Atanas Work\\Desktop\\PREPARE EXAM Back-End\\SECOND EXAM PREP BACK END\\ProductConsoleAPI\\ProductConsoleAPI.IntegrationTests.NUnit\\bin\\Debug\\net6.0\\fine-code-coverage\\build-output\\ProductConsoleAPI.IntegrationTests.NUnit.dll","CodeFilePath":null,"LineNumber":0,"Properties":[{"Key":{"Id":"NUnit.Seed","Label":"Seed","Category":"","Description":"","Attributes":0,"ValueType":"System.String"},"Value":"1058916135"}]},"Attachments":[],"Outcome":1,"ErrorMessage":null,"ErrorStackTrace":null,"DisplayName":"GetSpecificAsync_WithValidProductCode_ShouldReturnProduct","Messages":[],"ComputerName":"ASUS-HOME-PC","Duration":"00:00:00.0018060","StartTime":"2024-02-22T16:33:28.7249418+00:00","EndTime":"2024-02-22T16:33:28.7267469+00:00","Properties":[{"Key":{"Id":"NUnit.Seed","Label":"Seed","Category":"","Description":"","Attributes":0,"ValueType":"System.String"},"Value":"1058916135"}]},{"TestCase":{"Id":"b8a3f502-ee76-19b7-4387-accec64da6a2","FullyQualifiedName":"ProductConsoleAPI.IntegrationTests.NUnit.IntegrationTests.SearchByOriginCountry_WithExistingOriginCountry_ShouldReturnMatchingProducts","DisplayName":"SearchByOriginCountry_WithExistingOriginCountry_ShouldReturnMatchingProducts","ExecutorUri":"executor://NUnit3TestExecutor","Source":"C:\\Users\\Atanas Work\\Desktop\\PREPARE EXAM Back-End\\SECOND EXAM PREP BACK END\\ProductConsoleAPI\\ProductConsoleAPI.IntegrationTests.NUnit\\bin\\Debug\\net6.0\\fine-code-coverage\\build-output\\ProductConsoleAPI.IntegrationTests.NUnit.dll","CodeFilePath":null,"LineNumber":0,"Properties":[{"Key":{"Id":"NUnit.Seed","Label":"Seed","Category":"","Description":"","Attributes":0,"ValueType":"System.String"},"Value":"135209211"}]},"Attachments":[],"Outcome":1,"ErrorMessage":null,"ErrorStackTrace":null,"DisplayName":"SearchByOriginCountry_WithExistingOriginCountry_ShouldReturnMatchingProducts","Messages":[],"ComputerName":"ASUS-HOME-PC","Duration":"00:00:00.0103129","StartTime":"2024-02-22T16:33:28.7267682+00:00","EndTime":"2024-02-22T16:33:28.7370807+00:00","Properties":[{"Key":{"Id":"NUnit.Seed","Label":"Seed","Category":"","Description":"","Attributes":0,"ValueType":"System.String"},"Value":"135209211"}]},{"TestCase":{"Id":"321509fa-f59d-9b59-5ad8-ba9bd91ae928","FullyQualifiedName":"ProductConsoleAPI.IntegrationTests.NUnit.IntegrationTests.SearchByOriginCountryAsync_CountryDoesNotExist_ShouldThrowKeyNotFoundException","DisplayName":"SearchByOriginCountryAsync_CountryDoesNotExist_ShouldThrowKeyNotFoundException","ExecutorUri":"executor://NUnit3TestExecutor","Source":"C:\\Users\\Atanas Work\\Desktop\\PREPARE EXAM Back-End\\SECOND EXAM PREP BACK END\\ProductConsoleAPI\\ProductConsoleAPI.IntegrationTests.NUnit\\bin\\Debug\\net6.0\\fine-code-coverage\\build-output\\ProductConsoleAPI.IntegrationTests.NUnit.dll","CodeFilePath":null,"LineNumber":0,"Properties":[{"Key":{"Id":"NUnit.Seed","Label":"Seed","Category":"","Description":"","Attributes":0,"ValueType":"System.String"},"Value":"10165689"}]},"Attachments":[],"Outcome":1,"ErrorMessage":null,"ErrorStackTrace":null,"DisplayName":"SearchByOriginCountryAsync_CountryDoesNotExist_ShouldThrowKeyNotFoundException","Messages":[],"ComputerName":"ASUS-HOME-PC","Duration":"00:00:00.0025000","StartTime":"2024-02-22T16:33:28.7371072+00:00","EndTime":"2024-02-22T16:33:28.7396068+00:00","Properties":[{"Key":{"Id":"NUnit.Seed","Label":"Seed","Category":"","Description":"","Attributes":0,"ValueType":"System.String"},"Value":"10165689"}]},{"TestCase":{"Id":"e8cd4369-7da0-eafd-0665-a6aea88460a6","FullyQualifiedName":"ProductConsoleAPI.IntegrationTests.NUnit.IntegrationTests.SearchByOriginCountryAsync_WithNonExistingOriginCountry_ShouldThrowKeyNotFoundException","DisplayName":"SearchByOriginCountryAsync_WithNonExistingOriginCountry_ShouldThrowKeyNotFoundException","ExecutorUri":"executor://NUnit3TestExecutor","Source":"C:\\Users\\Atanas Work\\Desktop\\PREPARE EXAM Back-End\\SECOND EXAM PREP BACK END\\ProductConsoleAPI\\ProductConsoleAPI.IntegrationTests.NUnit\\bin\\Debug\\net6.0\\fine-code-coverage\\build-output\\ProductConsoleAPI.IntegrationTests.NUnit.dll","CodeFilePath":null,"LineNumber":0,"Properties":[{"Key":{"Id":"NUnit.Seed","Label":"Seed","Category":"","Description":"","Attributes":0,"ValueType":"System.String"},"Value":"114717015"}]},"Attachments":[],"Outcome":1,"ErrorMessage":null,"ErrorStackTrace":null,"DisplayName":"SearchByOriginCountryAsync_WithNonExistingOriginCountry_ShouldThrowKeyNotFoundException","Messages":[],"ComputerName":"ASUS-HOME-PC","Duration":"00:00:00.0013390","StartTime":"2024-02-22T16:33:28.7396411+00:00","EndTime":"2024-02-22T16:33:28.7409799+00:00","Properties":[{"Key":{"Id":"NUnit.Seed","Label":"Seed","Category":"","Description":"","Attributes":0,"ValueType":"System.String"},"Value":"114717015"}]},{"TestCase":{"Id":"96932bc4-0d2f-df46-644c-0e96c49b8cf1","FullyQualifiedName":"ProductConsoleAPI.IntegrationTests.NUnit.IntegrationTests.SearchByOriginCountryAsync_WithNullOrWhiteSpace_ShouldThrowKeyNotFoundException","DisplayName":"SearchByOriginCountryAsync_WithNullOrWhiteSpace_ShouldThrowKeyNotFoundException","ExecutorUri":"executor://NUnit3TestExecutor","Source":"C:\\Users\\Atanas Work\\Desktop\\PREPARE EXAM Back-End\\SECOND EXAM PREP BACK END\\ProductConsoleAPI\\ProductConsoleAPI.IntegrationTests.NUnit\\bin\\Debug\\net6.0\\fine-code-coverage\\build-output\\ProductConsoleAPI.IntegrationTests.NUnit.dll","CodeFilePath":null,"LineNumber":0,"Properties":[{"Key":{"Id":"NUnit.Seed","Label":"Seed","Category":"","Description":"","Attributes":0,"ValueType":"System.String"},"Value":"1028528519"}]},"Attachments":[],"Outcome":1,"ErrorMessage":null,"ErrorStackTrace":null,"DisplayName":"SearchByOriginCountryAsync_WithNullOrWhiteSpace_ShouldThrowKeyNotFoundException","Messages":[],"ComputerName":"ASUS-HOME-PC","Duration":"00:00:00.0009110","StartTime":"2024-02-22T16:33:28.7410045+00:00","EndTime":"2024-02-22T16:33:28.7419152+00:00","Properties":[{"Key":{"Id":"NUnit.Seed","Label":"Seed","Category":"","Description":"","Attributes":0,"ValueType":"System.String"},"Value":"1028528519"}]},{"TestCase":{"Id":"e91f9a05-500f-4074-24d2-a986bf694fe9","FullyQualifiedName":"ProductConsoleAPI.IntegrationTests.NUnit.IntegrationTests.UpdateAsync_WithInvalidProduct_ShouldThrowValidationException","DisplayName":"UpdateAsync_WithInvalidProduct_ShouldThrowValidationException","ExecutorUri":"executor://NUnit3TestExecutor","Source":"C:\\Users\\Atanas Work\\Desktop\\PREPARE EXAM Back-End\\SECOND EXAM PREP BACK END\\ProductConsoleAPI\\ProductConsoleAPI.IntegrationTests.NUnit\\bin\\Debug\\net6.0\\fine-code-coverage\\build-output\\ProductConsoleAPI.IntegrationTests.NUnit.dll","CodeFilePath":null,"LineNumber":0,"Properties":[{"Key":{"Id":"NUnit.Seed","Label":"Seed","Category":"","Description":"","Attributes":0,"ValueType":"System.String"},"Value":"1984256382"}]},"Attachments":[],"Outcome":1,"ErrorMessage":null,"ErrorStackTrace":null,"DisplayName":"UpdateAsync_WithInvalidProduct_ShouldThrowValidationException","Messages":[{"Category":"StdOutMsgs","Text":"Validation Error: The Description field is required.\r\n"}],"ComputerName":"ASUS-HOME-PC","Duration":"00:00:00.0016740","StartTime":"2024-02-22T16:33:28.7419416+00:00","EndTime":"2024-02-22T16:33:28.743615+00:00","Properties":[{"Key":{"Id":"NUnit.Seed","Label":"Seed","Category":"","Description":"","Attributes":0,"ValueType":"System.String"},"Value":"1984256382"}]},{"TestCase":{"Id":"abb2c908-4342-6b94-1316-16795df9868e","FullyQualifiedName":"ProductConsoleAPI.IntegrationTests.NUnit.IntegrationTests.UpdateAsync_WithValidProduct_ShouldUpdateProduct","DisplayName":"UpdateAsync_WithValidProduct_ShouldUpdateProduct","ExecutorUri":"executor://NUnit3TestExecutor","Source":"C:\\Users\\Atanas Work\\Desktop\\PREPARE EXAM Back-End\\SECOND EXAM PREP BACK END\\ProductConsoleAPI\\ProductConsoleAPI.IntegrationTests.NUnit\\bin\\Debug\\net6.0\\fine-code-coverage\\build-output\\ProductConsoleAPI.IntegrationTests.NUnit.dll","CodeFilePath":null,"LineNumber":0,"Properties":[{"Key":{"Id":"NUnit.Seed","Label":"Seed","Category":"","Description":"","Attributes":0,"ValueType":"System.String"},"Value":"1935386011"}]},"Attachments":[],"Outcome":1,"ErrorMessage":null,"ErrorStackTrace":null,"DisplayName":"UpdateAsync_WithValidProduct_ShouldUpdateProduct","Messages":[],"ComputerName":"ASUS-HOME-PC","Duration":"00:00:00.0128910","StartTime":"2024-02-22T16:33:28.7436457+00:00","EndTime":"2024-02-22T16:33:28.7565361+00:00","Properties":[{"Key":{"Id":"NUnit.Seed","Label":"Seed","Category":"","Description":"","Attributes":0,"ValueType":"System.String"},"Value":"1935386011"}]}],"TestRunStatistics":{"ExecutedTests":16,"Stats":{"Passed":16}},"ActiveTests":[]},"RunAttachments":[],"ExecutorUris":["executor://nunit3testexecutor/"]}}
TpTrace Verbose: 0 : 5172, 13, 2024/02/22, 18:33:28.853, 1099425666430, vstest.console.dll, TestRequestSender.EndSession: Sending end session.
TpTrace Verbose: 0 : 5172, 13, 2024/02/22, 18:33:28.854, 1099425668660, vstest.console.dll, ProxyOperationManager.Close: waiting for test host to exit for 100 ms
TpTrace Verbose: 0 : 5172, 11, 2024/02/22, 18:33:28.882, 1099425949649, vstest.console.dll, TestHostManagerCallbacks.ctor: Experimental forwarding output is disabled.
TpTrace Warning: 0 : 5172, 11, 2024/02/22, 18:33:28.882, 1099425951180, vstest.console.dll, TestHostManagerCallbacks.ErrorReceivedCallback Test host standard error line: 
TpTrace Verbose: 0 : 5172, 11, 2024/02/22, 18:33:28.891, 1099426038830, vstest.console.dll, TestHostProvider.ExitCallBack: Host exited starting callback.
TpTrace Information: 0 : 5172, 11, 2024/02/22, 18:33:28.891, 1099426040792, vstest.console.dll, TestHostManagerCallbacks.ExitCallBack: Testhost processId: 11908 exited with exitcode: 0 error: ''
TpTrace Verbose: 0 : 5172, 11, 2024/02/22, 18:33:28.891, 1099426041253, vstest.console.dll, DotnetTestHostManager.OnHostExited: invoking OnHostExited callback
TpTrace Verbose: 0 : 5172, 11, 2024/02/22, 18:33:28.891, 1099426041802, vstest.console.dll, CrossPlatEngine.TestHostManagerHostExited: calling on client process exit callback.
TpTrace Information: 0 : 5172, 11, 2024/02/22, 18:33:28.891, 1099426042312, vstest.console.dll, TestRequestSender.OnClientProcessExit: Test host process exited. Standard error: 
TpTrace Information: 0 : 5172, 13, 2024/02/22, 18:33:28.891, 1099426042599, vstest.console.dll, SocketServer.Stop: Stop server endPoint: 127.0.0.1:58273
TpTrace Information: 0 : 5172, 11, 2024/02/22, 18:33:28.891, 1099426042705, vstest.console.dll, SocketServer.Stop: Stop server endPoint: 127.0.0.1:58273
TpTrace Information: 0 : 5172, 13, 2024/02/22, 18:33:28.891, 1099426043213, vstest.console.dll, SocketServer.Stop: Cancellation requested. Stopping message loop.
TpTrace Information: 0 : 5172, 11, 2024/02/22, 18:33:28.891, 1099426043554, vstest.console.dll, SocketServer.Stop: Cancellation requested. Stopping message loop.
TpTrace Verbose: 0 : 5172, 11, 2024/02/22, 18:33:28.891, 1099426044207, vstest.console.dll, MulticastDelegateUtilities.SafeInvoke: HostProviderEvents.OnHostExited: Invoking callback 1/1 for Microsoft.VisualStudio.TestPlatform.CrossPlatEngine.Client.ProxyOperationManager., took 0 ms.
TpTrace Information: 0 : 5172, 13, 2024/02/22, 18:33:28.891, 1099426044780, vstest.console.dll, Closing the connection
TpTrace Verbose: 0 : 5172, 13, 2024/02/22, 18:33:28.891, 1099426046832, vstest.console.dll, ProxyDataCollectionManager.InvokeDataCollectionServiceAction: Starting.
TpTrace Information: 0 : 5172, 13, 2024/02/22, 18:33:28.891, 1099426047259, vstest.console.dll, ProxyDataCollectionManager.AfterTestRunEnd: Get attachment set and invoked data collectors processId: 3172 port: 58267
TpTrace Verbose: 0 : 5172, 13, 2024/02/22, 18:33:28.892, 1099426047807, vstest.console.dll, DataCollectionRequestSender.SendAfterTestRunStartAndGetResult: Send AfterTestRunEnd message with isCancelled: False
TpTrace Verbose: 0 : 5172, 13, 2024/02/22, 18:33:28.898, 1099426112206, vstest.console.dll, DataCollectionRequestSender.SendAfterTestRunStartAndGetResult: Received message: (DataCollection.AfterTestRunEndResult) -> {"MessageType":"DataCollection.AfterTestRunEndResult","Payload":{"AttachmentSets":[],"InvokedDataCollectors":[{"Uri":"datacollector://Microsoft/TestPlatform/Extensions/Blame/v1","FriendlyName":"Blame","AssemblyQualifiedName":"Microsoft.TestPlatform.Extensions.BlameDataCollector.BlameCollector, Microsoft.TestPlatform.Extensions.BlameDataCollector, Version=15.0.0.0, Culture=neutral, PublicKeyToken=b03f5f7f11d50a3a","FilePath":"C:\\Program Files\\dotnet\\sdk\\8.0.101\\Extensions\\Microsoft.TestPlatform.Extensions.BlameDataCollector.dll","HasAttachmentProcessor":false}],"Metrics":{}}}
TpTrace Warning: 0 : 5172, 10, 2024/02/22, 18:33:28.904, 1099426169008, vstest.console.dll, DataCollectionLauncher.ErrorReceivedCallback datacollector standard error line: 
TpTrace Information: 0 : 5172, 13, 2024/02/22, 18:33:28.906, 1099426187736, vstest.console.dll, ProxyDataCollectionManager.InvokeDataCollectionServiceAction: Completed.
TpTrace Information: 0 : 5172, 10, 2024/02/22, 18:33:28.911, 1099426243574, vstest.console.dll, DataCollectionLauncher.ExitCallBack: Data collector exited with exitcode: 0 error: ''
TpTrace Verbose: 0 : 5172, 13, 2024/02/22, 18:33:28.957, 1099426699419, vstest.console.dll, TestRunRequest:SendTestRunStatsChange: Starting.
TpTrace Verbose: 0 : 5172, 13, 2024/02/22, 18:33:28.957, 1099426701110, vstest.console.dll, MulticastDelegateUtilities.SafeInvoke: TestRun.RunStatsChanged: Invoking callbacks was skipped because there are no subscribers.
TpTrace Information: 0 : 5172, 13, 2024/02/22, 18:33:28.957, 1099426701455, vstest.console.dll, TestRunRequest:SendTestRunStatsChange: Completed.
TpTrace Verbose: 0 : 5172, 4, 2024/02/22, 18:33:28.957, 1099426701855, vstest.console.dll, MulticastDelegateUtilities.SafeInvoke: InternalTestLoggerEvents.SendTestResult: Invoking callback 1/1 for Microsoft.VisualStudio.TestPlatform.CommandLine.Internal.ConsoleLogger., took 0 ms.
TpTrace Verbose: 0 : 5172, 4, 2024/02/22, 18:33:28.957, 1099426702665, vstest.console.dll, MulticastDelegateUtilities.SafeInvoke: InternalTestLoggerEvents.SendTestResult: Invoking callback 1/1 for Microsoft.VisualStudio.TestPlatform.CommandLine.Internal.ConsoleLogger., took 0 ms.
TpTrace Verbose: 0 : 5172, 4, 2024/02/22, 18:33:28.957, 1099426703221, vstest.console.dll, MulticastDelegateUtilities.SafeInvoke: InternalTestLoggerEvents.SendTestResult: Invoking callback 1/1 for Microsoft.VisualStudio.TestPlatform.CommandLine.Internal.ConsoleLogger., took 0 ms.
TpTrace Verbose: 0 : 5172, 4, 2024/02/22, 18:33:28.957, 1099426703765, vstest.console.dll, MulticastDelegateUtilities.SafeInvoke: InternalTestLoggerEvents.SendTestResult: Invoking callback 1/1 for Microsoft.VisualStudio.TestPlatform.CommandLine.Internal.ConsoleLogger., took 0 ms.
TpTrace Verbose: 0 : 5172, 13, 2024/02/22, 18:33:28.957, 1099426704313, vstest.console.dll, ParallelProxyExecutionManager: HandlePartialRunComplete: Total workloads = 1, Total started clients = 1 Total completed clients = 1, Run complete = True, Run canceled: False.
TpTrace Verbose: 0 : 5172, 13, 2024/02/22, 18:33:28.957, 1099426704688, vstest.console.dll, ParallelProxyExecutionManager: HandlePartialRunComplete: All runs completed stopping all managers.
TpTrace Verbose: 0 : 5172, 13, 2024/02/22, 18:33:28.957, 1099426705012, vstest.console.dll, ParallelOperationManager.StopAllManagers: Stopping all managers.
TpTrace Verbose: 0 : 5172, 13, 2024/02/22, 18:33:28.957, 1099426705295, vstest.console.dll, ParallelOperationManager.ClearSlots: Clearing all slots. Slots should accept more work: False
TpTrace Verbose: 0 : 5172, 13, 2024/02/22, 18:33:28.957, 1099426705655, vstest.console.dll, ParallelOperationManager.SetOccupiedSlotCount: Setting slot counts AvailableSlotCount = 1, OccupiedSlotCount = 0.
TpTrace Verbose: 0 : 5172, 13, 2024/02/22, 18:33:28.957, 1099426705975, vstest.console.dll, Occupied slots:

TpTrace Verbose: 0 : 5172, 4, 2024/02/22, 18:33:28.959, 1099426717595, vstest.console.dll, MulticastDelegateUtilities.SafeInvoke: InternalTestLoggerEvents.SendTestResult: Invoking callback 1/1 for Microsoft.VisualStudio.TestPlatform.CommandLine.Internal.ConsoleLogger., took 1 ms.
TpTrace Verbose: 0 : 5172, 4, 2024/02/22, 18:33:28.959, 1099426719355, vstest.console.dll, MulticastDelegateUtilities.SafeInvoke: InternalTestLoggerEvents.SendTestResult: Invoking callback 1/1 for Microsoft.VisualStudio.TestPlatform.CommandLine.Internal.ConsoleLogger., took 0 ms.
TpTrace Verbose: 0 : 5172, 4, 2024/02/22, 18:33:28.959, 1099426719961, vstest.console.dll, MulticastDelegateUtilities.SafeInvoke: InternalTestLoggerEvents.SendTestResult: Invoking callback 1/1 for Microsoft.VisualStudio.TestPlatform.CommandLine.Internal.ConsoleLogger., took 0 ms.
TpTrace Verbose: 0 : 5172, 4, 2024/02/22, 18:33:28.970, 1099426827518, vstest.console.dll, MulticastDelegateUtilities.SafeInvoke: InternalTestLoggerEvents.SendTestRunComplete: Invoking callback 1/2 for Microsoft.TestPlatform.Extensions.BlameDataCollector.BlameLogger., took 0 ms.
TpTrace Verbose: 0 : 5172, 4, 2024/02/22, 18:33:28.976, 1099426889633, vstest.console.dll, MulticastDelegateUtilities.SafeInvoke: InternalTestLoggerEvents.SendTestRunComplete: Invoking callback 2/2 for Microsoft.VisualStudio.TestPlatform.CommandLine.Internal.ConsoleLogger., took 6 ms.
TpTrace Verbose: 0 : 5172, 13, 2024/02/22, 18:33:28.976, 1099426893312, vstest.console.dll, TestRunRequest:TestRunComplete: Starting. IsAborted:False IsCanceled:False.
TpTrace Verbose: 0 : 5172, 13, 2024/02/22, 18:33:28.976, 1099426895289, vstest.console.dll, ParallelOperationManager.DoActionOnAllManagers: Calling an action on all managers.
TpTrace Verbose: 0 : 5172, 13, 2024/02/22, 18:33:28.977, 1099426906168, vstest.console.dll, TestLoggerManager.HandleTestRunComplete: Ignoring as the object is disposed.
TpTrace Verbose: 0 : 5172, 13, 2024/02/22, 18:33:28.978, 1099426909985, vstest.console.dll, MulticastDelegateUtilities.SafeInvoke: TestRun.TestRunComplete: Invoking callback 1/2 for Microsoft.VisualStudio.TestPlatform.CommandLine.TestRunResultAggregator., took 0 ms.
TpTrace Verbose: 0 : 5172, 13, 2024/02/22, 18:33:28.978, 1099426911587, vstest.console.dll, MulticastDelegateUtilities.SafeInvoke: TestRun.TestRunComplete: Invoking callback 2/2 for Microsoft.VisualStudio.TestPlatform.CommandLine.Processors.RunTestsArgumentExecutor+TestRunRequestEventsRegistrar., took 0 ms.
TpTrace Information: 0 : 5172, 13, 2024/02/22, 18:33:28.978, 1099426912647, vstest.console.dll, TestRunRequest:TestRunComplete: Completed.
TpTrace Verbose: 0 : 5172, 1, 2024/02/22, 18:33:28.978, 1099426912776, vstest.console.dll, TestRunRequest.Dispose: Starting.
TpTrace Verbose: 0 : 5172, 13, 2024/02/22, 18:33:28.978, 1099426913602, vstest.console.dll, TestRequestSender.SetOperationComplete: Setting operation complete.
TpTrace Information: 0 : 5172, 1, 2024/02/22, 18:33:28.978, 1099426913693, vstest.console.dll, TestRunRequest.Dispose: Completed.
TpTrace Information: 0 : 5172, 13, 2024/02/22, 18:33:28.978, 1099426913997, vstest.console.dll, SocketServer.Stop: Stop server endPoint: 127.0.0.1:58273
TpTrace Information: 0 : 5172, 1, 2024/02/22, 18:33:28.978, 1099426914477, vstest.console.dll, TestRequestManager.RunTests: run tests completed.
TpTrace Information: 0 : 5172, 13, 2024/02/22, 18:33:28.978, 1099426914829, vstest.console.dll, SocketServer.Stop: Cancellation requested. Stopping message loop.
TpTrace Verbose: 0 : 5172, 13, 2024/02/22, 18:33:28.978, 1099426915244, vstest.console.dll, MulticastDelegateUtilities.SafeInvoke: LengthPrefixCommunicationChannel: MessageReceived: Invoking callback 1/1 for Microsoft.VisualStudio.TestPlatform.CommunicationUtilities.TestRequestSender+<>c__DisplayClass34_0., took 125 ms.
TpTrace Information: 0 : 5172, 1, 2024/02/22, 18:33:28.978, 1099426915298, vstest.console.dll, RunTestsArgumentProcessor:Execute: Test run is completed.
TpTrace Information: 0 : 5172, 13, 2024/02/22, 18:33:28.978, 1099426915645, vstest.console.dll, SocketServer.PrivateStop: Stopping server endPoint: 127.0.0.1:58273 error: 
TpTrace Verbose: 0 : 5172, 1, 2024/02/22, 18:33:28.979, 1099426917615, vstest.console.dll, Executor.Execute: Exiting with exit code of 0
TpTrace Verbose: 0 : 5172, 13, 2024/02/22, 18:33:28.979, 1099426920113, vstest.console.dll, LengthPrefixCommunicationChannel.Dispose: Dispose reader and writer.
TpTrace Information: 0 : 5172, 13, 2024/02/22, 18:33:28.979, 1099426921021, vstest.console.dll, SocketServer.Stop: Raise disconnected event endPoint: 127.0.0.1:58273 error: 
